CRITICAL - 2020-10-16 09:13:10 --> \App\Libraries\Functions::sliceWords is not a valid method.
#0 C:\lara\www\iblogg\system\View\Cell.php(132): CodeIgniter\View\Exceptions\ViewException::forInvalidCellMethod('\\App\\Libraries\\...', 'sliceWords')
#1 C:\lara\www\iblogg\system\Common.php(1108): CodeIgniter\View\Cell->render('\\App\\Libraries\\...', Array, 0, 'AppLibrariesFun...')
#2 C:\lara\www\iblogg\app\Views\admin\posts.php(94): view_cell('\\App\\Libraries\\...', Array)
#3 C:\lara\www\iblogg\system\View\View.php(246): include('C:\\lara\\www\\ibl...')
#4 C:\lara\www\iblogg\system\Common.php(1087): CodeIgniter\View\View->render('admin/posts', Array, true)
#5 C:\lara\www\iblogg\app\Controllers\Home.php(27): view('admin/posts', Array)
#6 C:\lara\www\iblogg\app\Controllers\Admin\Views.php(107): App\Controllers\Home->view('admin', 'posts', Array)
#7 C:\lara\www\iblogg\app\Controllers\Template\View.php(72): App\Controllers\Admin\Views->postsPage(Object(CodeIgniter\HTTP\IncomingRequest), '2', '1')
#8 C:\lara\www\iblogg\system\CodeIgniter.php(914): App\Controllers\Template\View->view('admin')
#9 C:\lara\www\iblogg\system\CodeIgniter.php(400): CodeIgniter\CodeIgniter->runController(Object(App\Controllers\Template\View))
#10 C:\lara\www\iblogg\system\CodeIgniter.php(308): CodeIgniter\CodeIgniter->handleRequest(NULL, Object(Config\Cache), false)
#11 C:\lara\www\iblogg\public\index.php(45): CodeIgniter\CodeIgniter->run()
#12 C:\lara\www\iblogg\system\Commands\Server\rewrite.php(34): require_once('C:\\lara\\www\\ibl...')
#13 {main}
CRITICAL - 2020-10-16 10:45:11 --> Undefined index: post-slug
#0 C:\lara\www\iblogg\app\Libraries\Functions.php(220): CodeIgniter\Debug\Exceptions->errorHandler(8, 'Undefined index...', 'C:\\lara\\www\\ibl...', 220, Array)
#1 C:\lara\www\iblogg\system\View\Cell.php(149): App\Libraries\Functions->do_page_list()
#2 C:\lara\www\iblogg\system\Common.php(1108): CodeIgniter\View\Cell->render('\\App\\Libraries\\...', NULL, 0, 'AppLibrariesFun...')
#3 C:\lara\www\iblogg\app\Views\user\index.php(24): view_cell('\\App\\Libraries\\...')
#4 C:\lara\www\iblogg\system\View\View.php(246): include('C:\\lara\\www\\ibl...')
#5 C:\lara\www\iblogg\system\Common.php(1087): CodeIgniter\View\View->render('user/index', Array, true)
#6 C:\lara\www\iblogg\app\Controllers\Home.php(27): view('user/index', Array)
#7 C:\lara\www\iblogg\app\Controllers\User\Views.php(33): App\Controllers\Home->view('user', 'index', Array)
#8 C:\lara\www\iblogg\app\Controllers\Template\View.php(37): App\Controllers\User\Views->index(Object(CodeIgniter\HTTP\IncomingRequest), '6', '0')
#9 C:\lara\www\iblogg\system\CodeIgniter.php(914): App\Controllers\Template\View->view('user')
#10 C:\lara\www\iblogg\system\CodeIgniter.php(400): CodeIgniter\CodeIgniter->runController(Object(App\Controllers\Template\View))
#11 C:\lara\www\iblogg\system\CodeIgniter.php(308): CodeIgniter\CodeIgniter->handleRequest(NULL, Object(Config\Cache), false)
#12 C:\lara\www\iblogg\public\index.php(45): CodeIgniter\CodeIgniter->run()
#13 C:\lara\www\iblogg\system\Commands\Server\rewrite.php(34): require_once('C:\\lara\\www\\ibl...')
#14 {main}
CRITICAL - 2020-10-16 10:46:01 --> Undefined index: post-slug
#0 C:\lara\www\iblogg\app\Libraries\Functions.php(220): CodeIgniter\Debug\Exceptions->errorHandler(8, 'Undefined index...', 'C:\\lara\\www\\ibl...', 220, Array)
#1 C:\lara\www\iblogg\system\View\Cell.php(149): App\Libraries\Functions->do_page_list()
#2 C:\lara\www\iblogg\system\Common.php(1108): CodeIgniter\View\Cell->render('\\App\\Libraries\\...', NULL, 0, 'AppLibrariesFun...')
#3 C:\lara\www\iblogg\app\Views\user\index.php(24): view_cell('\\App\\Libraries\\...')
#4 C:\lara\www\iblogg\system\View\View.php(246): include('C:\\lara\\www\\ibl...')
#5 C:\lara\www\iblogg\system\Common.php(1087): CodeIgniter\View\View->render('user/index', Array, true)
#6 C:\lara\www\iblogg\app\Controllers\Home.php(27): view('user/index', Array)
#7 C:\lara\www\iblogg\app\Controllers\User\Views.php(33): App\Controllers\Home->view('user', 'index', Array)
#8 C:\lara\www\iblogg\app\Controllers\Template\View.php(37): App\Controllers\User\Views->index(Object(CodeIgniter\HTTP\IncomingRequest), '6', '0')
#9 C:\lara\www\iblogg\system\CodeIgniter.php(914): App\Controllers\Template\View->view('user')
#10 C:\lara\www\iblogg\system\CodeIgniter.php(400): CodeIgniter\CodeIgniter->runController(Object(App\Controllers\Template\View))
#11 C:\lara\www\iblogg\system\CodeIgniter.php(308): CodeIgniter\CodeIgniter->handleRequest(NULL, Object(Config\Cache), false)
#12 C:\lara\www\iblogg\public\index.php(45): CodeIgniter\CodeIgniter->run()
#13 C:\lara\www\iblogg\system\Commands\Server\rewrite.php(34): require_once('C:\\lara\\www\\ibl...')
#14 {main}
CRITICAL - 2020-10-16 10:47:31 --> Undefined index: post-slug
#0 C:\lara\www\iblogg\app\Libraries\Functions.php(220): CodeIgniter\Debug\Exceptions->errorHandler(8, 'Undefined index...', 'C:\\lara\\www\\ibl...', 220, Array)
#1 C:\lara\www\iblogg\system\View\Cell.php(149): App\Libraries\Functions->do_page_list()
#2 C:\lara\www\iblogg\system\Common.php(1108): CodeIgniter\View\Cell->render('\\App\\Libraries\\...', NULL, 0, 'AppLibrariesFun...')
#3 C:\lara\www\iblogg\app\Views\user\index.php(24): view_cell('\\App\\Libraries\\...')
#4 C:\lara\www\iblogg\system\View\View.php(246): include('C:\\lara\\www\\ibl...')
#5 C:\lara\www\iblogg\system\Common.php(1087): CodeIgniter\View\View->render('user/index', Array, true)
#6 C:\lara\www\iblogg\app\Controllers\Home.php(27): view('user/index', Array)
#7 C:\lara\www\iblogg\app\Controllers\User\Views.php(33): App\Controllers\Home->view('user', 'index', Array)
#8 C:\lara\www\iblogg\app\Controllers\Template\View.php(37): App\Controllers\User\Views->index(Object(CodeIgniter\HTTP\IncomingRequest), '6', '0')
#9 C:\lara\www\iblogg\system\CodeIgniter.php(914): App\Controllers\Template\View->view('user')
#10 C:\lara\www\iblogg\system\CodeIgniter.php(400): CodeIgniter\CodeIgniter->runController(Object(App\Controllers\Template\View))
#11 C:\lara\www\iblogg\system\CodeIgniter.php(308): CodeIgniter\CodeIgniter->handleRequest(NULL, Object(Config\Cache), false)
#12 C:\lara\www\iblogg\public\index.php(45): CodeIgniter\CodeIgniter->run()
#13 C:\lara\www\iblogg\system\Commands\Server\rewrite.php(34): require_once('C:\\lara\\www\\ibl...')
#14 {main}
CRITICAL - 2020-10-16 10:48:00 --> Undefined index: post-slug
#0 C:\lara\www\iblogg\app\Libraries\Functions.php(220): CodeIgniter\Debug\Exceptions->errorHandler(8, 'Undefined index...', 'C:\\lara\\www\\ibl...', 220, Array)
#1 C:\lara\www\iblogg\system\View\Cell.php(149): App\Libraries\Functions->do_page_list()
#2 C:\lara\www\iblogg\system\Common.php(1108): CodeIgniter\View\Cell->render('\\App\\Libraries\\...', NULL, 0, 'AppLibrariesFun...')
#3 C:\lara\www\iblogg\app\Views\user\index.php(24): view_cell('\\App\\Libraries\\...')
#4 C:\lara\www\iblogg\system\View\View.php(246): include('C:\\lara\\www\\ibl...')
#5 C:\lara\www\iblogg\system\Common.php(1087): CodeIgniter\View\View->render('user/index', Array, true)
#6 C:\lara\www\iblogg\app\Controllers\Home.php(27): view('user/index', Array)
#7 C:\lara\www\iblogg\app\Controllers\User\Views.php(33): App\Controllers\Home->view('user', 'index', Array)
#8 C:\lara\www\iblogg\app\Controllers\Template\View.php(37): App\Controllers\User\Views->index(Object(CodeIgniter\HTTP\IncomingRequest), '6', '0')
#9 C:\lara\www\iblogg\system\CodeIgniter.php(914): App\Controllers\Template\View->view('user')
#10 C:\lara\www\iblogg\system\CodeIgniter.php(400): CodeIgniter\CodeIgniter->runController(Object(App\Controllers\Template\View))
#11 C:\lara\www\iblogg\system\CodeIgniter.php(308): CodeIgniter\CodeIgniter->handleRequest(NULL, Object(Config\Cache), false)
#12 C:\lara\www\iblogg\public\index.php(45): CodeIgniter\CodeIgniter->run()
#13 C:\lara\www\iblogg\system\Commands\Server\rewrite.php(34): require_once('C:\\lara\\www\\ibl...')
#14 {main}
CRITICAL - 2020-10-16 10:50:19 --> Undefined index: post-slug
#0 C:\lara\www\iblogg\app\Libraries\Functions.php(220): CodeIgniter\Debug\Exceptions->errorHandler(8, 'Undefined index...', 'C:\\lara\\www\\ibl...', 220, Array)
#1 C:\lara\www\iblogg\system\View\Cell.php(149): App\Libraries\Functions->do_page_list()
#2 C:\lara\www\iblogg\system\Common.php(1108): CodeIgniter\View\Cell->render('\\App\\Libraries\\...', NULL, 0, 'AppLibrariesFun...')
#3 C:\lara\www\iblogg\app\Views\user\index.php(24): view_cell('\\App\\Libraries\\...')
#4 C:\lara\www\iblogg\system\View\View.php(246): include('C:\\lara\\www\\ibl...')
#5 C:\lara\www\iblogg\system\Common.php(1087): CodeIgniter\View\View->render('user/index', Array, true)
#6 C:\lara\www\iblogg\app\Controllers\Home.php(27): view('user/index', Array)
#7 C:\lara\www\iblogg\app\Controllers\User\Views.php(33): App\Controllers\Home->view('user', 'index', Array)
#8 C:\lara\www\iblogg\app\Controllers\Template\View.php(37): App\Controllers\User\Views->index(Object(CodeIgniter\HTTP\IncomingRequest), '6', '0')
#9 C:\lara\www\iblogg\system\CodeIgniter.php(914): App\Controllers\Template\View->view('user')
#10 C:\lara\www\iblogg\system\CodeIgniter.php(400): CodeIgniter\CodeIgniter->runController(Object(App\Controllers\Template\View))
#11 C:\lara\www\iblogg\system\CodeIgniter.php(308): CodeIgniter\CodeIgniter->handleRequest(NULL, Object(Config\Cache), false)
#12 C:\lara\www\iblogg\public\index.php(45): CodeIgniter\CodeIgniter->run()
#13 C:\lara\www\iblogg\system\Commands\Server\rewrite.php(34): require_once('C:\\lara\\www\\ibl...')
#14 {main}
CRITICAL - 2020-10-16 10:51:06 --> Undefined index: post-slug
#0 C:\lara\www\iblogg\app\Libraries\Functions.php(220): CodeIgniter\Debug\Exceptions->errorHandler(8, 'Undefined index...', 'C:\\lara\\www\\ibl...', 220, Array)
#1 C:\lara\www\iblogg\system\View\Cell.php(149): App\Libraries\Functions->do_page_list()
#2 C:\lara\www\iblogg\system\Common.php(1108): CodeIgniter\View\Cell->render('\\App\\Libraries\\...', NULL, 0, 'AppLibrariesFun...')
#3 C:\lara\www\iblogg\app\Views\user\index.php(24): view_cell('\\App\\Libraries\\...')
#4 C:\lara\www\iblogg\system\View\View.php(246): include('C:\\lara\\www\\ibl...')
#5 C:\lara\www\iblogg\system\Common.php(1087): CodeIgniter\View\View->render('user/index', Array, true)
#6 C:\lara\www\iblogg\app\Controllers\Home.php(27): view('user/index', Array)
#7 C:\lara\www\iblogg\app\Controllers\User\Views.php(33): App\Controllers\Home->view('user', 'index', Array)
#8 C:\lara\www\iblogg\app\Controllers\Template\View.php(37): App\Controllers\User\Views->index(Object(CodeIgniter\HTTP\IncomingRequest), '6', '0')
#9 C:\lara\www\iblogg\system\CodeIgniter.php(914): App\Controllers\Template\View->view('user')
#10 C:\lara\www\iblogg\system\CodeIgniter.php(400): CodeIgniter\CodeIgniter->runController(Object(App\Controllers\Template\View))
#11 C:\lara\www\iblogg\system\CodeIgniter.php(308): CodeIgniter\CodeIgniter->handleRequest(NULL, Object(Config\Cache), false)
#12 C:\lara\www\iblogg\public\index.php(45): CodeIgniter\CodeIgniter->run()
#13 C:\lara\www\iblogg\system\Commands\Server\rewrite.php(34): require_once('C:\\lara\\www\\ibl...')
#14 {main}
CRITICAL - 2020-10-16 10:54:09 --> Undefined index: post-slug
#0 C:\lara\www\iblogg\app\Libraries\Functions.php(220): CodeIgniter\Debug\Exceptions->errorHandler(8, 'Undefined index...', 'C:\\lara\\www\\ibl...', 220, Array)
#1 C:\lara\www\iblogg\system\View\Cell.php(149): App\Libraries\Functions->do_page_list()
#2 C:\lara\www\iblogg\system\Common.php(1108): CodeIgniter\View\Cell->render('\\App\\Libraries\\...', NULL, 0, 'AppLibrariesFun...')
#3 C:\lara\www\iblogg\app\Views\user\index.php(24): view_cell('\\App\\Libraries\\...')
#4 C:\lara\www\iblogg\system\View\View.php(246): include('C:\\lara\\www\\ibl...')
#5 C:\lara\www\iblogg\system\Common.php(1087): CodeIgniter\View\View->render('user/index', Array, true)
#6 C:\lara\www\iblogg\app\Controllers\Home.php(27): view('user/index', Array)
#7 C:\lara\www\iblogg\app\Controllers\User\Views.php(33): App\Controllers\Home->view('user', 'index', Array)
#8 C:\lara\www\iblogg\app\Controllers\Template\View.php(37): App\Controllers\User\Views->index(Object(CodeIgniter\HTTP\IncomingRequest), '6', '0')
#9 C:\lara\www\iblogg\system\CodeIgniter.php(914): App\Controllers\Template\View->view('user')
#10 C:\lara\www\iblogg\system\CodeIgniter.php(400): CodeIgniter\CodeIgniter->runController(Object(App\Controllers\Template\View))
#11 C:\lara\www\iblogg\system\CodeIgniter.php(308): CodeIgniter\CodeIgniter->handleRequest(NULL, Object(Config\Cache), false)
#12 C:\lara\www\iblogg\public\index.php(45): CodeIgniter\CodeIgniter->run()
#13 C:\lara\www\iblogg\system\Commands\Server\rewrite.php(34): require_once('C:\\lara\\www\\ibl...')
#14 {main}
CRITICAL - 2020-10-16 10:54:21 --> Undefined index: post-slug
#0 C:\lara\www\iblogg\app\Libraries\Functions.php(220): CodeIgniter\Debug\Exceptions->errorHandler(8, 'Undefined index...', 'C:\\lara\\www\\ibl...', 220, Array)
#1 C:\lara\www\iblogg\system\View\Cell.php(149): App\Libraries\Functions->do_page_list()
#2 C:\lara\www\iblogg\system\Common.php(1108): CodeIgniter\View\Cell->render('\\App\\Libraries\\...', NULL, 0, 'AppLibrariesFun...')
#3 C:\lara\www\iblogg\app\Views\user\index.php(24): view_cell('\\App\\Libraries\\...')
#4 C:\lara\www\iblogg\system\View\View.php(246): include('C:\\lara\\www\\ibl...')
#5 C:\lara\www\iblogg\system\Common.php(1087): CodeIgniter\View\View->render('user/index', Array, true)
#6 C:\lara\www\iblogg\app\Controllers\Home.php(27): view('user/index', Array)
#7 C:\lara\www\iblogg\app\Controllers\User\Views.php(33): App\Controllers\Home->view('user', 'index', Array)
#8 C:\lara\www\iblogg\app\Controllers\Template\View.php(37): App\Controllers\User\Views->index(Object(CodeIgniter\HTTP\IncomingRequest), '6', '0')
#9 C:\lara\www\iblogg\system\CodeIgniter.php(914): App\Controllers\Template\View->view('user')
#10 C:\lara\www\iblogg\system\CodeIgniter.php(400): CodeIgniter\CodeIgniter->runController(Object(App\Controllers\Template\View))
#11 C:\lara\www\iblogg\system\CodeIgniter.php(308): CodeIgniter\CodeIgniter->handleRequest(NULL, Object(Config\Cache), false)
#12 C:\lara\www\iblogg\public\index.php(45): CodeIgniter\CodeIgniter->run()
#13 C:\lara\www\iblogg\system\Commands\Server\rewrite.php(34): require_once('C:\\lara\\www\\ibl...')
#14 {main}
CRITICAL - 2020-10-16 10:55:52 --> Undefined index: post-slug
#0 C:\lara\www\iblogg\app\Libraries\Functions.php(220): CodeIgniter\Debug\Exceptions->errorHandler(8, 'Undefined index...', 'C:\\lara\\www\\ibl...', 220, Array)
#1 C:\lara\www\iblogg\system\View\Cell.php(149): App\Libraries\Functions->do_page_list()
#2 C:\lara\www\iblogg\system\Common.php(1108): CodeIgniter\View\Cell->render('\\App\\Libraries\\...', NULL, 0, 'AppLibrariesFun...')
#3 C:\lara\www\iblogg\app\Views\user\index.php(24): view_cell('\\App\\Libraries\\...')
#4 C:\lara\www\iblogg\system\View\View.php(246): include('C:\\lara\\www\\ibl...')
#5 C:\lara\www\iblogg\system\Common.php(1087): CodeIgniter\View\View->render('user/index', Array, true)
#6 C:\lara\www\iblogg\app\Controllers\Home.php(27): view('user/index', Array)
#7 C:\lara\www\iblogg\app\Controllers\User\Views.php(33): App\Controllers\Home->view('user', 'index', Array)
#8 C:\lara\www\iblogg\app\Controllers\Template\View.php(37): App\Controllers\User\Views->index(Object(CodeIgniter\HTTP\IncomingRequest), '6', '0')
#9 C:\lara\www\iblogg\system\CodeIgniter.php(914): App\Controllers\Template\View->view('user')
#10 C:\lara\www\iblogg\system\CodeIgniter.php(400): CodeIgniter\CodeIgniter->runController(Object(App\Controllers\Template\View))
#11 C:\lara\www\iblogg\system\CodeIgniter.php(308): CodeIgniter\CodeIgniter->handleRequest(NULL, Object(Config\Cache), false)
#12 C:\lara\www\iblogg\public\index.php(45): CodeIgniter\CodeIgniter->run()
#13 C:\lara\www\iblogg\system\Commands\Server\rewrite.php(34): require_once('C:\\lara\\www\\ibl...')
#14 {main}
CRITICAL - 2020-10-16 13:09:16 --> Invalid file: user/post.php
#0 C:\lara\www\iblogg\system\View\View.php(228): CodeIgniter\Exceptions\FrameworkException::forInvalidFile('user/post.php')
#1 C:\lara\www\iblogg\system\Common.php(1087): CodeIgniter\View\View->render('user/post', Array, true)
#2 C:\lara\www\iblogg\app\Controllers\Home.php(27): view('user/post', Array)
#3 C:\lara\www\iblogg\app\Controllers\User\Views.php(65): App\Controllers\Home->view('user', 'post', Array)
#4 C:\lara\www\iblogg\app\Controllers\Template\View.php(39): App\Controllers\User\Views->singlePost(Object(CodeIgniter\HTTP\IncomingRequest), 'test-post:16027...', 'post')
#5 C:\lara\www\iblogg\system\CodeIgniter.php(914): App\Controllers\Template\View->view('user')
#6 C:\lara\www\iblogg\system\CodeIgniter.php(400): CodeIgniter\CodeIgniter->runController(Object(App\Controllers\Template\View))
#7 C:\lara\www\iblogg\system\CodeIgniter.php(308): CodeIgniter\CodeIgniter->handleRequest(NULL, Object(Config\Cache), false)
#8 C:\lara\www\iblogg\public\index.php(45): CodeIgniter\CodeIgniter->run()
#9 C:\lara\www\iblogg\system\Commands\Server\rewrite.php(34): require_once('C:\\lara\\www\\ibl...')
#10 {main}
CRITICAL - 2020-10-16 14:16:01 --> Return value of CodeIgniter\View\Cell::render() must be of the type string, null returned
#0 C:\lara\www\iblogg\system\Common.php(1108): CodeIgniter\View\Cell->render('\\App\\Libraries\\...', Array, 0, 'AppLibrariesFun...')
#1 C:\lara\www\iblogg\app\Views\user\singlepage.php(45): view_cell('\\App\\Libraries\\...', Array)
#2 C:\lara\www\iblogg\system\View\View.php(246): include('C:\\lara\\www\\ibl...')
#3 C:\lara\www\iblogg\system\Common.php(1087): CodeIgniter\View\View->render('user/singlepage', Array, true)
#4 C:\lara\www\iblogg\app\Controllers\Home.php(27): view('user/singlepage', Array)
#5 C:\lara\www\iblogg\app\Controllers\User\Views.php(65): App\Controllers\Home->view('user', 'singlepage', Array)
#6 C:\lara\www\iblogg\app\Controllers\Template\View.php(39): App\Controllers\User\Views->singlePost(Object(CodeIgniter\HTTP\IncomingRequest), 'checking-here-m...', 'page')
#7 C:\lara\www\iblogg\system\CodeIgniter.php(914): App\Controllers\Template\View->view('user')
#8 C:\lara\www\iblogg\system\CodeIgniter.php(400): CodeIgniter\CodeIgniter->runController(Object(App\Controllers\Template\View))
#9 C:\lara\www\iblogg\system\CodeIgniter.php(308): CodeIgniter\CodeIgniter->handleRequest(NULL, Object(Config\Cache), false)
#10 C:\lara\www\iblogg\public\index.php(45): CodeIgniter\CodeIgniter->run()
#11 C:\lara\www\iblogg\system\Commands\Server\rewrite.php(34): require_once('C:\\lara\\www\\ibl...')
#12 {main}
CRITICAL - 2020-10-16 16:51:16 --> syntax error, unexpected 'public' (T_PUBLIC), expecting '('
#0 C:\lara\www\iblogg\system\Autoloader\Autoloader.php(296): CodeIgniter\Autoloader\Autoloader->requireFile('C:\\lara\\www\\ibl...')
#1 C:\lara\www\iblogg\system\Autoloader\Autoloader.php(258): CodeIgniter\Autoloader\Autoloader->loadInNamespace('App\\Libraries\\S...')
#2 [internal function]: CodeIgniter\Autoloader\Autoloader->loadClass('App\\Libraries\\S...')
#3 C:\lara\www\iblogg\app\Controllers\Template\View.php(12): spl_autoload_call('App\\Libraries\\S...')
#4 C:\lara\www\iblogg\system\CodeIgniter.php(886): App\Controllers\Template\View->__construct()
#5 C:\lara\www\iblogg\system\CodeIgniter.php(395): CodeIgniter\CodeIgniter->createController()
#6 C:\lara\www\iblogg\system\CodeIgniter.php(308): CodeIgniter\CodeIgniter->handleRequest(NULL, Object(Config\Cache), false)
#7 C:\lara\www\iblogg\public\index.php(45): CodeIgniter\CodeIgniter->run()
#8 C:\lara\www\iblogg\system\Commands\Server\rewrite.php(34): require_once('C:\\lara\\www\\ibl...')
#9 {main}
CRITICAL - 2020-10-16 17:32:05 --> Too few arguments to function App\Libraries\Setup::__construct(), 0 passed in C:\lara\www\iblogg\app\Controllers\Template\View.php on line 12 and exactly 1 expected
#0 C:\lara\www\iblogg\app\Controllers\Template\View.php(12): App\Libraries\Setup->__construct()
#1 C:\lara\www\iblogg\system\CodeIgniter.php(886): App\Controllers\Template\View->__construct()
#2 C:\lara\www\iblogg\system\CodeIgniter.php(395): CodeIgniter\CodeIgniter->createController()
#3 C:\lara\www\iblogg\system\CodeIgniter.php(308): CodeIgniter\CodeIgniter->handleRequest(NULL, Object(Config\Cache), false)
#4 C:\lara\www\iblogg\public\index.php(45): CodeIgniter\CodeIgniter->run()
#5 C:\lara\www\iblogg\system\Commands\Server\rewrite.php(34): require_once('C:\\lara\\www\\ibl...')
#6 {main}
CRITICAL - 2020-10-16 17:32:34 --> Too few arguments to function App\Libraries\Setup::__construct(), 0 passed in C:\lara\www\iblogg\app\Controllers\Template\View.php on line 12 and exactly 1 expected
#0 C:\lara\www\iblogg\app\Controllers\Template\View.php(12): App\Libraries\Setup->__construct()
#1 C:\lara\www\iblogg\system\CodeIgniter.php(886): App\Controllers\Template\View->__construct()
#2 C:\lara\www\iblogg\system\CodeIgniter.php(395): CodeIgniter\CodeIgniter->createController()
#3 C:\lara\www\iblogg\system\CodeIgniter.php(308): CodeIgniter\CodeIgniter->handleRequest(NULL, Object(Config\Cache), false)
#4 C:\lara\www\iblogg\public\index.php(45): CodeIgniter\CodeIgniter->run()
#5 C:\lara\www\iblogg\system\Commands\Server\rewrite.php(34): require_once('C:\\lara\\www\\ibl...')
#6 {main}
CRITICAL - 2020-10-16 17:37:54 --> Call to a member function getIpAddress() on null
#0 C:\lara\www\iblogg\system\CodeIgniter.php(886): App\Controllers\Template\View->__construct()
#1 C:\lara\www\iblogg\system\CodeIgniter.php(395): CodeIgniter\CodeIgniter->createController()
#2 C:\lara\www\iblogg\system\CodeIgniter.php(308): CodeIgniter\CodeIgniter->handleRequest(NULL, Object(Config\Cache), false)
#3 C:\lara\www\iblogg\public\index.php(45): CodeIgniter\CodeIgniter->run()
#4 C:\lara\www\iblogg\system\Commands\Server\rewrite.php(34): require_once('C:\\lara\\www\\ibl...')
#5 {main}
CRITICAL - 2020-10-16 17:38:58 --> Call to a member function getIpAddress() on null
#0 C:\lara\www\iblogg\system\CodeIgniter.php(886): App\Controllers\Template\View->__construct()
#1 C:\lara\www\iblogg\system\CodeIgniter.php(395): CodeIgniter\CodeIgniter->createController()
#2 C:\lara\www\iblogg\system\CodeIgniter.php(308): CodeIgniter\CodeIgniter->handleRequest(NULL, Object(Config\Cache), false)
#3 C:\lara\www\iblogg\public\index.php(45): CodeIgniter\CodeIgniter->run()
#4 C:\lara\www\iblogg\system\Commands\Server\rewrite.php(34): require_once('C:\\lara\\www\\ibl...')
#5 {main}
CRITICAL - 2020-10-16 17:39:01 --> Call to a member function getIpAddress() on null
#0 C:\lara\www\iblogg\system\CodeIgniter.php(886): App\Controllers\Template\View->__construct()
#1 C:\lara\www\iblogg\system\CodeIgniter.php(395): CodeIgniter\CodeIgniter->createController()
#2 C:\lara\www\iblogg\system\CodeIgniter.php(308): CodeIgniter\CodeIgniter->handleRequest(NULL, Object(Config\Cache), false)
#3 C:\lara\www\iblogg\public\index.php(45): CodeIgniter\CodeIgniter->run()
#4 C:\lara\www\iblogg\system\Commands\Server\rewrite.php(34): require_once('C:\\lara\\www\\ibl...')
#5 {main}
CRITICAL - 2020-10-16 17:48:08 --> Access to undeclared static property: App\Controllers\Template\View::$request
#0 C:\lara\www\iblogg\system\CodeIgniter.php(886): App\Controllers\Template\View->__construct()
#1 C:\lara\www\iblogg\system\CodeIgniter.php(395): CodeIgniter\CodeIgniter->createController()
#2 C:\lara\www\iblogg\system\CodeIgniter.php(308): CodeIgniter\CodeIgniter->handleRequest(NULL, Object(Config\Cache), false)
#3 C:\lara\www\iblogg\public\index.php(45): CodeIgniter\CodeIgniter->run()
#4 C:\lara\www\iblogg\system\Commands\Server\rewrite.php(34): require_once('C:\\lara\\www\\ibl...')
#5 {main}
CRITICAL - 2020-10-16 18:30:01 --> syntax error, unexpected '$comments_model' (T_VARIABLE)
#0 C:\lara\www\iblogg\system\Autoloader\Autoloader.php(296): CodeIgniter\Autoloader\Autoloader->requireFile('C:\\lara\\www\\ibl...')
#1 C:\lara\www\iblogg\system\Autoloader\Autoloader.php(258): CodeIgniter\Autoloader\Autoloader->loadInNamespace('App\\Libraries\\S...')
#2 [internal function]: CodeIgniter\Autoloader\Autoloader->loadClass('App\\Libraries\\S...')
#3 C:\lara\www\iblogg\app\Controllers\Template\View.php(13): spl_autoload_call('App\\Libraries\\S...')
#4 C:\lara\www\iblogg\system\CodeIgniter.php(886): App\Controllers\Template\View->__construct()
#5 C:\lara\www\iblogg\system\CodeIgniter.php(395): CodeIgniter\CodeIgniter->createController()
#6 C:\lara\www\iblogg\system\CodeIgniter.php(308): CodeIgniter\CodeIgniter->handleRequest(NULL, Object(Config\Cache), false)
#7 C:\lara\www\iblogg\public\index.php(45): CodeIgniter\CodeIgniter->run()
#8 C:\lara\www\iblogg\system\Commands\Server\rewrite.php(34): require_once('C:\\lara\\www\\ibl...')
#9 {main}
CRITICAL - 2020-10-16 18:32:59 --> syntax error, unexpected '$comments_model' (T_VARIABLE)
#0 C:\lara\www\iblogg\system\Autoloader\Autoloader.php(296): CodeIgniter\Autoloader\Autoloader->requireFile('C:\\lara\\www\\ibl...')
#1 C:\lara\www\iblogg\system\Autoloader\Autoloader.php(258): CodeIgniter\Autoloader\Autoloader->loadInNamespace('App\\Libraries\\S...')
#2 [internal function]: CodeIgniter\Autoloader\Autoloader->loadClass('App\\Libraries\\S...')
#3 C:\lara\www\iblogg\app\Controllers\Template\View.php(13): spl_autoload_call('App\\Libraries\\S...')
#4 C:\lara\www\iblogg\system\CodeIgniter.php(886): App\Controllers\Template\View->__construct()
#5 C:\lara\www\iblogg\system\CodeIgniter.php(395): CodeIgniter\CodeIgniter->createController()
#6 C:\lara\www\iblogg\system\CodeIgniter.php(308): CodeIgniter\CodeIgniter->handleRequest(NULL, Object(Config\Cache), false)
#7 C:\lara\www\iblogg\public\index.php(45): CodeIgniter\CodeIgniter->run()
#8 C:\lara\www\iblogg\system\Commands\Server\rewrite.php(34): require_once('C:\\lara\\www\\ibl...')
#9 {main}
CRITICAL - 2020-10-16 19:05:37 --> Undefined variable: comments_total
#0 C:\lara\www\iblogg\app\Views\user\singlepost.php(73): CodeIgniter\Debug\Exceptions->errorHandler(8, 'Undefined varia...', 'C:\\lara\\www\\ibl...', 73, Array)
#1 C:\lara\www\iblogg\system\View\View.php(246): include('C:\\lara\\www\\ibl...')
#2 C:\lara\www\iblogg\system\Common.php(1087): CodeIgniter\View\View->render('user/singlepost', Array, true)
#3 C:\lara\www\iblogg\app\Controllers\Home.php(27): view('user/singlepost', Array)
#4 C:\lara\www\iblogg\app\Controllers\User\Views.php(62): App\Controllers\Home->view('user', 'singlepost', Array)
#5 C:\lara\www\iblogg\app\Controllers\Template\View.php(40): App\Controllers\User\Views->singlePost(Object(CodeIgniter\HTTP\IncomingRequest), 'iblogg-default-...', 'post')
#6 C:\lara\www\iblogg\system\CodeIgniter.php(914): App\Controllers\Template\View->view('user')
#7 C:\lara\www\iblogg\system\CodeIgniter.php(400): CodeIgniter\CodeIgniter->runController(Object(App\Controllers\Template\View))
#8 C:\lara\www\iblogg\system\CodeIgniter.php(308): CodeIgniter\CodeIgniter->handleRequest(NULL, Object(Config\Cache), false)
#9 C:\lara\www\iblogg\public\index.php(45): CodeIgniter\CodeIgniter->run()
#10 C:\lara\www\iblogg\system\Commands\Server\rewrite.php(34): require_once('C:\\lara\\www\\ibl...')
#11 {main}
CRITICAL - 2020-10-16 19:05:39 --> Undefined variable: comments_total
#0 C:\lara\www\iblogg\app\Views\user\singlepost.php(73): CodeIgniter\Debug\Exceptions->errorHandler(8, 'Undefined varia...', 'C:\\lara\\www\\ibl...', 73, Array)
#1 C:\lara\www\iblogg\system\View\View.php(246): include('C:\\lara\\www\\ibl...')
#2 C:\lara\www\iblogg\system\Common.php(1087): CodeIgniter\View\View->render('user/singlepost', Array, true)
#3 C:\lara\www\iblogg\app\Controllers\Home.php(27): view('user/singlepost', Array)
#4 C:\lara\www\iblogg\app\Controllers\User\Views.php(62): App\Controllers\Home->view('user', 'singlepost', Array)
#5 C:\lara\www\iblogg\app\Controllers\Template\View.php(40): App\Controllers\User\Views->singlePost(Object(CodeIgniter\HTTP\IncomingRequest), 'iblogg-default-...', 'post')
#6 C:\lara\www\iblogg\system\CodeIgniter.php(914): App\Controllers\Template\View->view('user')
#7 C:\lara\www\iblogg\system\CodeIgniter.php(400): CodeIgniter\CodeIgniter->runController(Object(App\Controllers\Template\View))
#8 C:\lara\www\iblogg\system\CodeIgniter.php(308): CodeIgniter\CodeIgniter->handleRequest(NULL, Object(Config\Cache), false)
#9 C:\lara\www\iblogg\public\index.php(45): CodeIgniter\CodeIgniter->run()
#10 C:\lara\www\iblogg\system\Commands\Server\rewrite.php(34): require_once('C:\\lara\\www\\ibl...')
#11 {main}
