CRITICAL - 2020-09-22 03:18:28 --> Cannot access protected property CodeIgniter\Pager\Pager::$groups
#0 C:\lara\www\iblogg\system\View\View.php(246): include()
#1 C:\lara\www\iblogg\system\Common.php(1087): CodeIgniter\View\View->render('user/index', Array, true)
#2 C:\lara\www\iblogg\app\Controllers\Home.php(34): view('user/index', Array)
#3 C:\lara\www\iblogg\app\Controllers\User\Views.php(30): App\Controllers\Home->view('user', 'index', Array)
#4 C:\lara\www\iblogg\app\Controllers\Template\View.php(40): App\Controllers\User\Views->index(Object(CodeIgniter\HTTP\IncomingRequest), '6', '0')
#5 C:\lara\www\iblogg\system\CodeIgniter.php(914): App\Controllers\Template\View->view('user')
#6 C:\lara\www\iblogg\system\CodeIgniter.php(400): CodeIgniter\CodeIgniter->runController(Object(App\Controllers\Template\View))
#7 C:\lara\www\iblogg\system\CodeIgniter.php(308): CodeIgniter\CodeIgniter->handleRequest(NULL, Object(Config\Cache), false)
#8 C:\lara\www\iblogg\public\index.php(45): CodeIgniter\CodeIgniter->run()
#9 C:\lara\www\iblogg\system\Commands\Server\rewrite.php(34): require_once('C:\\lara\\www\\ibl...')
#10 {main}
CRITICAL - 2020-09-22 03:23:59 --> Undefined variable: post
#0 C:\lara\www\iblogg\app\Views\Pagers\page_full.php(30): CodeIgniter\Debug\Exceptions->errorHandler(8, 'Undefined varia...', 'C:\\lara\\www\\ibl...', 30, Array)
#1 C:\lara\www\iblogg\system\View\View.php(246): include('C:\\lara\\www\\ibl...')
#2 C:\lara\www\iblogg\system\Pager\Pager.php(186): CodeIgniter\View\View->render('App\\Views\\Pager...')
#3 C:\lara\www\iblogg\system\Pager\Pager.php(121): CodeIgniter\Pager\Pager->displayLinks('link', 'default_full')
#4 C:\lara\www\iblogg\app\Views\user\index.php(63): CodeIgniter\Pager\Pager->links('link')
#5 C:\lara\www\iblogg\system\View\View.php(246): include('C:\\lara\\www\\ibl...')
#6 C:\lara\www\iblogg\system\Common.php(1087): CodeIgniter\View\View->render('user/index', Array, true)
#7 C:\lara\www\iblogg\app\Controllers\Home.php(34): view('user/index', Array)
#8 C:\lara\www\iblogg\app\Controllers\User\Views.php(30): App\Controllers\Home->view('user', 'index', Array)
#9 C:\lara\www\iblogg\app\Controllers\Template\View.php(40): App\Controllers\User\Views->index(Object(CodeIgniter\HTTP\IncomingRequest), '6', '0')
#10 C:\lara\www\iblogg\system\CodeIgniter.php(914): App\Controllers\Template\View->view('user')
#11 C:\lara\www\iblogg\system\CodeIgniter.php(400): CodeIgniter\CodeIgniter->runController(Object(App\Controllers\Template\View))
#12 C:\lara\www\iblogg\system\CodeIgniter.php(308): CodeIgniter\CodeIgniter->handleRequest(NULL, Object(Config\Cache), false)
#13 C:\lara\www\iblogg\public\index.php(45): CodeIgniter\CodeIgniter->run()
#14 C:\lara\www\iblogg\system\Commands\Server\rewrite.php(34): require_once('C:\\lara\\www\\ibl...')
#15 {main}
CRITICAL - 2020-09-22 03:33:34 --> Return value of CodeIgniter\View\Cell::render() must be of the type string, null returned
#0 C:\lara\www\iblogg\system\Common.php(1108): CodeIgniter\View\Cell->render('\\App\\Libraries\\...', Array, 0, 'AppLibrariesHel...')
#1 C:\lara\www\iblogg\app\Views\Pagers\page_full.php(31): view_cell('\\App\\Libraries\\...', Array)
#2 C:\lara\www\iblogg\system\View\View.php(246): include('C:\\lara\\www\\ibl...')
#3 C:\lara\www\iblogg\system\Pager\Pager.php(186): CodeIgniter\View\View->render('App\\Views\\Pager...')
#4 C:\lara\www\iblogg\system\Pager\Pager.php(121): CodeIgniter\Pager\Pager->displayLinks('link', 'default_full')
#5 C:\lara\www\iblogg\app\Views\user\index.php(63): CodeIgniter\Pager\Pager->links('link')
#6 C:\lara\www\iblogg\system\View\View.php(246): include('C:\\lara\\www\\ibl...')
#7 C:\lara\www\iblogg\system\Common.php(1087): CodeIgniter\View\View->render('user/index', Array, true)
#8 C:\lara\www\iblogg\app\Controllers\Home.php(34): view('user/index', Array)
#9 C:\lara\www\iblogg\app\Controllers\User\Views.php(30): App\Controllers\Home->view('user', 'index', Array)
#10 C:\lara\www\iblogg\app\Controllers\Template\View.php(40): App\Controllers\User\Views->index(Object(CodeIgniter\HTTP\IncomingRequest), '6', '0')
#11 C:\lara\www\iblogg\system\CodeIgniter.php(914): App\Controllers\Template\View->view('user')
#12 C:\lara\www\iblogg\system\CodeIgniter.php(400): CodeIgniter\CodeIgniter->runController(Object(App\Controllers\Template\View))
#13 C:\lara\www\iblogg\system\CodeIgniter.php(308): CodeIgniter\CodeIgniter->handleRequest(NULL, Object(Config\Cache), false)
#14 C:\lara\www\iblogg\public\index.php(45): CodeIgniter\CodeIgniter->run()
#15 C:\lara\www\iblogg\system\Commands\Server\rewrite.php(34): require_once('C:\\lara\\www\\ibl...')
#16 {main}
CRITICAL - 2020-09-22 03:33:51 --> Return value of CodeIgniter\View\Cell::render() must be of the type string, null returned
#0 C:\lara\www\iblogg\system\Common.php(1108): CodeIgniter\View\Cell->render('\\App\\Libraries\\...', Array, 0, 'AppLibrariesHel...')
#1 C:\lara\www\iblogg\app\Views\Pagers\page_full.php(30): view_cell('\\App\\Libraries\\...', Array)
#2 C:\lara\www\iblogg\system\View\View.php(246): include('C:\\lara\\www\\ibl...')
#3 C:\lara\www\iblogg\system\Pager\Pager.php(186): CodeIgniter\View\View->render('App\\Views\\Pager...')
#4 C:\lara\www\iblogg\system\Pager\Pager.php(121): CodeIgniter\Pager\Pager->displayLinks('link', 'default_full')
#5 C:\lara\www\iblogg\app\Views\user\index.php(63): CodeIgniter\Pager\Pager->links('link')
#6 C:\lara\www\iblogg\system\View\View.php(246): include('C:\\lara\\www\\ibl...')
#7 C:\lara\www\iblogg\system\Common.php(1087): CodeIgniter\View\View->render('user/index', Array, true)
#8 C:\lara\www\iblogg\app\Controllers\Home.php(34): view('user/index', Array)
#9 C:\lara\www\iblogg\app\Controllers\User\Views.php(30): App\Controllers\Home->view('user', 'index', Array)
#10 C:\lara\www\iblogg\app\Controllers\Template\View.php(40): App\Controllers\User\Views->index(Object(CodeIgniter\HTTP\IncomingRequest), '6', '0')
#11 C:\lara\www\iblogg\system\CodeIgniter.php(914): App\Controllers\Template\View->view('user')
#12 C:\lara\www\iblogg\system\CodeIgniter.php(400): CodeIgniter\CodeIgniter->runController(Object(App\Controllers\Template\View))
#13 C:\lara\www\iblogg\system\CodeIgniter.php(308): CodeIgniter\CodeIgniter->handleRequest(NULL, Object(Config\Cache), false)
#14 C:\lara\www\iblogg\public\index.php(45): CodeIgniter\CodeIgniter->run()
#15 C:\lara\www\iblogg\system\Commands\Server\rewrite.php(34): require_once('C:\\lara\\www\\ibl...')
#16 {main}
CRITICAL - 2020-09-22 03:35:08 --> Return value of CodeIgniter\View\Cell::render() must be of the type string, null returned
#0 C:\lara\www\iblogg\system\Common.php(1108): CodeIgniter\View\Cell->render('\\App\\Libraries\\...', Array, 0, 'AppLibrariesHel...')
#1 C:\lara\www\iblogg\app\Views\Pagers\page_full.php(30): view_cell('\\App\\Libraries\\...', Array)
#2 C:\lara\www\iblogg\system\View\View.php(246): include('C:\\lara\\www\\ibl...')
#3 C:\lara\www\iblogg\system\Pager\Pager.php(186): CodeIgniter\View\View->render('App\\Views\\Pager...')
#4 C:\lara\www\iblogg\system\Pager\Pager.php(121): CodeIgniter\Pager\Pager->displayLinks('link', 'default_full')
#5 C:\lara\www\iblogg\app\Views\user\index.php(63): CodeIgniter\Pager\Pager->links('link')
#6 C:\lara\www\iblogg\system\View\View.php(246): include('C:\\lara\\www\\ibl...')
#7 C:\lara\www\iblogg\system\Common.php(1087): CodeIgniter\View\View->render('user/index', Array, true)
#8 C:\lara\www\iblogg\app\Controllers\Home.php(34): view('user/index', Array)
#9 C:\lara\www\iblogg\app\Controllers\User\Views.php(30): App\Controllers\Home->view('user', 'index', Array)
#10 C:\lara\www\iblogg\app\Controllers\Template\View.php(40): App\Controllers\User\Views->index(Object(CodeIgniter\HTTP\IncomingRequest), '6', '0')
#11 C:\lara\www\iblogg\system\CodeIgniter.php(914): App\Controllers\Template\View->view('user')
#12 C:\lara\www\iblogg\system\CodeIgniter.php(400): CodeIgniter\CodeIgniter->runController(Object(App\Controllers\Template\View))
#13 C:\lara\www\iblogg\system\CodeIgniter.php(308): CodeIgniter\CodeIgniter->handleRequest(NULL, Object(Config\Cache), false)
#14 C:\lara\www\iblogg\public\index.php(45): CodeIgniter\CodeIgniter->run()
#15 C:\lara\www\iblogg\system\Commands\Server\rewrite.php(34): require_once('C:\\lara\\www\\ibl...')
#16 {main}
CRITICAL - 2020-09-22 04:09:37 --> Unknown database 'iblogg'
#0 C:\lara\www\iblogg\system\Database\BaseConnection.php(377): CodeIgniter\Database\MySQLi\Connection->connect(false)
#1 C:\lara\www\iblogg\system\Database\BaseConnection.php(643): CodeIgniter\Database\BaseConnection->initialize()
#2 C:\lara\www\iblogg\system\Database\BaseBuilder.php(1845): CodeIgniter\Database\BaseConnection->query('SELECT `post_se...', Array, false)
#3 C:\lara\www\iblogg\system\Model.php(387): CodeIgniter\Database\BaseBuilder->get()
#4 C:\lara\www\iblogg\app\Controllers\Template\View.php(36): CodeIgniter\Model->find()
#5 C:\lara\www\iblogg\system\CodeIgniter.php(914): App\Controllers\Template\View->view('user')
#6 C:\lara\www\iblogg\system\CodeIgniter.php(400): CodeIgniter\CodeIgniter->runController(Object(App\Controllers\Template\View))
#7 C:\lara\www\iblogg\system\CodeIgniter.php(308): CodeIgniter\CodeIgniter->handleRequest(NULL, Object(Config\Cache), false)
#8 C:\lara\www\iblogg\public\index.php(45): CodeIgniter\CodeIgniter->run()
#9 C:\lara\www\iblogg\system\Commands\Server\rewrite.php(34): require_once('C:\\lara\\www\\ibl...')
#10 {main}
CRITICAL - 2020-09-22 04:09:40 --> Unknown database 'iblogg'
#0 C:\lara\www\iblogg\system\Database\BaseConnection.php(377): CodeIgniter\Database\MySQLi\Connection->connect(false)
#1 C:\lara\www\iblogg\system\Database\BaseConnection.php(643): CodeIgniter\Database\BaseConnection->initialize()
#2 C:\lara\www\iblogg\system\Database\BaseBuilder.php(1845): CodeIgniter\Database\BaseConnection->query('SELECT `post_se...', Array, false)
#3 C:\lara\www\iblogg\system\Model.php(387): CodeIgniter\Database\BaseBuilder->get()
#4 C:\lara\www\iblogg\app\Controllers\Template\View.php(36): CodeIgniter\Model->find()
#5 C:\lara\www\iblogg\system\CodeIgniter.php(914): App\Controllers\Template\View->view('user')
#6 C:\lara\www\iblogg\system\CodeIgniter.php(400): CodeIgniter\CodeIgniter->runController(Object(App\Controllers\Template\View))
#7 C:\lara\www\iblogg\system\CodeIgniter.php(308): CodeIgniter\CodeIgniter->handleRequest(NULL, Object(Config\Cache), false)
#8 C:\lara\www\iblogg\public\index.php(45): CodeIgniter\CodeIgniter->run()
#9 C:\lara\www\iblogg\system\Commands\Server\rewrite.php(34): require_once('C:\\lara\\www\\ibl...')
#10 {main}
CRITICAL - 2020-09-22 04:09:43 --> Unknown database 'iblogg'
#0 C:\lara\www\iblogg\system\Database\BaseConnection.php(377): CodeIgniter\Database\MySQLi\Connection->connect(false)
#1 C:\lara\www\iblogg\system\Database\BaseConnection.php(643): CodeIgniter\Database\BaseConnection->initialize()
#2 C:\lara\www\iblogg\system\Database\BaseBuilder.php(1845): CodeIgniter\Database\BaseConnection->query('SELECT `post_se...', Array, false)
#3 C:\lara\www\iblogg\system\Model.php(387): CodeIgniter\Database\BaseBuilder->get()
#4 C:\lara\www\iblogg\app\Controllers\Template\View.php(36): CodeIgniter\Model->find()
#5 C:\lara\www\iblogg\system\CodeIgniter.php(914): App\Controllers\Template\View->view('user')
#6 C:\lara\www\iblogg\system\CodeIgniter.php(400): CodeIgniter\CodeIgniter->runController(Object(App\Controllers\Template\View))
#7 C:\lara\www\iblogg\system\CodeIgniter.php(308): CodeIgniter\CodeIgniter->handleRequest(NULL, Object(Config\Cache), false)
#8 C:\lara\www\iblogg\public\index.php(45): CodeIgniter\CodeIgniter->run()
#9 C:\lara\www\iblogg\system\Commands\Server\rewrite.php(34): require_once('C:\\lara\\www\\ibl...')
#10 {main}
CRITICAL - 2020-09-22 04:10:49 --> Unknown database 'iblogg'
#0 C:\lara\www\iblogg\system\Database\BaseConnection.php(377): CodeIgniter\Database\MySQLi\Connection->connect(false)
#1 C:\lara\www\iblogg\system\Database\BaseConnection.php(643): CodeIgniter\Database\BaseConnection->initialize()
#2 C:\lara\www\iblogg\system\Database\BaseBuilder.php(1845): CodeIgniter\Database\BaseConnection->query('SELECT `post_se...', Array, false)
#3 C:\lara\www\iblogg\system\Model.php(387): CodeIgniter\Database\BaseBuilder->get()
#4 C:\lara\www\iblogg\app\Controllers\Template\View.php(36): CodeIgniter\Model->find()
#5 C:\lara\www\iblogg\system\CodeIgniter.php(914): App\Controllers\Template\View->view('user')
#6 C:\lara\www\iblogg\system\CodeIgniter.php(400): CodeIgniter\CodeIgniter->runController(Object(App\Controllers\Template\View))
#7 C:\lara\www\iblogg\system\CodeIgniter.php(308): CodeIgniter\CodeIgniter->handleRequest(NULL, Object(Config\Cache), false)
#8 C:\lara\www\iblogg\public\index.php(45): CodeIgniter\CodeIgniter->run()
#9 C:\lara\www\iblogg\system\Commands\Server\rewrite.php(34): require_once('C:\\lara\\www\\ibl...')
#10 {main}
CRITICAL - 2020-09-22 04:11:13 --> Unknown database 'iblogg'
#0 C:\lara\www\iblogg\system\Database\BaseConnection.php(377): CodeIgniter\Database\MySQLi\Connection->connect(false)
#1 C:\lara\www\iblogg\system\Database\BaseConnection.php(643): CodeIgniter\Database\BaseConnection->initialize()
#2 C:\lara\www\iblogg\system\Database\BaseBuilder.php(1845): CodeIgniter\Database\BaseConnection->query('SELECT `post_se...', Array, false)
#3 C:\lara\www\iblogg\system\Model.php(387): CodeIgniter\Database\BaseBuilder->get()
#4 C:\lara\www\iblogg\app\Controllers\Template\View.php(36): CodeIgniter\Model->find()
#5 C:\lara\www\iblogg\system\CodeIgniter.php(914): App\Controllers\Template\View->view('user')
#6 C:\lara\www\iblogg\system\CodeIgniter.php(400): CodeIgniter\CodeIgniter->runController(Object(App\Controllers\Template\View))
#7 C:\lara\www\iblogg\system\CodeIgniter.php(308): CodeIgniter\CodeIgniter->handleRequest(NULL, Object(Config\Cache), false)
#8 C:\lara\www\iblogg\public\index.php(45): CodeIgniter\CodeIgniter->run()
#9 C:\lara\www\iblogg\system\Commands\Server\rewrite.php(34): require_once('C:\\lara\\www\\ibl...')
#10 {main}
CRITICAL - 2020-09-22 04:14:31 --> Unknown column 'roles.deleted_at' in 'where clause'
#0 C:\lara\www\iblogg\system\Database\MySQLi\Connection.php(331): mysqli->query('SELECT COUNT(*)...')
#1 C:\lara\www\iblogg\system\Database\BaseConnection.php(738): CodeIgniter\Database\MySQLi\Connection->execute('SELECT COUNT(*)...')
#2 C:\lara\www\iblogg\system\Database\BaseConnection.php(666): CodeIgniter\Database\BaseConnection->simpleQuery('SELECT COUNT(*)...')
#3 C:\lara\www\iblogg\system\Database\BaseBuilder.php(1937): CodeIgniter\Database\BaseConnection->query('SELECT COUNT(*)...', Array, false)
#4 C:\lara\www\iblogg\system\Model.php(1596): CodeIgniter\Database\BaseBuilder->countAllResults(true)
#5 C:\lara\www\iblogg\app\Libraries\Setup.php(283): CodeIgniter\Model->countAllResults()
#6 C:\lara\www\iblogg\app\Controllers\Template\View.php(19): App\Libraries\Setup->__destruct()
#7 C:\lara\www\iblogg\system\CodeIgniter.php(886): App\Controllers\Template\View->__construct()
#8 C:\lara\www\iblogg\system\CodeIgniter.php(395): CodeIgniter\CodeIgniter->createController()
#9 C:\lara\www\iblogg\system\CodeIgniter.php(308): CodeIgniter\CodeIgniter->handleRequest(NULL, Object(Config\Cache), false)
#10 C:\lara\www\iblogg\public\index.php(45): CodeIgniter\CodeIgniter->run()
#11 C:\lara\www\iblogg\system\Commands\Server\rewrite.php(34): require_once('C:\\lara\\www\\ibl...')
#12 {main}
CRITICAL - 2020-09-22 04:20:03 --> Undefined property: stdClass::$user_comments_per_page
#0 C:\lara\www\iblogg\app\Views\admin\settings.php(48): CodeIgniter\Debug\Exceptions->errorHandler(8, 'Undefined prope...', 'C:\\lara\\www\\ibl...', 48, Array)
#1 C:\lara\www\iblogg\system\View\View.php(246): include('C:\\lara\\www\\ibl...')
#2 C:\lara\www\iblogg\system\Common.php(1087): CodeIgniter\View\View->render('admin/settings', Array, true)
#3 C:\lara\www\iblogg\app\Controllers\Home.php(34): view('admin/settings', Array)
#4 C:\lara\www\iblogg\app\Controllers\Admin\Views.php(152): App\Controllers\Home->view('admin', 'settings', Array)
#5 C:\lara\www\iblogg\app\Controllers\Template\View.php(82): App\Controllers\Admin\Views->settingsPage(Object(CodeIgniter\HTTP\IncomingRequest))
#6 C:\lara\www\iblogg\system\CodeIgniter.php(914): App\Controllers\Template\View->view('admin')
#7 C:\lara\www\iblogg\system\CodeIgniter.php(400): CodeIgniter\CodeIgniter->runController(Object(App\Controllers\Template\View))
#8 C:\lara\www\iblogg\system\CodeIgniter.php(308): CodeIgniter\CodeIgniter->handleRequest(NULL, Object(Config\Cache), false)
#9 C:\lara\www\iblogg\public\index.php(45): CodeIgniter\CodeIgniter->run()
#10 C:\lara\www\iblogg\system\Commands\Server\rewrite.php(34): require_once('C:\\lara\\www\\ibl...')
#11 {main}
CRITICAL - 2020-09-22 04:20:10 --> Undefined property: stdClass::$user_comments_per_page
#0 C:\lara\www\iblogg\app\Views\admin\settings.php(48): CodeIgniter\Debug\Exceptions->errorHandler(8, 'Undefined prope...', 'C:\\lara\\www\\ibl...', 48, Array)
#1 C:\lara\www\iblogg\system\View\View.php(246): include('C:\\lara\\www\\ibl...')
#2 C:\lara\www\iblogg\system\Common.php(1087): CodeIgniter\View\View->render('admin/settings', Array, true)
#3 C:\lara\www\iblogg\app\Controllers\Home.php(34): view('admin/settings', Array)
#4 C:\lara\www\iblogg\app\Controllers\Admin\Views.php(152): App\Controllers\Home->view('admin', 'settings', Array)
#5 C:\lara\www\iblogg\app\Controllers\Template\View.php(82): App\Controllers\Admin\Views->settingsPage(Object(CodeIgniter\HTTP\IncomingRequest))
#6 C:\lara\www\iblogg\system\CodeIgniter.php(914): App\Controllers\Template\View->view('admin')
#7 C:\lara\www\iblogg\system\CodeIgniter.php(400): CodeIgniter\CodeIgniter->runController(Object(App\Controllers\Template\View))
#8 C:\lara\www\iblogg\system\CodeIgniter.php(308): CodeIgniter\CodeIgniter->handleRequest(NULL, Object(Config\Cache), false)
#9 C:\lara\www\iblogg\public\index.php(45): CodeIgniter\CodeIgniter->run()
#10 C:\lara\www\iblogg\system\Commands\Server\rewrite.php(34): require_once('C:\\lara\\www\\ibl...')
#11 {main}
CRITICAL - 2020-09-22 04:44:09 --> Trying to get property 'site_tagline' of non-object
#0 C:\lara\www\iblogg\app\Views\admin\settings.php(24): CodeIgniter\Debug\Exceptions->errorHandler(8, 'Trying to get p...', 'C:\\lara\\www\\ibl...', 24, Array)
#1 C:\lara\www\iblogg\system\View\View.php(246): include('C:\\lara\\www\\ibl...')
#2 C:\lara\www\iblogg\system\Common.php(1087): CodeIgniter\View\View->render('admin/settings', Array, true)
#3 C:\lara\www\iblogg\app\Controllers\Home.php(34): view('admin/settings', Array)
#4 C:\lara\www\iblogg\app\Controllers\Admin\Views.php(152): App\Controllers\Home->view('admin', 'settings', Array)
#5 C:\lara\www\iblogg\app\Controllers\Template\View.php(82): App\Controllers\Admin\Views->settingsPage(Object(CodeIgniter\HTTP\IncomingRequest))
#6 C:\lara\www\iblogg\system\CodeIgniter.php(914): App\Controllers\Template\View->view('admin')
#7 C:\lara\www\iblogg\system\CodeIgniter.php(400): CodeIgniter\CodeIgniter->runController(Object(App\Controllers\Template\View))
#8 C:\lara\www\iblogg\system\CodeIgniter.php(308): CodeIgniter\CodeIgniter->handleRequest(NULL, Object(Config\Cache), false)
#9 C:\lara\www\iblogg\public\index.php(45): CodeIgniter\CodeIgniter->run()
#10 C:\lara\www\iblogg\system\Commands\Server\rewrite.php(34): require_once('C:\\lara\\www\\ibl...')
#11 {main}
CRITICAL - 2020-09-22 04:45:28 --> Trying to get property 'site_tagline' of non-object
#0 C:\lara\www\iblogg\app\Views\admin\settings.php(24): CodeIgniter\Debug\Exceptions->errorHandler(8, 'Trying to get p...', 'C:\\lara\\www\\ibl...', 24, Array)
#1 C:\lara\www\iblogg\system\View\View.php(246): include('C:\\lara\\www\\ibl...')
#2 C:\lara\www\iblogg\system\Common.php(1087): CodeIgniter\View\View->render('admin/settings', Array, true)
#3 C:\lara\www\iblogg\app\Controllers\Home.php(34): view('admin/settings', Array)
#4 C:\lara\www\iblogg\app\Controllers\Admin\Views.php(152): App\Controllers\Home->view('admin', 'settings', Array)
#5 C:\lara\www\iblogg\app\Controllers\Template\View.php(82): App\Controllers\Admin\Views->settingsPage(Object(CodeIgniter\HTTP\IncomingRequest))
#6 C:\lara\www\iblogg\system\CodeIgniter.php(914): App\Controllers\Template\View->view('admin')
#7 C:\lara\www\iblogg\system\CodeIgniter.php(400): CodeIgniter\CodeIgniter->runController(Object(App\Controllers\Template\View))
#8 C:\lara\www\iblogg\system\CodeIgniter.php(308): CodeIgniter\CodeIgniter->handleRequest(NULL, Object(Config\Cache), false)
#9 C:\lara\www\iblogg\public\index.php(45): CodeIgniter\CodeIgniter->run()
#10 C:\lara\www\iblogg\system\Commands\Server\rewrite.php(34): require_once('C:\\lara\\www\\ibl...')
#11 {main}
CRITICAL - 2020-09-22 17:40:01 --> No connection could be made because the target machine actively refused it.

#0 C:\lara\www\iblogg\system\Database\BaseConnection.php(377): CodeIgniter\Database\MySQLi\Connection->connect(false)
#1 C:\lara\www\iblogg\system\Database\Database.php(109): CodeIgniter\Database\BaseConnection->initialize()
#2 C:\lara\www\iblogg\system\Database\Config.php(148): CodeIgniter\Database\Database->loadForge(Object(CodeIgniter\Database\MySQLi\Connection))
#3 C:\lara\www\iblogg\app\Libraries\Setup.php(10): CodeIgniter\Database\Config::forge('startup')
#4 C:\lara\www\iblogg\app\Controllers\Template\View.php(17): App\Libraries\Setup->__construct()
#5 C:\lara\www\iblogg\system\CodeIgniter.php(886): App\Controllers\Template\View->__construct()
#6 C:\lara\www\iblogg\system\CodeIgniter.php(395): CodeIgniter\CodeIgniter->createController()
#7 C:\lara\www\iblogg\system\CodeIgniter.php(308): CodeIgniter\CodeIgniter->handleRequest(NULL, Object(Config\Cache), false)
#8 C:\lara\www\iblogg\public\index.php(45): CodeIgniter\CodeIgniter->run()
#9 C:\lara\www\iblogg\system\Commands\Server\rewrite.php(34): require_once('C:\\lara\\www\\ibl...')
#10 {main}
CRITICAL - 2020-09-22 17:58:59 --> Undefined index: page_link
#0 C:\lara\www\iblogg\app\Views\Pagers\page_full.php(5): CodeIgniter\Debug\Exceptions->errorHandler(8, 'Undefined index...', 'C:\\lara\\www\\ibl...', 5, Array)
#1 C:\lara\www\iblogg\app\Views\Pagers\page_full.php(32): getPager('http://localhos...')
#2 C:\lara\www\iblogg\system\View\View.php(246): include('C:\\lara\\www\\ibl...')
#3 C:\lara\www\iblogg\system\Pager\Pager.php(186): CodeIgniter\View\View->render('App\\Views\\Pager...')
#4 C:\lara\www\iblogg\system\Pager\Pager.php(121): CodeIgniter\Pager\Pager->displayLinks('default', 'default_full')
#5 C:\lara\www\iblogg\app\Controllers\User\Views.php(31): CodeIgniter\Pager\Pager->links()
#6 C:\lara\www\iblogg\app\Controllers\Template\View.php(40): App\Controllers\User\Views->index(Object(CodeIgniter\HTTP\IncomingRequest), '6', '0')
#7 C:\lara\www\iblogg\system\CodeIgniter.php(914): App\Controllers\Template\View->view('user')
#8 C:\lara\www\iblogg\system\CodeIgniter.php(400): CodeIgniter\CodeIgniter->runController(Object(App\Controllers\Template\View))
#9 C:\lara\www\iblogg\system\CodeIgniter.php(308): CodeIgniter\CodeIgniter->handleRequest(NULL, Object(Config\Cache), false)
#10 C:\lara\www\iblogg\public\index.php(45): CodeIgniter\CodeIgniter->run()
#11 C:\lara\www\iblogg\system\Commands\Server\rewrite.php(34): require_once('C:\\lara\\www\\ibl...')
#12 {main}
CRITICAL - 2020-09-22 17:59:45 --> Undefined index: page_link
#0 C:\lara\www\iblogg\app\Views\Pagers\page_full.php(5): CodeIgniter\Debug\Exceptions->errorHandler(8, 'Undefined index...', 'C:\\lara\\www\\ibl...', 5, Array)
#1 C:\lara\www\iblogg\app\Views\Pagers\page_full.php(32): getPager('http://localhos...')
#2 C:\lara\www\iblogg\system\View\View.php(246): include('C:\\lara\\www\\ibl...')
#3 C:\lara\www\iblogg\system\Pager\Pager.php(186): CodeIgniter\View\View->render('App\\Views\\Pager...')
#4 C:\lara\www\iblogg\system\Pager\Pager.php(121): CodeIgniter\Pager\Pager->displayLinks('default', 'default_full')
#5 C:\lara\www\iblogg\app\Controllers\User\Views.php(31): CodeIgniter\Pager\Pager->links()
#6 C:\lara\www\iblogg\app\Controllers\Template\View.php(40): App\Controllers\User\Views->index(Object(CodeIgniter\HTTP\IncomingRequest), '6', '0')
#7 C:\lara\www\iblogg\system\CodeIgniter.php(914): App\Controllers\Template\View->view('user')
#8 C:\lara\www\iblogg\system\CodeIgniter.php(400): CodeIgniter\CodeIgniter->runController(Object(App\Controllers\Template\View))
#9 C:\lara\www\iblogg\system\CodeIgniter.php(308): CodeIgniter\CodeIgniter->handleRequest(NULL, Object(Config\Cache), false)
#10 C:\lara\www\iblogg\public\index.php(45): CodeIgniter\CodeIgniter->run()
#11 C:\lara\www\iblogg\system\Commands\Server\rewrite.php(34): require_once('C:\\lara\\www\\ibl...')
#12 {main}
CRITICAL - 2020-09-22 18:02:35 --> Undefined index: page_link
#0 C:\lara\www\iblogg\app\Views\Pagers\page_full.php(5): CodeIgniter\Debug\Exceptions->errorHandler(8, 'Undefined index...', 'C:\\lara\\www\\ibl...', 5, Array)
#1 C:\lara\www\iblogg\app\Views\Pagers\page_full.php(32): getPager('http://localhos...')
#2 C:\lara\www\iblogg\system\View\View.php(246): include('C:\\lara\\www\\ibl...')
#3 C:\lara\www\iblogg\system\Pager\Pager.php(186): CodeIgniter\View\View->render('App\\Views\\Pager...')
#4 C:\lara\www\iblogg\system\Pager\Pager.php(121): CodeIgniter\Pager\Pager->displayLinks('default', 'default_full')
#5 C:\lara\www\iblogg\app\Controllers\User\Views.php(31): CodeIgniter\Pager\Pager->links()
#6 C:\lara\www\iblogg\app\Controllers\Template\View.php(40): App\Controllers\User\Views->index(Object(CodeIgniter\HTTP\IncomingRequest), '6', '0')
#7 C:\lara\www\iblogg\system\CodeIgniter.php(914): App\Controllers\Template\View->view('user')
#8 C:\lara\www\iblogg\system\CodeIgniter.php(400): CodeIgniter\CodeIgniter->runController(Object(App\Controllers\Template\View))
#9 C:\lara\www\iblogg\system\CodeIgniter.php(308): CodeIgniter\CodeIgniter->handleRequest(NULL, Object(Config\Cache), false)
#10 C:\lara\www\iblogg\public\index.php(45): CodeIgniter\CodeIgniter->run()
#11 C:\lara\www\iblogg\system\Commands\Server\rewrite.php(34): require_once('C:\\lara\\www\\ibl...')
#12 {main}
CRITICAL - 2020-09-22 18:34:03 --> Duplicate entry 'Admin' for key 'user_name'
#0 C:\lara\www\iblogg\system\Database\MySQLi\Connection.php(331): mysqli->query('INSERT INTO `us...')
#1 C:\lara\www\iblogg\system\Database\BaseConnection.php(738): CodeIgniter\Database\MySQLi\Connection->execute('INSERT INTO `us...')
#2 C:\lara\www\iblogg\system\Database\BaseConnection.php(666): CodeIgniter\Database\BaseConnection->simpleQuery('INSERT INTO `us...')
#3 C:\lara\www\iblogg\system\Database\BaseBuilder.php(2234): CodeIgniter\Database\BaseConnection->query('INSERT INTO `us...', Array, false)
#4 C:\lara\www\iblogg\system\Model.php(729): CodeIgniter\Database\BaseBuilder->insert()
#5 C:\lara\www\iblogg\system\Model.php(557): CodeIgniter\Model->insert(Array, false)
#6 C:\lara\www\iblogg\app\Libraries\DbFunctions.php(25): CodeIgniter\Model->save(Array)
#7 C:\lara\www\iblogg\app\Libraries\Setup.php(264): App\Libraries\DbFunctions->createAdmin()
#8 C:\lara\www\iblogg\app\Libraries\Setup.php(23): App\Libraries\Setup->populate()
#9 C:\lara\www\iblogg\app\Controllers\Template\View.php(18): App\Libraries\Setup->create()
#10 C:\lara\www\iblogg\system\CodeIgniter.php(886): App\Controllers\Template\View->__construct()
#11 C:\lara\www\iblogg\system\CodeIgniter.php(395): CodeIgniter\CodeIgniter->createController()
#12 C:\lara\www\iblogg\system\CodeIgniter.php(308): CodeIgniter\CodeIgniter->handleRequest(NULL, Object(Config\Cache), false)
#13 C:\lara\www\iblogg\public\index.php(45): CodeIgniter\CodeIgniter->run()
#14 C:\lara\www\iblogg\system\Commands\Server\rewrite.php(34): require_once('C:\\lara\\www\\ibl...')
#15 {main}
CRITICAL - 2020-09-22 18:34:10 --> Duplicate entry 'Admin' for key 'user_name'
#0 C:\lara\www\iblogg\system\Database\MySQLi\Connection.php(331): mysqli->query('INSERT INTO `us...')
#1 C:\lara\www\iblogg\system\Database\BaseConnection.php(738): CodeIgniter\Database\MySQLi\Connection->execute('INSERT INTO `us...')
#2 C:\lara\www\iblogg\system\Database\BaseConnection.php(666): CodeIgniter\Database\BaseConnection->simpleQuery('INSERT INTO `us...')
#3 C:\lara\www\iblogg\system\Database\BaseBuilder.php(2234): CodeIgniter\Database\BaseConnection->query('INSERT INTO `us...', Array, false)
#4 C:\lara\www\iblogg\system\Model.php(729): CodeIgniter\Database\BaseBuilder->insert()
#5 C:\lara\www\iblogg\system\Model.php(557): CodeIgniter\Model->insert(Array, false)
#6 C:\lara\www\iblogg\app\Libraries\DbFunctions.php(25): CodeIgniter\Model->save(Array)
#7 C:\lara\www\iblogg\app\Libraries\Setup.php(264): App\Libraries\DbFunctions->createAdmin()
#8 C:\lara\www\iblogg\app\Libraries\Setup.php(23): App\Libraries\Setup->populate()
#9 C:\lara\www\iblogg\app\Controllers\Template\View.php(18): App\Libraries\Setup->create()
#10 C:\lara\www\iblogg\system\CodeIgniter.php(886): App\Controllers\Template\View->__construct()
#11 C:\lara\www\iblogg\system\CodeIgniter.php(395): CodeIgniter\CodeIgniter->createController()
#12 C:\lara\www\iblogg\system\CodeIgniter.php(308): CodeIgniter\CodeIgniter->handleRequest(NULL, Object(Config\Cache), false)
#13 C:\lara\www\iblogg\public\index.php(45): CodeIgniter\CodeIgniter->run()
#14 C:\lara\www\iblogg\system\Commands\Server\rewrite.php(34): require_once('C:\\lara\\www\\ibl...')
#15 {main}
CRITICAL - 2020-09-22 20:17:13 --> No connection could be made because the target machine actively refused it.

#0 C:\lara\www\iblogg\system\Database\BaseConnection.php(377): CodeIgniter\Database\MySQLi\Connection->connect(false)
#1 C:\lara\www\iblogg\system\Database\Database.php(109): CodeIgniter\Database\BaseConnection->initialize()
#2 C:\lara\www\iblogg\system\Database\Config.php(148): CodeIgniter\Database\Database->loadForge(Object(CodeIgniter\Database\MySQLi\Connection))
#3 C:\lara\www\iblogg\app\Libraries\Setup.php(10): CodeIgniter\Database\Config::forge('startup')
#4 C:\lara\www\iblogg\app\Controllers\Template\View.php(17): App\Libraries\Setup->__construct()
#5 C:\lara\www\iblogg\system\CodeIgniter.php(886): App\Controllers\Template\View->__construct()
#6 C:\lara\www\iblogg\system\CodeIgniter.php(395): CodeIgniter\CodeIgniter->createController()
#7 C:\lara\www\iblogg\system\CodeIgniter.php(308): CodeIgniter\CodeIgniter->handleRequest(NULL, Object(Config\Cache), false)
#8 C:\lara\www\iblogg\public\index.php(45): CodeIgniter\CodeIgniter->run()
#9 C:\lara\www\iblogg\system\Commands\Server\rewrite.php(34): require_once('C:\\lara\\www\\ibl...')
#10 {main}
CRITICAL - 2020-09-22 20:33:50 --> Too few arguments to function App\Controllers\Api\Users::adminLogin(), 0 passed in C:\lara\www\iblogg\system\CodeIgniter.php on line 914 and exactly 2 expected
#0 C:\lara\www\iblogg\system\CodeIgniter.php(914): App\Controllers\Api\Users->adminLogin()
#1 C:\lara\www\iblogg\system\CodeIgniter.php(400): CodeIgniter\CodeIgniter->runController(Object(App\Controllers\Api\Users))
#2 C:\lara\www\iblogg\system\CodeIgniter.php(308): CodeIgniter\CodeIgniter->handleRequest(NULL, Object(Config\Cache), false)
#3 C:\lara\www\iblogg\public\index.php(45): CodeIgniter\CodeIgniter->run()
#4 C:\lara\www\iblogg\system\Commands\Server\rewrite.php(34): require_once('C:\\lara\\www\\ibl...')
#5 {main}
