CRITICAL - 2020-08-21 08:55:44 --> preg_match(): Unknown modifier '$'
#0 [internal function]: CodeIgniter\Debug\Exceptions->errorHandler(2, 'preg_match(): U...', 'C:\\lara\\www\\ibl...', 425, Array)
#1 C:\lara\www\iblogg\system\Router\Router.php(425): preg_match('#^#$#', 'api/blog', NULL)
#2 C:\lara\www\iblogg\system\Router\Router.php(174): CodeIgniter\Router\Router->checkRoutes('api/blog')
#3 C:\lara\www\iblogg\system\CodeIgniter.php(789): CodeIgniter\Router\Router->handle('api/blog')
#4 C:\lara\www\iblogg\system\CodeIgniter.php(360): CodeIgniter\CodeIgniter->tryToRouteIt(Object(CodeIgniter\Router\RouteCollection))
#5 C:\lara\www\iblogg\system\CodeIgniter.php(308): CodeIgniter\CodeIgniter->handleRequest(NULL, Object(Config\Cache), false)
#6 C:\lara\www\iblogg\public\index.php(45): CodeIgniter\CodeIgniter->run()
#7 C:\lara\www\iblogg\system\Commands\Server\rewrite.php(34): require_once('C:\\lara\\www\\ibl...')
#8 {main}
CRITICAL - 2020-08-21 08:55:58 --> preg_match(): Unknown modifier '$'
#0 [internal function]: CodeIgniter\Debug\Exceptions->errorHandler(2, 'preg_match(): U...', 'C:\\lara\\www\\ibl...', 425, Array)
#1 C:\lara\www\iblogg\system\Router\Router.php(425): preg_match('#^#$#', '/', NULL)
#2 C:\lara\www\iblogg\system\Router\Router.php(174): CodeIgniter\Router\Router->checkRoutes('/')
#3 C:\lara\www\iblogg\system\CodeIgniter.php(789): CodeIgniter\Router\Router->handle('/')
#4 C:\lara\www\iblogg\system\CodeIgniter.php(360): CodeIgniter\CodeIgniter->tryToRouteIt(Object(CodeIgniter\Router\RouteCollection))
#5 C:\lara\www\iblogg\system\CodeIgniter.php(308): CodeIgniter\CodeIgniter->handleRequest(NULL, Object(Config\Cache), false)
#6 C:\lara\www\iblogg\public\index.php(45): CodeIgniter\CodeIgniter->run()
#7 C:\lara\www\iblogg\system\Commands\Server\rewrite.php(34): require_once('C:\\lara\\www\\ibl...')
#8 {main}
CRITICAL - 2020-08-21 09:02:30 --> Too few arguments to function App\Controllers\Home::index(), 0 passed in C:\lara\www\iblogg\system\CodeIgniter.php on line 914 and exactly 1 expected
#0 C:\lara\www\iblogg\system\CodeIgniter.php(914): App\Controllers\Home->index()
#1 C:\lara\www\iblogg\system\CodeIgniter.php(400): CodeIgniter\CodeIgniter->runController(Object(App\Controllers\Home))
#2 C:\lara\www\iblogg\system\CodeIgniter.php(308): CodeIgniter\CodeIgniter->handleRequest(NULL, Object(Config\Cache), false)
#3 C:\lara\www\iblogg\public\index.php(45): CodeIgniter\CodeIgniter->run()
#4 C:\lara\www\iblogg\system\Commands\Server\rewrite.php(34): require_once('C:\\lara\\www\\ibl...')
#5 {main}
CRITICAL - 2020-08-21 09:08:58 --> syntax error, unexpected '$hash' (T_VARIABLE)
#0 C:\lara\www\iblogg\system\Autoloader\Autoloader.php(296): CodeIgniter\Autoloader\Autoloader->requireFile('C:\\lara\\www\\ibl...')
#1 C:\lara\www\iblogg\system\Autoloader\Autoloader.php(258): CodeIgniter\Autoloader\Autoloader->loadInNamespace('App\\Controllers...')
#2 [internal function]: CodeIgniter\Autoloader\Autoloader->loadClass('App\\Controllers...')
#3 [internal function]: spl_autoload_call('App\\Controllers...')
#4 C:\lara\www\iblogg\system\CodeIgniter.php(865): class_exists('\\App\\Controller...', true)
#5 C:\lara\www\iblogg\system\CodeIgniter.php(390): CodeIgniter\CodeIgniter->startController()
#6 C:\lara\www\iblogg\system\CodeIgniter.php(308): CodeIgniter\CodeIgniter->handleRequest(NULL, Object(Config\Cache), false)
#7 C:\lara\www\iblogg\public\index.php(45): CodeIgniter\CodeIgniter->run()
#8 C:\lara\www\iblogg\system\Commands\Server\rewrite.php(34): require_once('C:\\lara\\www\\ibl...')
#9 {main}
CRITICAL - 2020-08-21 09:09:29 --> syntax error, unexpected '$hash' (T_VARIABLE)
#0 C:\lara\www\iblogg\system\Autoloader\Autoloader.php(296): CodeIgniter\Autoloader\Autoloader->requireFile('C:\\lara\\www\\ibl...')
#1 C:\lara\www\iblogg\system\Autoloader\Autoloader.php(258): CodeIgniter\Autoloader\Autoloader->loadInNamespace('App\\Controllers...')
#2 [internal function]: CodeIgniter\Autoloader\Autoloader->loadClass('App\\Controllers...')
#3 [internal function]: spl_autoload_call('App\\Controllers...')
#4 C:\lara\www\iblogg\system\CodeIgniter.php(865): class_exists('\\App\\Controller...', true)
#5 C:\lara\www\iblogg\system\CodeIgniter.php(390): CodeIgniter\CodeIgniter->startController()
#6 C:\lara\www\iblogg\system\CodeIgniter.php(308): CodeIgniter\CodeIgniter->handleRequest(NULL, Object(Config\Cache), false)
#7 C:\lara\www\iblogg\public\index.php(45): CodeIgniter\CodeIgniter->run()
#8 C:\lara\www\iblogg\system\Commands\Server\rewrite.php(34): require_once('C:\\lara\\www\\ibl...')
#9 {main}
CRITICAL - 2020-08-21 09:09:59 --> syntax error, unexpected '}', expecting ',' or ';'
#0 C:\lara\www\iblogg\system\Autoloader\Autoloader.php(296): CodeIgniter\Autoloader\Autoloader->requireFile('C:\\lara\\www\\ibl...')
#1 C:\lara\www\iblogg\system\Autoloader\Autoloader.php(258): CodeIgniter\Autoloader\Autoloader->loadInNamespace('App\\Controllers...')
#2 [internal function]: CodeIgniter\Autoloader\Autoloader->loadClass('App\\Controllers...')
#3 [internal function]: spl_autoload_call('App\\Controllers...')
#4 C:\lara\www\iblogg\system\CodeIgniter.php(865): class_exists('\\App\\Controller...', true)
#5 C:\lara\www\iblogg\system\CodeIgniter.php(390): CodeIgniter\CodeIgniter->startController()
#6 C:\lara\www\iblogg\system\CodeIgniter.php(308): CodeIgniter\CodeIgniter->handleRequest(NULL, Object(Config\Cache), false)
#7 C:\lara\www\iblogg\public\index.php(45): CodeIgniter\CodeIgniter->run()
#8 C:\lara\www\iblogg\system\Commands\Server\rewrite.php(34): require_once('C:\\lara\\www\\ibl...')
#9 {main}
CRITICAL - 2020-08-21 09:12:00 --> preg_match(): Unknown modifier '$'
#0 [internal function]: CodeIgniter\Debug\Exceptions->errorHandler(2, 'preg_match(): U...', 'C:\\lara\\www\\ibl...', 425, Array)
#1 C:\lara\www\iblogg\system\Router\Router.php(425): preg_match('#^#$#', '/', NULL)
#2 C:\lara\www\iblogg\system\Router\Router.php(174): CodeIgniter\Router\Router->checkRoutes('/')
#3 C:\lara\www\iblogg\system\CodeIgniter.php(789): CodeIgniter\Router\Router->handle('/')
#4 C:\lara\www\iblogg\system\CodeIgniter.php(360): CodeIgniter\CodeIgniter->tryToRouteIt(Object(CodeIgniter\Router\RouteCollection))
#5 C:\lara\www\iblogg\system\CodeIgniter.php(308): CodeIgniter\CodeIgniter->handleRequest(NULL, Object(Config\Cache), false)
#6 C:\lara\www\iblogg\public\index.php(45): CodeIgniter\CodeIgniter->run()
#7 C:\lara\www\iblogg\system\Commands\Server\rewrite.php(34): require_once('C:\\lara\\www\\ibl...')
#8 {main}
CRITICAL - 2020-08-21 09:12:05 --> preg_match(): Unknown modifier '$'
#0 [internal function]: CodeIgniter\Debug\Exceptions->errorHandler(2, 'preg_match(): U...', 'C:\\lara\\www\\ibl...', 425, Array)
#1 C:\lara\www\iblogg\system\Router\Router.php(425): preg_match('#^#$#', '/', NULL)
#2 C:\lara\www\iblogg\system\Router\Router.php(174): CodeIgniter\Router\Router->checkRoutes('/')
#3 C:\lara\www\iblogg\system\CodeIgniter.php(789): CodeIgniter\Router\Router->handle('/')
#4 C:\lara\www\iblogg\system\CodeIgniter.php(360): CodeIgniter\CodeIgniter->tryToRouteIt(Object(CodeIgniter\Router\RouteCollection))
#5 C:\lara\www\iblogg\system\CodeIgniter.php(308): CodeIgniter\CodeIgniter->handleRequest(NULL, Object(Config\Cache), false)
#6 C:\lara\www\iblogg\public\index.php(45): CodeIgniter\CodeIgniter->run()
#7 C:\lara\www\iblogg\system\Commands\Server\rewrite.php(34): require_once('C:\\lara\\www\\ibl...')
#8 {main}
CRITICAL - 2020-08-21 09:12:23 --> preg_match(): Unknown modifier '$'
#0 [internal function]: CodeIgniter\Debug\Exceptions->errorHandler(2, 'preg_match(): U...', 'C:\\lara\\www\\ibl...', 425, Array)
#1 C:\lara\www\iblogg\system\Router\Router.php(425): preg_match('#^#$#', '/', NULL)
#2 C:\lara\www\iblogg\system\Router\Router.php(174): CodeIgniter\Router\Router->checkRoutes('/')
#3 C:\lara\www\iblogg\system\CodeIgniter.php(789): CodeIgniter\Router\Router->handle('/')
#4 C:\lara\www\iblogg\system\CodeIgniter.php(360): CodeIgniter\CodeIgniter->tryToRouteIt(Object(CodeIgniter\Router\RouteCollection))
#5 C:\lara\www\iblogg\system\CodeIgniter.php(308): CodeIgniter\CodeIgniter->handleRequest(NULL, Object(Config\Cache), false)
#6 C:\lara\www\iblogg\public\index.php(45): CodeIgniter\CodeIgniter->run()
#7 C:\lara\www\iblogg\system\Commands\Server\rewrite.php(34): require_once('C:\\lara\\www\\ibl...')
#8 {main}
CRITICAL - 2020-08-21 09:12:29 --> preg_match(): Unknown modifier '$'
#0 [internal function]: CodeIgniter\Debug\Exceptions->errorHandler(2, 'preg_match(): U...', 'C:\\lara\\www\\ibl...', 425, Array)
#1 C:\lara\www\iblogg\system\Router\Router.php(425): preg_match('#^#$#', '/', NULL)
#2 C:\lara\www\iblogg\system\Router\Router.php(174): CodeIgniter\Router\Router->checkRoutes('/')
#3 C:\lara\www\iblogg\system\CodeIgniter.php(789): CodeIgniter\Router\Router->handle('/')
#4 C:\lara\www\iblogg\system\CodeIgniter.php(360): CodeIgniter\CodeIgniter->tryToRouteIt(Object(CodeIgniter\Router\RouteCollection))
#5 C:\lara\www\iblogg\system\CodeIgniter.php(308): CodeIgniter\CodeIgniter->handleRequest(NULL, Object(Config\Cache), false)
#6 C:\lara\www\iblogg\public\index.php(45): CodeIgniter\CodeIgniter->run()
#7 C:\lara\www\iblogg\system\Commands\Server\rewrite.php(34): require_once('C:\\lara\\www\\ibl...')
#8 {main}
CRITICAL - 2020-08-21 09:12:43 --> preg_match(): Unknown modifier '$'
#0 [internal function]: CodeIgniter\Debug\Exceptions->errorHandler(2, 'preg_match(): U...', 'C:\\lara\\www\\ibl...', 425, Array)
#1 C:\lara\www\iblogg\system\Router\Router.php(425): preg_match('#^#$#', '/', NULL)
#2 C:\lara\www\iblogg\system\Router\Router.php(174): CodeIgniter\Router\Router->checkRoutes('/')
#3 C:\lara\www\iblogg\system\CodeIgniter.php(789): CodeIgniter\Router\Router->handle('/')
#4 C:\lara\www\iblogg\system\CodeIgniter.php(360): CodeIgniter\CodeIgniter->tryToRouteIt(Object(CodeIgniter\Router\RouteCollection))
#5 C:\lara\www\iblogg\system\CodeIgniter.php(308): CodeIgniter\CodeIgniter->handleRequest(NULL, Object(Config\Cache), false)
#6 C:\lara\www\iblogg\public\index.php(45): CodeIgniter\CodeIgniter->run()
#7 C:\lara\www\iblogg\system\Commands\Server\rewrite.php(34): require_once('C:\\lara\\www\\ibl...')
#8 {main}
CRITICAL - 2020-08-21 09:15:46 --> 
#0 C:\lara\www\iblogg\system\HTTP\RedirectResponse.php(92): CodeIgniter\HTTP\Exceptions\HTTPException::forInvalidRedirectRoute('')
#1 C:\lara\www\iblogg\system\Common.php(813): CodeIgniter\HTTP\RedirectResponse->route(false)
#2 C:\lara\www\iblogg\app\Controllers\Home.php(10): redirect('/home')
#3 C:\lara\www\iblogg\system\CodeIgniter.php(914): App\Controllers\Home->redirect()
#4 C:\lara\www\iblogg\system\CodeIgniter.php(400): CodeIgniter\CodeIgniter->runController(Object(App\Controllers\Home))
#5 C:\lara\www\iblogg\system\CodeIgniter.php(308): CodeIgniter\CodeIgniter->handleRequest(NULL, Object(Config\Cache), false)
#6 C:\lara\www\iblogg\public\index.php(45): CodeIgniter\CodeIgniter->run()
#7 C:\lara\www\iblogg\system\Commands\Server\rewrite.php(34): require_once('C:\\lara\\www\\ibl...')
#8 {main}
CRITICAL - 2020-08-21 09:16:03 --> 
#0 C:\lara\www\iblogg\system\HTTP\RedirectResponse.php(92): CodeIgniter\HTTP\Exceptions\HTTPException::forInvalidRedirectRoute('')
#1 C:\lara\www\iblogg\system\Common.php(813): CodeIgniter\HTTP\RedirectResponse->route(false)
#2 C:\lara\www\iblogg\app\Controllers\Home.php(10): redirect('index')
#3 C:\lara\www\iblogg\system\CodeIgniter.php(914): App\Controllers\Home->redirect()
#4 C:\lara\www\iblogg\system\CodeIgniter.php(400): CodeIgniter\CodeIgniter->runController(Object(App\Controllers\Home))
#5 C:\lara\www\iblogg\system\CodeIgniter.php(308): CodeIgniter\CodeIgniter->handleRequest(NULL, Object(Config\Cache), false)
#6 C:\lara\www\iblogg\public\index.php(45): CodeIgniter\CodeIgniter->run()
#7 C:\lara\www\iblogg\system\Commands\Server\rewrite.php(34): require_once('C:\\lara\\www\\ibl...')
#8 {main}
CRITICAL - 2020-08-21 09:27:24 --> syntax error, unexpected ')', expecting variable (T_VARIABLE)
#0 C:\lara\www\iblogg\system\Autoloader\Autoloader.php(296): CodeIgniter\Autoloader\Autoloader->requireFile('C:\\lara\\www\\ibl...')
#1 C:\lara\www\iblogg\system\Autoloader\Autoloader.php(258): CodeIgniter\Autoloader\Autoloader->loadInNamespace('App\\Controllers...')
#2 [internal function]: CodeIgniter\Autoloader\Autoloader->loadClass('App\\Controllers...')
#3 [internal function]: spl_autoload_call('App\\Controllers...')
#4 C:\lara\www\iblogg\system\CodeIgniter.php(865): class_exists('\\App\\Controller...', true)
#5 C:\lara\www\iblogg\system\CodeIgniter.php(390): CodeIgniter\CodeIgniter->startController()
#6 C:\lara\www\iblogg\system\CodeIgniter.php(308): CodeIgniter\CodeIgniter->handleRequest(NULL, Object(Config\Cache), false)
#7 C:\lara\www\iblogg\public\index.php(45): CodeIgniter\CodeIgniter->run()
#8 C:\lara\www\iblogg\system\Commands\Server\rewrite.php(34): require_once('C:\\lara\\www\\ibl...')
#9 {main}
CRITICAL - 2020-08-21 09:52:59 --> Undefined offset: 1
#0 C:\lara\www\iblogg\system\Router\Router.php(482): CodeIgniter\Debug\Exceptions->errorHandler(8, 'Undefined offse...', 'C:\\lara\\www\\ibl...', 482, Array)
#1 C:\lara\www\iblogg\system\Router\Router.php(174): CodeIgniter\Router\Router->checkRoutes('api')
#2 C:\lara\www\iblogg\system\CodeIgniter.php(789): CodeIgniter\Router\Router->handle('api')
#3 C:\lara\www\iblogg\system\CodeIgniter.php(360): CodeIgniter\CodeIgniter->tryToRouteIt(Object(CodeIgniter\Router\RouteCollection))
#4 C:\lara\www\iblogg\system\CodeIgniter.php(308): CodeIgniter\CodeIgniter->handleRequest(NULL, Object(Config\Cache), false)
#5 C:\lara\www\iblogg\public\index.php(45): CodeIgniter\CodeIgniter->run()
#6 C:\lara\www\iblogg\system\Commands\Server\rewrite.php(34): require_once('C:\\lara\\www\\ibl...')
#7 {main}
