CRITICAL - 2020-09-17 05:14:05 --> Undefined index: loggedIn
#0 C:\lara\www\iblogg\app\Controllers\Api\Blog.php(67): CodeIgniter\Debug\Exceptions->errorHandler(8, 'Undefined index...', 'C:\\lara\\www\\ibl...', 67, Array)
#1 C:\lara\www\iblogg\system\CodeIgniter.php(914): App\Controllers\Api\Blog->adminLogin('admin', 'adminpass')
#2 C:\lara\www\iblogg\system\CodeIgniter.php(400): CodeIgniter\CodeIgniter->runController(Object(App\Controllers\Api\Blog))
#3 C:\lara\www\iblogg\system\CodeIgniter.php(308): CodeIgniter\CodeIgniter->handleRequest(NULL, Object(Config\Cache), false)
#4 C:\lara\www\iblogg\public\index.php(45): CodeIgniter\CodeIgniter->run()
#5 C:\lara\www\iblogg\system\Commands\Server\rewrite.php(34): require_once('C:\\lara\\www\\ibl...')
#6 {main}
CRITICAL - 2020-09-17 19:22:42 --> Call to a member function setContentType() on null
#0 C:\lara\www\iblogg\system\API\ResponseTrait.php(134): App\Controllers\Api\Posts->format(Array)
#1 C:\lara\www\iblogg\system\API\ResponseTrait.php(184): App\Controllers\Api\Posts->respond(Array, 201, '')
#2 C:\lara\www\iblogg\app\Controllers\Api\Posts.php(64): App\Controllers\Api\Posts->respondCreated(Array)
#3 C:\lara\www\iblogg\app\Controllers\Api\Posts.php(15): App\Controllers\Api\Posts->handlePost(Object(CodeIgniter\HTTP\IncomingRequest), NULL, NULL)
#4 C:\lara\www\iblogg\app\Controllers\Api\Blog.php(23): App\Controllers\Api\Posts->posts(Object(CodeIgniter\HTTP\IncomingRequest), NULL, NULL)
#5 C:\lara\www\iblogg\system\CodeIgniter.php(914): App\Controllers\Api\Blog->posts()
#6 C:\lara\www\iblogg\system\CodeIgniter.php(400): CodeIgniter\CodeIgniter->runController(Object(App\Controllers\Api\Blog))
#7 C:\lara\www\iblogg\system\CodeIgniter.php(308): CodeIgniter\CodeIgniter->handleRequest(NULL, Object(Config\Cache), false)
#8 C:\lara\www\iblogg\public\index.php(45): CodeIgniter\CodeIgniter->run()
#9 C:\lara\www\iblogg\system\Commands\Server\rewrite.php(34): require_once('C:\\lara\\www\\ibl...')
#10 {main}
CRITICAL - 2020-09-17 19:23:02 --> Call to a member function setContentType() on null
#0 C:\lara\www\iblogg\system\API\ResponseTrait.php(134): App\Controllers\Api\Posts->format(Array)
#1 C:\lara\www\iblogg\system\API\ResponseTrait.php(184): App\Controllers\Api\Posts->respond(Array, 201, '')
#2 C:\lara\www\iblogg\app\Controllers\Api\Posts.php(64): App\Controllers\Api\Posts->respondCreated(Array)
#3 C:\lara\www\iblogg\app\Controllers\Api\Posts.php(15): App\Controllers\Api\Posts->handlePost(Object(CodeIgniter\HTTP\IncomingRequest), NULL, NULL)
#4 C:\lara\www\iblogg\app\Controllers\Api\Blog.php(23): App\Controllers\Api\Posts->posts(Object(CodeIgniter\HTTP\IncomingRequest), NULL, NULL)
#5 C:\lara\www\iblogg\system\CodeIgniter.php(914): App\Controllers\Api\Blog->posts()
#6 C:\lara\www\iblogg\system\CodeIgniter.php(400): CodeIgniter\CodeIgniter->runController(Object(App\Controllers\Api\Blog))
#7 C:\lara\www\iblogg\system\CodeIgniter.php(308): CodeIgniter\CodeIgniter->handleRequest(NULL, Object(Config\Cache), false)
#8 C:\lara\www\iblogg\public\index.php(45): CodeIgniter\CodeIgniter->run()
#9 C:\lara\www\iblogg\system\Commands\Server\rewrite.php(34): require_once('C:\\lara\\www\\ibl...')
#10 {main}
CRITICAL - 2020-09-17 19:23:20 --> Call to a member function setContentType() on null
#0 C:\lara\www\iblogg\system\API\ResponseTrait.php(134): App\Controllers\Api\Posts->format(Array)
#1 C:\lara\www\iblogg\system\API\ResponseTrait.php(184): App\Controllers\Api\Posts->respond(Array, 201, '')
#2 C:\lara\www\iblogg\app\Controllers\Api\Posts.php(64): App\Controllers\Api\Posts->respondCreated(Array)
#3 C:\lara\www\iblogg\app\Controllers\Api\Posts.php(15): App\Controllers\Api\Posts->handlePost(Object(CodeIgniter\HTTP\IncomingRequest), NULL, NULL)
#4 C:\lara\www\iblogg\app\Controllers\Api\Blog.php(23): App\Controllers\Api\Posts->posts(Object(CodeIgniter\HTTP\IncomingRequest), NULL, NULL)
#5 C:\lara\www\iblogg\system\CodeIgniter.php(914): App\Controllers\Api\Blog->posts()
#6 C:\lara\www\iblogg\system\CodeIgniter.php(400): CodeIgniter\CodeIgniter->runController(Object(App\Controllers\Api\Blog))
#7 C:\lara\www\iblogg\system\CodeIgniter.php(308): CodeIgniter\CodeIgniter->handleRequest(NULL, Object(Config\Cache), false)
#8 C:\lara\www\iblogg\public\index.php(45): CodeIgniter\CodeIgniter->run()
#9 C:\lara\www\iblogg\system\Commands\Server\rewrite.php(34): require_once('C:\\lara\\www\\ibl...')
#10 {main}
CRITICAL - 2020-09-17 19:23:36 --> Call to a member function setContentType() on null
#0 C:\lara\www\iblogg\system\API\ResponseTrait.php(134): App\Controllers\Api\Posts->format(Array)
#1 C:\lara\www\iblogg\system\API\ResponseTrait.php(184): App\Controllers\Api\Posts->respond(Array, 201, '')
#2 C:\lara\www\iblogg\app\Controllers\Api\Posts.php(64): App\Controllers\Api\Posts->respondCreated(Array)
#3 C:\lara\www\iblogg\app\Controllers\Api\Posts.php(15): App\Controllers\Api\Posts->handlePost(Object(CodeIgniter\HTTP\IncomingRequest), NULL, NULL)
#4 C:\lara\www\iblogg\app\Controllers\Api\Blog.php(23): App\Controllers\Api\Posts->posts(Object(CodeIgniter\HTTP\IncomingRequest), NULL, NULL)
#5 C:\lara\www\iblogg\system\CodeIgniter.php(914): App\Controllers\Api\Blog->posts()
#6 C:\lara\www\iblogg\system\CodeIgniter.php(400): CodeIgniter\CodeIgniter->runController(Object(App\Controllers\Api\Blog))
#7 C:\lara\www\iblogg\system\CodeIgniter.php(308): CodeIgniter\CodeIgniter->handleRequest(NULL, Object(Config\Cache), false)
#8 C:\lara\www\iblogg\public\index.php(45): CodeIgniter\CodeIgniter->run()
#9 C:\lara\www\iblogg\system\Commands\Server\rewrite.php(34): require_once('C:\\lara\\www\\ibl...')
#10 {main}
CRITICAL - 2020-09-17 19:23:53 --> Call to a member function setContentType() on null
#0 C:\lara\www\iblogg\system\API\ResponseTrait.php(134): App\Controllers\Api\Posts->format(Array)
#1 C:\lara\www\iblogg\system\API\ResponseTrait.php(184): App\Controllers\Api\Posts->respond(Array, 201, '')
#2 C:\lara\www\iblogg\app\Controllers\Api\Posts.php(64): App\Controllers\Api\Posts->respondCreated(Array)
#3 C:\lara\www\iblogg\app\Controllers\Api\Posts.php(15): App\Controllers\Api\Posts->handlePost(Object(CodeIgniter\HTTP\IncomingRequest), NULL, NULL)
#4 C:\lara\www\iblogg\app\Controllers\Api\Blog.php(23): App\Controllers\Api\Posts->posts(Object(CodeIgniter\HTTP\IncomingRequest), NULL, NULL)
#5 C:\lara\www\iblogg\system\CodeIgniter.php(914): App\Controllers\Api\Blog->posts()
#6 C:\lara\www\iblogg\system\CodeIgniter.php(400): CodeIgniter\CodeIgniter->runController(Object(App\Controllers\Api\Blog))
#7 C:\lara\www\iblogg\system\CodeIgniter.php(308): CodeIgniter\CodeIgniter->handleRequest(NULL, Object(Config\Cache), false)
#8 C:\lara\www\iblogg\public\index.php(45): CodeIgniter\CodeIgniter->run()
#9 C:\lara\www\iblogg\system\Commands\Server\rewrite.php(34): require_once('C:\\lara\\www\\ibl...')
#10 {main}
CRITICAL - 2020-09-17 19:49:53 --> Too few arguments to function {closure}(), 2 passed and exactly 3 expected
#0 [internal function]: {closure}(NULL, true)
#1 C:\lara\www\iblogg\app\Views\Pagers\page_full.php(11): array_reduce(Array, Object(Closure))
#2 C:\lara\www\iblogg\app\Views\Pagers\page_full.php(37): getPager('http://localhos...')
#3 C:\lara\www\iblogg\system\View\View.php(246): include('C:\\lara\\www\\ibl...')
#4 C:\lara\www\iblogg\system\Pager\Pager.php(186): CodeIgniter\View\View->render('App\\Views\\Pager...')
#5 C:\lara\www\iblogg\system\Pager\Pager.php(121): CodeIgniter\Pager\Pager->displayLinks('link', 'default_full')
#6 C:\lara\www\iblogg\app\Views\user\index.php(64): CodeIgniter\Pager\Pager->links('link')
#7 C:\lara\www\iblogg\system\View\View.php(246): include('C:\\lara\\www\\ibl...')
#8 C:\lara\www\iblogg\system\Common.php(1087): CodeIgniter\View\View->render('user/index', Array, true)
#9 C:\lara\www\iblogg\app\Controllers\Home.php(29): view('user/index', Array)
#10 C:\lara\www\iblogg\app\Controllers\User\Views.php(30): App\Controllers\Home->view('user', 'index', Array)
#11 C:\lara\www\iblogg\app\Controllers\Template\View.php(28): App\Controllers\User\Views->index(Object(CodeIgniter\HTTP\IncomingRequest), 3, '0', 0)
#12 C:\lara\www\iblogg\system\CodeIgniter.php(914): App\Controllers\Template\View->view('user')
#13 C:\lara\www\iblogg\system\CodeIgniter.php(400): CodeIgniter\CodeIgniter->runController(Object(App\Controllers\Template\View))
#14 C:\lara\www\iblogg\system\CodeIgniter.php(308): CodeIgniter\CodeIgniter->handleRequest(NULL, Object(Config\Cache), false)
#15 C:\lara\www\iblogg\public\index.php(45): CodeIgniter\CodeIgniter->run()
#16 C:\lara\www\iblogg\system\Commands\Server\rewrite.php(34): require_once('C:\\lara\\www\\ibl...')
#17 {main}
CRITICAL - 2020-09-17 19:52:42 --> Undefined index: 
#0 C:\lara\www\iblogg\app\Views\Pagers\page_full.php(10): CodeIgniter\Debug\Exceptions->errorHandler(8, 'Undefined index...', 'C:\\lara\\www\\ibl...', 10, Array)
#1 [internal function]: {closure}(NULL, true)
#2 C:\lara\www\iblogg\app\Views\Pagers\page_full.php(11): array_reduce(Array, Object(Closure))
#3 C:\lara\www\iblogg\app\Views\Pagers\page_full.php(37): getPager('http://localhos...')
#4 C:\lara\www\iblogg\system\View\View.php(246): include('C:\\lara\\www\\ibl...')
#5 C:\lara\www\iblogg\system\Pager\Pager.php(186): CodeIgniter\View\View->render('App\\Views\\Pager...')
#6 C:\lara\www\iblogg\system\Pager\Pager.php(121): CodeIgniter\Pager\Pager->displayLinks('link', 'default_full')
#7 C:\lara\www\iblogg\app\Views\user\index.php(64): CodeIgniter\Pager\Pager->links('link')
#8 C:\lara\www\iblogg\system\View\View.php(246): include('C:\\lara\\www\\ibl...')
#9 C:\lara\www\iblogg\system\Common.php(1087): CodeIgniter\View\View->render('user/index', Array, true)
#10 C:\lara\www\iblogg\app\Controllers\Home.php(29): view('user/index', Array)
#11 C:\lara\www\iblogg\app\Controllers\User\Views.php(30): App\Controllers\Home->view('user', 'index', Array)
#12 C:\lara\www\iblogg\app\Controllers\Template\View.php(28): App\Controllers\User\Views->index(Object(CodeIgniter\HTTP\IncomingRequest), 3, '0', 0)
#13 C:\lara\www\iblogg\system\CodeIgniter.php(914): App\Controllers\Template\View->view('user')
#14 C:\lara\www\iblogg\system\CodeIgniter.php(400): CodeIgniter\CodeIgniter->runController(Object(App\Controllers\Template\View))
#15 C:\lara\www\iblogg\system\CodeIgniter.php(308): CodeIgniter\CodeIgniter->handleRequest(NULL, Object(Config\Cache), false)
#16 C:\lara\www\iblogg\public\index.php(45): CodeIgniter\CodeIgniter->run()
#17 C:\lara\www\iblogg\system\Commands\Server\rewrite.php(34): require_once('C:\\lara\\www\\ibl...')
#18 {main}
