CRITICAL - 2020-09-14 03:35:28 --> No connection could be made because the target machine actively refused it.

#0 C:\lara\www\iblogg\system\Database\BaseConnection.php(377): CodeIgniter\Database\MySQLi\Connection->connect(false)
#1 C:\lara\www\iblogg\system\Database\BaseConnection.php(643): CodeIgniter\Database\BaseConnection->initialize()
#2 C:\lara\www\iblogg\system\Database\BaseBuilder.php(1845): CodeIgniter\Database\BaseConnection->query('SELECT *\nFROM `...', Array, false)
#3 C:\lara\www\iblogg\system\Model.php(445): CodeIgniter\Database\BaseBuilder->get()
#4 C:\lara\www\iblogg\app\Controllers\Template\View.php(45): CodeIgniter\Model->findAll(3, 0)
#5 C:\lara\www\iblogg\app\Controllers\Template\View.php(22): App\Controllers\Template\View->UserIndex(3, 0, '0')
#6 C:\lara\www\iblogg\system\CodeIgniter.php(914): App\Controllers\Template\View->view('user')
#7 C:\lara\www\iblogg\system\CodeIgniter.php(400): CodeIgniter\CodeIgniter->runController(Object(App\Controllers\Template\View))
#8 C:\lara\www\iblogg\system\CodeIgniter.php(308): CodeIgniter\CodeIgniter->handleRequest(NULL, Object(Config\Cache), false)
#9 C:\lara\www\iblogg\public\index.php(45): CodeIgniter\CodeIgniter->run()
#10 C:\lara\www\iblogg\system\Commands\Server\rewrite.php(34): require_once('C:\\lara\\www\\ibl...')
#11 {main}
CRITICAL - 2020-09-14 03:35:52 --> No connection could be made because the target machine actively refused it.

#0 C:\lara\www\iblogg\system\Database\BaseConnection.php(377): CodeIgniter\Database\MySQLi\Connection->connect(false)
#1 C:\lara\www\iblogg\system\Database\BaseConnection.php(643): CodeIgniter\Database\BaseConnection->initialize()
#2 C:\lara\www\iblogg\system\Database\BaseBuilder.php(1845): CodeIgniter\Database\BaseConnection->query('SELECT *\nFROM `...', Array, false)
#3 C:\lara\www\iblogg\system\Model.php(445): CodeIgniter\Database\BaseBuilder->get()
#4 C:\lara\www\iblogg\app\Controllers\Template\View.php(45): CodeIgniter\Model->findAll(3, 0)
#5 C:\lara\www\iblogg\app\Controllers\Template\View.php(22): App\Controllers\Template\View->UserIndex(3, 0, '0')
#6 C:\lara\www\iblogg\system\CodeIgniter.php(914): App\Controllers\Template\View->view('user')
#7 C:\lara\www\iblogg\system\CodeIgniter.php(400): CodeIgniter\CodeIgniter->runController(Object(App\Controllers\Template\View))
#8 C:\lara\www\iblogg\system\CodeIgniter.php(308): CodeIgniter\CodeIgniter->handleRequest(NULL, Object(Config\Cache), false)
#9 C:\lara\www\iblogg\public\index.php(45): CodeIgniter\CodeIgniter->run()
#10 C:\lara\www\iblogg\system\Commands\Server\rewrite.php(34): require_once('C:\\lara\\www\\ibl...')
#11 {main}
CRITICAL - 2020-09-14 04:41:37 --> No connection could be made because the target machine actively refused it.

#0 C:\lara\www\iblogg\system\Database\BaseConnection.php(377): CodeIgniter\Database\MySQLi\Connection->connect(false)
#1 C:\lara\www\iblogg\system\Database\BaseConnection.php(643): CodeIgniter\Database\BaseConnection->initialize()
#2 C:\lara\www\iblogg\system\Database\BaseBuilder.php(1845): CodeIgniter\Database\BaseConnection->query('SELECT *\nFROM `...', Array, false)
#3 C:\lara\www\iblogg\system\Model.php(445): CodeIgniter\Database\BaseBuilder->get()
#4 C:\lara\www\iblogg\app\Controllers\Template\View.php(45): CodeIgniter\Model->findAll(3, 0)
#5 C:\lara\www\iblogg\app\Controllers\Template\View.php(22): App\Controllers\Template\View->UserIndex(3, 0, '0')
#6 C:\lara\www\iblogg\system\CodeIgniter.php(914): App\Controllers\Template\View->view('user')
#7 C:\lara\www\iblogg\system\CodeIgniter.php(400): CodeIgniter\CodeIgniter->runController(Object(App\Controllers\Template\View))
#8 C:\lara\www\iblogg\system\CodeIgniter.php(308): CodeIgniter\CodeIgniter->handleRequest(NULL, Object(Config\Cache), false)
#9 C:\lara\www\iblogg\public\index.php(45): CodeIgniter\CodeIgniter->run()
#10 C:\lara\www\iblogg\system\Commands\Server\rewrite.php(34): require_once('C:\\lara\\www\\ibl...')
#11 {main}
CRITICAL - 2020-09-14 05:15:49 --> Undefined variable: posts
#0 C:\lara\www\iblogg\app\Views\admin\index.php(35): CodeIgniter\Debug\Exceptions->errorHandler(8, 'Undefined varia...', 'C:\\lara\\www\\ibl...', 35, Array)
#1 C:\lara\www\iblogg\system\View\View.php(246): include('C:\\lara\\www\\ibl...')
#2 C:\lara\www\iblogg\system\Common.php(1087): CodeIgniter\View\View->render('admin/index', Array, true)
#3 C:\lara\www\iblogg\app\Controllers\Admin.php(5): view('admin/index')
#4 C:\lara\www\iblogg\system\CodeIgniter.php(914): App\Controllers\Admin->index()
#5 C:\lara\www\iblogg\system\CodeIgniter.php(400): CodeIgniter\CodeIgniter->runController(Object(App\Controllers\Admin))
#6 C:\lara\www\iblogg\system\CodeIgniter.php(308): CodeIgniter\CodeIgniter->handleRequest(NULL, Object(Config\Cache), false)
#7 C:\lara\www\iblogg\public\index.php(45): CodeIgniter\CodeIgniter->run()
#8 C:\lara\www\iblogg\system\Commands\Server\rewrite.php(34): require_once('C:\\lara\\www\\ibl...')
#9 {main}
CRITICAL - 2020-09-14 05:15:55 --> Undefined variable: posts
#0 C:\lara\www\iblogg\app\Views\admin\index.php(35): CodeIgniter\Debug\Exceptions->errorHandler(8, 'Undefined varia...', 'C:\\lara\\www\\ibl...', 35, Array)
#1 C:\lara\www\iblogg\system\View\View.php(246): include('C:\\lara\\www\\ibl...')
#2 C:\lara\www\iblogg\system\Common.php(1087): CodeIgniter\View\View->render('admin/index', Array, true)
#3 C:\lara\www\iblogg\app\Controllers\Admin.php(5): view('admin/index')
#4 C:\lara\www\iblogg\system\CodeIgniter.php(914): App\Controllers\Admin->index()
#5 C:\lara\www\iblogg\system\CodeIgniter.php(400): CodeIgniter\CodeIgniter->runController(Object(App\Controllers\Admin))
#6 C:\lara\www\iblogg\system\CodeIgniter.php(308): CodeIgniter\CodeIgniter->handleRequest(NULL, Object(Config\Cache), false)
#7 C:\lara\www\iblogg\public\index.php(45): CodeIgniter\CodeIgniter->run()
#8 C:\lara\www\iblogg\system\Commands\Server\rewrite.php(34): require_once('C:\\lara\\www\\ibl...')
#9 {main}
CRITICAL - 2020-09-14 05:15:57 --> Undefined variable: posts
#0 C:\lara\www\iblogg\app\Views\admin\index.php(35): CodeIgniter\Debug\Exceptions->errorHandler(8, 'Undefined varia...', 'C:\\lara\\www\\ibl...', 35, Array)
#1 C:\lara\www\iblogg\system\View\View.php(246): include('C:\\lara\\www\\ibl...')
#2 C:\lara\www\iblogg\system\Common.php(1087): CodeIgniter\View\View->render('admin/index', Array, true)
#3 C:\lara\www\iblogg\app\Controllers\Admin.php(5): view('admin/index')
#4 C:\lara\www\iblogg\system\CodeIgniter.php(914): App\Controllers\Admin->index()
#5 C:\lara\www\iblogg\system\CodeIgniter.php(400): CodeIgniter\CodeIgniter->runController(Object(App\Controllers\Admin))
#6 C:\lara\www\iblogg\system\CodeIgniter.php(308): CodeIgniter\CodeIgniter->handleRequest(NULL, Object(Config\Cache), false)
#7 C:\lara\www\iblogg\public\index.php(45): CodeIgniter\CodeIgniter->run()
#8 C:\lara\www\iblogg\system\Commands\Server\rewrite.php(34): require_once('C:\\lara\\www\\ibl...')
#9 {main}
CRITICAL - 2020-09-14 05:16:09 --> Undefined variable: posts
#0 C:\lara\www\iblogg\app\Views\admin\index.php(35): CodeIgniter\Debug\Exceptions->errorHandler(8, 'Undefined varia...', 'C:\\lara\\www\\ibl...', 35, Array)
#1 C:\lara\www\iblogg\system\View\View.php(246): include('C:\\lara\\www\\ibl...')
#2 C:\lara\www\iblogg\system\Common.php(1087): CodeIgniter\View\View->render('admin/index', Array, true)
#3 C:\lara\www\iblogg\app\Controllers\Admin.php(5): view('admin/index')
#4 C:\lara\www\iblogg\system\CodeIgniter.php(914): App\Controllers\Admin->index()
#5 C:\lara\www\iblogg\system\CodeIgniter.php(400): CodeIgniter\CodeIgniter->runController(Object(App\Controllers\Admin))
#6 C:\lara\www\iblogg\system\CodeIgniter.php(308): CodeIgniter\CodeIgniter->handleRequest(NULL, Object(Config\Cache), false)
#7 C:\lara\www\iblogg\public\index.php(45): CodeIgniter\CodeIgniter->run()
#8 C:\lara\www\iblogg\system\Commands\Server\rewrite.php(34): require_once('C:\\lara\\www\\ibl...')
#9 {main}
CRITICAL - 2020-09-14 05:16:22 --> Undefined variable: posts
#0 C:\lara\www\iblogg\app\Views\admin\index.php(35): CodeIgniter\Debug\Exceptions->errorHandler(8, 'Undefined varia...', 'C:\\lara\\www\\ibl...', 35, Array)
#1 C:\lara\www\iblogg\system\View\View.php(246): include('C:\\lara\\www\\ibl...')
#2 C:\lara\www\iblogg\system\Common.php(1087): CodeIgniter\View\View->render('admin/index', Array, true)
#3 C:\lara\www\iblogg\app\Controllers\Admin.php(5): view('admin/index')
#4 C:\lara\www\iblogg\system\CodeIgniter.php(914): App\Controllers\Admin->index()
#5 C:\lara\www\iblogg\system\CodeIgniter.php(400): CodeIgniter\CodeIgniter->runController(Object(App\Controllers\Admin))
#6 C:\lara\www\iblogg\system\CodeIgniter.php(308): CodeIgniter\CodeIgniter->handleRequest(NULL, Object(Config\Cache), false)
#7 C:\lara\www\iblogg\public\index.php(45): CodeIgniter\CodeIgniter->run()
#8 C:\lara\www\iblogg\system\Commands\Server\rewrite.php(34): require_once('C:\\lara\\www\\ibl...')
#9 {main}
CRITICAL - 2020-09-14 05:17:21 --> Undefined variable: posts
#0 C:\lara\www\iblogg\app\Views\admin\index.php(35): CodeIgniter\Debug\Exceptions->errorHandler(8, 'Undefined varia...', 'C:\\lara\\www\\ibl...', 35, Array)
#1 C:\lara\www\iblogg\system\View\View.php(246): include('C:\\lara\\www\\ibl...')
#2 C:\lara\www\iblogg\system\Common.php(1087): CodeIgniter\View\View->render('admin/index', Array, true)
#3 C:\lara\www\iblogg\app\Controllers\Admin.php(5): view('admin/index')
#4 C:\lara\www\iblogg\system\CodeIgniter.php(914): App\Controllers\Admin->index()
#5 C:\lara\www\iblogg\system\CodeIgniter.php(400): CodeIgniter\CodeIgniter->runController(Object(App\Controllers\Admin))
#6 C:\lara\www\iblogg\system\CodeIgniter.php(308): CodeIgniter\CodeIgniter->handleRequest(NULL, Object(Config\Cache), false)
#7 C:\lara\www\iblogg\public\index.php(45): CodeIgniter\CodeIgniter->run()
#8 C:\lara\www\iblogg\system\Commands\Server\rewrite.php(34): require_once('C:\\lara\\www\\ibl...')
#9 {main}
CRITICAL - 2020-09-14 05:17:23 --> Undefined variable: posts
#0 C:\lara\www\iblogg\app\Views\admin\index.php(35): CodeIgniter\Debug\Exceptions->errorHandler(8, 'Undefined varia...', 'C:\\lara\\www\\ibl...', 35, Array)
#1 C:\lara\www\iblogg\system\View\View.php(246): include('C:\\lara\\www\\ibl...')
#2 C:\lara\www\iblogg\system\Common.php(1087): CodeIgniter\View\View->render('admin/index', Array, true)
#3 C:\lara\www\iblogg\app\Controllers\Admin.php(5): view('admin/index')
#4 C:\lara\www\iblogg\system\CodeIgniter.php(914): App\Controllers\Admin->index()
#5 C:\lara\www\iblogg\system\CodeIgniter.php(400): CodeIgniter\CodeIgniter->runController(Object(App\Controllers\Admin))
#6 C:\lara\www\iblogg\system\CodeIgniter.php(308): CodeIgniter\CodeIgniter->handleRequest(NULL, Object(Config\Cache), false)
#7 C:\lara\www\iblogg\public\index.php(45): CodeIgniter\CodeIgniter->run()
#8 C:\lara\www\iblogg\system\Commands\Server\rewrite.php(34): require_once('C:\\lara\\www\\ibl...')
#9 {main}
CRITICAL - 2020-09-14 05:18:13 --> Undefined variable: posts
#0 C:\lara\www\iblogg\app\Views\admin\index.php(35): CodeIgniter\Debug\Exceptions->errorHandler(8, 'Undefined varia...', 'C:\\lara\\www\\ibl...', 35, Array)
#1 C:\lara\www\iblogg\system\View\View.php(246): include('C:\\lara\\www\\ibl...')
#2 C:\lara\www\iblogg\system\Common.php(1087): CodeIgniter\View\View->render('admin/index', Array, true)
#3 C:\lara\www\iblogg\app\Controllers\Admin.php(5): view('admin/index')
#4 C:\lara\www\iblogg\system\CodeIgniter.php(914): App\Controllers\Admin->index()
#5 C:\lara\www\iblogg\system\CodeIgniter.php(400): CodeIgniter\CodeIgniter->runController(Object(App\Controllers\Admin))
#6 C:\lara\www\iblogg\system\CodeIgniter.php(308): CodeIgniter\CodeIgniter->handleRequest(NULL, Object(Config\Cache), false)
#7 C:\lara\www\iblogg\public\index.php(45): CodeIgniter\CodeIgniter->run()
#8 C:\lara\www\iblogg\system\Commands\Server\rewrite.php(34): require_once('C:\\lara\\www\\ibl...')
#9 {main}
CRITICAL - 2020-09-14 05:42:21 --> Undefined variable: posts
#0 C:\lara\www\iblogg\app\Views\admin\newpost.php(1): CodeIgniter\Debug\Exceptions->errorHandler(8, 'Undefined varia...', 'C:\\lara\\www\\ibl...', 1, Array)
#1 C:\lara\www\iblogg\system\View\View.php(246): include('C:\\lara\\www\\ibl...')
#2 C:\lara\www\iblogg\system\Common.php(1087): CodeIgniter\View\View->render('admin/newpost', Array, true)
#3 C:\lara\www\iblogg\app\Controllers\Template\View.php(107): view('admin/newpost', Array)
#4 C:\lara\www\iblogg\app\Controllers\Template\View.php(97): App\Controllers\Template\View->returnView('admin', 'newpost', Array)
#5 C:\lara\www\iblogg\app\Controllers\Template\View.php(44): App\Controllers\Template\View->adminHandlePost(Array)
#6 C:\lara\www\iblogg\system\CodeIgniter.php(914): App\Controllers\Template\View->view('admin')
#7 C:\lara\www\iblogg\system\CodeIgniter.php(400): CodeIgniter\CodeIgniter->runController(Object(App\Controllers\Template\View))
#8 C:\lara\www\iblogg\system\CodeIgniter.php(308): CodeIgniter\CodeIgniter->handleRequest(NULL, Object(Config\Cache), false)
#9 C:\lara\www\iblogg\public\index.php(45): CodeIgniter\CodeIgniter->run()
#10 C:\lara\www\iblogg\system\Commands\Server\rewrite.php(34): require_once('C:\\lara\\www\\ibl...')
#11 {main}
CRITICAL - 2020-09-14 05:42:30 --> Undefined variable: post
#0 C:\lara\www\iblogg\app\Views\admin\newpost.php(1): CodeIgniter\Debug\Exceptions->errorHandler(8, 'Undefined varia...', 'C:\\lara\\www\\ibl...', 1, Array)
#1 C:\lara\www\iblogg\system\View\View.php(246): include('C:\\lara\\www\\ibl...')
#2 C:\lara\www\iblogg\system\Common.php(1087): CodeIgniter\View\View->render('admin/newpost', Array, true)
#3 C:\lara\www\iblogg\app\Controllers\Template\View.php(107): view('admin/newpost', Array)
#4 C:\lara\www\iblogg\app\Controllers\Template\View.php(97): App\Controllers\Template\View->returnView('admin', 'newpost', Array)
#5 C:\lara\www\iblogg\app\Controllers\Template\View.php(44): App\Controllers\Template\View->adminHandlePost(Array)
#6 C:\lara\www\iblogg\system\CodeIgniter.php(914): App\Controllers\Template\View->view('admin')
#7 C:\lara\www\iblogg\system\CodeIgniter.php(400): CodeIgniter\CodeIgniter->runController(Object(App\Controllers\Template\View))
#8 C:\lara\www\iblogg\system\CodeIgniter.php(308): CodeIgniter\CodeIgniter->handleRequest(NULL, Object(Config\Cache), false)
#9 C:\lara\www\iblogg\public\index.php(45): CodeIgniter\CodeIgniter->run()
#10 C:\lara\www\iblogg\system\Commands\Server\rewrite.php(34): require_once('C:\\lara\\www\\ibl...')
#11 {main}
CRITICAL - 2020-09-14 05:42:35 --> Undefined variable: post
#0 C:\lara\www\iblogg\app\Views\admin\newpost.php(1): CodeIgniter\Debug\Exceptions->errorHandler(8, 'Undefined varia...', 'C:\\lara\\www\\ibl...', 1, Array)
#1 C:\lara\www\iblogg\system\View\View.php(246): include('C:\\lara\\www\\ibl...')
#2 C:\lara\www\iblogg\system\Common.php(1087): CodeIgniter\View\View->render('admin/newpost', Array, true)
#3 C:\lara\www\iblogg\app\Controllers\Template\View.php(107): view('admin/newpost', Array)
#4 C:\lara\www\iblogg\app\Controllers\Template\View.php(97): App\Controllers\Template\View->returnView('admin', 'newpost', Array)
#5 C:\lara\www\iblogg\app\Controllers\Template\View.php(44): App\Controllers\Template\View->adminHandlePost(Array)
#6 C:\lara\www\iblogg\system\CodeIgniter.php(914): App\Controllers\Template\View->view('admin')
#7 C:\lara\www\iblogg\system\CodeIgniter.php(400): CodeIgniter\CodeIgniter->runController(Object(App\Controllers\Template\View))
#8 C:\lara\www\iblogg\system\CodeIgniter.php(308): CodeIgniter\CodeIgniter->handleRequest(NULL, Object(Config\Cache), false)
#9 C:\lara\www\iblogg\public\index.php(45): CodeIgniter\CodeIgniter->run()
#10 C:\lara\www\iblogg\system\Commands\Server\rewrite.php(34): require_once('C:\\lara\\www\\ibl...')
#11 {main}
CRITICAL - 2020-09-14 05:43:21 --> Undefined variable: post
#0 C:\lara\www\iblogg\app\Views\admin\newpost.php(1): CodeIgniter\Debug\Exceptions->errorHandler(8, 'Undefined varia...', 'C:\\lara\\www\\ibl...', 1, Array)
#1 C:\lara\www\iblogg\system\View\View.php(246): include('C:\\lara\\www\\ibl...')
#2 C:\lara\www\iblogg\system\Common.php(1087): CodeIgniter\View\View->render('admin/newpost', Array, true)
#3 C:\lara\www\iblogg\app\Controllers\Template\View.php(108): view('admin/newpost', Array)
#4 C:\lara\www\iblogg\app\Controllers\Template\View.php(98): App\Controllers\Template\View->returnView('admin', 'newpost', Array)
#5 C:\lara\www\iblogg\app\Controllers\Template\View.php(45): App\Controllers\Template\View->adminHandlePost(Array)
#6 C:\lara\www\iblogg\system\CodeIgniter.php(914): App\Controllers\Template\View->view('admin')
#7 C:\lara\www\iblogg\system\CodeIgniter.php(400): CodeIgniter\CodeIgniter->runController(Object(App\Controllers\Template\View))
#8 C:\lara\www\iblogg\system\CodeIgniter.php(308): CodeIgniter\CodeIgniter->handleRequest(NULL, Object(Config\Cache), false)
#9 C:\lara\www\iblogg\public\index.php(45): CodeIgniter\CodeIgniter->run()
#10 C:\lara\www\iblogg\system\Commands\Server\rewrite.php(34): require_once('C:\\lara\\www\\ibl...')
#11 {main}
CRITICAL - 2020-09-14 05:43:39 --> Undefined variable: post
#0 C:\lara\www\iblogg\app\Views\admin\newpost.php(1): CodeIgniter\Debug\Exceptions->errorHandler(8, 'Undefined varia...', 'C:\\lara\\www\\ibl...', 1, Array)
#1 C:\lara\www\iblogg\system\View\View.php(246): include('C:\\lara\\www\\ibl...')
#2 C:\lara\www\iblogg\system\Common.php(1087): CodeIgniter\View\View->render('admin/newpost', Array, true)
#3 C:\lara\www\iblogg\app\Controllers\Template\View.php(108): view('admin/newpost', Array)
#4 C:\lara\www\iblogg\app\Controllers\Template\View.php(98): App\Controllers\Template\View->returnView('admin', 'newpost', Array)
#5 C:\lara\www\iblogg\app\Controllers\Template\View.php(45): App\Controllers\Template\View->adminHandlePost(Array)
#6 C:\lara\www\iblogg\system\CodeIgniter.php(914): App\Controllers\Template\View->view('admin')
#7 C:\lara\www\iblogg\system\CodeIgniter.php(400): CodeIgniter\CodeIgniter->runController(Object(App\Controllers\Template\View))
#8 C:\lara\www\iblogg\system\CodeIgniter.php(308): CodeIgniter\CodeIgniter->handleRequest(NULL, Object(Config\Cache), false)
#9 C:\lara\www\iblogg\public\index.php(45): CodeIgniter\CodeIgniter->run()
#10 C:\lara\www\iblogg\system\Commands\Server\rewrite.php(34): require_once('C:\\lara\\www\\ibl...')
#11 {main}
CRITICAL - 2020-09-14 05:47:25 --> Undefined variable: post
#0 C:\lara\www\iblogg\app\Views\admin\newpost.php(1): CodeIgniter\Debug\Exceptions->errorHandler(8, 'Undefined varia...', 'C:\\lara\\www\\ibl...', 1, Array)
#1 C:\lara\www\iblogg\system\View\View.php(246): include('C:\\lara\\www\\ibl...')
#2 C:\lara\www\iblogg\system\Common.php(1087): CodeIgniter\View\View->render('admin/newpost', Array, true)
#3 C:\lara\www\iblogg\app\Controllers\Template\View.php(107): view('admin/newpost', Array)
#4 C:\lara\www\iblogg\app\Controllers\Template\View.php(97): App\Controllers\Template\View->returnView('admin', 'newpost', Array)
#5 C:\lara\www\iblogg\app\Controllers\Template\View.php(44): App\Controllers\Template\View->adminHandlePost(Array)
#6 C:\lara\www\iblogg\system\CodeIgniter.php(914): App\Controllers\Template\View->view('admin')
#7 C:\lara\www\iblogg\system\CodeIgniter.php(400): CodeIgniter\CodeIgniter->runController(Object(App\Controllers\Template\View))
#8 C:\lara\www\iblogg\system\CodeIgniter.php(308): CodeIgniter\CodeIgniter->handleRequest(NULL, Object(Config\Cache), false)
#9 C:\lara\www\iblogg\public\index.php(45): CodeIgniter\CodeIgniter->run()
#10 C:\lara\www\iblogg\system\Commands\Server\rewrite.php(34): require_once('C:\\lara\\www\\ibl...')
#11 {main}
CRITICAL - 2020-09-14 06:06:34 --> Undefined variable: msg
#0 C:\lara\www\iblogg\app\Views\test.php(1): CodeIgniter\Debug\Exceptions->errorHandler(8, 'Undefined varia...', 'C:\\lara\\www\\ibl...', 1, Array)
#1 C:\lara\www\iblogg\system\View\View.php(246): include('C:\\lara\\www\\ibl...')
#2 C:\lara\www\iblogg\system\View\View.php(525): CodeIgniter\View\View->render('test', Array, true)
#3 C:\lara\www\iblogg\app\Views\admin\newpost.php(32): CodeIgniter\View\View->include('test', Array)
#4 C:\lara\www\iblogg\system\View\View.php(246): include('C:\\lara\\www\\ibl...')
#5 C:\lara\www\iblogg\system\Common.php(1087): CodeIgniter\View\View->render('admin/newpost', Array, true)
#6 C:\lara\www\iblogg\app\Controllers\Template\View.php(108): view('admin/newpost', Array)
#7 C:\lara\www\iblogg\app\Controllers\Template\View.php(98): App\Controllers\Template\View->returnView('admin', 'newpost', Array)
#8 C:\lara\www\iblogg\app\Controllers\Template\View.php(45): App\Controllers\Template\View->adminHandlePost(Array)
#9 C:\lara\www\iblogg\system\CodeIgniter.php(914): App\Controllers\Template\View->view('admin')
#10 C:\lara\www\iblogg\system\CodeIgniter.php(400): CodeIgniter\CodeIgniter->runController(Object(App\Controllers\Template\View))
#11 C:\lara\www\iblogg\system\CodeIgniter.php(308): CodeIgniter\CodeIgniter->handleRequest(NULL, Object(Config\Cache), false)
#12 C:\lara\www\iblogg\public\index.php(45): CodeIgniter\CodeIgniter->run()
#13 C:\lara\www\iblogg\system\Commands\Server\rewrite.php(34): require_once('C:\\lara\\www\\ibl...')
#14 {main}
CRITICAL - 2020-09-14 06:08:09 --> Undefined variable: msg
#0 C:\lara\www\iblogg\app\Views\test.php(1): CodeIgniter\Debug\Exceptions->errorHandler(8, 'Undefined varia...', 'C:\\lara\\www\\ibl...', 1, Array)
#1 C:\lara\www\iblogg\system\View\View.php(246): include('C:\\lara\\www\\ibl...')
#2 C:\lara\www\iblogg\system\View\View.php(525): CodeIgniter\View\View->render('test', Array, true)
#3 C:\lara\www\iblogg\app\Views\admin\newpost.php(36): CodeIgniter\View\View->include('test', Array)
#4 C:\lara\www\iblogg\system\View\View.php(246): include('C:\\lara\\www\\ibl...')
#5 C:\lara\www\iblogg\system\Common.php(1087): CodeIgniter\View\View->render('admin/newpost', Array, true)
#6 C:\lara\www\iblogg\app\Controllers\Template\View.php(108): view('admin/newpost', Array)
#7 C:\lara\www\iblogg\app\Controllers\Template\View.php(98): App\Controllers\Template\View->returnView('admin', 'newpost', Array)
#8 C:\lara\www\iblogg\app\Controllers\Template\View.php(45): App\Controllers\Template\View->adminHandlePost(Array)
#9 C:\lara\www\iblogg\system\CodeIgniter.php(914): App\Controllers\Template\View->view('admin')
#10 C:\lara\www\iblogg\system\CodeIgniter.php(400): CodeIgniter\CodeIgniter->runController(Object(App\Controllers\Template\View))
#11 C:\lara\www\iblogg\system\CodeIgniter.php(308): CodeIgniter\CodeIgniter->handleRequest(NULL, Object(Config\Cache), false)
#12 C:\lara\www\iblogg\public\index.php(45): CodeIgniter\CodeIgniter->run()
#13 C:\lara\www\iblogg\system\Commands\Server\rewrite.php(34): require_once('C:\\lara\\www\\ibl...')
#14 {main}
CRITICAL - 2020-09-14 06:08:33 --> Argument 2 passed to CodeIgniter\View\View::include() must be of the type array or null, string given, called in C:\lara\www\iblogg\app\Views\admin\newpost.php on line 36
#0 C:\lara\www\iblogg\app\Views\admin\newpost.php(36): CodeIgniter\View\View->include('test', 'hyy')
#1 C:\lara\www\iblogg\system\View\View.php(246): include('C:\\lara\\www\\ibl...')
#2 C:\lara\www\iblogg\system\Common.php(1087): CodeIgniter\View\View->render('admin/newpost', Array, true)
#3 C:\lara\www\iblogg\app\Controllers\Template\View.php(108): view('admin/newpost', Array)
#4 C:\lara\www\iblogg\app\Controllers\Template\View.php(98): App\Controllers\Template\View->returnView('admin', 'newpost', Array)
#5 C:\lara\www\iblogg\app\Controllers\Template\View.php(45): App\Controllers\Template\View->adminHandlePost(Array)
#6 C:\lara\www\iblogg\system\CodeIgniter.php(914): App\Controllers\Template\View->view('admin')
#7 C:\lara\www\iblogg\system\CodeIgniter.php(400): CodeIgniter\CodeIgniter->runController(Object(App\Controllers\Template\View))
#8 C:\lara\www\iblogg\system\CodeIgniter.php(308): CodeIgniter\CodeIgniter->handleRequest(NULL, Object(Config\Cache), false)
#9 C:\lara\www\iblogg\public\index.php(45): CodeIgniter\CodeIgniter->run()
#10 C:\lara\www\iblogg\system\Commands\Server\rewrite.php(34): require_once('C:\\lara\\www\\ibl...')
#11 {main}
CRITICAL - 2020-09-14 06:10:22 --> Undefined variable: msg
#0 C:\lara\www\iblogg\app\Views\test.php(1): CodeIgniter\Debug\Exceptions->errorHandler(8, 'Undefined varia...', 'C:\\lara\\www\\ibl...', 1, Array)
#1 C:\lara\www\iblogg\system\View\View.php(246): include('C:\\lara\\www\\ibl...')
#2 C:\lara\www\iblogg\system\View\View.php(525): CodeIgniter\View\View->render('test', Array, true)
#3 C:\lara\www\iblogg\app\Views\admin\newpost.php(36): CodeIgniter\View\View->include('test', Array)
#4 C:\lara\www\iblogg\system\View\View.php(246): include('C:\\lara\\www\\ibl...')
#5 C:\lara\www\iblogg\system\Common.php(1087): CodeIgniter\View\View->render('admin/newpost', Array, true)
#6 C:\lara\www\iblogg\app\Controllers\Template\View.php(108): view('admin/newpost', Array)
#7 C:\lara\www\iblogg\app\Controllers\Template\View.php(98): App\Controllers\Template\View->returnView('admin', 'newpost', Array)
#8 C:\lara\www\iblogg\app\Controllers\Template\View.php(45): App\Controllers\Template\View->adminHandlePost(Array)
#9 C:\lara\www\iblogg\system\CodeIgniter.php(914): App\Controllers\Template\View->view('admin')
#10 C:\lara\www\iblogg\system\CodeIgniter.php(400): CodeIgniter\CodeIgniter->runController(Object(App\Controllers\Template\View))
#11 C:\lara\www\iblogg\system\CodeIgniter.php(308): CodeIgniter\CodeIgniter->handleRequest(NULL, Object(Config\Cache), false)
#12 C:\lara\www\iblogg\public\index.php(45): CodeIgniter\CodeIgniter->run()
#13 C:\lara\www\iblogg\system\Commands\Server\rewrite.php(34): require_once('C:\\lara\\www\\ibl...')
#14 {main}
CRITICAL - 2020-09-14 06:12:20 --> Undefined variable: msg
#0 C:\lara\www\iblogg\app\Views\test.php(1): CodeIgniter\Debug\Exceptions->errorHandler(8, 'Undefined varia...', 'C:\\lara\\www\\ibl...', 1, Array)
#1 C:\lara\www\iblogg\system\View\View.php(246): include('C:\\lara\\www\\ibl...')
#2 C:\lara\www\iblogg\system\View\View.php(525): CodeIgniter\View\View->render('test', Array, true)
#3 C:\lara\www\iblogg\app\Views\admin\newpost.php(36): CodeIgniter\View\View->include('test', Array)
#4 C:\lara\www\iblogg\system\View\View.php(246): include('C:\\lara\\www\\ibl...')
#5 C:\lara\www\iblogg\system\Common.php(1087): CodeIgniter\View\View->render('admin/newpost', Array, true)
#6 C:\lara\www\iblogg\app\Controllers\Template\View.php(108): view('admin/newpost', Array)
#7 C:\lara\www\iblogg\app\Controllers\Template\View.php(98): App\Controllers\Template\View->returnView('admin', 'newpost', Array)
#8 C:\lara\www\iblogg\app\Controllers\Template\View.php(45): App\Controllers\Template\View->adminHandlePost(Array)
#9 C:\lara\www\iblogg\system\CodeIgniter.php(914): App\Controllers\Template\View->view('admin')
#10 C:\lara\www\iblogg\system\CodeIgniter.php(400): CodeIgniter\CodeIgniter->runController(Object(App\Controllers\Template\View))
#11 C:\lara\www\iblogg\system\CodeIgniter.php(308): CodeIgniter\CodeIgniter->handleRequest(NULL, Object(Config\Cache), false)
#12 C:\lara\www\iblogg\public\index.php(45): CodeIgniter\CodeIgniter->run()
#13 C:\lara\www\iblogg\system\Commands\Server\rewrite.php(34): require_once('C:\\lara\\www\\ibl...')
#14 {main}
CRITICAL - 2020-09-14 06:15:48 --> Call to undefined method CodeIgniter\View\View::view()
#0 C:\lara\www\iblogg\system\View\View.php(246): include()
#1 C:\lara\www\iblogg\system\Common.php(1087): CodeIgniter\View\View->render('admin/newpost', Array, true)
#2 C:\lara\www\iblogg\app\Controllers\Template\View.php(108): view('admin/newpost', Array)
#3 C:\lara\www\iblogg\app\Controllers\Template\View.php(98): App\Controllers\Template\View->returnView('admin', 'newpost', Array)
#4 C:\lara\www\iblogg\app\Controllers\Template\View.php(45): App\Controllers\Template\View->adminHandlePost(Array)
#5 C:\lara\www\iblogg\system\CodeIgniter.php(914): App\Controllers\Template\View->view('admin')
#6 C:\lara\www\iblogg\system\CodeIgniter.php(400): CodeIgniter\CodeIgniter->runController(Object(App\Controllers\Template\View))
#7 C:\lara\www\iblogg\system\CodeIgniter.php(308): CodeIgniter\CodeIgniter->handleRequest(NULL, Object(Config\Cache), false)
#8 C:\lara\www\iblogg\public\index.php(45): CodeIgniter\CodeIgniter->run()
#9 C:\lara\www\iblogg\system\Commands\Server\rewrite.php(34): require_once('C:\\lara\\www\\ibl...')
#10 {main}
CRITICAL - 2020-09-14 06:16:03 --> Function name must be a string
#0 C:\lara\www\iblogg\system\View\View.php(246): include()
#1 C:\lara\www\iblogg\system\Common.php(1087): CodeIgniter\View\View->render('admin/newpost', Array, true)
#2 C:\lara\www\iblogg\app\Controllers\Template\View.php(108): view('admin/newpost', Array)
#3 C:\lara\www\iblogg\app\Controllers\Template\View.php(98): App\Controllers\Template\View->returnView('admin', 'newpost', Array)
#4 C:\lara\www\iblogg\app\Controllers\Template\View.php(45): App\Controllers\Template\View->adminHandlePost(Array)
#5 C:\lara\www\iblogg\system\CodeIgniter.php(914): App\Controllers\Template\View->view('admin')
#6 C:\lara\www\iblogg\system\CodeIgniter.php(400): CodeIgniter\CodeIgniter->runController(Object(App\Controllers\Template\View))
#7 C:\lara\www\iblogg\system\CodeIgniter.php(308): CodeIgniter\CodeIgniter->handleRequest(NULL, Object(Config\Cache), false)
#8 C:\lara\www\iblogg\public\index.php(45): CodeIgniter\CodeIgniter->run()
#9 C:\lara\www\iblogg\system\Commands\Server\rewrite.php(34): require_once('C:\\lara\\www\\ibl...')
#10 {main}
CRITICAL - 2020-09-14 06:20:32 --> Undefined variable: link
#0 C:\lara\www\iblogg\app\Views\admin\newpost.php(36): CodeIgniter\Debug\Exceptions->errorHandler(8, 'Undefined varia...', 'C:\\lara\\www\\ibl...', 36, Array)
#1 C:\lara\www\iblogg\system\View\View.php(246): include('C:\\lara\\www\\ibl...')
#2 C:\lara\www\iblogg\system\Common.php(1087): CodeIgniter\View\View->render('admin/newpost', Array, true)
#3 C:\lara\www\iblogg\app\Controllers\Template\View.php(108): view('admin/newpost', Array)
#4 C:\lara\www\iblogg\app\Controllers\Template\View.php(98): App\Controllers\Template\View->returnView('admin', 'newpost', Array)
#5 C:\lara\www\iblogg\app\Controllers\Template\View.php(45): App\Controllers\Template\View->adminHandlePost(Array)
#6 C:\lara\www\iblogg\system\CodeIgniter.php(914): App\Controllers\Template\View->view('admin')
#7 C:\lara\www\iblogg\system\CodeIgniter.php(400): CodeIgniter\CodeIgniter->runController(Object(App\Controllers\Template\View))
#8 C:\lara\www\iblogg\system\CodeIgniter.php(308): CodeIgniter\CodeIgniter->handleRequest(NULL, Object(Config\Cache), false)
#9 C:\lara\www\iblogg\public\index.php(45): CodeIgniter\CodeIgniter->run()
#10 C:\lara\www\iblogg\system\Commands\Server\rewrite.php(34): require_once('C:\\lara\\www\\ibl...')
#11 {main}
CRITICAL - 2020-09-14 06:21:47 --> Return value of CodeIgniter\View\Cell::render() must be of the type string, null returned
#0 C:\lara\www\iblogg\system\Common.php(1108): CodeIgniter\View\Cell->render('\\App\\Libraries\\...', Array, 0, 'AppLibrariesHel...')
#1 C:\lara\www\iblogg\app\Views\admin\newpost.php(36): view_cell('\\App\\Libraries\\...', Array)
#2 C:\lara\www\iblogg\system\View\View.php(246): include('C:\\lara\\www\\ibl...')
#3 C:\lara\www\iblogg\system\Common.php(1087): CodeIgniter\View\View->render('admin/newpost', Array, true)
#4 C:\lara\www\iblogg\app\Controllers\Template\View.php(108): view('admin/newpost', Array)
#5 C:\lara\www\iblogg\app\Controllers\Template\View.php(98): App\Controllers\Template\View->returnView('admin', 'newpost', Array)
#6 C:\lara\www\iblogg\app\Controllers\Template\View.php(45): App\Controllers\Template\View->adminHandlePost(Array)
#7 C:\lara\www\iblogg\system\CodeIgniter.php(914): App\Controllers\Template\View->view('admin')
#8 C:\lara\www\iblogg\system\CodeIgniter.php(400): CodeIgniter\CodeIgniter->runController(Object(App\Controllers\Template\View))
#9 C:\lara\www\iblogg\system\CodeIgniter.php(308): CodeIgniter\CodeIgniter->handleRequest(NULL, Object(Config\Cache), false)
#10 C:\lara\www\iblogg\public\index.php(45): CodeIgniter\CodeIgniter->run()
#11 C:\lara\www\iblogg\system\Commands\Server\rewrite.php(34): require_once('C:\\lara\\www\\ibl...')
#12 {main}
CRITICAL - 2020-09-14 06:22:55 --> Return value of CodeIgniter\View\Cell::render() must be of the type string, null returned
#0 C:\lara\www\iblogg\system\Common.php(1108): CodeIgniter\View\Cell->render('\\App\\Libraries\\...', Array, 0, 'AppLibrariesHel...')
#1 C:\lara\www\iblogg\app\Views\admin\newpost.php(36): view_cell('\\App\\Libraries\\...', Array)
#2 C:\lara\www\iblogg\system\View\View.php(246): include('C:\\lara\\www\\ibl...')
#3 C:\lara\www\iblogg\system\Common.php(1087): CodeIgniter\View\View->render('admin/newpost', Array, true)
#4 C:\lara\www\iblogg\app\Controllers\Template\View.php(108): view('admin/newpost', Array)
#5 C:\lara\www\iblogg\app\Controllers\Template\View.php(98): App\Controllers\Template\View->returnView('admin', 'newpost', Array)
#6 C:\lara\www\iblogg\app\Controllers\Template\View.php(45): App\Controllers\Template\View->adminHandlePost(Array)
#7 C:\lara\www\iblogg\system\CodeIgniter.php(914): App\Controllers\Template\View->view('admin')
#8 C:\lara\www\iblogg\system\CodeIgniter.php(400): CodeIgniter\CodeIgniter->runController(Object(App\Controllers\Template\View))
#9 C:\lara\www\iblogg\system\CodeIgniter.php(308): CodeIgniter\CodeIgniter->handleRequest(NULL, Object(Config\Cache), false)
#10 C:\lara\www\iblogg\public\index.php(45): CodeIgniter\CodeIgniter->run()
#11 C:\lara\www\iblogg\system\Commands\Server\rewrite.php(34): require_once('C:\\lara\\www\\ibl...')
#12 {main}
CRITICAL - 2020-09-14 06:23:27 --> Return value of CodeIgniter\View\Cell::render() must be of the type string, null returned
#0 C:\lara\www\iblogg\system\Common.php(1108): CodeIgniter\View\Cell->render('\\App\\Libraries\\...', Array, 0, 'AppLibrariesHel...')
#1 C:\lara\www\iblogg\app\Views\admin\newpost.php(35): view_cell('\\App\\Libraries\\...', Array)
#2 C:\lara\www\iblogg\system\View\View.php(246): include('C:\\lara\\www\\ibl...')
#3 C:\lara\www\iblogg\system\Common.php(1087): CodeIgniter\View\View->render('admin/newpost', Array, true)
#4 C:\lara\www\iblogg\app\Controllers\Template\View.php(108): view('admin/newpost', Array)
#5 C:\lara\www\iblogg\app\Controllers\Template\View.php(98): App\Controllers\Template\View->returnView('admin', 'newpost', Array)
#6 C:\lara\www\iblogg\app\Controllers\Template\View.php(45): App\Controllers\Template\View->adminHandlePost(Array)
#7 C:\lara\www\iblogg\system\CodeIgniter.php(914): App\Controllers\Template\View->view('admin')
#8 C:\lara\www\iblogg\system\CodeIgniter.php(400): CodeIgniter\CodeIgniter->runController(Object(App\Controllers\Template\View))
#9 C:\lara\www\iblogg\system\CodeIgniter.php(308): CodeIgniter\CodeIgniter->handleRequest(NULL, Object(Config\Cache), false)
#10 C:\lara\www\iblogg\public\index.php(45): CodeIgniter\CodeIgniter->run()
#11 C:\lara\www\iblogg\system\Commands\Server\rewrite.php(34): require_once('C:\\lara\\www\\ibl...')
#12 {main}
CRITICAL - 2020-09-14 06:24:27 --> syntax error, unexpected '';              ' (T_ENCAPSED_AND_WHITESPACE)
#0 C:\lara\www\iblogg\system\Autoloader\Autoloader.php(296): CodeIgniter\Autoloader\Autoloader->requireFile('C:\\lara\\www\\ibl...')
#1 C:\lara\www\iblogg\system\Autoloader\Autoloader.php(258): CodeIgniter\Autoloader\Autoloader->loadInNamespace('App\\Libraries\\H...')
#2 [internal function]: CodeIgniter\Autoloader\Autoloader->loadClass('App\\Libraries\\H...')
#3 [internal function]: spl_autoload_call('App\\Libraries\\H...')
#4 C:\lara\www\iblogg\system\View\Cell.php(266): class_exists('\\App\\Libraries\\...', true)
#5 C:\lara\www\iblogg\system\View\Cell.php(110): CodeIgniter\View\Cell->determineClass('\\App\\Libraries\\...')
#6 C:\lara\www\iblogg\system\Common.php(1108): CodeIgniter\View\Cell->render('\\App\\Libraries\\...', Array, 0, NULL)
#7 C:\lara\www\iblogg\app\Views\admin\newpost.php(35): view_cell('\\App\\Libraries\\...', Array)
#8 C:\lara\www\iblogg\system\View\View.php(246): include('C:\\lara\\www\\ibl...')
#9 C:\lara\www\iblogg\system\Common.php(1087): CodeIgniter\View\View->render('admin/newpost', Array, true)
#10 C:\lara\www\iblogg\app\Controllers\Template\View.php(108): view('admin/newpost', Array)
#11 C:\lara\www\iblogg\app\Controllers\Template\View.php(98): App\Controllers\Template\View->returnView('admin', 'newpost', Array)
#12 C:\lara\www\iblogg\app\Controllers\Template\View.php(45): App\Controllers\Template\View->adminHandlePost(Array)
#13 C:\lara\www\iblogg\system\CodeIgniter.php(914): App\Controllers\Template\View->view('admin')
#14 C:\lara\www\iblogg\system\CodeIgniter.php(400): CodeIgniter\CodeIgniter->runController(Object(App\Controllers\Template\View))
#15 C:\lara\www\iblogg\system\CodeIgniter.php(308): CodeIgniter\CodeIgniter->handleRequest(NULL, Object(Config\Cache), false)
#16 C:\lara\www\iblogg\public\index.php(45): CodeIgniter\CodeIgniter->run()
#17 C:\lara\www\iblogg\system\Commands\Server\rewrite.php(34): require_once('C:\\lara\\www\\ibl...')
#18 {main}
CRITICAL - 2020-09-14 06:24:35 --> Return value of CodeIgniter\View\Cell::render() must be of the type string, null returned
#0 C:\lara\www\iblogg\system\Common.php(1108): CodeIgniter\View\Cell->render('\\App\\Libraries\\...', Array, 0, 'AppLibrariesHel...')
#1 C:\lara\www\iblogg\app\Views\admin\newpost.php(35): view_cell('\\App\\Libraries\\...', Array)
#2 C:\lara\www\iblogg\system\View\View.php(246): include('C:\\lara\\www\\ibl...')
#3 C:\lara\www\iblogg\system\Common.php(1087): CodeIgniter\View\View->render('admin/newpost', Array, true)
#4 C:\lara\www\iblogg\app\Controllers\Template\View.php(108): view('admin/newpost', Array)
#5 C:\lara\www\iblogg\app\Controllers\Template\View.php(98): App\Controllers\Template\View->returnView('admin', 'newpost', Array)
#6 C:\lara\www\iblogg\app\Controllers\Template\View.php(45): App\Controllers\Template\View->adminHandlePost(Array)
#7 C:\lara\www\iblogg\system\CodeIgniter.php(914): App\Controllers\Template\View->view('admin')
#8 C:\lara\www\iblogg\system\CodeIgniter.php(400): CodeIgniter\CodeIgniter->runController(Object(App\Controllers\Template\View))
#9 C:\lara\www\iblogg\system\CodeIgniter.php(308): CodeIgniter\CodeIgniter->handleRequest(NULL, Object(Config\Cache), false)
#10 C:\lara\www\iblogg\public\index.php(45): CodeIgniter\CodeIgniter->run()
#11 C:\lara\www\iblogg\system\Commands\Server\rewrite.php(34): require_once('C:\\lara\\www\\ibl...')
#12 {main}
CRITICAL - 2020-09-14 06:26:49 --> syntax error, unexpected end of file
#0 C:\lara\www\iblogg\system\Autoloader\Autoloader.php(296): CodeIgniter\Autoloader\Autoloader->requireFile('C:\\lara\\www\\ibl...')
#1 C:\lara\www\iblogg\system\Autoloader\Autoloader.php(258): CodeIgniter\Autoloader\Autoloader->loadInNamespace('App\\Libraries\\H...')
#2 [internal function]: CodeIgniter\Autoloader\Autoloader->loadClass('App\\Libraries\\H...')
#3 [internal function]: spl_autoload_call('App\\Libraries\\H...')
#4 C:\lara\www\iblogg\system\View\Cell.php(266): class_exists('\\App\\Libraries\\...', true)
#5 C:\lara\www\iblogg\system\View\Cell.php(110): CodeIgniter\View\Cell->determineClass('\\App\\Libraries\\...')
#6 C:\lara\www\iblogg\system\Common.php(1108): CodeIgniter\View\Cell->render('\\App\\Libraries\\...', Array, 0, NULL)
#7 C:\lara\www\iblogg\app\Views\admin\newpost.php(35): view_cell('\\App\\Libraries\\...', Array)
#8 C:\lara\www\iblogg\system\View\View.php(246): include('C:\\lara\\www\\ibl...')
#9 C:\lara\www\iblogg\system\Common.php(1087): CodeIgniter\View\View->render('admin/newpost', Array, true)
#10 C:\lara\www\iblogg\app\Controllers\Template\View.php(108): view('admin/newpost', Array)
#11 C:\lara\www\iblogg\app\Controllers\Template\View.php(98): App\Controllers\Template\View->returnView('admin', 'newpost', Array)
#12 C:\lara\www\iblogg\app\Controllers\Template\View.php(45): App\Controllers\Template\View->adminHandlePost(Array)
#13 C:\lara\www\iblogg\system\CodeIgniter.php(914): App\Controllers\Template\View->view('admin')
#14 C:\lara\www\iblogg\system\CodeIgniter.php(400): CodeIgniter\CodeIgniter->runController(Object(App\Controllers\Template\View))
#15 C:\lara\www\iblogg\system\CodeIgniter.php(308): CodeIgniter\CodeIgniter->handleRequest(NULL, Object(Config\Cache), false)
#16 C:\lara\www\iblogg\public\index.php(45): CodeIgniter\CodeIgniter->run()
#17 C:\lara\www\iblogg\system\Commands\Server\rewrite.php(34): require_once('C:\\lara\\www\\ibl...')
#18 {main}
CRITICAL - 2020-09-14 06:28:49 --> isEdit is not a valid param name.
#0 C:\lara\www\iblogg\system\View\Cell.php(176): CodeIgniter\View\Exceptions\ViewException::forInvalidCellParameter('isEdit')
#1 C:\lara\www\iblogg\system\Common.php(1108): CodeIgniter\View\Cell->render('\\App\\Libraries\\...', Array, 0, 'AppLibrariesHel...')
#2 C:\lara\www\iblogg\app\Views\admin\newpost.php(35): view_cell('\\App\\Libraries\\...', Array)
#3 C:\lara\www\iblogg\system\View\View.php(246): include('C:\\lara\\www\\ibl...')
#4 C:\lara\www\iblogg\system\Common.php(1087): CodeIgniter\View\View->render('admin/newpost', Array, true)
#5 C:\lara\www\iblogg\app\Controllers\Template\View.php(108): view('admin/newpost', Array)
#6 C:\lara\www\iblogg\app\Controllers\Template\View.php(98): App\Controllers\Template\View->returnView('admin', 'newpost', Array)
#7 C:\lara\www\iblogg\app\Controllers\Template\View.php(45): App\Controllers\Template\View->adminHandlePost(Array)
#8 C:\lara\www\iblogg\system\CodeIgniter.php(914): App\Controllers\Template\View->view('admin')
#9 C:\lara\www\iblogg\system\CodeIgniter.php(400): CodeIgniter\CodeIgniter->runController(Object(App\Controllers\Template\View))
#10 C:\lara\www\iblogg\system\CodeIgniter.php(308): CodeIgniter\CodeIgniter->handleRequest(NULL, Object(Config\Cache), false)
#11 C:\lara\www\iblogg\public\index.php(45): CodeIgniter\CodeIgniter->run()
#12 C:\lara\www\iblogg\system\Commands\Server\rewrite.php(34): require_once('C:\\lara\\www\\ibl...')
#13 {main}
CRITICAL - 2020-09-14 06:29:17 --> Return value of CodeIgniter\View\Cell::render() must be of the type string, null returned
#0 C:\lara\www\iblogg\system\Common.php(1108): CodeIgniter\View\Cell->render('\\App\\Libraries\\...', Array, 0, 'AppLibrariesHel...')
#1 C:\lara\www\iblogg\app\Views\admin\newpost.php(35): view_cell('\\App\\Libraries\\...', Array)
#2 C:\lara\www\iblogg\system\View\View.php(246): include('C:\\lara\\www\\ibl...')
#3 C:\lara\www\iblogg\system\Common.php(1087): CodeIgniter\View\View->render('admin/newpost', Array, true)
#4 C:\lara\www\iblogg\app\Controllers\Template\View.php(108): view('admin/newpost', Array)
#5 C:\lara\www\iblogg\app\Controllers\Template\View.php(98): App\Controllers\Template\View->returnView('admin', 'newpost', Array)
#6 C:\lara\www\iblogg\app\Controllers\Template\View.php(45): App\Controllers\Template\View->adminHandlePost(Array)
#7 C:\lara\www\iblogg\system\CodeIgniter.php(914): App\Controllers\Template\View->view('admin')
#8 C:\lara\www\iblogg\system\CodeIgniter.php(400): CodeIgniter\CodeIgniter->runController(Object(App\Controllers\Template\View))
#9 C:\lara\www\iblogg\system\CodeIgniter.php(308): CodeIgniter\CodeIgniter->handleRequest(NULL, Object(Config\Cache), false)
#10 C:\lara\www\iblogg\public\index.php(45): CodeIgniter\CodeIgniter->run()
#11 C:\lara\www\iblogg\system\Commands\Server\rewrite.php(34): require_once('C:\\lara\\www\\ibl...')
#12 {main}
CRITICAL - 2020-09-14 06:34:51 --> Return value of CodeIgniter\View\Cell::render() must be of the type string, null returned
#0 C:\lara\www\iblogg\system\Common.php(1108): CodeIgniter\View\Cell->render('\\App\\Libraries\\...', Array, 0, 'AppLibrariesHel...')
#1 C:\lara\www\iblogg\app\Views\admin\newpost.php(35): view_cell('\\App\\Libraries\\...', Array)
#2 C:\lara\www\iblogg\system\View\View.php(246): include('C:\\lara\\www\\ibl...')
#3 C:\lara\www\iblogg\system\Common.php(1087): CodeIgniter\View\View->render('admin/newpost', Array, true)
#4 C:\lara\www\iblogg\app\Controllers\Template\View.php(108): view('admin/newpost', Array)
#5 C:\lara\www\iblogg\app\Controllers\Template\View.php(98): App\Controllers\Template\View->returnView('admin', 'newpost', Array)
#6 C:\lara\www\iblogg\app\Controllers\Template\View.php(45): App\Controllers\Template\View->adminHandlePost(Array)
#7 C:\lara\www\iblogg\system\CodeIgniter.php(914): App\Controllers\Template\View->view('admin')
#8 C:\lara\www\iblogg\system\CodeIgniter.php(400): CodeIgniter\CodeIgniter->runController(Object(App\Controllers\Template\View))
#9 C:\lara\www\iblogg\system\CodeIgniter.php(308): CodeIgniter\CodeIgniter->handleRequest(NULL, Object(Config\Cache), false)
#10 C:\lara\www\iblogg\public\index.php(45): CodeIgniter\CodeIgniter->run()
#11 C:\lara\www\iblogg\system\Commands\Server\rewrite.php(34): require_once('C:\\lara\\www\\ibl...')
#12 {main}
CRITICAL - 2020-09-14 06:48:25 --> syntax error, unexpected '' (T_ENCAPSED_AND_WHITESPACE), expecting '-' or identifier (T_STRING) or variable (T_VARIABLE) or number (T_NUM_STRING)
#0 C:\lara\www\iblogg\system\Autoloader\Autoloader.php(296): CodeIgniter\Autoloader\Autoloader->requireFile('C:\\lara\\www\\ibl...')
#1 C:\lara\www\iblogg\system\Autoloader\Autoloader.php(258): CodeIgniter\Autoloader\Autoloader->loadInNamespace('App\\Libraries\\H...')
#2 [internal function]: CodeIgniter\Autoloader\Autoloader->loadClass('App\\Libraries\\H...')
#3 [internal function]: spl_autoload_call('App\\Libraries\\H...')
#4 C:\lara\www\iblogg\system\View\Cell.php(266): class_exists('\\App\\Libraries\\...', true)
#5 C:\lara\www\iblogg\system\View\Cell.php(110): CodeIgniter\View\Cell->determineClass('\\App\\Libraries\\...')
#6 C:\lara\www\iblogg\system\Common.php(1108): CodeIgniter\View\Cell->render('\\App\\Libraries\\...', Array, 0, NULL)
#7 C:\lara\www\iblogg\app\Views\admin\newpost.php(35): view_cell('\\App\\Libraries\\...', Array)
#8 C:\lara\www\iblogg\system\View\View.php(246): include('C:\\lara\\www\\ibl...')
#9 C:\lara\www\iblogg\system\Common.php(1087): CodeIgniter\View\View->render('admin/newpost', Array, true)
#10 C:\lara\www\iblogg\app\Controllers\Template\View.php(108): view('admin/newpost', Array)
#11 C:\lara\www\iblogg\app\Controllers\Template\View.php(98): App\Controllers\Template\View->returnView('admin', 'newpost', Array)
#12 C:\lara\www\iblogg\app\Controllers\Template\View.php(45): App\Controllers\Template\View->adminHandlePost(Array)
#13 C:\lara\www\iblogg\system\CodeIgniter.php(914): App\Controllers\Template\View->view('admin')
#14 C:\lara\www\iblogg\system\CodeIgniter.php(400): CodeIgniter\CodeIgniter->runController(Object(App\Controllers\Template\View))
#15 C:\lara\www\iblogg\system\CodeIgniter.php(308): CodeIgniter\CodeIgniter->handleRequest(NULL, Object(Config\Cache), false)
#16 C:\lara\www\iblogg\public\index.php(45): CodeIgniter\CodeIgniter->run()
#17 C:\lara\www\iblogg\system\Commands\Server\rewrite.php(34): require_once('C:\\lara\\www\\ibl...')
#18 {main}
CRITICAL - 2020-09-14 07:03:01 --> Undefined variable: post
#0 C:\lara\www\iblogg\app\Views\admin\newpost.php(32): CodeIgniter\Debug\Exceptions->errorHandler(8, 'Undefined varia...', 'C:\\lara\\www\\ibl...', 32, Array)
#1 C:\lara\www\iblogg\system\View\View.php(246): include('C:\\lara\\www\\ibl...')
#2 C:\lara\www\iblogg\system\Common.php(1087): CodeIgniter\View\View->render('admin/newpost', Array, true)
#3 C:\lara\www\iblogg\app\Controllers\Template\View.php(108): view('admin/newpost', Array)
#4 C:\lara\www\iblogg\app\Controllers\Template\View.php(98): App\Controllers\Template\View->returnView('admin', 'newpost', Array)
#5 C:\lara\www\iblogg\app\Controllers\Template\View.php(45): App\Controllers\Template\View->adminHandlePost(Array)
#6 C:\lara\www\iblogg\system\CodeIgniter.php(914): App\Controllers\Template\View->view('admin')
#7 C:\lara\www\iblogg\system\CodeIgniter.php(400): CodeIgniter\CodeIgniter->runController(Object(App\Controllers\Template\View))
#8 C:\lara\www\iblogg\system\CodeIgniter.php(308): CodeIgniter\CodeIgniter->handleRequest(NULL, Object(Config\Cache), false)
#9 C:\lara\www\iblogg\public\index.php(45): CodeIgniter\CodeIgniter->run()
#10 C:\lara\www\iblogg\system\Commands\Server\rewrite.php(34): require_once('C:\\lara\\www\\ibl...')
#11 {main}
CRITICAL - 2020-09-14 07:07:09 --> Undefined variable: post_id
#0 C:\lara\www\iblogg\app\Views\admin\newpost.php(43): CodeIgniter\Debug\Exceptions->errorHandler(8, 'Undefined varia...', 'C:\\lara\\www\\ibl...', 43, Array)
#1 C:\lara\www\iblogg\system\View\View.php(246): include('C:\\lara\\www\\ibl...')
#2 C:\lara\www\iblogg\system\Common.php(1087): CodeIgniter\View\View->render('admin/newpost', Array, true)
#3 C:\lara\www\iblogg\app\Controllers\Template\View.php(108): view('admin/newpost', Array)
#4 C:\lara\www\iblogg\app\Controllers\Template\View.php(98): App\Controllers\Template\View->returnView('admin', 'newpost', Array)
#5 C:\lara\www\iblogg\app\Controllers\Template\View.php(45): App\Controllers\Template\View->adminHandlePost(Array)
#6 C:\lara\www\iblogg\system\CodeIgniter.php(914): App\Controllers\Template\View->view('admin')
#7 C:\lara\www\iblogg\system\CodeIgniter.php(400): CodeIgniter\CodeIgniter->runController(Object(App\Controllers\Template\View))
#8 C:\lara\www\iblogg\system\CodeIgniter.php(308): CodeIgniter\CodeIgniter->handleRequest(NULL, Object(Config\Cache), false)
#9 C:\lara\www\iblogg\public\index.php(45): CodeIgniter\CodeIgniter->run()
#10 C:\lara\www\iblogg\system\Commands\Server\rewrite.php(34): require_once('C:\\lara\\www\\ibl...')
#11 {main}
CRITICAL - 2020-09-14 07:24:40 --> There is no data to update.
#0 C:\lara\www\iblogg\system\Model.php(809): CodeIgniter\Database\Exceptions\DataException::forEmptyDataset('update')
#1 C:\lara\www\iblogg\app\Controllers\Api\Blog.php(48): CodeIgniter\Model->update(Array)
#2 C:\lara\www\iblogg\system\CodeIgniter.php(914): App\Controllers\Api\Blog->handlePost()
#3 C:\lara\www\iblogg\system\CodeIgniter.php(400): CodeIgniter\CodeIgniter->runController(Object(App\Controllers\Api\Blog))
#4 C:\lara\www\iblogg\system\CodeIgniter.php(308): CodeIgniter\CodeIgniter->handleRequest(NULL, Object(Config\Cache), false)
#5 C:\lara\www\iblogg\public\index.php(45): CodeIgniter\CodeIgniter->run()
#6 C:\lara\www\iblogg\system\Commands\Server\rewrite.php(34): require_once('C:\\lara\\www\\ibl...')
#7 {main}
CRITICAL - 2020-09-14 07:26:08 --> There is no data to update.
#0 C:\lara\www\iblogg\system\Model.php(809): CodeIgniter\Database\Exceptions\DataException::forEmptyDataset('update')
#1 C:\lara\www\iblogg\app\Controllers\Api\Blog.php(46): CodeIgniter\Model->update(Array)
#2 C:\lara\www\iblogg\system\CodeIgniter.php(914): App\Controllers\Api\Blog->handlePost()
#3 C:\lara\www\iblogg\system\CodeIgniter.php(400): CodeIgniter\CodeIgniter->runController(Object(App\Controllers\Api\Blog))
#4 C:\lara\www\iblogg\system\CodeIgniter.php(308): CodeIgniter\CodeIgniter->handleRequest(NULL, Object(Config\Cache), false)
#5 C:\lara\www\iblogg\public\index.php(45): CodeIgniter\CodeIgniter->run()
#6 C:\lara\www\iblogg\system\Commands\Server\rewrite.php(34): require_once('C:\\lara\\www\\ibl...')
#7 {main}
CRITICAL - 2020-09-14 07:26:37 --> There is no data to update.
#0 C:\lara\www\iblogg\system\Model.php(809): CodeIgniter\Database\Exceptions\DataException::forEmptyDataset('update')
#1 C:\lara\www\iblogg\app\Controllers\Api\Blog.php(47): CodeIgniter\Model->update(Array)
#2 C:\lara\www\iblogg\system\CodeIgniter.php(914): App\Controllers\Api\Blog->handlePost()
#3 C:\lara\www\iblogg\system\CodeIgniter.php(400): CodeIgniter\CodeIgniter->runController(Object(App\Controllers\Api\Blog))
#4 C:\lara\www\iblogg\system\CodeIgniter.php(308): CodeIgniter\CodeIgniter->handleRequest(NULL, Object(Config\Cache), false)
#5 C:\lara\www\iblogg\public\index.php(45): CodeIgniter\CodeIgniter->run()
#6 C:\lara\www\iblogg\system\Commands\Server\rewrite.php(34): require_once('C:\\lara\\www\\ibl...')
#7 {main}
CRITICAL - 2020-09-14 07:29:47 --> There is no data to update.
#0 C:\lara\www\iblogg\system\Model.php(809): CodeIgniter\Database\Exceptions\DataException::forEmptyDataset('update')
#1 C:\lara\www\iblogg\app\Controllers\Api\Blog.php(47): CodeIgniter\Model->update(Array)
#2 C:\lara\www\iblogg\system\CodeIgniter.php(914): App\Controllers\Api\Blog->handlePost()
#3 C:\lara\www\iblogg\system\CodeIgniter.php(400): CodeIgniter\CodeIgniter->runController(Object(App\Controllers\Api\Blog))
#4 C:\lara\www\iblogg\system\CodeIgniter.php(308): CodeIgniter\CodeIgniter->handleRequest(NULL, Object(Config\Cache), false)
#5 C:\lara\www\iblogg\public\index.php(45): CodeIgniter\CodeIgniter->run()
#6 C:\lara\www\iblogg\system\Commands\Server\rewrite.php(34): require_once('C:\\lara\\www\\ibl...')
#7 {main}
CRITICAL - 2020-09-14 07:32:08 --> There is no data to update.
#0 C:\lara\www\iblogg\system\Model.php(809): CodeIgniter\Database\Exceptions\DataException::forEmptyDataset('update')
#1 C:\lara\www\iblogg\app\Controllers\Api\Blog.php(49): CodeIgniter\Model->update(Array)
#2 C:\lara\www\iblogg\system\CodeIgniter.php(914): App\Controllers\Api\Blog->handlePost()
#3 C:\lara\www\iblogg\system\CodeIgniter.php(400): CodeIgniter\CodeIgniter->runController(Object(App\Controllers\Api\Blog))
#4 C:\lara\www\iblogg\system\CodeIgniter.php(308): CodeIgniter\CodeIgniter->handleRequest(NULL, Object(Config\Cache), false)
#5 C:\lara\www\iblogg\public\index.php(45): CodeIgniter\CodeIgniter->run()
#6 C:\lara\www\iblogg\system\Commands\Server\rewrite.php(34): require_once('C:\\lara\\www\\ibl...')
#7 {main}
CRITICAL - 2020-09-14 20:45:11 --> Cannot access protected property CodeIgniter\HTTP\Files\UploadedFile::$name
#0 C:\lara\www\iblogg\app\Controllers\Api\Blog.php(16): App\Controllers\Api\Blog->handlePost(Object(CodeIgniter\HTTP\IncomingRequest), NULL, NULL)
#1 C:\lara\www\iblogg\system\CodeIgniter.php(914): App\Controllers\Api\Blog->posts()
#2 C:\lara\www\iblogg\system\CodeIgniter.php(400): CodeIgniter\CodeIgniter->runController(Object(App\Controllers\Api\Blog))
#3 C:\lara\www\iblogg\system\CodeIgniter.php(308): CodeIgniter\CodeIgniter->handleRequest(NULL, Object(Config\Cache), false)
#4 C:\lara\www\iblogg\public\index.php(45): CodeIgniter\CodeIgniter->run()
#5 C:\lara\www\iblogg\system\Commands\Server\rewrite.php(34): require_once('C:\\lara\\www\\ibl...')
#6 {main}
