CRITICAL - 2020-09-15 01:21:51 --> No connection could be made because the target machine actively refused it.

#0 C:\lara\www\iblogg\system\Database\BaseConnection.php(377): CodeIgniter\Database\MySQLi\Connection->connect(false)
#1 C:\lara\www\iblogg\system\Database\BaseConnection.php(643): CodeIgniter\Database\BaseConnection->initialize()
#2 C:\lara\www\iblogg\system\Database\BaseBuilder.php(1845): CodeIgniter\Database\BaseConnection->query('SELECT *\nFROM `...', Array, false)
#3 C:\lara\www\iblogg\system\Model.php(445): CodeIgniter\Database\BaseBuilder->get()
#4 C:\lara\www\iblogg\app\Controllers\Template\View.php(60): CodeIgniter\Model->findAll(3, 0)
#5 C:\lara\www\iblogg\app\Controllers\Template\View.php(22): App\Controllers\Template\View->userIndex(3, 0, '0')
#6 C:\lara\www\iblogg\system\CodeIgniter.php(914): App\Controllers\Template\View->view('user')
#7 C:\lara\www\iblogg\system\CodeIgniter.php(400): CodeIgniter\CodeIgniter->runController(Object(App\Controllers\Template\View))
#8 C:\lara\www\iblogg\system\CodeIgniter.php(308): CodeIgniter\CodeIgniter->handleRequest(NULL, Object(Config\Cache), false)
#9 C:\lara\www\iblogg\public\index.php(45): CodeIgniter\CodeIgniter->run()
#10 C:\lara\www\iblogg\system\Commands\Server\rewrite.php(34): require_once('C:\\lara\\www\\ibl...')
#11 {main}
CRITICAL - 2020-09-15 01:22:10 --> No connection could be made because the target machine actively refused it.

#0 C:\lara\www\iblogg\system\Database\BaseConnection.php(377): CodeIgniter\Database\MySQLi\Connection->connect(false)
#1 C:\lara\www\iblogg\system\Database\BaseConnection.php(643): CodeIgniter\Database\BaseConnection->initialize()
#2 C:\lara\www\iblogg\system\Database\BaseBuilder.php(1845): CodeIgniter\Database\BaseConnection->query('SELECT *\nFROM `...', Array, false)
#3 C:\lara\www\iblogg\system\Model.php(445): CodeIgniter\Database\BaseBuilder->get()
#4 C:\lara\www\iblogg\app\Controllers\Template\View.php(60): CodeIgniter\Model->findAll(3, 0)
#5 C:\lara\www\iblogg\app\Controllers\Template\View.php(22): App\Controllers\Template\View->userIndex(3, 0, '0')
#6 C:\lara\www\iblogg\system\CodeIgniter.php(914): App\Controllers\Template\View->view('user')
#7 C:\lara\www\iblogg\system\CodeIgniter.php(400): CodeIgniter\CodeIgniter->runController(Object(App\Controllers\Template\View))
#8 C:\lara\www\iblogg\system\CodeIgniter.php(308): CodeIgniter\CodeIgniter->handleRequest(NULL, Object(Config\Cache), false)
#9 C:\lara\www\iblogg\public\index.php(45): CodeIgniter\CodeIgniter->run()
#10 C:\lara\www\iblogg\system\Commands\Server\rewrite.php(34): require_once('C:\\lara\\www\\ibl...')
#11 {main}
CRITICAL - 2020-09-15 01:22:34 --> No connection could be made because the target machine actively refused it.

#0 C:\lara\www\iblogg\system\Database\BaseConnection.php(377): CodeIgniter\Database\MySQLi\Connection->connect(false)
#1 C:\lara\www\iblogg\system\Database\BaseConnection.php(643): CodeIgniter\Database\BaseConnection->initialize()
#2 C:\lara\www\iblogg\system\Database\BaseBuilder.php(1845): CodeIgniter\Database\BaseConnection->query('SELECT *\nFROM `...', Array, false)
#3 C:\lara\www\iblogg\system\Model.php(445): CodeIgniter\Database\BaseBuilder->get()
#4 C:\lara\www\iblogg\app\Controllers\Template\View.php(60): CodeIgniter\Model->findAll(3, 0)
#5 C:\lara\www\iblogg\app\Controllers\Template\View.php(22): App\Controllers\Template\View->userIndex(3, 0, '0')
#6 C:\lara\www\iblogg\system\CodeIgniter.php(914): App\Controllers\Template\View->view('user')
#7 C:\lara\www\iblogg\system\CodeIgniter.php(400): CodeIgniter\CodeIgniter->runController(Object(App\Controllers\Template\View))
#8 C:\lara\www\iblogg\system\CodeIgniter.php(308): CodeIgniter\CodeIgniter->handleRequest(NULL, Object(Config\Cache), false)
#9 C:\lara\www\iblogg\public\index.php(45): CodeIgniter\CodeIgniter->run()
#10 C:\lara\www\iblogg\system\Commands\Server\rewrite.php(34): require_once('C:\\lara\\www\\ibl...')
#11 {main}
CRITICAL - 2020-09-15 01:22:57 --> No connection could be made because the target machine actively refused it.

#0 C:\lara\www\iblogg\system\Database\BaseConnection.php(377): CodeIgniter\Database\MySQLi\Connection->connect(false)
#1 C:\lara\www\iblogg\system\Database\BaseConnection.php(643): CodeIgniter\Database\BaseConnection->initialize()
#2 C:\lara\www\iblogg\system\Database\BaseBuilder.php(1845): CodeIgniter\Database\BaseConnection->query('SELECT *\nFROM `...', Array, false)
#3 C:\lara\www\iblogg\system\Model.php(445): CodeIgniter\Database\BaseBuilder->get()
#4 C:\lara\www\iblogg\app\Controllers\Template\View.php(60): CodeIgniter\Model->findAll(3, 0)
#5 C:\lara\www\iblogg\app\Controllers\Template\View.php(22): App\Controllers\Template\View->userIndex(3, 0, '0')
#6 C:\lara\www\iblogg\system\CodeIgniter.php(914): App\Controllers\Template\View->view('user')
#7 C:\lara\www\iblogg\system\CodeIgniter.php(400): CodeIgniter\CodeIgniter->runController(Object(App\Controllers\Template\View))
#8 C:\lara\www\iblogg\system\CodeIgniter.php(308): CodeIgniter\CodeIgniter->handleRequest(NULL, Object(Config\Cache), false)
#9 C:\lara\www\iblogg\public\index.php(45): CodeIgniter\CodeIgniter->run()
#10 C:\lara\www\iblogg\system\Commands\Server\rewrite.php(34): require_once('C:\\lara\\www\\ibl...')
#11 {main}
CRITICAL - 2020-09-15 01:23:07 --> No connection could be made because the target machine actively refused it.

#0 C:\lara\www\iblogg\system\Database\BaseConnection.php(377): CodeIgniter\Database\MySQLi\Connection->connect(false)
#1 C:\lara\www\iblogg\system\Database\BaseConnection.php(643): CodeIgniter\Database\BaseConnection->initialize()
#2 C:\lara\www\iblogg\system\Database\BaseBuilder.php(1845): CodeIgniter\Database\BaseConnection->query('SELECT *\nFROM `...', Array, false)
#3 C:\lara\www\iblogg\system\Model.php(445): CodeIgniter\Database\BaseBuilder->get()
#4 C:\lara\www\iblogg\app\Controllers\Template\View.php(60): CodeIgniter\Model->findAll(3, 0)
#5 C:\lara\www\iblogg\app\Controllers\Template\View.php(22): App\Controllers\Template\View->userIndex(3, 0, '0')
#6 C:\lara\www\iblogg\system\CodeIgniter.php(914): App\Controllers\Template\View->view('user')
#7 C:\lara\www\iblogg\system\CodeIgniter.php(400): CodeIgniter\CodeIgniter->runController(Object(App\Controllers\Template\View))
#8 C:\lara\www\iblogg\system\CodeIgniter.php(308): CodeIgniter\CodeIgniter->handleRequest(NULL, Object(Config\Cache), false)
#9 C:\lara\www\iblogg\public\index.php(45): CodeIgniter\CodeIgniter->run()
#10 C:\lara\www\iblogg\system\Commands\Server\rewrite.php(34): require_once('C:\\lara\\www\\ibl...')
#11 {main}
CRITICAL - 2020-09-15 02:08:25 --> Call to undefined method App\Controllers\Admin::adminHandlePost()
#0 C:\lara\www\iblogg\system\CodeIgniter.php(914): App\Controllers\Template\View->view('admin')
#1 C:\lara\www\iblogg\system\CodeIgniter.php(400): CodeIgniter\CodeIgniter->runController(Object(App\Controllers\Template\View))
#2 C:\lara\www\iblogg\system\CodeIgniter.php(308): CodeIgniter\CodeIgniter->handleRequest(NULL, Object(Config\Cache), false)
#3 C:\lara\www\iblogg\public\index.php(45): CodeIgniter\CodeIgniter->run()
#4 C:\lara\www\iblogg\system\Commands\Server\rewrite.php(34): require_once('C:\\lara\\www\\ibl...')
#5 {main}
CRITICAL - 2020-09-15 02:09:54 --> Class 'App\Controllers\Admin\View' not found
#0 C:\lara\www\iblogg\system\CodeIgniter.php(886): App\Controllers\Template\View->__construct()
#1 C:\lara\www\iblogg\system\CodeIgniter.php(395): CodeIgniter\CodeIgniter->createController()
#2 C:\lara\www\iblogg\system\CodeIgniter.php(308): CodeIgniter\CodeIgniter->handleRequest(NULL, Object(Config\Cache), false)
#3 C:\lara\www\iblogg\public\index.php(45): CodeIgniter\CodeIgniter->run()
#4 C:\lara\www\iblogg\system\Commands\Server\rewrite.php(34): require_once('C:\\lara\\www\\ibl...')
#5 {main}
CRITICAL - 2020-09-15 02:10:04 --> Class 'App\Controllers\Admin\View' not found
#0 C:\lara\www\iblogg\system\CodeIgniter.php(886): App\Controllers\Template\View->__construct()
#1 C:\lara\www\iblogg\system\CodeIgniter.php(395): CodeIgniter\CodeIgniter->createController()
#2 C:\lara\www\iblogg\system\CodeIgniter.php(308): CodeIgniter\CodeIgniter->handleRequest(NULL, Object(Config\Cache), false)
#3 C:\lara\www\iblogg\public\index.php(45): CodeIgniter\CodeIgniter->run()
#4 C:\lara\www\iblogg\system\Commands\Server\rewrite.php(34): require_once('C:\\lara\\www\\ibl...')
#5 {main}
CRITICAL - 2020-09-15 04:03:07 --> Call to a member function setContentType() on null
#0 C:\lara\www\iblogg\system\API\ResponseTrait.php(134): App\Controllers\Api\Posts->format(Array)
#1 C:\lara\www\iblogg\system\API\ResponseTrait.php(184): App\Controllers\Api\Posts->respond(Array, 201, '')
#2 C:\lara\www\iblogg\app\Controllers\Api\Posts.php(65): App\Controllers\Api\Posts->respondCreated(Array)
#3 C:\lara\www\iblogg\app\Controllers\Api\Posts.php(15): App\Controllers\Api\Posts->handlePost(Object(CodeIgniter\HTTP\IncomingRequest), NULL, NULL)
#4 C:\lara\www\iblogg\app\Controllers\Api\Blog.php(23): App\Controllers\Api\Posts->posts(Object(CodeIgniter\HTTP\IncomingRequest), NULL, NULL)
#5 C:\lara\www\iblogg\system\CodeIgniter.php(914): App\Controllers\Api\Blog->posts()
#6 C:\lara\www\iblogg\system\CodeIgniter.php(400): CodeIgniter\CodeIgniter->runController(Object(App\Controllers\Api\Blog))
#7 C:\lara\www\iblogg\system\CodeIgniter.php(308): CodeIgniter\CodeIgniter->handleRequest(NULL, Object(Config\Cache), false)
#8 C:\lara\www\iblogg\public\index.php(45): CodeIgniter\CodeIgniter->run()
#9 C:\lara\www\iblogg\system\Commands\Server\rewrite.php(34): require_once('C:\\lara\\www\\ibl...')
#10 {main}
CRITICAL - 2020-09-15 04:26:15 --> Call to a member function setContentType() on null
#0 C:\lara\www\iblogg\system\API\ResponseTrait.php(134): App\Controllers\Api\Posts->format(Array)
#1 C:\lara\www\iblogg\system\API\ResponseTrait.php(184): App\Controllers\Api\Posts->respond(Array, 201, '')
#2 C:\lara\www\iblogg\app\Controllers\Api\Posts.php(65): App\Controllers\Api\Posts->respondCreated(Array)
#3 C:\lara\www\iblogg\app\Controllers\Api\Posts.php(15): App\Controllers\Api\Posts->handlePost(Object(CodeIgniter\HTTP\IncomingRequest), NULL, NULL)
#4 C:\lara\www\iblogg\app\Controllers\Api\Blog.php(23): App\Controllers\Api\Posts->posts(Object(CodeIgniter\HTTP\IncomingRequest), NULL, NULL)
#5 C:\lara\www\iblogg\system\CodeIgniter.php(914): App\Controllers\Api\Blog->posts()
#6 C:\lara\www\iblogg\system\CodeIgniter.php(400): CodeIgniter\CodeIgniter->runController(Object(App\Controllers\Api\Blog))
#7 C:\lara\www\iblogg\system\CodeIgniter.php(308): CodeIgniter\CodeIgniter->handleRequest(NULL, Object(Config\Cache), false)
#8 C:\lara\www\iblogg\public\index.php(45): CodeIgniter\CodeIgniter->run()
#9 C:\lara\www\iblogg\system\Commands\Server\rewrite.php(34): require_once('C:\\lara\\www\\ibl...')
#10 {main}
CRITICAL - 2020-09-15 04:57:36 --> A non-numeric value encountered
#0 C:\lara\www\iblogg\app\Controllers\Template\View.php(23): CodeIgniter\Debug\Exceptions->errorHandler(2, 'A non-numeric v...', 'C:\\lara\\www\\ibl...', 23, Array)
#1 C:\lara\www\iblogg\system\CodeIgniter.php(914): App\Controllers\Template\View->view('admin')
#2 C:\lara\www\iblogg\system\CodeIgniter.php(400): CodeIgniter\CodeIgniter->runController(Object(App\Controllers\Template\View))
#3 C:\lara\www\iblogg\system\CodeIgniter.php(308): CodeIgniter\CodeIgniter->handleRequest(NULL, Object(Config\Cache), false)
#4 C:\lara\www\iblogg\public\index.php(45): CodeIgniter\CodeIgniter->run()
#5 C:\lara\www\iblogg\system\Commands\Server\rewrite.php(34): require_once('C:\\lara\\www\\ibl...')
#6 {main}
CRITICAL - 2020-09-15 04:57:40 --> A non-numeric value encountered
#0 C:\lara\www\iblogg\app\Controllers\Template\View.php(23): CodeIgniter\Debug\Exceptions->errorHandler(2, 'A non-numeric v...', 'C:\\lara\\www\\ibl...', 23, Array)
#1 C:\lara\www\iblogg\system\CodeIgniter.php(914): App\Controllers\Template\View->view('admin')
#2 C:\lara\www\iblogg\system\CodeIgniter.php(400): CodeIgniter\CodeIgniter->runController(Object(App\Controllers\Template\View))
#3 C:\lara\www\iblogg\system\CodeIgniter.php(308): CodeIgniter\CodeIgniter->handleRequest(NULL, Object(Config\Cache), false)
#4 C:\lara\www\iblogg\public\index.php(45): CodeIgniter\CodeIgniter->run()
#5 C:\lara\www\iblogg\system\Commands\Server\rewrite.php(34): require_once('C:\\lara\\www\\ibl...')
#6 {main}
CRITICAL - 2020-09-15 05:21:22 --> Undefined variable: posts
#0 C:\lara\www\iblogg\app\Views\admin\posts.php(35): CodeIgniter\Debug\Exceptions->errorHandler(8, 'Undefined varia...', 'C:\\lara\\www\\ibl...', 35, Array)
#1 C:\lara\www\iblogg\system\View\View.php(246): include('C:\\lara\\www\\ibl...')
#2 C:\lara\www\iblogg\system\Common.php(1087): CodeIgniter\View\View->render('admin/posts', Array, true)
#3 C:\lara\www\iblogg\app\Controllers\Home.php(17): view('admin/posts', Array)
#4 C:\lara\www\iblogg\app\Controllers\Admin\Views.php(34): App\Controllers\Home->view('admin', 'posts')
#5 C:\lara\www\iblogg\app\Controllers\Template\View.php(55): App\Controllers\Admin\Views->postPage()
#6 C:\lara\www\iblogg\system\CodeIgniter.php(914): App\Controllers\Template\View->view('admin')
#7 C:\lara\www\iblogg\system\CodeIgniter.php(400): CodeIgniter\CodeIgniter->runController(Object(App\Controllers\Template\View))
#8 C:\lara\www\iblogg\system\CodeIgniter.php(308): CodeIgniter\CodeIgniter->handleRequest(NULL, Object(Config\Cache), false)
#9 C:\lara\www\iblogg\public\index.php(45): CodeIgniter\CodeIgniter->run()
#10 C:\lara\www\iblogg\system\Commands\Server\rewrite.php(34): require_once('C:\\lara\\www\\ibl...')
#11 {main}
CRITICAL - 2020-09-15 05:26:26 --> Undefined variable: posts
#0 C:\lara\www\iblogg\app\Views\admin\posts.php(35): CodeIgniter\Debug\Exceptions->errorHandler(8, 'Undefined varia...', 'C:\\lara\\www\\ibl...', 35, Array)
#1 C:\lara\www\iblogg\system\View\View.php(246): include('C:\\lara\\www\\ibl...')
#2 C:\lara\www\iblogg\system\Common.php(1087): CodeIgniter\View\View->render('admin/posts', Array, true)
#3 C:\lara\www\iblogg\app\Controllers\Home.php(17): view('admin/posts', Array)
#4 C:\lara\www\iblogg\app\Controllers\Admin\Views.php(57): App\Controllers\Home->view('admin', 'posts')
#5 C:\lara\www\iblogg\app\Controllers\Template\View.php(40): App\Controllers\Admin\Views->postsPage(Object(CodeIgniter\HTTP\IncomingRequest))
#6 C:\lara\www\iblogg\system\CodeIgniter.php(914): App\Controllers\Template\View->view('admin')
#7 C:\lara\www\iblogg\system\CodeIgniter.php(400): CodeIgniter\CodeIgniter->runController(Object(App\Controllers\Template\View))
#8 C:\lara\www\iblogg\system\CodeIgniter.php(308): CodeIgniter\CodeIgniter->handleRequest(NULL, Object(Config\Cache), false)
#9 C:\lara\www\iblogg\public\index.php(45): CodeIgniter\CodeIgniter->run()
#10 C:\lara\www\iblogg\system\Commands\Server\rewrite.php(34): require_once('C:\\lara\\www\\ibl...')
#11 {main}
CRITICAL - 2020-09-15 05:39:17 --> Undefined variable: limit
#0 C:\lara\www\iblogg\app\Views\admin\posts.php(122): CodeIgniter\Debug\Exceptions->errorHandler(8, 'Undefined varia...', 'C:\\lara\\www\\ibl...', 122, Array)
#1 C:\lara\www\iblogg\system\View\View.php(246): include('C:\\lara\\www\\ibl...')
#2 C:\lara\www\iblogg\system\Common.php(1087): CodeIgniter\View\View->render('admin/posts', Array, true)
#3 C:\lara\www\iblogg\app\Controllers\Home.php(17): view('admin/posts', Array)
#4 C:\lara\www\iblogg\app\Controllers\Admin\Views.php(78): App\Controllers\Home->view('admin', 'posts', Array)
#5 C:\lara\www\iblogg\app\Controllers\Template\View.php(40): App\Controllers\Admin\Views->postsPage(Object(CodeIgniter\HTTP\IncomingRequest), NULL, 0, 3)
#6 C:\lara\www\iblogg\system\CodeIgniter.php(914): App\Controllers\Template\View->view('admin')
#7 C:\lara\www\iblogg\system\CodeIgniter.php(400): CodeIgniter\CodeIgniter->runController(Object(App\Controllers\Template\View))
#8 C:\lara\www\iblogg\system\CodeIgniter.php(308): CodeIgniter\CodeIgniter->handleRequest(NULL, Object(Config\Cache), false)
#9 C:\lara\www\iblogg\public\index.php(45): CodeIgniter\CodeIgniter->run()
#10 C:\lara\www\iblogg\system\Commands\Server\rewrite.php(34): require_once('C:\\lara\\www\\ibl...')
#11 {main}
CRITICAL - 2020-09-15 05:43:03 --> track is not a valid param name.
#0 C:\lara\www\iblogg\system\View\Cell.php(176): CodeIgniter\View\Exceptions\ViewException::forInvalidCellParameter('track')
#1 C:\lara\www\iblogg\system\Common.php(1108): CodeIgniter\View\Cell->render('\\App\\Libraries\\...', Array, 0, 'AppLibrariesHel...')
#2 C:\lara\www\iblogg\app\Views\admin\posts.php(131): view_cell('\\App\\Libraries\\...', Array)
#3 C:\lara\www\iblogg\system\View\View.php(246): include('C:\\lara\\www\\ibl...')
#4 C:\lara\www\iblogg\system\Common.php(1087): CodeIgniter\View\View->render('admin/posts', Array, true)
#5 C:\lara\www\iblogg\app\Controllers\Home.php(17): view('admin/posts', Array)
#6 C:\lara\www\iblogg\app\Controllers\Admin\Views.php(78): App\Controllers\Home->view('admin', 'posts', Array)
#7 C:\lara\www\iblogg\app\Controllers\Template\View.php(40): App\Controllers\Admin\Views->postsPage(Object(CodeIgniter\HTTP\IncomingRequest), NULL, 0, 3)
#8 C:\lara\www\iblogg\system\CodeIgniter.php(914): App\Controllers\Template\View->view('admin')
#9 C:\lara\www\iblogg\system\CodeIgniter.php(400): CodeIgniter\CodeIgniter->runController(Object(App\Controllers\Template\View))
#10 C:\lara\www\iblogg\system\CodeIgniter.php(308): CodeIgniter\CodeIgniter->handleRequest(NULL, Object(Config\Cache), false)
#11 C:\lara\www\iblogg\public\index.php(45): CodeIgniter\CodeIgniter->run()
#12 C:\lara\www\iblogg\system\Commands\Server\rewrite.php(34): require_once('C:\\lara\\www\\ibl...')
#13 {main}
CRITICAL - 2020-09-15 05:48:18 --> Too few arguments to function App\Controllers\Admin\Views::handlePost(), 1 passed in C:\lara\www\iblogg\app\Controllers\Template\View.php on line 36 and exactly 2 expected
#0 C:\lara\www\iblogg\app\Controllers\Template\View.php(36): App\Controllers\Admin\Views->handlePost(Object(CodeIgniter\HTTP\IncomingRequest))
#1 C:\lara\www\iblogg\system\CodeIgniter.php(914): App\Controllers\Template\View->view('admin')
#2 C:\lara\www\iblogg\system\CodeIgniter.php(400): CodeIgniter\CodeIgniter->runController(Object(App\Controllers\Template\View))
#3 C:\lara\www\iblogg\system\CodeIgniter.php(308): CodeIgniter\CodeIgniter->handleRequest(NULL, Object(Config\Cache), false)
#4 C:\lara\www\iblogg\public\index.php(45): CodeIgniter\CodeIgniter->run()
#5 C:\lara\www\iblogg\system\Commands\Server\rewrite.php(34): require_once('C:\\lara\\www\\ibl...')
#6 {main}
CRITICAL - 2020-09-15 06:07:22 --> Too few arguments to function App\Controllers\Admin\Views::handlePost(), 1 passed in C:\lara\www\iblogg\app\Controllers\Template\View.php on line 36 and exactly 2 expected
#0 C:\lara\www\iblogg\app\Controllers\Template\View.php(36): App\Controllers\Admin\Views->handlePost(Object(CodeIgniter\HTTP\IncomingRequest))
#1 C:\lara\www\iblogg\system\CodeIgniter.php(914): App\Controllers\Template\View->view('admin')
#2 C:\lara\www\iblogg\system\CodeIgniter.php(400): CodeIgniter\CodeIgniter->runController(Object(App\Controllers\Template\View))
#3 C:\lara\www\iblogg\system\CodeIgniter.php(308): CodeIgniter\CodeIgniter->handleRequest(NULL, Object(Config\Cache), false)
#4 C:\lara\www\iblogg\public\index.php(45): CodeIgniter\CodeIgniter->run()
#5 C:\lara\www\iblogg\system\Commands\Server\rewrite.php(34): require_once('C:\\lara\\www\\ibl...')
#6 {main}
CRITICAL - 2020-09-15 06:36:55 --> Call to a member function setContentType() on null
#0 C:\lara\www\iblogg\system\API\ResponseTrait.php(134): App\Controllers\Api\Posts->format(Array)
#1 C:\lara\www\iblogg\system\API\ResponseTrait.php(184): App\Controllers\Api\Posts->respond(Array, 201, '')
#2 C:\lara\www\iblogg\app\Controllers\Api\Posts.php(65): App\Controllers\Api\Posts->respondCreated(Array)
#3 C:\lara\www\iblogg\app\Controllers\Api\Posts.php(15): App\Controllers\Api\Posts->handlePost(Object(CodeIgniter\HTTP\IncomingRequest), NULL, NULL)
#4 C:\lara\www\iblogg\app\Controllers\Api\Blog.php(23): App\Controllers\Api\Posts->posts(Object(CodeIgniter\HTTP\IncomingRequest), NULL, NULL)
#5 C:\lara\www\iblogg\system\CodeIgniter.php(914): App\Controllers\Api\Blog->posts()
#6 C:\lara\www\iblogg\system\CodeIgniter.php(400): CodeIgniter\CodeIgniter->runController(Object(App\Controllers\Api\Blog))
#7 C:\lara\www\iblogg\system\CodeIgniter.php(308): CodeIgniter\CodeIgniter->handleRequest(NULL, Object(Config\Cache), false)
#8 C:\lara\www\iblogg\public\index.php(45): CodeIgniter\CodeIgniter->run()
#9 C:\lara\www\iblogg\system\Commands\Server\rewrite.php(34): require_once('C:\\lara\\www\\ibl...')
#10 {main}
CRITICAL - 2020-09-15 06:39:50 --> Call to a member function setContentType() on null
#0 C:\lara\www\iblogg\system\API\ResponseTrait.php(134): App\Controllers\Api\Posts->format(Array)
#1 C:\lara\www\iblogg\system\API\ResponseTrait.php(184): App\Controllers\Api\Posts->respond(Array, 201, '')
#2 C:\lara\www\iblogg\app\Controllers\Api\Posts.php(65): App\Controllers\Api\Posts->respondCreated(Array)
#3 C:\lara\www\iblogg\app\Controllers\Api\Posts.php(15): App\Controllers\Api\Posts->handlePost(Object(CodeIgniter\HTTP\IncomingRequest), NULL, NULL)
#4 C:\lara\www\iblogg\app\Controllers\Api\Blog.php(23): App\Controllers\Api\Posts->posts(Object(CodeIgniter\HTTP\IncomingRequest), NULL, NULL)
#5 C:\lara\www\iblogg\system\CodeIgniter.php(914): App\Controllers\Api\Blog->posts()
#6 C:\lara\www\iblogg\system\CodeIgniter.php(400): CodeIgniter\CodeIgniter->runController(Object(App\Controllers\Api\Blog))
#7 C:\lara\www\iblogg\system\CodeIgniter.php(308): CodeIgniter\CodeIgniter->handleRequest(NULL, Object(Config\Cache), false)
#8 C:\lara\www\iblogg\public\index.php(45): CodeIgniter\CodeIgniter->run()
#9 C:\lara\www\iblogg\system\Commands\Server\rewrite.php(34): require_once('C:\\lara\\www\\ibl...')
#10 {main}
CRITICAL - 2020-09-15 06:41:16 --> Call to a member function setContentType() on null
#0 C:\lara\www\iblogg\system\API\ResponseTrait.php(134): App\Controllers\Api\Posts->format(Array)
#1 C:\lara\www\iblogg\system\API\ResponseTrait.php(184): App\Controllers\Api\Posts->respond(Array, 201, '')
#2 C:\lara\www\iblogg\app\Controllers\Api\Posts.php(65): App\Controllers\Api\Posts->respondCreated(Array)
#3 C:\lara\www\iblogg\app\Controllers\Api\Posts.php(15): App\Controllers\Api\Posts->handlePost(Object(CodeIgniter\HTTP\IncomingRequest), NULL, NULL)
#4 C:\lara\www\iblogg\app\Controllers\Api\Blog.php(23): App\Controllers\Api\Posts->posts(Object(CodeIgniter\HTTP\IncomingRequest), NULL, NULL)
#5 C:\lara\www\iblogg\system\CodeIgniter.php(914): App\Controllers\Api\Blog->posts()
#6 C:\lara\www\iblogg\system\CodeIgniter.php(400): CodeIgniter\CodeIgniter->runController(Object(App\Controllers\Api\Blog))
#7 C:\lara\www\iblogg\system\CodeIgniter.php(308): CodeIgniter\CodeIgniter->handleRequest(NULL, Object(Config\Cache), false)
#8 C:\lara\www\iblogg\public\index.php(45): CodeIgniter\CodeIgniter->run()
#9 C:\lara\www\iblogg\system\Commands\Server\rewrite.php(34): require_once('C:\\lara\\www\\ibl...')
#10 {main}
CRITICAL - 2020-09-15 06:58:43 --> Call to undefined method App\Models\PostsModel::countAllResult
#0 C:\lara\www\iblogg\app\Controllers\Admin\Views.php(57): CodeIgniter\Model->__call('countAllResult', Array)
#1 C:\lara\www\iblogg\app\Controllers\Template\View.php(40): App\Controllers\Admin\Views->postsPage(Object(CodeIgniter\HTTP\IncomingRequest), 2, '4', 12)
#2 C:\lara\www\iblogg\system\CodeIgniter.php(914): App\Controllers\Template\View->view('admin')
#3 C:\lara\www\iblogg\system\CodeIgniter.php(400): CodeIgniter\CodeIgniter->runController(Object(App\Controllers\Template\View))
#4 C:\lara\www\iblogg\system\CodeIgniter.php(308): CodeIgniter\CodeIgniter->handleRequest(NULL, Object(Config\Cache), false)
#5 C:\lara\www\iblogg\public\index.php(45): CodeIgniter\CodeIgniter->run()
#6 C:\lara\www\iblogg\system\Commands\Server\rewrite.php(34): require_once('C:\\lara\\www\\ibl...')
#7 {main}
CRITICAL - 2020-09-15 07:09:57 --> Allowed memory size of 536870912 bytes exhausted (tried to allocate 4096 bytes)
#0 [internal function]: CodeIgniter\Debug\Exceptions->shutdownHandler()
#1 {main}
CRITICAL - 2020-09-15 07:10:01 --> Allowed memory size of 536870912 bytes exhausted (tried to allocate 4096 bytes)
#0 [internal function]: CodeIgniter\Debug\Exceptions->shutdownHandler()
#1 {main}
CRITICAL - 2020-09-15 08:13:14 --> syntax error, unexpected 'else' (T_ELSE)
#0 C:\lara\www\iblogg\system\Common.php(1087): CodeIgniter\View\View->render('user/homepost', Array, true)
#1 C:\lara\www\iblogg\app\Controllers\Home.php(17): view('user/homepost', Array)
#2 C:\lara\www\iblogg\app\Controllers\User\Views.php(30): App\Controllers\Home->view('user', 'homepost', Array)
#3 C:\lara\www\iblogg\app\Controllers\Template\View.php(28): App\Controllers\User\Views->index(Object(CodeIgniter\HTTP\IncomingRequest), 3, '0', 0)
#4 C:\lara\www\iblogg\system\CodeIgniter.php(914): App\Controllers\Template\View->view('user')
#5 C:\lara\www\iblogg\system\CodeIgniter.php(400): CodeIgniter\CodeIgniter->runController(Object(App\Controllers\Template\View))
#6 C:\lara\www\iblogg\system\CodeIgniter.php(308): CodeIgniter\CodeIgniter->handleRequest(NULL, Object(Config\Cache), false)
#7 C:\lara\www\iblogg\public\index.php(45): CodeIgniter\CodeIgniter->run()
#8 C:\lara\www\iblogg\system\Commands\Server\rewrite.php(34): require_once('C:\\lara\\www\\ibl...')
#9 {main}
CRITICAL - 2020-09-15 08:13:39 --> Call to undefined method CodeIgniter\Pager\Pager::setSurroundCount()
#0 C:\lara\www\iblogg\system\View\View.php(246): include()
#1 C:\lara\www\iblogg\system\Common.php(1087): CodeIgniter\View\View->render('user/homepost', Array, true)
#2 C:\lara\www\iblogg\app\Controllers\Home.php(17): view('user/homepost', Array)
#3 C:\lara\www\iblogg\app\Controllers\User\Views.php(30): App\Controllers\Home->view('user', 'homepost', Array)
#4 C:\lara\www\iblogg\app\Controllers\Template\View.php(28): App\Controllers\User\Views->index(Object(CodeIgniter\HTTP\IncomingRequest), 3, '0', 0)
#5 C:\lara\www\iblogg\system\CodeIgniter.php(914): App\Controllers\Template\View->view('user')
#6 C:\lara\www\iblogg\system\CodeIgniter.php(400): CodeIgniter\CodeIgniter->runController(Object(App\Controllers\Template\View))
#7 C:\lara\www\iblogg\system\CodeIgniter.php(308): CodeIgniter\CodeIgniter->handleRequest(NULL, Object(Config\Cache), false)
#8 C:\lara\www\iblogg\public\index.php(45): CodeIgniter\CodeIgniter->run()
#9 C:\lara\www\iblogg\system\Commands\Server\rewrite.php(34): require_once('C:\\lara\\www\\ibl...')
#10 {main}
CRITICAL - 2020-09-15 08:14:21 --> Call to undefined method CodeIgniter\Pager\Pager::hasPrevious()
#0 C:\lara\www\iblogg\system\View\View.php(246): include()
#1 C:\lara\www\iblogg\system\Common.php(1087): CodeIgniter\View\View->render('user/homepost', Array, true)
#2 C:\lara\www\iblogg\app\Controllers\Home.php(17): view('user/homepost', Array)
#3 C:\lara\www\iblogg\app\Controllers\User\Views.php(30): App\Controllers\Home->view('user', 'homepost', Array)
#4 C:\lara\www\iblogg\app\Controllers\Template\View.php(28): App\Controllers\User\Views->index(Object(CodeIgniter\HTTP\IncomingRequest), 3, '0', 0)
#5 C:\lara\www\iblogg\system\CodeIgniter.php(914): App\Controllers\Template\View->view('user')
#6 C:\lara\www\iblogg\system\CodeIgniter.php(400): CodeIgniter\CodeIgniter->runController(Object(App\Controllers\Template\View))
#7 C:\lara\www\iblogg\system\CodeIgniter.php(308): CodeIgniter\CodeIgniter->handleRequest(NULL, Object(Config\Cache), false)
#8 C:\lara\www\iblogg\public\index.php(45): CodeIgniter\CodeIgniter->run()
#9 C:\lara\www\iblogg\system\Commands\Server\rewrite.php(34): require_once('C:\\lara\\www\\ibl...')
#10 {main}
CRITICAL - 2020-09-15 08:14:47 --> Call to undefined method CodeIgniter\Pager\Pager::hasPrevious()
#0 C:\lara\www\iblogg\system\View\View.php(246): include()
#1 C:\lara\www\iblogg\system\Common.php(1087): CodeIgniter\View\View->render('user/homepost', Array, true)
#2 C:\lara\www\iblogg\app\Controllers\Home.php(17): view('user/homepost', Array)
#3 C:\lara\www\iblogg\app\Controllers\User\Views.php(30): App\Controllers\Home->view('user', 'homepost', Array)
#4 C:\lara\www\iblogg\app\Controllers\Template\View.php(28): App\Controllers\User\Views->index(Object(CodeIgniter\HTTP\IncomingRequest), 3, '0', 0)
#5 C:\lara\www\iblogg\system\CodeIgniter.php(914): App\Controllers\Template\View->view('user')
#6 C:\lara\www\iblogg\system\CodeIgniter.php(400): CodeIgniter\CodeIgniter->runController(Object(App\Controllers\Template\View))
#7 C:\lara\www\iblogg\system\CodeIgniter.php(308): CodeIgniter\CodeIgniter->handleRequest(NULL, Object(Config\Cache), false)
#8 C:\lara\www\iblogg\public\index.php(45): CodeIgniter\CodeIgniter->run()
#9 C:\lara\www\iblogg\system\Commands\Server\rewrite.php(34): require_once('C:\\lara\\www\\ibl...')
#10 {main}
CRITICAL - 2020-09-15 08:15:04 --> Call to undefined method CodeIgniter\Pager\Pager::hasPrevious()
#0 C:\lara\www\iblogg\system\View\View.php(246): include()
#1 C:\lara\www\iblogg\system\Common.php(1087): CodeIgniter\View\View->render('user/homepost', Array, true)
#2 C:\lara\www\iblogg\app\Controllers\Home.php(17): view('user/homepost', Array)
#3 C:\lara\www\iblogg\app\Controllers\User\Views.php(30): App\Controllers\Home->view('user', 'homepost', Array)
#4 C:\lara\www\iblogg\app\Controllers\Template\View.php(28): App\Controllers\User\Views->index(Object(CodeIgniter\HTTP\IncomingRequest), 3, '0', 0)
#5 C:\lara\www\iblogg\system\CodeIgniter.php(914): App\Controllers\Template\View->view('user')
#6 C:\lara\www\iblogg\system\CodeIgniter.php(400): CodeIgniter\CodeIgniter->runController(Object(App\Controllers\Template\View))
#7 C:\lara\www\iblogg\system\CodeIgniter.php(308): CodeIgniter\CodeIgniter->handleRequest(NULL, Object(Config\Cache), false)
#8 C:\lara\www\iblogg\public\index.php(45): CodeIgniter\CodeIgniter->run()
#9 C:\lara\www\iblogg\system\Commands\Server\rewrite.php(34): require_once('C:\\lara\\www\\ibl...')
#10 {main}
CRITICAL - 2020-09-15 08:17:04 --> Cannot use object of type CodeIgniter\Pager\Pager as array
#0 C:\lara\www\iblogg\system\View\View.php(246): include()
#1 C:\lara\www\iblogg\system\Common.php(1087): CodeIgniter\View\View->render('user/homepost', Array, true)
#2 C:\lara\www\iblogg\app\Controllers\Home.php(17): view('user/homepost', Array)
#3 C:\lara\www\iblogg\app\Controllers\User\Views.php(30): App\Controllers\Home->view('user', 'homepost', Array)
#4 C:\lara\www\iblogg\app\Controllers\Template\View.php(28): App\Controllers\User\Views->index(Object(CodeIgniter\HTTP\IncomingRequest), 3, '0', 0)
#5 C:\lara\www\iblogg\system\CodeIgniter.php(914): App\Controllers\Template\View->view('user')
#6 C:\lara\www\iblogg\system\CodeIgniter.php(400): CodeIgniter\CodeIgniter->runController(Object(App\Controllers\Template\View))
#7 C:\lara\www\iblogg\system\CodeIgniter.php(308): CodeIgniter\CodeIgniter->handleRequest(NULL, Object(Config\Cache), false)
#8 C:\lara\www\iblogg\public\index.php(45): CodeIgniter\CodeIgniter->run()
#9 C:\lara\www\iblogg\system\Commands\Server\rewrite.php(34): require_once('C:\\lara\\www\\ibl...')
#10 {main}
CRITICAL - 2020-09-15 08:17:25 --> Undefined property: CodeIgniter\Pager\Pager::$pageCount
#0 C:\lara\www\iblogg\app\Views\user\homepost.php(63): CodeIgniter\Debug\Exceptions->errorHandler(8, 'Undefined prope...', 'C:\\lara\\www\\ibl...', 63, Array)
#1 C:\lara\www\iblogg\system\View\View.php(246): include('C:\\lara\\www\\ibl...')
#2 C:\lara\www\iblogg\system\Common.php(1087): CodeIgniter\View\View->render('user/homepost', Array, true)
#3 C:\lara\www\iblogg\app\Controllers\Home.php(17): view('user/homepost', Array)
#4 C:\lara\www\iblogg\app\Controllers\User\Views.php(30): App\Controllers\Home->view('user', 'homepost', Array)
#5 C:\lara\www\iblogg\app\Controllers\Template\View.php(28): App\Controllers\User\Views->index(Object(CodeIgniter\HTTP\IncomingRequest), 3, '0', 0)
#6 C:\lara\www\iblogg\system\CodeIgniter.php(914): App\Controllers\Template\View->view('user')
#7 C:\lara\www\iblogg\system\CodeIgniter.php(400): CodeIgniter\CodeIgniter->runController(Object(App\Controllers\Template\View))
#8 C:\lara\www\iblogg\system\CodeIgniter.php(308): CodeIgniter\CodeIgniter->handleRequest(NULL, Object(Config\Cache), false)
#9 C:\lara\www\iblogg\public\index.php(45): CodeIgniter\CodeIgniter->run()
#10 C:\lara\www\iblogg\system\Commands\Server\rewrite.php(34): require_once('C:\\lara\\www\\ibl...')
#11 {main}
CRITICAL - 2020-09-15 08:17:38 --> Call to undefined method CodeIgniter\Pager\Pager::hasPrevious()
#0 C:\lara\www\iblogg\system\View\View.php(246): include()
#1 C:\lara\www\iblogg\system\Common.php(1087): CodeIgniter\View\View->render('user/homepost', Array, true)
#2 C:\lara\www\iblogg\app\Controllers\Home.php(17): view('user/homepost', Array)
#3 C:\lara\www\iblogg\app\Controllers\User\Views.php(30): App\Controllers\Home->view('user', 'homepost', Array)
#4 C:\lara\www\iblogg\app\Controllers\Template\View.php(28): App\Controllers\User\Views->index(Object(CodeIgniter\HTTP\IncomingRequest), 3, '0', 0)
#5 C:\lara\www\iblogg\system\CodeIgniter.php(914): App\Controllers\Template\View->view('user')
#6 C:\lara\www\iblogg\system\CodeIgniter.php(400): CodeIgniter\CodeIgniter->runController(Object(App\Controllers\Template\View))
#7 C:\lara\www\iblogg\system\CodeIgniter.php(308): CodeIgniter\CodeIgniter->handleRequest(NULL, Object(Config\Cache), false)
#8 C:\lara\www\iblogg\public\index.php(45): CodeIgniter\CodeIgniter->run()
#9 C:\lara\www\iblogg\system\Commands\Server\rewrite.php(34): require_once('C:\\lara\\www\\ibl...')
#10 {main}
CRITICAL - 2020-09-15 08:18:21 --> Cannot access protected property CodeIgniter\Pager\Pager::$groups
#0 C:\lara\www\iblogg\system\View\View.php(246): include()
#1 C:\lara\www\iblogg\system\Common.php(1087): CodeIgniter\View\View->render('user/homepost', Array, true)
#2 C:\lara\www\iblogg\app\Controllers\Home.php(17): view('user/homepost', Array)
#3 C:\lara\www\iblogg\app\Controllers\User\Views.php(30): App\Controllers\Home->view('user', 'homepost', Array)
#4 C:\lara\www\iblogg\app\Controllers\Template\View.php(28): App\Controllers\User\Views->index(Object(CodeIgniter\HTTP\IncomingRequest), 3, '0', 0)
#5 C:\lara\www\iblogg\system\CodeIgniter.php(914): App\Controllers\Template\View->view('user')
#6 C:\lara\www\iblogg\system\CodeIgniter.php(400): CodeIgniter\CodeIgniter->runController(Object(App\Controllers\Template\View))
#7 C:\lara\www\iblogg\system\CodeIgniter.php(308): CodeIgniter\CodeIgniter->handleRequest(NULL, Object(Config\Cache), false)
#8 C:\lara\www\iblogg\public\index.php(45): CodeIgniter\CodeIgniter->run()
#9 C:\lara\www\iblogg\system\Commands\Server\rewrite.php(34): require_once('C:\\lara\\www\\ibl...')
#10 {main}
CRITICAL - 2020-09-15 08:19:36 --> Call to undefined method CodeIgniter\Pager\Pager::hasPrevious()
#0 C:\lara\www\iblogg\system\View\View.php(246): include()
#1 C:\lara\www\iblogg\system\Common.php(1087): CodeIgniter\View\View->render('user/homepost', Array, true)
#2 C:\lara\www\iblogg\app\Controllers\Home.php(17): view('user/homepost', Array)
#3 C:\lara\www\iblogg\app\Controllers\User\Views.php(30): App\Controllers\Home->view('user', 'homepost', Array)
#4 C:\lara\www\iblogg\app\Controllers\Template\View.php(28): App\Controllers\User\Views->index(Object(CodeIgniter\HTTP\IncomingRequest), 3, '0', 0)
#5 C:\lara\www\iblogg\system\CodeIgniter.php(914): App\Controllers\Template\View->view('user')
#6 C:\lara\www\iblogg\system\CodeIgniter.php(400): CodeIgniter\CodeIgniter->runController(Object(App\Controllers\Template\View))
#7 C:\lara\www\iblogg\system\CodeIgniter.php(308): CodeIgniter\CodeIgniter->handleRequest(NULL, Object(Config\Cache), false)
#8 C:\lara\www\iblogg\public\index.php(45): CodeIgniter\CodeIgniter->run()
#9 C:\lara\www\iblogg\system\Commands\Server\rewrite.php(34): require_once('C:\\lara\\www\\ibl...')
#10 {main}
CRITICAL - 2020-09-15 08:20:25 --> Call to undefined method CodeIgniter\Pager\Pager::setSurroundCount()
#0 C:\lara\www\iblogg\system\View\View.php(246): include()
#1 C:\lara\www\iblogg\system\Common.php(1087): CodeIgniter\View\View->render('user/homepost', Array, true)
#2 C:\lara\www\iblogg\app\Controllers\Home.php(17): view('user/homepost', Array)
#3 C:\lara\www\iblogg\app\Controllers\User\Views.php(30): App\Controllers\Home->view('user', 'homepost', Array)
#4 C:\lara\www\iblogg\app\Controllers\Template\View.php(28): App\Controllers\User\Views->index(Object(CodeIgniter\HTTP\IncomingRequest), 3, '0', 0)
#5 C:\lara\www\iblogg\system\CodeIgniter.php(914): App\Controllers\Template\View->view('user')
#6 C:\lara\www\iblogg\system\CodeIgniter.php(400): CodeIgniter\CodeIgniter->runController(Object(App\Controllers\Template\View))
#7 C:\lara\www\iblogg\system\CodeIgniter.php(308): CodeIgniter\CodeIgniter->handleRequest(NULL, Object(Config\Cache), false)
#8 C:\lara\www\iblogg\public\index.php(45): CodeIgniter\CodeIgniter->run()
#9 C:\lara\www\iblogg\system\Commands\Server\rewrite.php(34): require_once('C:\\lara\\www\\ibl...')
#10 {main}
CRITICAL - 2020-09-15 08:21:24 --> Call to undefined method CodeIgniter\Pager\Pager::setSurroundCount()
#0 C:\lara\www\iblogg\system\View\View.php(246): include()
#1 C:\lara\www\iblogg\system\Common.php(1087): CodeIgniter\View\View->render('user/homepost', Array, true)
#2 C:\lara\www\iblogg\app\Controllers\Home.php(17): view('user/homepost', Array)
#3 C:\lara\www\iblogg\app\Controllers\User\Views.php(30): App\Controllers\Home->view('user', 'homepost', Array)
#4 C:\lara\www\iblogg\app\Controllers\Template\View.php(28): App\Controllers\User\Views->index(Object(CodeIgniter\HTTP\IncomingRequest), 3, '0', 0)
#5 C:\lara\www\iblogg\system\CodeIgniter.php(914): App\Controllers\Template\View->view('user')
#6 C:\lara\www\iblogg\system\CodeIgniter.php(400): CodeIgniter\CodeIgniter->runController(Object(App\Controllers\Template\View))
#7 C:\lara\www\iblogg\system\CodeIgniter.php(308): CodeIgniter\CodeIgniter->handleRequest(NULL, Object(Config\Cache), false)
#8 C:\lara\www\iblogg\public\index.php(45): CodeIgniter\CodeIgniter->run()
#9 C:\lara\www\iblogg\system\Commands\Server\rewrite.php(34): require_once('C:\\lara\\www\\ibl...')
#10 {main}
CRITICAL - 2020-09-15 08:22:10 --> Call to undefined method CodeIgniter\Pager\Pager::setSurroundCount()
#0 C:\lara\www\iblogg\system\View\View.php(246): include()
#1 C:\lara\www\iblogg\system\Common.php(1087): CodeIgniter\View\View->render('user/homepost', Array, true)
#2 C:\lara\www\iblogg\app\Controllers\Home.php(17): view('user/homepost', Array)
#3 C:\lara\www\iblogg\app\Controllers\User\Views.php(30): App\Controllers\Home->view('user', 'homepost', Array)
#4 C:\lara\www\iblogg\app\Controllers\Template\View.php(28): App\Controllers\User\Views->index(Object(CodeIgniter\HTTP\IncomingRequest), 3, '0', 0)
#5 C:\lara\www\iblogg\system\CodeIgniter.php(914): App\Controllers\Template\View->view('user')
#6 C:\lara\www\iblogg\system\CodeIgniter.php(400): CodeIgniter\CodeIgniter->runController(Object(App\Controllers\Template\View))
#7 C:\lara\www\iblogg\system\CodeIgniter.php(308): CodeIgniter\CodeIgniter->handleRequest(NULL, Object(Config\Cache), false)
#8 C:\lara\www\iblogg\public\index.php(45): CodeIgniter\CodeIgniter->run()
#9 C:\lara\www\iblogg\system\Commands\Server\rewrite.php(34): require_once('C:\\lara\\www\\ibl...')
#10 {main}
CRITICAL - 2020-09-15 08:27:36 --> Object of class Config\Pager could not be converted to string
#0 [internal function]: CodeIgniter\Debug\Exceptions->errorHandler(4096, 'Object of class...', 'C:\\lara\\www\\ibl...', 69, Array)
#1 C:\lara\www\iblogg\app\Views\user\homepost.php(69): str_ireplace('*', '', Object(Config\Pager))
#2 [internal function]: {closure}(Object(Config\Pager))
#3 C:\lara\www\iblogg\app\Views\user\homepost.php(70): array_map(Object(Closure), Array)
#4 C:\lara\www\iblogg\app\Views\user\homepost.php(76): convertToArray(Object(CodeIgniter\Pager\Pager))
#5 C:\lara\www\iblogg\system\View\View.php(246): include('C:\\lara\\www\\ibl...')
#6 C:\lara\www\iblogg\system\Common.php(1087): CodeIgniter\View\View->render('user/homepost', Array, true)
#7 C:\lara\www\iblogg\app\Controllers\Home.php(17): view('user/homepost', Array)
#8 C:\lara\www\iblogg\app\Controllers\User\Views.php(30): App\Controllers\Home->view('user', 'homepost', Array)
#9 C:\lara\www\iblogg\app\Controllers\Template\View.php(28): App\Controllers\User\Views->index(Object(CodeIgniter\HTTP\IncomingRequest), 3, '0', 0)
#10 C:\lara\www\iblogg\system\CodeIgniter.php(914): App\Controllers\Template\View->view('user')
#11 C:\lara\www\iblogg\system\CodeIgniter.php(400): CodeIgniter\CodeIgniter->runController(Object(App\Controllers\Template\View))
#12 C:\lara\www\iblogg\system\CodeIgniter.php(308): CodeIgniter\CodeIgniter->handleRequest(NULL, Object(Config\Cache), false)
#13 C:\lara\www\iblogg\public\index.php(45): CodeIgniter\CodeIgniter->run()
#14 C:\lara\www\iblogg\system\Commands\Server\rewrite.php(34): require_once('C:\\lara\\www\\ibl...')
#15 {main}
CRITICAL - 2020-09-15 08:28:10 --> Object of class Config\Pager could not be converted to string
#0 [internal function]: CodeIgniter\Debug\Exceptions->errorHandler(4096, 'Object of class...', 'C:\\lara\\www\\ibl...', 69, Array)
#1 C:\lara\www\iblogg\app\Views\user\homepost.php(69): str_ireplace('*', '', Object(Config\Pager))
#2 [internal function]: {closure}(Object(Config\Pager))
#3 C:\lara\www\iblogg\app\Views\user\homepost.php(70): array_map(Object(Closure), Array)
#4 C:\lara\www\iblogg\app\Views\user\homepost.php(76): convertToArray(Object(CodeIgniter\Pager\Pager))
#5 C:\lara\www\iblogg\system\View\View.php(246): include('C:\\lara\\www\\ibl...')
#6 C:\lara\www\iblogg\system\Common.php(1087): CodeIgniter\View\View->render('user/homepost', Array, true)
#7 C:\lara\www\iblogg\app\Controllers\Home.php(17): view('user/homepost', Array)
#8 C:\lara\www\iblogg\app\Controllers\User\Views.php(30): App\Controllers\Home->view('user', 'homepost', Array)
#9 C:\lara\www\iblogg\app\Controllers\Template\View.php(28): App\Controllers\User\Views->index(Object(CodeIgniter\HTTP\IncomingRequest), 3, '0', 0)
#10 C:\lara\www\iblogg\system\CodeIgniter.php(914): App\Controllers\Template\View->view('user')
#11 C:\lara\www\iblogg\system\CodeIgniter.php(400): CodeIgniter\CodeIgniter->runController(Object(App\Controllers\Template\View))
#12 C:\lara\www\iblogg\system\CodeIgniter.php(308): CodeIgniter\CodeIgniter->handleRequest(NULL, Object(Config\Cache), false)
#13 C:\lara\www\iblogg\public\index.php(45): CodeIgniter\CodeIgniter->run()
#14 C:\lara\www\iblogg\system\Commands\Server\rewrite.php(34): require_once('C:\\lara\\www\\ibl...')
#15 {main}
CRITICAL - 2020-09-15 08:29:08 --> Call to undefined method CodeIgniter\Pager\Pager::setSurroundCount()
#0 C:\lara\www\iblogg\system\View\View.php(246): include()
#1 C:\lara\www\iblogg\system\Common.php(1087): CodeIgniter\View\View->render('user/homepost', Array, true)
#2 C:\lara\www\iblogg\app\Controllers\Home.php(17): view('user/homepost', Array)
#3 C:\lara\www\iblogg\app\Controllers\User\Views.php(30): App\Controllers\Home->view('user', 'homepost', Array)
#4 C:\lara\www\iblogg\app\Controllers\Template\View.php(28): App\Controllers\User\Views->index(Object(CodeIgniter\HTTP\IncomingRequest), 3, '0', 0)
#5 C:\lara\www\iblogg\system\CodeIgniter.php(914): App\Controllers\Template\View->view('user')
#6 C:\lara\www\iblogg\system\CodeIgniter.php(400): CodeIgniter\CodeIgniter->runController(Object(App\Controllers\Template\View))
#7 C:\lara\www\iblogg\system\CodeIgniter.php(308): CodeIgniter\CodeIgniter->handleRequest(NULL, Object(Config\Cache), false)
#8 C:\lara\www\iblogg\public\index.php(45): CodeIgniter\CodeIgniter->run()
#9 C:\lara\www\iblogg\system\Commands\Server\rewrite.php(34): require_once('C:\\lara\\www\\ibl...')
#10 {main}
CRITICAL - 2020-09-15 08:30:13 --> Call to undefined method CodeIgniter\Pager\Pager::setSurroundCount()
#0 C:\lara\www\iblogg\system\View\View.php(246): include()
#1 C:\lara\www\iblogg\system\Common.php(1087): CodeIgniter\View\View->render('user/homepost', Array, true)
#2 C:\lara\www\iblogg\app\Controllers\Home.php(17): view('user/homepost', Array)
#3 C:\lara\www\iblogg\app\Controllers\User\Views.php(30): App\Controllers\Home->view('user', 'homepost', Array)
#4 C:\lara\www\iblogg\app\Controllers\Template\View.php(28): App\Controllers\User\Views->index(Object(CodeIgniter\HTTP\IncomingRequest), 3, '0', 0)
#5 C:\lara\www\iblogg\system\CodeIgniter.php(914): App\Controllers\Template\View->view('user')
#6 C:\lara\www\iblogg\system\CodeIgniter.php(400): CodeIgniter\CodeIgniter->runController(Object(App\Controllers\Template\View))
#7 C:\lara\www\iblogg\system\CodeIgniter.php(308): CodeIgniter\CodeIgniter->handleRequest(NULL, Object(Config\Cache), false)
#8 C:\lara\www\iblogg\public\index.php(45): CodeIgniter\CodeIgniter->run()
#9 C:\lara\www\iblogg\system\Commands\Server\rewrite.php(34): require_once('C:\\lara\\www\\ibl...')
#10 {main}
CRITICAL - 2020-09-15 08:30:45 --> Call to undefined method CodeIgniter\Pager\Pager::setSurroundCount()
#0 C:\lara\www\iblogg\system\View\View.php(246): include()
#1 C:\lara\www\iblogg\system\Common.php(1087): CodeIgniter\View\View->render('user/homepost', Array, true)
#2 C:\lara\www\iblogg\app\Controllers\Home.php(17): view('user/homepost', Array)
#3 C:\lara\www\iblogg\app\Controllers\User\Views.php(30): App\Controllers\Home->view('user', 'homepost', Array)
#4 C:\lara\www\iblogg\app\Controllers\Template\View.php(28): App\Controllers\User\Views->index(Object(CodeIgniter\HTTP\IncomingRequest), 3, '0', 0)
#5 C:\lara\www\iblogg\system\CodeIgniter.php(914): App\Controllers\Template\View->view('user')
#6 C:\lara\www\iblogg\system\CodeIgniter.php(400): CodeIgniter\CodeIgniter->runController(Object(App\Controllers\Template\View))
#7 C:\lara\www\iblogg\system\CodeIgniter.php(308): CodeIgniter\CodeIgniter->handleRequest(NULL, Object(Config\Cache), false)
#8 C:\lara\www\iblogg\public\index.php(45): CodeIgniter\CodeIgniter->run()
#9 C:\lara\www\iblogg\system\Commands\Server\rewrite.php(34): require_once('C:\\lara\\www\\ibl...')
#10 {main}
CRITICAL - 2020-09-15 08:31:43 --> array_combine(): Both parameters should have an equal number of elements
#0 [internal function]: CodeIgniter\Debug\Exceptions->errorHandler(2, 'array_combine()...', 'C:\\lara\\www\\ibl...', 74, Array)
#1 C:\lara\www\iblogg\app\Views\user\homepost.php(74): array_combine(Array, Array)
#2 C:\lara\www\iblogg\app\Views\user\homepost.php(79): convertToArray(Object(CodeIgniter\Pager\Pager))
#3 C:\lara\www\iblogg\system\View\View.php(246): include('C:\\lara\\www\\ibl...')
#4 C:\lara\www\iblogg\system\Common.php(1087): CodeIgniter\View\View->render('user/homepost', Array, true)
#5 C:\lara\www\iblogg\app\Controllers\Home.php(17): view('user/homepost', Array)
#6 C:\lara\www\iblogg\app\Controllers\User\Views.php(30): App\Controllers\Home->view('user', 'homepost', Array)
#7 C:\lara\www\iblogg\app\Controllers\Template\View.php(28): App\Controllers\User\Views->index(Object(CodeIgniter\HTTP\IncomingRequest), 3, '0', 0)
#8 C:\lara\www\iblogg\system\CodeIgniter.php(914): App\Controllers\Template\View->view('user')
#9 C:\lara\www\iblogg\system\CodeIgniter.php(400): CodeIgniter\CodeIgniter->runController(Object(App\Controllers\Template\View))
#10 C:\lara\www\iblogg\system\CodeIgniter.php(308): CodeIgniter\CodeIgniter->handleRequest(NULL, Object(Config\Cache), false)
#11 C:\lara\www\iblogg\public\index.php(45): CodeIgniter\CodeIgniter->run()
#12 C:\lara\www\iblogg\system\Commands\Server\rewrite.php(34): require_once('C:\\lara\\www\\ibl...')
#13 {main}
CRITICAL - 2020-09-15 08:32:48 --> Call to undefined method CodeIgniter\Pager\Pager::setSurroundCount()
#0 C:\lara\www\iblogg\system\View\View.php(246): include()
#1 C:\lara\www\iblogg\system\Common.php(1087): CodeIgniter\View\View->render('user/homepost', Array, true)
#2 C:\lara\www\iblogg\app\Controllers\Home.php(17): view('user/homepost', Array)
#3 C:\lara\www\iblogg\app\Controllers\User\Views.php(30): App\Controllers\Home->view('user', 'homepost', Array)
#4 C:\lara\www\iblogg\app\Controllers\Template\View.php(28): App\Controllers\User\Views->index(Object(CodeIgniter\HTTP\IncomingRequest), 3, '0', 0)
#5 C:\lara\www\iblogg\system\CodeIgniter.php(914): App\Controllers\Template\View->view('user')
#6 C:\lara\www\iblogg\system\CodeIgniter.php(400): CodeIgniter\CodeIgniter->runController(Object(App\Controllers\Template\View))
#7 C:\lara\www\iblogg\system\CodeIgniter.php(308): CodeIgniter\CodeIgniter->handleRequest(NULL, Object(Config\Cache), false)
#8 C:\lara\www\iblogg\public\index.php(45): CodeIgniter\CodeIgniter->run()
#9 C:\lara\www\iblogg\system\Commands\Server\rewrite.php(34): require_once('C:\\lara\\www\\ibl...')
#10 {main}
CRITICAL - 2020-09-15 08:33:26 --> Call to undefined method CodeIgniter\Pager\Pager::setSurroundCount()
#0 C:\lara\www\iblogg\system\View\View.php(246): include()
#1 C:\lara\www\iblogg\system\Common.php(1087): CodeIgniter\View\View->render('user/homepost', Array, true)
#2 C:\lara\www\iblogg\app\Controllers\Home.php(17): view('user/homepost', Array)
#3 C:\lara\www\iblogg\app\Controllers\User\Views.php(30): App\Controllers\Home->view('user', 'homepost', Array)
#4 C:\lara\www\iblogg\app\Controllers\Template\View.php(28): App\Controllers\User\Views->index(Object(CodeIgniter\HTTP\IncomingRequest), 3, '0', 0)
#5 C:\lara\www\iblogg\system\CodeIgniter.php(914): App\Controllers\Template\View->view('user')
#6 C:\lara\www\iblogg\system\CodeIgniter.php(400): CodeIgniter\CodeIgniter->runController(Object(App\Controllers\Template\View))
#7 C:\lara\www\iblogg\system\CodeIgniter.php(308): CodeIgniter\CodeIgniter->handleRequest(NULL, Object(Config\Cache), false)
#8 C:\lara\www\iblogg\public\index.php(45): CodeIgniter\CodeIgniter->run()
#9 C:\lara\www\iblogg\system\Commands\Server\rewrite.php(34): require_once('C:\\lara\\www\\ibl...')
#10 {main}
CRITICAL - 2020-09-15 08:39:00 --> homepost is not a valid Pager template.
#0 C:\lara\www\iblogg\system\Pager\Pager.php(182): CodeIgniter\Pager\Exceptions\PagerException::forInvalidTemplate('homepost')
#1 C:\lara\www\iblogg\system\Pager\Pager.php(162): CodeIgniter\Pager\Pager->displayLinks('default', 'homepost')
#2 C:\lara\www\iblogg\app\Views\user\homepost.php(63): CodeIgniter\Pager\Pager->makeLinks(2, 3, 12, 'homepost')
#3 C:\lara\www\iblogg\system\View\View.php(246): include('C:\\lara\\www\\ibl...')
#4 C:\lara\www\iblogg\system\Common.php(1087): CodeIgniter\View\View->render('user/homepost', Array, true)
#5 C:\lara\www\iblogg\app\Controllers\Home.php(17): view('user/homepost', Array)
#6 C:\lara\www\iblogg\app\Controllers\User\Views.php(30): App\Controllers\Home->view('user', 'homepost', Array)
#7 C:\lara\www\iblogg\app\Controllers\Template\View.php(28): App\Controllers\User\Views->index(Object(CodeIgniter\HTTP\IncomingRequest), 3, '0', 0)
#8 C:\lara\www\iblogg\system\CodeIgniter.php(914): App\Controllers\Template\View->view('user')
#9 C:\lara\www\iblogg\system\CodeIgniter.php(400): CodeIgniter\CodeIgniter->runController(Object(App\Controllers\Template\View))
#10 C:\lara\www\iblogg\system\CodeIgniter.php(308): CodeIgniter\CodeIgniter->handleRequest(NULL, Object(Config\Cache), false)
#11 C:\lara\www\iblogg\public\index.php(45): CodeIgniter\CodeIgniter->run()
#12 C:\lara\www\iblogg\system\Commands\Server\rewrite.php(34): require_once('C:\\lara\\www\\ibl...')
#13 {main}
CRITICAL - 2020-09-15 08:39:35 --> Call to undefined method CodeIgniter\Pager\Pager::getLinks()
#0 C:\lara\www\iblogg\system\View\View.php(246): include()
#1 C:\lara\www\iblogg\system\Common.php(1087): CodeIgniter\View\View->render('user/homepost', Array, true)
#2 C:\lara\www\iblogg\app\Controllers\Home.php(17): view('user/homepost', Array)
#3 C:\lara\www\iblogg\app\Controllers\User\Views.php(30): App\Controllers\Home->view('user', 'homepost', Array)
#4 C:\lara\www\iblogg\app\Controllers\Template\View.php(28): App\Controllers\User\Views->index(Object(CodeIgniter\HTTP\IncomingRequest), 3, '0', 0)
#5 C:\lara\www\iblogg\system\CodeIgniter.php(914): App\Controllers\Template\View->view('user')
#6 C:\lara\www\iblogg\system\CodeIgniter.php(400): CodeIgniter\CodeIgniter->runController(Object(App\Controllers\Template\View))
#7 C:\lara\www\iblogg\system\CodeIgniter.php(308): CodeIgniter\CodeIgniter->handleRequest(NULL, Object(Config\Cache), false)
#8 C:\lara\www\iblogg\public\index.php(45): CodeIgniter\CodeIgniter->run()
#9 C:\lara\www\iblogg\system\Commands\Server\rewrite.php(34): require_once('C:\\lara\\www\\ibl...')
#10 {main}
CRITICAL - 2020-09-15 08:51:35 --> Call to undefined method CodeIgniter\Pager\Pager::setSurroundCount()
#0 C:\lara\www\iblogg\system\View\View.php(246): include()
#1 C:\lara\www\iblogg\system\Pager\Pager.php(186): CodeIgniter\View\View->render('App\\Views\\Pager...')
#2 C:\lara\www\iblogg\system\Pager\Pager.php(162): CodeIgniter\Pager\Pager->displayLinks('default', 'default_full')
#3 C:\lara\www\iblogg\app\Views\user\homepost.php(63): CodeIgniter\Pager\Pager->makeLinks(2, 3, 12)
#4 C:\lara\www\iblogg\system\View\View.php(246): include('C:\\lara\\www\\ibl...')
#5 C:\lara\www\iblogg\system\Common.php(1087): CodeIgniter\View\View->render('user/homepost', Array, true)
#6 C:\lara\www\iblogg\app\Controllers\Home.php(17): view('user/homepost', Array)
#7 C:\lara\www\iblogg\app\Controllers\User\Views.php(30): App\Controllers\Home->view('user', 'homepost', Array)
#8 C:\lara\www\iblogg\app\Controllers\Template\View.php(28): App\Controllers\User\Views->index(Object(CodeIgniter\HTTP\IncomingRequest), 3, '0', 0)
#9 C:\lara\www\iblogg\system\CodeIgniter.php(914): App\Controllers\Template\View->view('user')
#10 C:\lara\www\iblogg\system\CodeIgniter.php(400): CodeIgniter\CodeIgniter->runController(Object(App\Controllers\Template\View))
#11 C:\lara\www\iblogg\system\CodeIgniter.php(308): CodeIgniter\CodeIgniter->handleRequest(NULL, Object(Config\Cache), false)
#12 C:\lara\www\iblogg\public\index.php(45): CodeIgniter\CodeIgniter->run()
#13 C:\lara\www\iblogg\system\Commands\Server\rewrite.php(34): require_once('C:\\lara\\www\\ibl...')
#14 {main}
CRITICAL - 2020-09-15 08:52:27 --> Call to undefined method CodeIgniter\Pager\Pager::setSurroundCount()
#0 C:\lara\www\iblogg\system\View\View.php(246): include()
#1 C:\lara\www\iblogg\system\Pager\Pager.php(186): CodeIgniter\View\View->render('App\\Views\\Pager...')
#2 C:\lara\www\iblogg\system\Pager\Pager.php(162): CodeIgniter\Pager\Pager->displayLinks('default', 'default_full')
#3 C:\lara\www\iblogg\app\Views\user\homepost.php(63): CodeIgniter\Pager\Pager->makeLinks(2, 3, 12)
#4 C:\lara\www\iblogg\system\View\View.php(246): include('C:\\lara\\www\\ibl...')
#5 C:\lara\www\iblogg\system\Common.php(1087): CodeIgniter\View\View->render('user/homepost', Array, true)
#6 C:\lara\www\iblogg\app\Controllers\Home.php(17): view('user/homepost', Array)
#7 C:\lara\www\iblogg\app\Controllers\User\Views.php(30): App\Controllers\Home->view('user', 'homepost', Array)
#8 C:\lara\www\iblogg\app\Controllers\Template\View.php(28): App\Controllers\User\Views->index(Object(CodeIgniter\HTTP\IncomingRequest), 3, '0', 0)
#9 C:\lara\www\iblogg\system\CodeIgniter.php(914): App\Controllers\Template\View->view('user')
#10 C:\lara\www\iblogg\system\CodeIgniter.php(400): CodeIgniter\CodeIgniter->runController(Object(App\Controllers\Template\View))
#11 C:\lara\www\iblogg\system\CodeIgniter.php(308): CodeIgniter\CodeIgniter->handleRequest(NULL, Object(Config\Cache), false)
#12 C:\lara\www\iblogg\public\index.php(45): CodeIgniter\CodeIgniter->run()
#13 C:\lara\www\iblogg\system\Commands\Server\rewrite.php(34): require_once('C:\\lara\\www\\ibl...')
#14 {main}
CRITICAL - 2020-09-15 08:54:24 --> Array to string conversion
#0 C:\lara\www\iblogg\app\Views\user\homepost.php(64): CodeIgniter\Debug\Exceptions->errorHandler(8, 'Array to string...', 'C:\\lara\\www\\ibl...', 64, Array)
#1 C:\lara\www\iblogg\system\View\View.php(246): include('C:\\lara\\www\\ibl...')
#2 C:\lara\www\iblogg\system\Common.php(1087): CodeIgniter\View\View->render('user/homepost', Array, true)
#3 C:\lara\www\iblogg\app\Controllers\Home.php(17): view('user/homepost', Array)
#4 C:\lara\www\iblogg\app\Controllers\User\Views.php(30): App\Controllers\Home->view('user', 'homepost', Array)
#5 C:\lara\www\iblogg\app\Controllers\Template\View.php(28): App\Controllers\User\Views->index(Object(CodeIgniter\HTTP\IncomingRequest), 3, '0', 0)
#6 C:\lara\www\iblogg\system\CodeIgniter.php(914): App\Controllers\Template\View->view('user')
#7 C:\lara\www\iblogg\system\CodeIgniter.php(400): CodeIgniter\CodeIgniter->runController(Object(App\Controllers\Template\View))
#8 C:\lara\www\iblogg\system\CodeIgniter.php(308): CodeIgniter\CodeIgniter->handleRequest(NULL, Object(Config\Cache), false)
#9 C:\lara\www\iblogg\public\index.php(45): CodeIgniter\CodeIgniter->run()
#10 C:\lara\www\iblogg\system\Commands\Server\rewrite.php(34): require_once('C:\\lara\\www\\ibl...')
#11 {main}
CRITICAL - 2020-09-15 09:22:28 --> Use of undefined constant request - assumed 'request' (this will throw an Error in a future version of PHP)
#0 C:\lara\www\iblogg\app\Views\Pagers\page_full.php(39): CodeIgniter\Debug\Exceptions->errorHandler(2, 'Use of undefine...', 'C:\\lara\\www\\ibl...', 39, Array)
#1 C:\lara\www\iblogg\system\View\View.php(246): include('C:\\lara\\www\\ibl...')
#2 C:\lara\www\iblogg\system\Pager\Pager.php(186): CodeIgniter\View\View->render('App\\Views\\Pager...')
#3 C:\lara\www\iblogg\system\Pager\Pager.php(121): CodeIgniter\Pager\Pager->displayLinks('homepost', 'default_full')
#4 C:\lara\www\iblogg\app\Views\user\homepost.php(62): CodeIgniter\Pager\Pager->links('homepost')
#5 C:\lara\www\iblogg\system\View\View.php(246): include('C:\\lara\\www\\ibl...')
#6 C:\lara\www\iblogg\system\Common.php(1087): CodeIgniter\View\View->render('user/homepost', Array, true)
#7 C:\lara\www\iblogg\app\Controllers\Home.php(17): view('user/homepost', Array)
#8 C:\lara\www\iblogg\app\Controllers\User\Views.php(30): App\Controllers\Home->view('user', 'homepost', Array)
#9 C:\lara\www\iblogg\app\Controllers\Template\View.php(28): App\Controllers\User\Views->index(Object(CodeIgniter\HTTP\IncomingRequest), 3, '1', 3)
#10 C:\lara\www\iblogg\system\CodeIgniter.php(914): App\Controllers\Template\View->view('user')
#11 C:\lara\www\iblogg\system\CodeIgniter.php(400): CodeIgniter\CodeIgniter->runController(Object(App\Controllers\Template\View))
#12 C:\lara\www\iblogg\system\CodeIgniter.php(308): CodeIgniter\CodeIgniter->handleRequest(NULL, Object(Config\Cache), false)
#13 C:\lara\www\iblogg\public\index.php(45): CodeIgniter\CodeIgniter->run()
#14 C:\lara\www\iblogg\system\Commands\Server\rewrite.php(34): require_once('C:\\lara\\www\\ibl...')
#15 {main}
CRITICAL - 2020-09-15 09:22:46 --> Undefined property: CodeIgniter\View\View::$request
#0 C:\lara\www\iblogg\app\Views\Pagers\page_full.php(39): CodeIgniter\Debug\Exceptions->errorHandler(8, 'Undefined prope...', 'C:\\lara\\www\\ibl...', 39, Array)
#1 C:\lara\www\iblogg\system\View\View.php(246): include('C:\\lara\\www\\ibl...')
#2 C:\lara\www\iblogg\system\Pager\Pager.php(186): CodeIgniter\View\View->render('App\\Views\\Pager...')
#3 C:\lara\www\iblogg\system\Pager\Pager.php(121): CodeIgniter\Pager\Pager->displayLinks('homepost', 'default_full')
#4 C:\lara\www\iblogg\app\Views\user\homepost.php(62): CodeIgniter\Pager\Pager->links('homepost')
#5 C:\lara\www\iblogg\system\View\View.php(246): include('C:\\lara\\www\\ibl...')
#6 C:\lara\www\iblogg\system\Common.php(1087): CodeIgniter\View\View->render('user/homepost', Array, true)
#7 C:\lara\www\iblogg\app\Controllers\Home.php(17): view('user/homepost', Array)
#8 C:\lara\www\iblogg\app\Controllers\User\Views.php(30): App\Controllers\Home->view('user', 'homepost', Array)
#9 C:\lara\www\iblogg\app\Controllers\Template\View.php(28): App\Controllers\User\Views->index(Object(CodeIgniter\HTTP\IncomingRequest), 3, '1', 3)
#10 C:\lara\www\iblogg\system\CodeIgniter.php(914): App\Controllers\Template\View->view('user')
#11 C:\lara\www\iblogg\system\CodeIgniter.php(400): CodeIgniter\CodeIgniter->runController(Object(App\Controllers\Template\View))
#12 C:\lara\www\iblogg\system\CodeIgniter.php(308): CodeIgniter\CodeIgniter->handleRequest(NULL, Object(Config\Cache), false)
#13 C:\lara\www\iblogg\public\index.php(45): CodeIgniter\CodeIgniter->run()
#14 C:\lara\www\iblogg\system\Commands\Server\rewrite.php(34): require_once('C:\\lara\\www\\ibl...')
#15 {main}
CRITICAL - 2020-09-15 09:32:04 --> Call to undefined function url_string()
#0 C:\lara\www\iblogg\app\Views\Pagers\page_full.php(30): getPager('http://localhos...')
#1 C:\lara\www\iblogg\system\View\View.php(246): include('C:\\lara\\www\\ibl...')
#2 C:\lara\www\iblogg\system\Pager\Pager.php(186): CodeIgniter\View\View->render('App\\Views\\Pager...')
#3 C:\lara\www\iblogg\system\Pager\Pager.php(121): CodeIgniter\Pager\Pager->displayLinks('homepost', 'default_full')
#4 C:\lara\www\iblogg\app\Views\user\homepost.php(62): CodeIgniter\Pager\Pager->links('homepost')
#5 C:\lara\www\iblogg\system\View\View.php(246): include('C:\\lara\\www\\ibl...')
#6 C:\lara\www\iblogg\system\Common.php(1087): CodeIgniter\View\View->render('user/homepost', Array, true)
#7 C:\lara\www\iblogg\app\Controllers\Home.php(17): view('user/homepost', Array)
#8 C:\lara\www\iblogg\app\Controllers\User\Views.php(30): App\Controllers\Home->view('user', 'homepost', Array)
#9 C:\lara\www\iblogg\app\Controllers\Template\View.php(28): App\Controllers\User\Views->index(Object(CodeIgniter\HTTP\IncomingRequest), 3, '1', 3)
#10 C:\lara\www\iblogg\system\CodeIgniter.php(914): App\Controllers\Template\View->view('user')
#11 C:\lara\www\iblogg\system\CodeIgniter.php(400): CodeIgniter\CodeIgniter->runController(Object(App\Controllers\Template\View))
#12 C:\lara\www\iblogg\system\CodeIgniter.php(308): CodeIgniter\CodeIgniter->handleRequest(NULL, Object(Config\Cache), false)
#13 C:\lara\www\iblogg\public\index.php(45): CodeIgniter\CodeIgniter->run()
#14 C:\lara\www\iblogg\system\Commands\Server\rewrite.php(34): require_once('C:\\lara\\www\\ibl...')
#15 {main}
CRITICAL - 2020-09-15 09:40:16 --> Array to string conversion
#0 [internal function]: CodeIgniter\Debug\Exceptions->errorHandler(8, 'Array to string...', 'C:\\lara\\www\\ibl...', 20, Array)
#1 C:\lara\www\iblogg\app\Views\Pagers\page_full.php(20): implode('&', Array)
#2 C:\lara\www\iblogg\app\Views\Pagers\page_full.php(43): getPager('page_homepost=1')
#3 C:\lara\www\iblogg\system\View\View.php(246): include('C:\\lara\\www\\ibl...')
#4 C:\lara\www\iblogg\system\Pager\Pager.php(186): CodeIgniter\View\View->render('App\\Views\\Pager...')
#5 C:\lara\www\iblogg\system\Pager\Pager.php(121): CodeIgniter\Pager\Pager->displayLinks('homepost', 'default_full')
#6 C:\lara\www\iblogg\app\Views\user\homepost.php(62): CodeIgniter\Pager\Pager->links('homepost')
#7 C:\lara\www\iblogg\system\View\View.php(246): include('C:\\lara\\www\\ibl...')
#8 C:\lara\www\iblogg\system\Common.php(1087): CodeIgniter\View\View->render('user/homepost', Array, true)
#9 C:\lara\www\iblogg\app\Controllers\Home.php(17): view('user/homepost', Array)
#10 C:\lara\www\iblogg\app\Controllers\User\Views.php(30): App\Controllers\Home->view('user', 'homepost', Array)
#11 C:\lara\www\iblogg\app\Controllers\Template\View.php(28): App\Controllers\User\Views->index(Object(CodeIgniter\HTTP\IncomingRequest), 3, '1', 3)
#12 C:\lara\www\iblogg\system\CodeIgniter.php(914): App\Controllers\Template\View->view('user')
#13 C:\lara\www\iblogg\system\CodeIgniter.php(400): CodeIgniter\CodeIgniter->runController(Object(App\Controllers\Template\View))
#14 C:\lara\www\iblogg\system\CodeIgniter.php(308): CodeIgniter\CodeIgniter->handleRequest(NULL, Object(Config\Cache), false)
#15 C:\lara\www\iblogg\public\index.php(45): CodeIgniter\CodeIgniter->run()
#16 C:\lara\www\iblogg\system\Commands\Server\rewrite.php(34): require_once('C:\\lara\\www\\ibl...')
#17 {main}
CRITICAL - 2020-09-15 09:42:00 --> Array to string conversion
#0 C:\lara\www\iblogg\app\Views\Pagers\page_full.php(22): CodeIgniter\Debug\Exceptions->errorHandler(8, 'Array to string...', 'C:\\lara\\www\\ibl...', 22, Array)
#1 C:\lara\www\iblogg\app\Views\Pagers\page_full.php(45): getPager('page_homepost=1')
#2 C:\lara\www\iblogg\system\View\View.php(246): include('C:\\lara\\www\\ibl...')
#3 C:\lara\www\iblogg\system\Pager\Pager.php(186): CodeIgniter\View\View->render('App\\Views\\Pager...')
#4 C:\lara\www\iblogg\system\Pager\Pager.php(121): CodeIgniter\Pager\Pager->displayLinks('homepost', 'default_full')
#5 C:\lara\www\iblogg\app\Views\user\homepost.php(62): CodeIgniter\Pager\Pager->links('homepost')
#6 C:\lara\www\iblogg\system\View\View.php(246): include('C:\\lara\\www\\ibl...')
#7 C:\lara\www\iblogg\system\Common.php(1087): CodeIgniter\View\View->render('user/homepost', Array, true)
#8 C:\lara\www\iblogg\app\Controllers\Home.php(17): view('user/homepost', Array)
#9 C:\lara\www\iblogg\app\Controllers\User\Views.php(30): App\Controllers\Home->view('user', 'homepost', Array)
#10 C:\lara\www\iblogg\app\Controllers\Template\View.php(28): App\Controllers\User\Views->index(Object(CodeIgniter\HTTP\IncomingRequest), 3, '1', 3)
#11 C:\lara\www\iblogg\system\CodeIgniter.php(914): App\Controllers\Template\View->view('user')
#12 C:\lara\www\iblogg\system\CodeIgniter.php(400): CodeIgniter\CodeIgniter->runController(Object(App\Controllers\Template\View))
#13 C:\lara\www\iblogg\system\CodeIgniter.php(308): CodeIgniter\CodeIgniter->handleRequest(NULL, Object(Config\Cache), false)
#14 C:\lara\www\iblogg\public\index.php(45): CodeIgniter\CodeIgniter->run()
#15 C:\lara\www\iblogg\system\Commands\Server\rewrite.php(34): require_once('C:\\lara\\www\\ibl...')
#16 {main}
CRITICAL - 2020-09-15 09:42:43 --> Array to string conversion
#0 C:\lara\www\iblogg\app\Views\Pagers\page_full.php(20): CodeIgniter\Debug\Exceptions->errorHandler(8, 'Array to string...', 'C:\\lara\\www\\ibl...', 20, Array)
#1 C:\lara\www\iblogg\app\Views\Pagers\page_full.php(45): getPager('page_homepost=1')
#2 C:\lara\www\iblogg\system\View\View.php(246): include('C:\\lara\\www\\ibl...')
#3 C:\lara\www\iblogg\system\Pager\Pager.php(186): CodeIgniter\View\View->render('App\\Views\\Pager...')
#4 C:\lara\www\iblogg\system\Pager\Pager.php(121): CodeIgniter\Pager\Pager->displayLinks('homepost', 'default_full')
#5 C:\lara\www\iblogg\app\Views\user\homepost.php(62): CodeIgniter\Pager\Pager->links('homepost')
#6 C:\lara\www\iblogg\system\View\View.php(246): include('C:\\lara\\www\\ibl...')
#7 C:\lara\www\iblogg\system\Common.php(1087): CodeIgniter\View\View->render('user/homepost', Array, true)
#8 C:\lara\www\iblogg\app\Controllers\Home.php(17): view('user/homepost', Array)
#9 C:\lara\www\iblogg\app\Controllers\User\Views.php(30): App\Controllers\Home->view('user', 'homepost', Array)
#10 C:\lara\www\iblogg\app\Controllers\Template\View.php(28): App\Controllers\User\Views->index(Object(CodeIgniter\HTTP\IncomingRequest), 3, '1', 3)
#11 C:\lara\www\iblogg\system\CodeIgniter.php(914): App\Controllers\Template\View->view('user')
#12 C:\lara\www\iblogg\system\CodeIgniter.php(400): CodeIgniter\CodeIgniter->runController(Object(App\Controllers\Template\View))
#13 C:\lara\www\iblogg\system\CodeIgniter.php(308): CodeIgniter\CodeIgniter->handleRequest(NULL, Object(Config\Cache), false)
#14 C:\lara\www\iblogg\public\index.php(45): CodeIgniter\CodeIgniter->run()
#15 C:\lara\www\iblogg\system\Commands\Server\rewrite.php(34): require_once('C:\\lara\\www\\ibl...')
#16 {main}
CRITICAL - 2020-09-15 09:43:22 --> Array to string conversion
#0 [internal function]: CodeIgniter\Debug\Exceptions->errorHandler(8, 'Array to string...', 'C:\\lara\\www\\ibl...', 20, Array)
#1 C:\lara\www\iblogg\app\Views\Pagers\page_full.php(20): implode('&', Array)
#2 C:\lara\www\iblogg\app\Views\Pagers\page_full.php(45): getPager('page_homepost=1')
#3 C:\lara\www\iblogg\system\View\View.php(246): include('C:\\lara\\www\\ibl...')
#4 C:\lara\www\iblogg\system\Pager\Pager.php(186): CodeIgniter\View\View->render('App\\Views\\Pager...')
#5 C:\lara\www\iblogg\system\Pager\Pager.php(121): CodeIgniter\Pager\Pager->displayLinks('homepost', 'default_full')
#6 C:\lara\www\iblogg\app\Views\user\homepost.php(62): CodeIgniter\Pager\Pager->links('homepost')
#7 C:\lara\www\iblogg\system\View\View.php(246): include('C:\\lara\\www\\ibl...')
#8 C:\lara\www\iblogg\system\Common.php(1087): CodeIgniter\View\View->render('user/homepost', Array, true)
#9 C:\lara\www\iblogg\app\Controllers\Home.php(17): view('user/homepost', Array)
#10 C:\lara\www\iblogg\app\Controllers\User\Views.php(30): App\Controllers\Home->view('user', 'homepost', Array)
#11 C:\lara\www\iblogg\app\Controllers\Template\View.php(28): App\Controllers\User\Views->index(Object(CodeIgniter\HTTP\IncomingRequest), 3, '1', 3)
#12 C:\lara\www\iblogg\system\CodeIgniter.php(914): App\Controllers\Template\View->view('user')
#13 C:\lara\www\iblogg\system\CodeIgniter.php(400): CodeIgniter\CodeIgniter->runController(Object(App\Controllers\Template\View))
#14 C:\lara\www\iblogg\system\CodeIgniter.php(308): CodeIgniter\CodeIgniter->handleRequest(NULL, Object(Config\Cache), false)
#15 C:\lara\www\iblogg\public\index.php(45): CodeIgniter\CodeIgniter->run()
#16 C:\lara\www\iblogg\system\Commands\Server\rewrite.php(34): require_once('C:\\lara\\www\\ibl...')
#17 {main}
CRITICAL - 2020-09-15 09:43:42 --> Array to string conversion
#0 [internal function]: CodeIgniter\Debug\Exceptions->errorHandler(8, 'Array to string...', 'C:\\lara\\www\\ibl...', 20, Array)
#1 C:\lara\www\iblogg\app\Views\Pagers\page_full.php(20): implode('&', Array)
#2 C:\lara\www\iblogg\app\Views\Pagers\page_full.php(45): getPager('page_homepost=1')
#3 C:\lara\www\iblogg\system\View\View.php(246): include('C:\\lara\\www\\ibl...')
#4 C:\lara\www\iblogg\system\Pager\Pager.php(186): CodeIgniter\View\View->render('App\\Views\\Pager...')
#5 C:\lara\www\iblogg\system\Pager\Pager.php(121): CodeIgniter\Pager\Pager->displayLinks('homepost', 'default_full')
#6 C:\lara\www\iblogg\app\Views\user\homepost.php(62): CodeIgniter\Pager\Pager->links('homepost')
#7 C:\lara\www\iblogg\system\View\View.php(246): include('C:\\lara\\www\\ibl...')
#8 C:\lara\www\iblogg\system\Common.php(1087): CodeIgniter\View\View->render('user/homepost', Array, true)
#9 C:\lara\www\iblogg\app\Controllers\Home.php(17): view('user/homepost', Array)
#10 C:\lara\www\iblogg\app\Controllers\User\Views.php(30): App\Controllers\Home->view('user', 'homepost', Array)
#11 C:\lara\www\iblogg\app\Controllers\Template\View.php(28): App\Controllers\User\Views->index(Object(CodeIgniter\HTTP\IncomingRequest), 3, '1', 3)
#12 C:\lara\www\iblogg\system\CodeIgniter.php(914): App\Controllers\Template\View->view('user')
#13 C:\lara\www\iblogg\system\CodeIgniter.php(400): CodeIgniter\CodeIgniter->runController(Object(App\Controllers\Template\View))
#14 C:\lara\www\iblogg\system\CodeIgniter.php(308): CodeIgniter\CodeIgniter->handleRequest(NULL, Object(Config\Cache), false)
#15 C:\lara\www\iblogg\public\index.php(45): CodeIgniter\CodeIgniter->run()
#16 C:\lara\www\iblogg\system\Commands\Server\rewrite.php(34): require_once('C:\\lara\\www\\ibl...')
#17 {main}
CRITICAL - 2020-09-15 09:46:29 --> Undefined offset: 1
#0 C:\lara\www\iblogg\app\Views\Pagers\page_full.php(10): CodeIgniter\Debug\Exceptions->errorHandler(8, 'Undefined offse...', 'C:\\lara\\www\\ibl...', 10, Array)
#1 C:\lara\www\iblogg\app\Views\Pagers\page_full.php(34): getPager('http://localhos...')
#2 C:\lara\www\iblogg\system\View\View.php(246): include('C:\\lara\\www\\ibl...')
#3 C:\lara\www\iblogg\system\Pager\Pager.php(186): CodeIgniter\View\View->render('App\\Views\\Pager...')
#4 C:\lara\www\iblogg\system\Pager\Pager.php(121): CodeIgniter\Pager\Pager->displayLinks('homepost', 'default_full')
#5 C:\lara\www\iblogg\app\Views\user\homepost.php(62): CodeIgniter\Pager\Pager->links('homepost')
#6 C:\lara\www\iblogg\system\View\View.php(246): include('C:\\lara\\www\\ibl...')
#7 C:\lara\www\iblogg\system\Common.php(1087): CodeIgniter\View\View->render('user/homepost', Array, true)
#8 C:\lara\www\iblogg\app\Controllers\Home.php(17): view('user/homepost', Array)
#9 C:\lara\www\iblogg\app\Controllers\User\Views.php(30): App\Controllers\Home->view('user', 'homepost', Array)
#10 C:\lara\www\iblogg\app\Controllers\Template\View.php(28): App\Controllers\User\Views->index(Object(CodeIgniter\HTTP\IncomingRequest), 3, '1', 3)
#11 C:\lara\www\iblogg\system\CodeIgniter.php(914): App\Controllers\Template\View->view('user')
#12 C:\lara\www\iblogg\system\CodeIgniter.php(400): CodeIgniter\CodeIgniter->runController(Object(App\Controllers\Template\View))
#13 C:\lara\www\iblogg\system\CodeIgniter.php(308): CodeIgniter\CodeIgniter->handleRequest(NULL, Object(Config\Cache), false)
#14 C:\lara\www\iblogg\public\index.php(45): CodeIgniter\CodeIgniter->run()
#15 C:\lara\www\iblogg\system\Commands\Server\rewrite.php(34): require_once('C:\\lara\\www\\ibl...')
#16 {main}
CRITICAL - 2020-09-15 09:59:28 --> Undefined variable: pager
#0 C:\lara\www\iblogg\app\Views\admin\posts.php(115): CodeIgniter\Debug\Exceptions->errorHandler(8, 'Undefined varia...', 'C:\\lara\\www\\ibl...', 115, Array)
#1 C:\lara\www\iblogg\system\View\View.php(246): include('C:\\lara\\www\\ibl...')
#2 C:\lara\www\iblogg\system\Common.php(1087): CodeIgniter\View\View->render('admin/posts', Array, true)
#3 C:\lara\www\iblogg\app\Controllers\Home.php(17): view('admin/posts', Array)
#4 C:\lara\www\iblogg\app\Controllers\Admin\Views.php(67): App\Controllers\Home->view('admin', 'posts', Array)
#5 C:\lara\www\iblogg\app\Controllers\Template\View.php(40): App\Controllers\Admin\Views->postsPage(Object(CodeIgniter\HTTP\IncomingRequest), 2, '5', 15)
#6 C:\lara\www\iblogg\system\CodeIgniter.php(914): App\Controllers\Template\View->view('admin')
#7 C:\lara\www\iblogg\system\CodeIgniter.php(400): CodeIgniter\CodeIgniter->runController(Object(App\Controllers\Template\View))
#8 C:\lara\www\iblogg\system\CodeIgniter.php(308): CodeIgniter\CodeIgniter->handleRequest(NULL, Object(Config\Cache), false)
#9 C:\lara\www\iblogg\public\index.php(45): CodeIgniter\CodeIgniter->run()
#10 C:\lara\www\iblogg\system\Commands\Server\rewrite.php(34): require_once('C:\\lara\\www\\ibl...')
#11 {main}
CRITICAL - 2020-09-15 10:03:16 --> Undefined offset: 1
#0 C:\lara\www\iblogg\app\Views\Pagers\page_full.php(6): CodeIgniter\Debug\Exceptions->errorHandler(8, 'Undefined offse...', 'C:\\lara\\www\\ibl...', 6, Array)
#1 C:\lara\www\iblogg\app\Views\Pagers\page_full.php(14): getPager('http://localhos...')
#2 C:\lara\www\iblogg\system\View\View.php(246): include('C:\\lara\\www\\ibl...')
#3 C:\lara\www\iblogg\system\Pager\Pager.php(186): CodeIgniter\View\View->render('App\\Views\\Pager...')
#4 C:\lara\www\iblogg\system\Pager\Pager.php(121): CodeIgniter\Pager\Pager->displayLinks('adminpost', 'default_full')
#5 C:\lara\www\iblogg\app\Views\admin\posts.php(115): CodeIgniter\Pager\Pager->links('adminpost')
#6 C:\lara\www\iblogg\system\View\View.php(246): include('C:\\lara\\www\\ibl...')
#7 C:\lara\www\iblogg\system\Common.php(1087): CodeIgniter\View\View->render('admin/posts', Array, true)
#8 C:\lara\www\iblogg\app\Controllers\Home.php(17): view('admin/posts', Array)
#9 C:\lara\www\iblogg\app\Controllers\Admin\Views.php(68): App\Controllers\Home->view('admin', 'posts', Array)
#10 C:\lara\www\iblogg\app\Controllers\Template\View.php(40): App\Controllers\Admin\Views->postsPage(Object(CodeIgniter\HTTP\IncomingRequest), 2, '5', 15)
#11 C:\lara\www\iblogg\system\CodeIgniter.php(914): App\Controllers\Template\View->view('admin')
#12 C:\lara\www\iblogg\system\CodeIgniter.php(400): CodeIgniter\CodeIgniter->runController(Object(App\Controllers\Template\View))
#13 C:\lara\www\iblogg\system\CodeIgniter.php(308): CodeIgniter\CodeIgniter->handleRequest(NULL, Object(Config\Cache), false)
#14 C:\lara\www\iblogg\public\index.php(45): CodeIgniter\CodeIgniter->run()
#15 C:\lara\www\iblogg\system\Commands\Server\rewrite.php(34): require_once('C:\\lara\\www\\ibl...')
#16 {main}
CRITICAL - 2020-09-15 10:06:45 --> explode() expects at least 2 parameters, 1 given
#0 [internal function]: CodeIgniter\Debug\Exceptions->errorHandler(2, 'explode() expec...', 'C:\\lara\\www\\ibl...', 7, Array)
#1 C:\lara\www\iblogg\app\Views\Pagers\page_full.php(7): explode('adminpost=1')
#2 C:\lara\www\iblogg\app\Views\Pagers\page_full.php(14): getPager('http://localhos...')
#3 C:\lara\www\iblogg\system\View\View.php(246): include('C:\\lara\\www\\ibl...')
#4 C:\lara\www\iblogg\system\Pager\Pager.php(186): CodeIgniter\View\View->render('App\\Views\\Pager...')
#5 C:\lara\www\iblogg\system\Pager\Pager.php(121): CodeIgniter\Pager\Pager->displayLinks('adminpost', 'default_full')
#6 C:\lara\www\iblogg\app\Views\admin\posts.php(115): CodeIgniter\Pager\Pager->links('adminpost')
#7 C:\lara\www\iblogg\system\View\View.php(246): include('C:\\lara\\www\\ibl...')
#8 C:\lara\www\iblogg\system\Common.php(1087): CodeIgniter\View\View->render('admin/posts', Array, true)
#9 C:\lara\www\iblogg\app\Controllers\Home.php(17): view('admin/posts', Array)
#10 C:\lara\www\iblogg\app\Controllers\Admin\Views.php(68): App\Controllers\Home->view('admin', 'posts', Array)
#11 C:\lara\www\iblogg\app\Controllers\Template\View.php(40): App\Controllers\Admin\Views->postsPage(Object(CodeIgniter\HTTP\IncomingRequest), 2, '5', 15)
#12 C:\lara\www\iblogg\system\CodeIgniter.php(914): App\Controllers\Template\View->view('admin')
#13 C:\lara\www\iblogg\system\CodeIgniter.php(400): CodeIgniter\CodeIgniter->runController(Object(App\Controllers\Template\View))
#14 C:\lara\www\iblogg\system\CodeIgniter.php(308): CodeIgniter\CodeIgniter->handleRequest(NULL, Object(Config\Cache), false)
#15 C:\lara\www\iblogg\public\index.php(45): CodeIgniter\CodeIgniter->run()
#16 C:\lara\www\iblogg\system\Commands\Server\rewrite.php(34): require_once('C:\\lara\\www\\ibl...')
#17 {main}
CRITICAL - 2020-09-15 10:07:56 --> syntax error, unexpected '='
#0 C:\lara\www\iblogg\system\Pager\Pager.php(186): CodeIgniter\View\View->render('App\\Views\\Pager...')
#1 C:\lara\www\iblogg\system\Pager\Pager.php(121): CodeIgniter\Pager\Pager->displayLinks('adminpost', 'default_full')
#2 C:\lara\www\iblogg\app\Views\admin\posts.php(115): CodeIgniter\Pager\Pager->links('adminpost')
#3 C:\lara\www\iblogg\system\View\View.php(246): include('C:\\lara\\www\\ibl...')
#4 C:\lara\www\iblogg\system\Common.php(1087): CodeIgniter\View\View->render('admin/posts', Array, true)
#5 C:\lara\www\iblogg\app\Controllers\Home.php(17): view('admin/posts', Array)
#6 C:\lara\www\iblogg\app\Controllers\Admin\Views.php(68): App\Controllers\Home->view('admin', 'posts', Array)
#7 C:\lara\www\iblogg\app\Controllers\Template\View.php(40): App\Controllers\Admin\Views->postsPage(Object(CodeIgniter\HTTP\IncomingRequest), 2, '5', 15)
#8 C:\lara\www\iblogg\system\CodeIgniter.php(914): App\Controllers\Template\View->view('admin')
#9 C:\lara\www\iblogg\system\CodeIgniter.php(400): CodeIgniter\CodeIgniter->runController(Object(App\Controllers\Template\View))
#10 C:\lara\www\iblogg\system\CodeIgniter.php(308): CodeIgniter\CodeIgniter->handleRequest(NULL, Object(Config\Cache), false)
#11 C:\lara\www\iblogg\public\index.php(45): CodeIgniter\CodeIgniter->run()
#12 C:\lara\www\iblogg\system\Commands\Server\rewrite.php(34): require_once('C:\\lara\\www\\ibl...')
#13 {main}
CRITICAL - 2020-09-15 10:08:43 --> str_replace() expects at least 3 parameters, 2 given
#0 [internal function]: CodeIgniter\Debug\Exceptions->errorHandler(2, 'str_replace() e...', 'C:\\lara\\www\\ibl...', 8, Array)
#1 C:\lara\www\iblogg\app\Views\Pagers\page_full.php(8): str_replace('adminpost=1', 'l')
#2 C:\lara\www\iblogg\app\Views\Pagers\page_full.php(15): getPager('http://localhos...')
#3 C:\lara\www\iblogg\system\View\View.php(246): include('C:\\lara\\www\\ibl...')
#4 C:\lara\www\iblogg\system\Pager\Pager.php(186): CodeIgniter\View\View->render('App\\Views\\Pager...')
#5 C:\lara\www\iblogg\system\Pager\Pager.php(121): CodeIgniter\Pager\Pager->displayLinks('adminpost', 'default_full')
#6 C:\lara\www\iblogg\app\Views\admin\posts.php(115): CodeIgniter\Pager\Pager->links('adminpost')
#7 C:\lara\www\iblogg\system\View\View.php(246): include('C:\\lara\\www\\ibl...')
#8 C:\lara\www\iblogg\system\Common.php(1087): CodeIgniter\View\View->render('admin/posts', Array, true)
#9 C:\lara\www\iblogg\app\Controllers\Home.php(17): view('admin/posts', Array)
#10 C:\lara\www\iblogg\app\Controllers\Admin\Views.php(68): App\Controllers\Home->view('admin', 'posts', Array)
#11 C:\lara\www\iblogg\app\Controllers\Template\View.php(40): App\Controllers\Admin\Views->postsPage(Object(CodeIgniter\HTTP\IncomingRequest), 2, '5', 15)
#12 C:\lara\www\iblogg\system\CodeIgniter.php(914): App\Controllers\Template\View->view('admin')
#13 C:\lara\www\iblogg\system\CodeIgniter.php(400): CodeIgniter\CodeIgniter->runController(Object(App\Controllers\Template\View))
#14 C:\lara\www\iblogg\system\CodeIgniter.php(308): CodeIgniter\CodeIgniter->handleRequest(NULL, Object(Config\Cache), false)
#15 C:\lara\www\iblogg\public\index.php(45): CodeIgniter\CodeIgniter->run()
#16 C:\lara\www\iblogg\system\Commands\Server\rewrite.php(34): require_once('C:\\lara\\www\\ibl...')
#17 {main}
CRITICAL - 2020-09-15 10:09:08 --> str_replace() expects at least 3 parameters, 2 given
#0 [internal function]: CodeIgniter\Debug\Exceptions->errorHandler(2, 'str_replace() e...', 'C:\\lara\\www\\ibl...', 8, Array)
#1 C:\lara\www\iblogg\app\Views\Pagers\page_full.php(8): str_replace('adminpost=1', 'l')
#2 C:\lara\www\iblogg\app\Views\Pagers\page_full.php(15): getPager('http://localhos...')
#3 C:\lara\www\iblogg\system\View\View.php(246): include('C:\\lara\\www\\ibl...')
#4 C:\lara\www\iblogg\system\Pager\Pager.php(186): CodeIgniter\View\View->render('App\\Views\\Pager...')
#5 C:\lara\www\iblogg\system\Pager\Pager.php(121): CodeIgniter\Pager\Pager->displayLinks('adminpost', 'default_full')
#6 C:\lara\www\iblogg\app\Views\admin\posts.php(115): CodeIgniter\Pager\Pager->links('adminpost')
#7 C:\lara\www\iblogg\system\View\View.php(246): include('C:\\lara\\www\\ibl...')
#8 C:\lara\www\iblogg\system\Common.php(1087): CodeIgniter\View\View->render('admin/posts', Array, true)
#9 C:\lara\www\iblogg\app\Controllers\Home.php(17): view('admin/posts', Array)
#10 C:\lara\www\iblogg\app\Controllers\Admin\Views.php(68): App\Controllers\Home->view('admin', 'posts', Array)
#11 C:\lara\www\iblogg\app\Controllers\Template\View.php(40): App\Controllers\Admin\Views->postsPage(Object(CodeIgniter\HTTP\IncomingRequest), 2, '5', 15)
#12 C:\lara\www\iblogg\system\CodeIgniter.php(914): App\Controllers\Template\View->view('admin')
#13 C:\lara\www\iblogg\system\CodeIgniter.php(400): CodeIgniter\CodeIgniter->runController(Object(App\Controllers\Template\View))
#14 C:\lara\www\iblogg\system\CodeIgniter.php(308): CodeIgniter\CodeIgniter->handleRequest(NULL, Object(Config\Cache), false)
#15 C:\lara\www\iblogg\public\index.php(45): CodeIgniter\CodeIgniter->run()
#16 C:\lara\www\iblogg\system\Commands\Server\rewrite.php(34): require_once('C:\\lara\\www\\ibl...')
#17 {main}
