CRITICAL - 2020-10-01 14:04:41 --> Undefined variable: posts
#0 C:\lara\www\iblogg\app\Views\admin\posts.php(22): CodeIgniter\Debug\Exceptions->errorHandler(8, 'Undefined varia...', 'C:\\lara\\www\\ibl...', 22, Array)
#1 C:\lara\www\iblogg\system\View\View.php(246): include('C:\\lara\\www\\ibl...')
#2 C:\lara\www\iblogg\system\Common.php(1087): CodeIgniter\View\View->render('admin/posts', Array, true)
#3 C:\lara\www\iblogg\app\Controllers\Home.php(25): view('admin/posts', Array)
#4 C:\lara\www\iblogg\app\Controllers\Admin\Views.php(84): App\Controllers\Home->view('admin', 'posts', Array)
#5 C:\lara\www\iblogg\app\Controllers\Template\View.php(73): App\Controllers\Admin\Views->postsPage(Object(CodeIgniter\HTTP\IncomingRequest), '10', '1', 'pages')
#6 C:\lara\www\iblogg\system\CodeIgniter.php(914): App\Controllers\Template\View->view('admin')
#7 C:\lara\www\iblogg\system\CodeIgniter.php(400): CodeIgniter\CodeIgniter->runController(Object(App\Controllers\Template\View))
#8 C:\lara\www\iblogg\system\CodeIgniter.php(308): CodeIgniter\CodeIgniter->handleRequest(NULL, Object(Config\Cache), false)
#9 C:\lara\www\iblogg\public\index.php(45): CodeIgniter\CodeIgniter->run()
#10 C:\lara\www\iblogg\system\Commands\Server\rewrite.php(34): require_once('C:\\lara\\www\\ibl...')
#11 {main}
CRITICAL - 2020-10-01 14:04:44 --> Undefined variable: posts
#0 C:\lara\www\iblogg\app\Views\admin\posts.php(22): CodeIgniter\Debug\Exceptions->errorHandler(8, 'Undefined varia...', 'C:\\lara\\www\\ibl...', 22, Array)
#1 C:\lara\www\iblogg\system\View\View.php(246): include('C:\\lara\\www\\ibl...')
#2 C:\lara\www\iblogg\system\Common.php(1087): CodeIgniter\View\View->render('admin/posts', Array, true)
#3 C:\lara\www\iblogg\app\Controllers\Home.php(25): view('admin/posts', Array)
#4 C:\lara\www\iblogg\app\Controllers\Admin\Views.php(84): App\Controllers\Home->view('admin', 'posts', Array)
#5 C:\lara\www\iblogg\app\Controllers\Template\View.php(73): App\Controllers\Admin\Views->postsPage(Object(CodeIgniter\HTTP\IncomingRequest), '10', '1', 'pages')
#6 C:\lara\www\iblogg\system\CodeIgniter.php(914): App\Controllers\Template\View->view('admin')
#7 C:\lara\www\iblogg\system\CodeIgniter.php(400): CodeIgniter\CodeIgniter->runController(Object(App\Controllers\Template\View))
#8 C:\lara\www\iblogg\system\CodeIgniter.php(308): CodeIgniter\CodeIgniter->handleRequest(NULL, Object(Config\Cache), false)
#9 C:\lara\www\iblogg\public\index.php(45): CodeIgniter\CodeIgniter->run()
#10 C:\lara\www\iblogg\system\Commands\Server\rewrite.php(34): require_once('C:\\lara\\www\\ibl...')
#11 {main}
CRITICAL - 2020-10-01 14:36:27 --> Call to a member function findAll() on array
#0 C:\lara\www\iblogg\app\Controllers\Template\View.php(73): App\Controllers\Admin\Views->postsPage(Object(CodeIgniter\HTTP\IncomingRequest), '10', '1', 'pages')
#1 C:\lara\www\iblogg\system\CodeIgniter.php(914): App\Controllers\Template\View->view('admin')
#2 C:\lara\www\iblogg\system\CodeIgniter.php(400): CodeIgniter\CodeIgniter->runController(Object(App\Controllers\Template\View))
#3 C:\lara\www\iblogg\system\CodeIgniter.php(308): CodeIgniter\CodeIgniter->handleRequest(NULL, Object(Config\Cache), false)
#4 C:\lara\www\iblogg\public\index.php(45): CodeIgniter\CodeIgniter->run()
#5 C:\lara\www\iblogg\system\Commands\Server\rewrite.php(34): require_once('C:\\lara\\www\\ibl...')
#6 {main}
CRITICAL - 2020-10-01 20:34:15 --> No connection could be made because the target machine actively refused it.

#0 C:\lara\www\iblogg\system\Database\BaseConnection.php(377): CodeIgniter\Database\MySQLi\Connection->connect(false)
#1 C:\lara\www\iblogg\system\Database\Database.php(109): CodeIgniter\Database\BaseConnection->initialize()
#2 C:\lara\www\iblogg\system\Database\Config.php(148): CodeIgniter\Database\Database->loadForge(Object(CodeIgniter\Database\MySQLi\Connection))
#3 C:\lara\www\iblogg\app\Libraries\Setup.php(10): CodeIgniter\Database\Config::forge('startup')
#4 C:\lara\www\iblogg\app\Controllers\Template\View.php(12): App\Libraries\Setup->__construct()
#5 C:\lara\www\iblogg\system\CodeIgniter.php(886): App\Controllers\Template\View->__construct()
#6 C:\lara\www\iblogg\system\CodeIgniter.php(395): CodeIgniter\CodeIgniter->createController()
#7 C:\lara\www\iblogg\system\CodeIgniter.php(308): CodeIgniter\CodeIgniter->handleRequest(NULL, Object(Config\Cache), false)
#8 C:\lara\www\iblogg\public\index.php(45): CodeIgniter\CodeIgniter->run()
#9 C:\lara\www\iblogg\system\Commands\Server\rewrite.php(34): require_once('C:\\lara\\www\\ibl...')
#10 {main}
CRITICAL - 2020-10-01 20:34:20 --> No connection could be made because the target machine actively refused it.

#0 C:\lara\www\iblogg\system\Database\BaseConnection.php(377): CodeIgniter\Database\MySQLi\Connection->connect(false)
#1 C:\lara\www\iblogg\system\Database\Database.php(109): CodeIgniter\Database\BaseConnection->initialize()
#2 C:\lara\www\iblogg\system\Database\Config.php(148): CodeIgniter\Database\Database->loadForge(Object(CodeIgniter\Database\MySQLi\Connection))
#3 C:\lara\www\iblogg\app\Libraries\Setup.php(10): CodeIgniter\Database\Config::forge('startup')
#4 C:\lara\www\iblogg\app\Controllers\Template\View.php(12): App\Libraries\Setup->__construct()
#5 C:\lara\www\iblogg\system\CodeIgniter.php(886): App\Controllers\Template\View->__construct()
#6 C:\lara\www\iblogg\system\CodeIgniter.php(395): CodeIgniter\CodeIgniter->createController()
#7 C:\lara\www\iblogg\system\CodeIgniter.php(308): CodeIgniter\CodeIgniter->handleRequest(NULL, Object(Config\Cache), false)
#8 C:\lara\www\iblogg\public\index.php(45): CodeIgniter\CodeIgniter->run()
#9 C:\lara\www\iblogg\system\Commands\Server\rewrite.php(34): require_once('C:\\lara\\www\\ibl...')
#10 {main}
CRITICAL - 2020-10-01 20:34:31 --> No connection could be made because the target machine actively refused it.

#0 C:\lara\www\iblogg\system\Database\BaseConnection.php(377): CodeIgniter\Database\MySQLi\Connection->connect(false)
#1 C:\lara\www\iblogg\system\Database\Database.php(109): CodeIgniter\Database\BaseConnection->initialize()
#2 C:\lara\www\iblogg\system\Database\Config.php(148): CodeIgniter\Database\Database->loadForge(Object(CodeIgniter\Database\MySQLi\Connection))
#3 C:\lara\www\iblogg\app\Libraries\Setup.php(10): CodeIgniter\Database\Config::forge('startup')
#4 C:\lara\www\iblogg\app\Controllers\Template\View.php(12): App\Libraries\Setup->__construct()
#5 C:\lara\www\iblogg\system\CodeIgniter.php(886): App\Controllers\Template\View->__construct()
#6 C:\lara\www\iblogg\system\CodeIgniter.php(395): CodeIgniter\CodeIgniter->createController()
#7 C:\lara\www\iblogg\system\CodeIgniter.php(308): CodeIgniter\CodeIgniter->handleRequest(NULL, Object(Config\Cache), false)
#8 C:\lara\www\iblogg\public\index.php(45): CodeIgniter\CodeIgniter->run()
#9 C:\lara\www\iblogg\system\Commands\Server\rewrite.php(34): require_once('C:\\lara\\www\\ibl...')
#10 {main}
CRITICAL - 2020-10-01 20:35:56 --> No connection could be made because the target machine actively refused it.

#0 C:\lara\www\iblogg\system\Database\BaseConnection.php(377): CodeIgniter\Database\MySQLi\Connection->connect(false)
#1 C:\lara\www\iblogg\system\Database\Database.php(109): CodeIgniter\Database\BaseConnection->initialize()
#2 C:\lara\www\iblogg\system\Database\Config.php(148): CodeIgniter\Database\Database->loadForge(Object(CodeIgniter\Database\MySQLi\Connection))
#3 C:\lara\www\iblogg\app\Libraries\Setup.php(10): CodeIgniter\Database\Config::forge('startup')
#4 C:\lara\www\iblogg\app\Controllers\Template\View.php(12): App\Libraries\Setup->__construct()
#5 C:\lara\www\iblogg\system\CodeIgniter.php(886): App\Controllers\Template\View->__construct()
#6 C:\lara\www\iblogg\system\CodeIgniter.php(395): CodeIgniter\CodeIgniter->createController()
#7 C:\lara\www\iblogg\system\CodeIgniter.php(308): CodeIgniter\CodeIgniter->handleRequest(NULL, Object(Config\Cache), false)
#8 C:\lara\www\iblogg\public\index.php(45): CodeIgniter\CodeIgniter->run()
#9 C:\lara\www\iblogg\system\Commands\Server\rewrite.php(34): require_once('C:\\lara\\www\\ibl...')
#10 {main}
CRITICAL - 2020-10-01 20:36:04 --> No connection could be made because the target machine actively refused it.

#0 C:\lara\www\iblogg\system\Database\BaseConnection.php(377): CodeIgniter\Database\MySQLi\Connection->connect(false)
#1 C:\lara\www\iblogg\system\Database\Database.php(109): CodeIgniter\Database\BaseConnection->initialize()
#2 C:\lara\www\iblogg\system\Database\Config.php(148): CodeIgniter\Database\Database->loadForge(Object(CodeIgniter\Database\MySQLi\Connection))
#3 C:\lara\www\iblogg\app\Libraries\Setup.php(10): CodeIgniter\Database\Config::forge('startup')
#4 C:\lara\www\iblogg\app\Controllers\Template\View.php(12): App\Libraries\Setup->__construct()
#5 C:\lara\www\iblogg\system\CodeIgniter.php(886): App\Controllers\Template\View->__construct()
#6 C:\lara\www\iblogg\system\CodeIgniter.php(395): CodeIgniter\CodeIgniter->createController()
#7 C:\lara\www\iblogg\system\CodeIgniter.php(308): CodeIgniter\CodeIgniter->handleRequest(NULL, Object(Config\Cache), false)
#8 C:\lara\www\iblogg\public\index.php(45): CodeIgniter\CodeIgniter->run()
#9 C:\lara\www\iblogg\system\Commands\Server\rewrite.php(34): require_once('C:\\lara\\www\\ibl...')
#10 {main}
CRITICAL - 2020-10-01 20:36:45 --> No connection could be made because the target machine actively refused it.

#0 C:\lara\www\iblogg\system\Database\BaseConnection.php(377): CodeIgniter\Database\MySQLi\Connection->connect(false)
#1 C:\lara\www\iblogg\system\Database\Database.php(109): CodeIgniter\Database\BaseConnection->initialize()
#2 C:\lara\www\iblogg\system\Database\Config.php(148): CodeIgniter\Database\Database->loadForge(Object(CodeIgniter\Database\MySQLi\Connection))
#3 C:\lara\www\iblogg\app\Libraries\Setup.php(10): CodeIgniter\Database\Config::forge('startup')
#4 C:\lara\www\iblogg\app\Controllers\Template\View.php(12): App\Libraries\Setup->__construct()
#5 C:\lara\www\iblogg\system\CodeIgniter.php(886): App\Controllers\Template\View->__construct()
#6 C:\lara\www\iblogg\system\CodeIgniter.php(395): CodeIgniter\CodeIgniter->createController()
#7 C:\lara\www\iblogg\system\CodeIgniter.php(308): CodeIgniter\CodeIgniter->handleRequest(NULL, Object(Config\Cache), false)
#8 C:\lara\www\iblogg\public\index.php(45): CodeIgniter\CodeIgniter->run()
#9 C:\lara\www\iblogg\system\Commands\Server\rewrite.php(34): require_once('C:\\lara\\www\\ibl...')
#10 {main}
CRITICAL - 2020-10-01 20:44:09 --> Column 'post_type' cannot be null
#0 C:\lara\www\iblogg\system\Database\MySQLi\Connection.php(331): mysqli->query('INSERT INTO `po...')
#1 C:\lara\www\iblogg\system\Database\BaseConnection.php(738): CodeIgniter\Database\MySQLi\Connection->execute('INSERT INTO `po...')
#2 C:\lara\www\iblogg\system\Database\BaseConnection.php(666): CodeIgniter\Database\BaseConnection->simpleQuery('INSERT INTO `po...')
#3 C:\lara\www\iblogg\system\Database\BaseBuilder.php(2234): CodeIgniter\Database\BaseConnection->query('INSERT INTO `po...', Array, false)
#4 C:\lara\www\iblogg\system\Model.php(729): CodeIgniter\Database\BaseBuilder->insert()
#5 C:\lara\www\iblogg\system\Model.php(557): CodeIgniter\Model->insert(Array, false)
#6 C:\lara\www\iblogg\app\Controllers\Api\Posts.php(55): CodeIgniter\Model->save(Array)
#7 C:\lara\www\iblogg\system\CodeIgniter.php(914): App\Controllers\Api\Posts->handlePost()
#8 C:\lara\www\iblogg\system\CodeIgniter.php(400): CodeIgniter\CodeIgniter->runController(Object(App\Controllers\Api\Posts))
#9 C:\lara\www\iblogg\system\CodeIgniter.php(308): CodeIgniter\CodeIgniter->handleRequest(NULL, Object(Config\Cache), false)
#10 C:\lara\www\iblogg\public\index.php(45): CodeIgniter\CodeIgniter->run()
#11 C:\lara\www\iblogg\system\Commands\Server\rewrite.php(34): require_once('C:\\lara\\www\\ibl...')
#12 {main}
CRITICAL - 2020-10-01 20:45:21 --> Column 'post_type' cannot be null
#0 C:\lara\www\iblogg\system\Database\MySQLi\Connection.php(331): mysqli->query('INSERT INTO `po...')
#1 C:\lara\www\iblogg\system\Database\BaseConnection.php(738): CodeIgniter\Database\MySQLi\Connection->execute('INSERT INTO `po...')
#2 C:\lara\www\iblogg\system\Database\BaseConnection.php(666): CodeIgniter\Database\BaseConnection->simpleQuery('INSERT INTO `po...')
#3 C:\lara\www\iblogg\system\Database\BaseBuilder.php(2234): CodeIgniter\Database\BaseConnection->query('INSERT INTO `po...', Array, false)
#4 C:\lara\www\iblogg\system\Model.php(729): CodeIgniter\Database\BaseBuilder->insert()
#5 C:\lara\www\iblogg\system\Model.php(557): CodeIgniter\Model->insert(Array, false)
#6 C:\lara\www\iblogg\app\Controllers\Api\Posts.php(55): CodeIgniter\Model->save(Array)
#7 C:\lara\www\iblogg\system\CodeIgniter.php(914): App\Controllers\Api\Posts->handlePost()
#8 C:\lara\www\iblogg\system\CodeIgniter.php(400): CodeIgniter\CodeIgniter->runController(Object(App\Controllers\Api\Posts))
#9 C:\lara\www\iblogg\system\CodeIgniter.php(308): CodeIgniter\CodeIgniter->handleRequest(NULL, Object(Config\Cache), false)
#10 C:\lara\www\iblogg\public\index.php(45): CodeIgniter\CodeIgniter->run()
#11 C:\lara\www\iblogg\system\Commands\Server\rewrite.php(34): require_once('C:\\lara\\www\\ibl...')
#12 {main}
CRITICAL - 2020-10-01 20:46:20 --> Column 'post_type' cannot be null
#0 C:\lara\www\iblogg\system\Database\MySQLi\Connection.php(331): mysqli->query('INSERT INTO `po...')
#1 C:\lara\www\iblogg\system\Database\BaseConnection.php(738): CodeIgniter\Database\MySQLi\Connection->execute('INSERT INTO `po...')
#2 C:\lara\www\iblogg\system\Database\BaseConnection.php(666): CodeIgniter\Database\BaseConnection->simpleQuery('INSERT INTO `po...')
#3 C:\lara\www\iblogg\system\Database\BaseBuilder.php(2234): CodeIgniter\Database\BaseConnection->query('INSERT INTO `po...', Array, false)
#4 C:\lara\www\iblogg\system\Model.php(729): CodeIgniter\Database\BaseBuilder->insert()
#5 C:\lara\www\iblogg\system\Model.php(557): CodeIgniter\Model->insert(Array, false)
#6 C:\lara\www\iblogg\app\Controllers\Api\Posts.php(55): CodeIgniter\Model->save(Array)
#7 C:\lara\www\iblogg\system\CodeIgniter.php(914): App\Controllers\Api\Posts->handlePost()
#8 C:\lara\www\iblogg\system\CodeIgniter.php(400): CodeIgniter\CodeIgniter->runController(Object(App\Controllers\Api\Posts))
#9 C:\lara\www\iblogg\system\CodeIgniter.php(308): CodeIgniter\CodeIgniter->handleRequest(NULL, Object(Config\Cache), false)
#10 C:\lara\www\iblogg\public\index.php(45): CodeIgniter\CodeIgniter->run()
#11 C:\lara\www\iblogg\system\Commands\Server\rewrite.php(34): require_once('C:\\lara\\www\\ibl...')
#12 {main}
CRITICAL - 2020-10-01 20:47:15 --> Column 'post_type' cannot be null
#0 C:\lara\www\iblogg\system\Database\MySQLi\Connection.php(331): mysqli->query('INSERT INTO `po...')
#1 C:\lara\www\iblogg\system\Database\BaseConnection.php(738): CodeIgniter\Database\MySQLi\Connection->execute('INSERT INTO `po...')
#2 C:\lara\www\iblogg\system\Database\BaseConnection.php(666): CodeIgniter\Database\BaseConnection->simpleQuery('INSERT INTO `po...')
#3 C:\lara\www\iblogg\system\Database\BaseBuilder.php(2234): CodeIgniter\Database\BaseConnection->query('INSERT INTO `po...', Array, false)
#4 C:\lara\www\iblogg\system\Model.php(729): CodeIgniter\Database\BaseBuilder->insert()
#5 C:\lara\www\iblogg\system\Model.php(557): CodeIgniter\Model->insert(Array, false)
#6 C:\lara\www\iblogg\app\Controllers\Api\Posts.php(55): CodeIgniter\Model->save(Array)
#7 C:\lara\www\iblogg\system\CodeIgniter.php(914): App\Controllers\Api\Posts->handlePost()
#8 C:\lara\www\iblogg\system\CodeIgniter.php(400): CodeIgniter\CodeIgniter->runController(Object(App\Controllers\Api\Posts))
#9 C:\lara\www\iblogg\system\CodeIgniter.php(308): CodeIgniter\CodeIgniter->handleRequest(NULL, Object(Config\Cache), false)
#10 C:\lara\www\iblogg\public\index.php(45): CodeIgniter\CodeIgniter->run()
#11 C:\lara\www\iblogg\system\Commands\Server\rewrite.php(34): require_once('C:\\lara\\www\\ibl...')
#12 {main}
CRITICAL - 2020-10-01 20:48:59 --> Column 'post_type' cannot be null
#0 C:\lara\www\iblogg\system\Database\MySQLi\Connection.php(331): mysqli->query('INSERT INTO `po...')
#1 C:\lara\www\iblogg\system\Database\BaseConnection.php(738): CodeIgniter\Database\MySQLi\Connection->execute('INSERT INTO `po...')
#2 C:\lara\www\iblogg\system\Database\BaseConnection.php(666): CodeIgniter\Database\BaseConnection->simpleQuery('INSERT INTO `po...')
#3 C:\lara\www\iblogg\system\Database\BaseBuilder.php(2234): CodeIgniter\Database\BaseConnection->query('INSERT INTO `po...', Array, false)
#4 C:\lara\www\iblogg\system\Model.php(729): CodeIgniter\Database\BaseBuilder->insert()
#5 C:\lara\www\iblogg\system\Model.php(557): CodeIgniter\Model->insert(Array, false)
#6 C:\lara\www\iblogg\app\Controllers\Api\Posts.php(55): CodeIgniter\Model->save(Array)
#7 C:\lara\www\iblogg\system\CodeIgniter.php(914): App\Controllers\Api\Posts->handlePost()
#8 C:\lara\www\iblogg\system\CodeIgniter.php(400): CodeIgniter\CodeIgniter->runController(Object(App\Controllers\Api\Posts))
#9 C:\lara\www\iblogg\system\CodeIgniter.php(308): CodeIgniter\CodeIgniter->handleRequest(NULL, Object(Config\Cache), false)
#10 C:\lara\www\iblogg\public\index.php(45): CodeIgniter\CodeIgniter->run()
#11 C:\lara\www\iblogg\system\Commands\Server\rewrite.php(34): require_once('C:\\lara\\www\\ibl...')
#12 {main}
CRITICAL - 2020-10-01 20:49:35 --> Column 'post_type' cannot be null
#0 C:\lara\www\iblogg\system\Database\MySQLi\Connection.php(331): mysqli->query('INSERT INTO `po...')
#1 C:\lara\www\iblogg\system\Database\BaseConnection.php(738): CodeIgniter\Database\MySQLi\Connection->execute('INSERT INTO `po...')
#2 C:\lara\www\iblogg\system\Database\BaseConnection.php(666): CodeIgniter\Database\BaseConnection->simpleQuery('INSERT INTO `po...')
#3 C:\lara\www\iblogg\system\Database\BaseBuilder.php(2234): CodeIgniter\Database\BaseConnection->query('INSERT INTO `po...', Array, false)
#4 C:\lara\www\iblogg\system\Model.php(729): CodeIgniter\Database\BaseBuilder->insert()
#5 C:\lara\www\iblogg\system\Model.php(557): CodeIgniter\Model->insert(Array, false)
#6 C:\lara\www\iblogg\app\Controllers\Api\Posts.php(55): CodeIgniter\Model->save(Array)
#7 C:\lara\www\iblogg\system\CodeIgniter.php(914): App\Controllers\Api\Posts->handlePost()
#8 C:\lara\www\iblogg\system\CodeIgniter.php(400): CodeIgniter\CodeIgniter->runController(Object(App\Controllers\Api\Posts))
#9 C:\lara\www\iblogg\system\CodeIgniter.php(308): CodeIgniter\CodeIgniter->handleRequest(NULL, Object(Config\Cache), false)
#10 C:\lara\www\iblogg\public\index.php(45): CodeIgniter\CodeIgniter->run()
#11 C:\lara\www\iblogg\system\Commands\Server\rewrite.php(34): require_once('C:\\lara\\www\\ibl...')
#12 {main}
CRITICAL - 2020-10-01 21:11:08 --> count(): Parameter must be an array or an object that implements Countable
#0 C:\lara\www\iblogg\app\Views\admin\posts.php(22): CodeIgniter\Debug\Exceptions->errorHandler(2, 'count(): Parame...', 'C:\\lara\\www\\ibl...', 22, Array)
#1 C:\lara\www\iblogg\system\View\View.php(246): include('C:\\lara\\www\\ibl...')
#2 C:\lara\www\iblogg\system\Common.php(1087): CodeIgniter\View\View->render('admin/posts', Array, true)
#3 C:\lara\www\iblogg\app\Controllers\Home.php(25): view('admin/posts', Array)
#4 C:\lara\www\iblogg\app\Controllers\Admin\Views.php(103): App\Controllers\Home->view('admin', 'posts', Array)
#5 C:\lara\www\iblogg\app\Controllers\Template\View.php(73): App\Controllers\Admin\Views->postsPage(Object(CodeIgniter\HTTP\IncomingRequest), '10', '1', 'posts')
#6 C:\lara\www\iblogg\system\CodeIgniter.php(914): App\Controllers\Template\View->view('admin')
#7 C:\lara\www\iblogg\system\CodeIgniter.php(400): CodeIgniter\CodeIgniter->runController(Object(App\Controllers\Template\View))
#8 C:\lara\www\iblogg\system\CodeIgniter.php(308): CodeIgniter\CodeIgniter->handleRequest(NULL, Object(Config\Cache), false)
#9 C:\lara\www\iblogg\public\index.php(45): CodeIgniter\CodeIgniter->run()
#10 C:\lara\www\iblogg\system\Commands\Server\rewrite.php(34): require_once('C:\\lara\\www\\ibl...')
#11 {main}
CRITICAL - 2020-10-01 21:11:10 --> count(): Parameter must be an array or an object that implements Countable
#0 C:\lara\www\iblogg\app\Views\admin\posts.php(22): CodeIgniter\Debug\Exceptions->errorHandler(2, 'count(): Parame...', 'C:\\lara\\www\\ibl...', 22, Array)
#1 C:\lara\www\iblogg\system\View\View.php(246): include('C:\\lara\\www\\ibl...')
#2 C:\lara\www\iblogg\system\Common.php(1087): CodeIgniter\View\View->render('admin/posts', Array, true)
#3 C:\lara\www\iblogg\app\Controllers\Home.php(25): view('admin/posts', Array)
#4 C:\lara\www\iblogg\app\Controllers\Admin\Views.php(103): App\Controllers\Home->view('admin', 'posts', Array)
#5 C:\lara\www\iblogg\app\Controllers\Template\View.php(73): App\Controllers\Admin\Views->postsPage(Object(CodeIgniter\HTTP\IncomingRequest), '10', '1', 'posts')
#6 C:\lara\www\iblogg\system\CodeIgniter.php(914): App\Controllers\Template\View->view('admin')
#7 C:\lara\www\iblogg\system\CodeIgniter.php(400): CodeIgniter\CodeIgniter->runController(Object(App\Controllers\Template\View))
#8 C:\lara\www\iblogg\system\CodeIgniter.php(308): CodeIgniter\CodeIgniter->handleRequest(NULL, Object(Config\Cache), false)
#9 C:\lara\www\iblogg\public\index.php(45): CodeIgniter\CodeIgniter->run()
#10 C:\lara\www\iblogg\system\Commands\Server\rewrite.php(34): require_once('C:\\lara\\www\\ibl...')
#11 {main}
CRITICAL - 2020-10-01 21:11:11 --> count(): Parameter must be an array or an object that implements Countable
#0 C:\lara\www\iblogg\app\Views\admin\posts.php(22): CodeIgniter\Debug\Exceptions->errorHandler(2, 'count(): Parame...', 'C:\\lara\\www\\ibl...', 22, Array)
#1 C:\lara\www\iblogg\system\View\View.php(246): include('C:\\lara\\www\\ibl...')
#2 C:\lara\www\iblogg\system\Common.php(1087): CodeIgniter\View\View->render('admin/posts', Array, true)
#3 C:\lara\www\iblogg\app\Controllers\Home.php(25): view('admin/posts', Array)
#4 C:\lara\www\iblogg\app\Controllers\Admin\Views.php(103): App\Controllers\Home->view('admin', 'posts', Array)
#5 C:\lara\www\iblogg\app\Controllers\Template\View.php(73): App\Controllers\Admin\Views->postsPage(Object(CodeIgniter\HTTP\IncomingRequest), '10', '1', 'posts')
#6 C:\lara\www\iblogg\system\CodeIgniter.php(914): App\Controllers\Template\View->view('admin')
#7 C:\lara\www\iblogg\system\CodeIgniter.php(400): CodeIgniter\CodeIgniter->runController(Object(App\Controllers\Template\View))
#8 C:\lara\www\iblogg\system\CodeIgniter.php(308): CodeIgniter\CodeIgniter->handleRequest(NULL, Object(Config\Cache), false)
#9 C:\lara\www\iblogg\public\index.php(45): CodeIgniter\CodeIgniter->run()
#10 C:\lara\www\iblogg\system\Commands\Server\rewrite.php(34): require_once('C:\\lara\\www\\ibl...')
#11 {main}
CRITICAL - 2020-10-01 21:14:32 --> count(): Parameter must be an array or an object that implements Countable
#0 C:\lara\www\iblogg\app\Views\admin\posts.php(22): CodeIgniter\Debug\Exceptions->errorHandler(2, 'count(): Parame...', 'C:\\lara\\www\\ibl...', 22, Array)
#1 C:\lara\www\iblogg\system\View\View.php(246): include('C:\\lara\\www\\ibl...')
#2 C:\lara\www\iblogg\system\Common.php(1087): CodeIgniter\View\View->render('admin/posts', Array, true)
#3 C:\lara\www\iblogg\app\Controllers\Home.php(25): view('admin/posts', Array)
#4 C:\lara\www\iblogg\app\Controllers\Admin\Views.php(103): App\Controllers\Home->view('admin', 'posts', Array)
#5 C:\lara\www\iblogg\app\Controllers\Template\View.php(73): App\Controllers\Admin\Views->postsPage(Object(CodeIgniter\HTTP\IncomingRequest), '10', '1', 'posts')
#6 C:\lara\www\iblogg\system\CodeIgniter.php(914): App\Controllers\Template\View->view('admin')
#7 C:\lara\www\iblogg\system\CodeIgniter.php(400): CodeIgniter\CodeIgniter->runController(Object(App\Controllers\Template\View))
#8 C:\lara\www\iblogg\system\CodeIgniter.php(308): CodeIgniter\CodeIgniter->handleRequest(NULL, Object(Config\Cache), false)
#9 C:\lara\www\iblogg\public\index.php(45): CodeIgniter\CodeIgniter->run()
#10 C:\lara\www\iblogg\system\Commands\Server\rewrite.php(34): require_once('C:\\lara\\www\\ibl...')
#11 {main}
CRITICAL - 2020-10-01 21:14:33 --> count(): Parameter must be an array or an object that implements Countable
#0 C:\lara\www\iblogg\app\Views\admin\posts.php(22): CodeIgniter\Debug\Exceptions->errorHandler(2, 'count(): Parame...', 'C:\\lara\\www\\ibl...', 22, Array)
#1 C:\lara\www\iblogg\system\View\View.php(246): include('C:\\lara\\www\\ibl...')
#2 C:\lara\www\iblogg\system\Common.php(1087): CodeIgniter\View\View->render('admin/posts', Array, true)
#3 C:\lara\www\iblogg\app\Controllers\Home.php(25): view('admin/posts', Array)
#4 C:\lara\www\iblogg\app\Controllers\Admin\Views.php(103): App\Controllers\Home->view('admin', 'posts', Array)
#5 C:\lara\www\iblogg\app\Controllers\Template\View.php(73): App\Controllers\Admin\Views->postsPage(Object(CodeIgniter\HTTP\IncomingRequest), '10', '1', 'posts')
#6 C:\lara\www\iblogg\system\CodeIgniter.php(914): App\Controllers\Template\View->view('admin')
#7 C:\lara\www\iblogg\system\CodeIgniter.php(400): CodeIgniter\CodeIgniter->runController(Object(App\Controllers\Template\View))
#8 C:\lara\www\iblogg\system\CodeIgniter.php(308): CodeIgniter\CodeIgniter->handleRequest(NULL, Object(Config\Cache), false)
#9 C:\lara\www\iblogg\public\index.php(45): CodeIgniter\CodeIgniter->run()
#10 C:\lara\www\iblogg\system\Commands\Server\rewrite.php(34): require_once('C:\\lara\\www\\ibl...')
#11 {main}
CRITICAL - 2020-10-01 21:17:25 --> count(): Parameter must be an array or an object that implements Countable
#0 C:\lara\www\iblogg\app\Views\admin\posts.php(22): CodeIgniter\Debug\Exceptions->errorHandler(2, 'count(): Parame...', 'C:\\lara\\www\\ibl...', 22, Array)
#1 C:\lara\www\iblogg\system\View\View.php(246): include('C:\\lara\\www\\ibl...')
#2 C:\lara\www\iblogg\system\Common.php(1087): CodeIgniter\View\View->render('admin/posts', Array, true)
#3 C:\lara\www\iblogg\app\Controllers\Home.php(25): view('admin/posts', Array)
#4 C:\lara\www\iblogg\app\Controllers\Admin\Views.php(103): App\Controllers\Home->view('admin', 'posts', Array)
#5 C:\lara\www\iblogg\app\Controllers\Template\View.php(73): App\Controllers\Admin\Views->postsPage(Object(CodeIgniter\HTTP\IncomingRequest), '10', '1', 'posts')
#6 C:\lara\www\iblogg\system\CodeIgniter.php(914): App\Controllers\Template\View->view('admin')
#7 C:\lara\www\iblogg\system\CodeIgniter.php(400): CodeIgniter\CodeIgniter->runController(Object(App\Controllers\Template\View))
#8 C:\lara\www\iblogg\system\CodeIgniter.php(308): CodeIgniter\CodeIgniter->handleRequest(NULL, Object(Config\Cache), false)
#9 C:\lara\www\iblogg\public\index.php(45): CodeIgniter\CodeIgniter->run()
#10 C:\lara\www\iblogg\system\Commands\Server\rewrite.php(34): require_once('C:\\lara\\www\\ibl...')
#11 {main}
CRITICAL - 2020-10-01 21:17:27 --> count(): Parameter must be an array or an object that implements Countable
#0 C:\lara\www\iblogg\app\Views\admin\posts.php(22): CodeIgniter\Debug\Exceptions->errorHandler(2, 'count(): Parame...', 'C:\\lara\\www\\ibl...', 22, Array)
#1 C:\lara\www\iblogg\system\View\View.php(246): include('C:\\lara\\www\\ibl...')
#2 C:\lara\www\iblogg\system\Common.php(1087): CodeIgniter\View\View->render('admin/posts', Array, true)
#3 C:\lara\www\iblogg\app\Controllers\Home.php(25): view('admin/posts', Array)
#4 C:\lara\www\iblogg\app\Controllers\Admin\Views.php(103): App\Controllers\Home->view('admin', 'posts', Array)
#5 C:\lara\www\iblogg\app\Controllers\Template\View.php(73): App\Controllers\Admin\Views->postsPage(Object(CodeIgniter\HTTP\IncomingRequest), '10', '1', 'posts')
#6 C:\lara\www\iblogg\system\CodeIgniter.php(914): App\Controllers\Template\View->view('admin')
#7 C:\lara\www\iblogg\system\CodeIgniter.php(400): CodeIgniter\CodeIgniter->runController(Object(App\Controllers\Template\View))
#8 C:\lara\www\iblogg\system\CodeIgniter.php(308): CodeIgniter\CodeIgniter->handleRequest(NULL, Object(Config\Cache), false)
#9 C:\lara\www\iblogg\public\index.php(45): CodeIgniter\CodeIgniter->run()
#10 C:\lara\www\iblogg\system\Commands\Server\rewrite.php(34): require_once('C:\\lara\\www\\ibl...')
#11 {main}
CRITICAL - 2020-10-01 21:18:20 --> count(): Parameter must be an array or an object that implements Countable
#0 C:\lara\www\iblogg\app\Views\admin\posts.php(22): CodeIgniter\Debug\Exceptions->errorHandler(2, 'count(): Parame...', 'C:\\lara\\www\\ibl...', 22, Array)
#1 C:\lara\www\iblogg\system\View\View.php(246): include('C:\\lara\\www\\ibl...')
#2 C:\lara\www\iblogg\system\Common.php(1087): CodeIgniter\View\View->render('admin/posts', Array, true)
#3 C:\lara\www\iblogg\app\Controllers\Home.php(25): view('admin/posts', Array)
#4 C:\lara\www\iblogg\app\Controllers\Admin\Views.php(103): App\Controllers\Home->view('admin', 'posts', Array)
#5 C:\lara\www\iblogg\app\Controllers\Template\View.php(73): App\Controllers\Admin\Views->postsPage(Object(CodeIgniter\HTTP\IncomingRequest), '10', '1', 'posts')
#6 C:\lara\www\iblogg\system\CodeIgniter.php(914): App\Controllers\Template\View->view('admin')
#7 C:\lara\www\iblogg\system\CodeIgniter.php(400): CodeIgniter\CodeIgniter->runController(Object(App\Controllers\Template\View))
#8 C:\lara\www\iblogg\system\CodeIgniter.php(308): CodeIgniter\CodeIgniter->handleRequest(NULL, Object(Config\Cache), false)
#9 C:\lara\www\iblogg\public\index.php(45): CodeIgniter\CodeIgniter->run()
#10 C:\lara\www\iblogg\system\Commands\Server\rewrite.php(34): require_once('C:\\lara\\www\\ibl...')
#11 {main}
CRITICAL - 2020-10-01 21:18:21 --> count(): Parameter must be an array or an object that implements Countable
#0 C:\lara\www\iblogg\app\Views\admin\posts.php(22): CodeIgniter\Debug\Exceptions->errorHandler(2, 'count(): Parame...', 'C:\\lara\\www\\ibl...', 22, Array)
#1 C:\lara\www\iblogg\system\View\View.php(246): include('C:\\lara\\www\\ibl...')
#2 C:\lara\www\iblogg\system\Common.php(1087): CodeIgniter\View\View->render('admin/posts', Array, true)
#3 C:\lara\www\iblogg\app\Controllers\Home.php(25): view('admin/posts', Array)
#4 C:\lara\www\iblogg\app\Controllers\Admin\Views.php(103): App\Controllers\Home->view('admin', 'posts', Array)
#5 C:\lara\www\iblogg\app\Controllers\Template\View.php(73): App\Controllers\Admin\Views->postsPage(Object(CodeIgniter\HTTP\IncomingRequest), '10', '1', 'posts')
#6 C:\lara\www\iblogg\system\CodeIgniter.php(914): App\Controllers\Template\View->view('admin')
#7 C:\lara\www\iblogg\system\CodeIgniter.php(400): CodeIgniter\CodeIgniter->runController(Object(App\Controllers\Template\View))
#8 C:\lara\www\iblogg\system\CodeIgniter.php(308): CodeIgniter\CodeIgniter->handleRequest(NULL, Object(Config\Cache), false)
#9 C:\lara\www\iblogg\public\index.php(45): CodeIgniter\CodeIgniter->run()
#10 C:\lara\www\iblogg\system\Commands\Server\rewrite.php(34): require_once('C:\\lara\\www\\ibl...')
#11 {main}
CRITICAL - 2020-10-01 21:18:23 --> count(): Parameter must be an array or an object that implements Countable
#0 C:\lara\www\iblogg\app\Views\admin\posts.php(22): CodeIgniter\Debug\Exceptions->errorHandler(2, 'count(): Parame...', 'C:\\lara\\www\\ibl...', 22, Array)
#1 C:\lara\www\iblogg\system\View\View.php(246): include('C:\\lara\\www\\ibl...')
#2 C:\lara\www\iblogg\system\Common.php(1087): CodeIgniter\View\View->render('admin/posts', Array, true)
#3 C:\lara\www\iblogg\app\Controllers\Home.php(25): view('admin/posts', Array)
#4 C:\lara\www\iblogg\app\Controllers\Admin\Views.php(103): App\Controllers\Home->view('admin', 'posts', Array)
#5 C:\lara\www\iblogg\app\Controllers\Template\View.php(73): App\Controllers\Admin\Views->postsPage(Object(CodeIgniter\HTTP\IncomingRequest), '10', '1', 'posts')
#6 C:\lara\www\iblogg\system\CodeIgniter.php(914): App\Controllers\Template\View->view('admin')
#7 C:\lara\www\iblogg\system\CodeIgniter.php(400): CodeIgniter\CodeIgniter->runController(Object(App\Controllers\Template\View))
#8 C:\lara\www\iblogg\system\CodeIgniter.php(308): CodeIgniter\CodeIgniter->handleRequest(NULL, Object(Config\Cache), false)
#9 C:\lara\www\iblogg\public\index.php(45): CodeIgniter\CodeIgniter->run()
#10 C:\lara\www\iblogg\system\Commands\Server\rewrite.php(34): require_once('C:\\lara\\www\\ibl...')
#11 {main}
CRITICAL - 2020-10-01 21:18:35 --> count(): Parameter must be an array or an object that implements Countable
#0 C:\lara\www\iblogg\app\Views\admin\posts.php(22): CodeIgniter\Debug\Exceptions->errorHandler(2, 'count(): Parame...', 'C:\\lara\\www\\ibl...', 22, Array)
#1 C:\lara\www\iblogg\system\View\View.php(246): include('C:\\lara\\www\\ibl...')
#2 C:\lara\www\iblogg\system\Common.php(1087): CodeIgniter\View\View->render('admin/posts', Array, true)
#3 C:\lara\www\iblogg\app\Controllers\Home.php(25): view('admin/posts', Array)
#4 C:\lara\www\iblogg\app\Controllers\Admin\Views.php(103): App\Controllers\Home->view('admin', 'posts', Array)
#5 C:\lara\www\iblogg\app\Controllers\Template\View.php(73): App\Controllers\Admin\Views->postsPage(Object(CodeIgniter\HTTP\IncomingRequest), '10', '1', 'posts')
#6 C:\lara\www\iblogg\system\CodeIgniter.php(914): App\Controllers\Template\View->view('admin')
#7 C:\lara\www\iblogg\system\CodeIgniter.php(400): CodeIgniter\CodeIgniter->runController(Object(App\Controllers\Template\View))
#8 C:\lara\www\iblogg\system\CodeIgniter.php(308): CodeIgniter\CodeIgniter->handleRequest(NULL, Object(Config\Cache), false)
#9 C:\lara\www\iblogg\public\index.php(45): CodeIgniter\CodeIgniter->run()
#10 C:\lara\www\iblogg\system\Commands\Server\rewrite.php(34): require_once('C:\\lara\\www\\ibl...')
#11 {main}
CRITICAL - 2020-10-01 21:18:37 --> count(): Parameter must be an array or an object that implements Countable
#0 C:\lara\www\iblogg\app\Views\admin\posts.php(22): CodeIgniter\Debug\Exceptions->errorHandler(2, 'count(): Parame...', 'C:\\lara\\www\\ibl...', 22, Array)
#1 C:\lara\www\iblogg\system\View\View.php(246): include('C:\\lara\\www\\ibl...')
#2 C:\lara\www\iblogg\system\Common.php(1087): CodeIgniter\View\View->render('admin/posts', Array, true)
#3 C:\lara\www\iblogg\app\Controllers\Home.php(25): view('admin/posts', Array)
#4 C:\lara\www\iblogg\app\Controllers\Admin\Views.php(103): App\Controllers\Home->view('admin', 'posts', Array)
#5 C:\lara\www\iblogg\app\Controllers\Template\View.php(73): App\Controllers\Admin\Views->postsPage(Object(CodeIgniter\HTTP\IncomingRequest), '10', '1', 'posts')
#6 C:\lara\www\iblogg\system\CodeIgniter.php(914): App\Controllers\Template\View->view('admin')
#7 C:\lara\www\iblogg\system\CodeIgniter.php(400): CodeIgniter\CodeIgniter->runController(Object(App\Controllers\Template\View))
#8 C:\lara\www\iblogg\system\CodeIgniter.php(308): CodeIgniter\CodeIgniter->handleRequest(NULL, Object(Config\Cache), false)
#9 C:\lara\www\iblogg\public\index.php(45): CodeIgniter\CodeIgniter->run()
#10 C:\lara\www\iblogg\system\Commands\Server\rewrite.php(34): require_once('C:\\lara\\www\\ibl...')
#11 {main}
