CRITICAL - 2020-10-02 02:42:54 --> count(): Parameter must be an array or an object that implements Countable
#0 C:\lara\www\iblogg\app\Views\admin\posts.php(22): CodeIgniter\Debug\Exceptions->errorHandler(2, 'count(): Parame...', 'C:\\lara\\www\\ibl...', 22, Array)
#1 C:\lara\www\iblogg\system\View\View.php(246): include('C:\\lara\\www\\ibl...')
#2 C:\lara\www\iblogg\system\Common.php(1087): CodeIgniter\View\View->render('admin/posts', Array, true)
#3 C:\lara\www\iblogg\app\Controllers\Home.php(25): view('admin/posts', Array)
#4 C:\lara\www\iblogg\app\Controllers\Admin\Views.php(108): App\Controllers\Home->view('admin', 'posts', Array)
#5 C:\lara\www\iblogg\app\Controllers\Template\View.php(73): App\Controllers\Admin\Views->postsPage(Object(CodeIgniter\HTTP\IncomingRequest), '10', '1', 'posts')
#6 C:\lara\www\iblogg\system\CodeIgniter.php(914): App\Controllers\Template\View->view('admin')
#7 C:\lara\www\iblogg\system\CodeIgniter.php(400): CodeIgniter\CodeIgniter->runController(Object(App\Controllers\Template\View))
#8 C:\lara\www\iblogg\system\CodeIgniter.php(308): CodeIgniter\CodeIgniter->handleRequest(NULL, Object(Config\Cache), false)
#9 C:\lara\www\iblogg\public\index.php(45): CodeIgniter\CodeIgniter->run()
#10 C:\lara\www\iblogg\system\Commands\Server\rewrite.php(34): require_once('C:\\lara\\www\\ibl...')
#11 {main}
CRITICAL - 2020-10-02 02:43:02 --> count(): Parameter must be an array or an object that implements Countable
#0 C:\lara\www\iblogg\app\Views\admin\posts.php(22): CodeIgniter\Debug\Exceptions->errorHandler(2, 'count(): Parame...', 'C:\\lara\\www\\ibl...', 22, Array)
#1 C:\lara\www\iblogg\system\View\View.php(246): include('C:\\lara\\www\\ibl...')
#2 C:\lara\www\iblogg\system\Common.php(1087): CodeIgniter\View\View->render('admin/posts', Array, true)
#3 C:\lara\www\iblogg\app\Controllers\Home.php(25): view('admin/posts', Array)
#4 C:\lara\www\iblogg\app\Controllers\Admin\Views.php(108): App\Controllers\Home->view('admin', 'posts', Array)
#5 C:\lara\www\iblogg\app\Controllers\Template\View.php(73): App\Controllers\Admin\Views->postsPage(Object(CodeIgniter\HTTP\IncomingRequest), '10', '1', 'posts')
#6 C:\lara\www\iblogg\system\CodeIgniter.php(914): App\Controllers\Template\View->view('admin')
#7 C:\lara\www\iblogg\system\CodeIgniter.php(400): CodeIgniter\CodeIgniter->runController(Object(App\Controllers\Template\View))
#8 C:\lara\www\iblogg\system\CodeIgniter.php(308): CodeIgniter\CodeIgniter->handleRequest(NULL, Object(Config\Cache), false)
#9 C:\lara\www\iblogg\public\index.php(45): CodeIgniter\CodeIgniter->run()
#10 C:\lara\www\iblogg\system\Commands\Server\rewrite.php(34): require_once('C:\\lara\\www\\ibl...')
#11 {main}
CRITICAL - 2020-10-02 02:43:42 --> Unknown column 'post_type' in 'where clause'
#0 C:\lara\www\iblogg\system\Database\MySQLi\Connection.php(331): mysqli->query('SELECT *\nFROM `...')
#1 C:\lara\www\iblogg\system\Database\BaseConnection.php(738): CodeIgniter\Database\MySQLi\Connection->execute('SELECT *\nFROM `...')
#2 C:\lara\www\iblogg\system\Database\BaseConnection.php(666): CodeIgniter\Database\BaseConnection->simpleQuery('SELECT *\nFROM `...')
#3 C:\lara\www\iblogg\system\Database\BaseBuilder.php(1845): CodeIgniter\Database\BaseConnection->query('SELECT *\nFROM `...', Array, false)
#4 C:\lara\www\iblogg\app\Controllers\Admin\Views.php(65): CodeIgniter\Database\BaseBuilder->get()
#5 C:\lara\www\iblogg\app\Controllers\Template\View.php(73): App\Controllers\Admin\Views->postsPage(Object(CodeIgniter\HTTP\IncomingRequest), '10', '1', 'posts')
#6 C:\lara\www\iblogg\system\CodeIgniter.php(914): App\Controllers\Template\View->view('admin')
#7 C:\lara\www\iblogg\system\CodeIgniter.php(400): CodeIgniter\CodeIgniter->runController(Object(App\Controllers\Template\View))
#8 C:\lara\www\iblogg\system\CodeIgniter.php(308): CodeIgniter\CodeIgniter->handleRequest(NULL, Object(Config\Cache), false)
#9 C:\lara\www\iblogg\public\index.php(45): CodeIgniter\CodeIgniter->run()
#10 C:\lara\www\iblogg\system\Commands\Server\rewrite.php(34): require_once('C:\\lara\\www\\ibl...')
#11 {main}
CRITICAL - 2020-10-02 02:46:44 --> Undefined variable: qq
#0 C:\lara\www\iblogg\app\Controllers\Admin\Views.php(66): CodeIgniter\Debug\Exceptions->errorHandler(8, 'Undefined varia...', 'C:\\lara\\www\\ibl...', 66, Array)
#1 C:\lara\www\iblogg\app\Controllers\Template\View.php(73): App\Controllers\Admin\Views->postsPage(Object(CodeIgniter\HTTP\IncomingRequest), '10', '1', 'posts')
#2 C:\lara\www\iblogg\system\CodeIgniter.php(914): App\Controllers\Template\View->view('admin')
#3 C:\lara\www\iblogg\system\CodeIgniter.php(400): CodeIgniter\CodeIgniter->runController(Object(App\Controllers\Template\View))
#4 C:\lara\www\iblogg\system\CodeIgniter.php(308): CodeIgniter\CodeIgniter->handleRequest(NULL, Object(Config\Cache), false)
#5 C:\lara\www\iblogg\public\index.php(45): CodeIgniter\CodeIgniter->run()
#6 C:\lara\www\iblogg\system\Commands\Server\rewrite.php(34): require_once('C:\\lara\\www\\ibl...')
#7 {main}
CRITICAL - 2020-10-02 02:46:47 --> Undefined variable: qq
#0 C:\lara\www\iblogg\app\Controllers\Admin\Views.php(66): CodeIgniter\Debug\Exceptions->errorHandler(8, 'Undefined varia...', 'C:\\lara\\www\\ibl...', 66, Array)
#1 C:\lara\www\iblogg\app\Controllers\Template\View.php(73): App\Controllers\Admin\Views->postsPage(Object(CodeIgniter\HTTP\IncomingRequest), '10', '1', 'posts')
#2 C:\lara\www\iblogg\system\CodeIgniter.php(914): App\Controllers\Template\View->view('admin')
#3 C:\lara\www\iblogg\system\CodeIgniter.php(400): CodeIgniter\CodeIgniter->runController(Object(App\Controllers\Template\View))
#4 C:\lara\www\iblogg\system\CodeIgniter.php(308): CodeIgniter\CodeIgniter->handleRequest(NULL, Object(Config\Cache), false)
#5 C:\lara\www\iblogg\public\index.php(45): CodeIgniter\CodeIgniter->run()
#6 C:\lara\www\iblogg\system\Commands\Server\rewrite.php(34): require_once('C:\\lara\\www\\ibl...')
#7 {main}
CRITICAL - 2020-10-02 02:47:13 --> count(): Parameter must be an array or an object that implements Countable
#0 C:\lara\www\iblogg\app\Views\admin\posts.php(22): CodeIgniter\Debug\Exceptions->errorHandler(2, 'count(): Parame...', 'C:\\lara\\www\\ibl...', 22, Array)
#1 C:\lara\www\iblogg\system\View\View.php(246): include('C:\\lara\\www\\ibl...')
#2 C:\lara\www\iblogg\system\Common.php(1087): CodeIgniter\View\View->render('admin/posts', Array, true)
#3 C:\lara\www\iblogg\app\Controllers\Home.php(25): view('admin/posts', Array)
#4 C:\lara\www\iblogg\app\Controllers\Admin\Views.php(108): App\Controllers\Home->view('admin', 'posts', Array)
#5 C:\lara\www\iblogg\app\Controllers\Template\View.php(73): App\Controllers\Admin\Views->postsPage(Object(CodeIgniter\HTTP\IncomingRequest), '10', '1', 'posts')
#6 C:\lara\www\iblogg\system\CodeIgniter.php(914): App\Controllers\Template\View->view('admin')
#7 C:\lara\www\iblogg\system\CodeIgniter.php(400): CodeIgniter\CodeIgniter->runController(Object(App\Controllers\Template\View))
#8 C:\lara\www\iblogg\system\CodeIgniter.php(308): CodeIgniter\CodeIgniter->handleRequest(NULL, Object(Config\Cache), false)
#9 C:\lara\www\iblogg\public\index.php(45): CodeIgniter\CodeIgniter->run()
#10 C:\lara\www\iblogg\system\Commands\Server\rewrite.php(34): require_once('C:\\lara\\www\\ibl...')
#11 {main}
CRITICAL - 2020-10-02 02:50:10 --> count(): Parameter must be an array or an object that implements Countable
#0 C:\lara\www\iblogg\app\Views\admin\posts.php(22): CodeIgniter\Debug\Exceptions->errorHandler(2, 'count(): Parame...', 'C:\\lara\\www\\ibl...', 22, Array)
#1 C:\lara\www\iblogg\system\View\View.php(246): include('C:\\lara\\www\\ibl...')
#2 C:\lara\www\iblogg\system\Common.php(1087): CodeIgniter\View\View->render('admin/posts', Array, true)
#3 C:\lara\www\iblogg\app\Controllers\Home.php(25): view('admin/posts', Array)
#4 C:\lara\www\iblogg\app\Controllers\Admin\Views.php(108): App\Controllers\Home->view('admin', 'posts', Array)
#5 C:\lara\www\iblogg\app\Controllers\Template\View.php(73): App\Controllers\Admin\Views->postsPage(Object(CodeIgniter\HTTP\IncomingRequest), '10', '1', 'posts')
#6 C:\lara\www\iblogg\system\CodeIgniter.php(914): App\Controllers\Template\View->view('admin')
#7 C:\lara\www\iblogg\system\CodeIgniter.php(400): CodeIgniter\CodeIgniter->runController(Object(App\Controllers\Template\View))
#8 C:\lara\www\iblogg\system\CodeIgniter.php(308): CodeIgniter\CodeIgniter->handleRequest(NULL, Object(Config\Cache), false)
#9 C:\lara\www\iblogg\public\index.php(45): CodeIgniter\CodeIgniter->run()
#10 C:\lara\www\iblogg\system\Commands\Server\rewrite.php(34): require_once('C:\\lara\\www\\ibl...')
#11 {main}
CRITICAL - 2020-10-02 02:50:12 --> count(): Parameter must be an array or an object that implements Countable
#0 C:\lara\www\iblogg\app\Views\admin\posts.php(22): CodeIgniter\Debug\Exceptions->errorHandler(2, 'count(): Parame...', 'C:\\lara\\www\\ibl...', 22, Array)
#1 C:\lara\www\iblogg\system\View\View.php(246): include('C:\\lara\\www\\ibl...')
#2 C:\lara\www\iblogg\system\Common.php(1087): CodeIgniter\View\View->render('admin/posts', Array, true)
#3 C:\lara\www\iblogg\app\Controllers\Home.php(25): view('admin/posts', Array)
#4 C:\lara\www\iblogg\app\Controllers\Admin\Views.php(108): App\Controllers\Home->view('admin', 'posts', Array)
#5 C:\lara\www\iblogg\app\Controllers\Template\View.php(73): App\Controllers\Admin\Views->postsPage(Object(CodeIgniter\HTTP\IncomingRequest), '10', '1', 'posts')
#6 C:\lara\www\iblogg\system\CodeIgniter.php(914): App\Controllers\Template\View->view('admin')
#7 C:\lara\www\iblogg\system\CodeIgniter.php(400): CodeIgniter\CodeIgniter->runController(Object(App\Controllers\Template\View))
#8 C:\lara\www\iblogg\system\CodeIgniter.php(308): CodeIgniter\CodeIgniter->handleRequest(NULL, Object(Config\Cache), false)
#9 C:\lara\www\iblogg\public\index.php(45): CodeIgniter\CodeIgniter->run()
#10 C:\lara\www\iblogg\system\Commands\Server\rewrite.php(34): require_once('C:\\lara\\www\\ibl...')
#11 {main}
CRITICAL - 2020-10-02 02:54:33 --> Undefined variable: pager
#0 C:\lara\www\iblogg\app\Controllers\Admin\Views.php(101): CodeIgniter\Debug\Exceptions->errorHandler(8, 'Undefined varia...', 'C:\\lara\\www\\ibl...', 101, Array)
#1 C:\lara\www\iblogg\app\Controllers\Template\View.php(73): App\Controllers\Admin\Views->postsPage(Object(CodeIgniter\HTTP\IncomingRequest), '10', '1', 'posts')
#2 C:\lara\www\iblogg\system\CodeIgniter.php(914): App\Controllers\Template\View->view('admin')
#3 C:\lara\www\iblogg\system\CodeIgniter.php(400): CodeIgniter\CodeIgniter->runController(Object(App\Controllers\Template\View))
#4 C:\lara\www\iblogg\system\CodeIgniter.php(308): CodeIgniter\CodeIgniter->handleRequest(NULL, Object(Config\Cache), false)
#5 C:\lara\www\iblogg\public\index.php(45): CodeIgniter\CodeIgniter->run()
#6 C:\lara\www\iblogg\system\Commands\Server\rewrite.php(34): require_once('C:\\lara\\www\\ibl...')
#7 {main}
CRITICAL - 2020-10-02 02:54:35 --> Undefined variable: pager
#0 C:\lara\www\iblogg\app\Controllers\Admin\Views.php(101): CodeIgniter\Debug\Exceptions->errorHandler(8, 'Undefined varia...', 'C:\\lara\\www\\ibl...', 101, Array)
#1 C:\lara\www\iblogg\app\Controllers\Template\View.php(73): App\Controllers\Admin\Views->postsPage(Object(CodeIgniter\HTTP\IncomingRequest), '10', '1', 'posts')
#2 C:\lara\www\iblogg\system\CodeIgniter.php(914): App\Controllers\Template\View->view('admin')
#3 C:\lara\www\iblogg\system\CodeIgniter.php(400): CodeIgniter\CodeIgniter->runController(Object(App\Controllers\Template\View))
#4 C:\lara\www\iblogg\system\CodeIgniter.php(308): CodeIgniter\CodeIgniter->handleRequest(NULL, Object(Config\Cache), false)
#5 C:\lara\www\iblogg\public\index.php(45): CodeIgniter\CodeIgniter->run()
#6 C:\lara\www\iblogg\system\Commands\Server\rewrite.php(34): require_once('C:\\lara\\www\\ibl...')
#7 {main}
CRITICAL - 2020-10-02 02:54:49 --> Undefined variable: pager
#0 C:\lara\www\iblogg\app\Controllers\Admin\Views.php(103): CodeIgniter\Debug\Exceptions->errorHandler(8, 'Undefined varia...', 'C:\\lara\\www\\ibl...', 103, Array)
#1 C:\lara\www\iblogg\app\Controllers\Template\View.php(73): App\Controllers\Admin\Views->postsPage(Object(CodeIgniter\HTTP\IncomingRequest), '10', '1', 'posts')
#2 C:\lara\www\iblogg\system\CodeIgniter.php(914): App\Controllers\Template\View->view('admin')
#3 C:\lara\www\iblogg\system\CodeIgniter.php(400): CodeIgniter\CodeIgniter->runController(Object(App\Controllers\Template\View))
#4 C:\lara\www\iblogg\system\CodeIgniter.php(308): CodeIgniter\CodeIgniter->handleRequest(NULL, Object(Config\Cache), false)
#5 C:\lara\www\iblogg\public\index.php(45): CodeIgniter\CodeIgniter->run()
#6 C:\lara\www\iblogg\system\Commands\Server\rewrite.php(34): require_once('C:\\lara\\www\\ibl...')
#7 {main}
CRITICAL - 2020-10-02 02:54:51 --> Undefined variable: pager
#0 C:\lara\www\iblogg\app\Controllers\Admin\Views.php(103): CodeIgniter\Debug\Exceptions->errorHandler(8, 'Undefined varia...', 'C:\\lara\\www\\ibl...', 103, Array)
#1 C:\lara\www\iblogg\app\Controllers\Template\View.php(73): App\Controllers\Admin\Views->postsPage(Object(CodeIgniter\HTTP\IncomingRequest), '10', '1', 'posts')
#2 C:\lara\www\iblogg\system\CodeIgniter.php(914): App\Controllers\Template\View->view('admin')
#3 C:\lara\www\iblogg\system\CodeIgniter.php(400): CodeIgniter\CodeIgniter->runController(Object(App\Controllers\Template\View))
#4 C:\lara\www\iblogg\system\CodeIgniter.php(308): CodeIgniter\CodeIgniter->handleRequest(NULL, Object(Config\Cache), false)
#5 C:\lara\www\iblogg\public\index.php(45): CodeIgniter\CodeIgniter->run()
#6 C:\lara\www\iblogg\system\Commands\Server\rewrite.php(34): require_once('C:\\lara\\www\\ibl...')
#7 {main}
CRITICAL - 2020-10-02 02:54:53 --> Undefined variable: pager
#0 C:\lara\www\iblogg\app\Controllers\Admin\Views.php(103): CodeIgniter\Debug\Exceptions->errorHandler(8, 'Undefined varia...', 'C:\\lara\\www\\ibl...', 103, Array)
#1 C:\lara\www\iblogg\app\Controllers\Template\View.php(73): App\Controllers\Admin\Views->postsPage(Object(CodeIgniter\HTTP\IncomingRequest), '10', '1', 'posts')
#2 C:\lara\www\iblogg\system\CodeIgniter.php(914): App\Controllers\Template\View->view('admin')
#3 C:\lara\www\iblogg\system\CodeIgniter.php(400): CodeIgniter\CodeIgniter->runController(Object(App\Controllers\Template\View))
#4 C:\lara\www\iblogg\system\CodeIgniter.php(308): CodeIgniter\CodeIgniter->handleRequest(NULL, Object(Config\Cache), false)
#5 C:\lara\www\iblogg\public\index.php(45): CodeIgniter\CodeIgniter->run()
#6 C:\lara\www\iblogg\system\Commands\Server\rewrite.php(34): require_once('C:\\lara\\www\\ibl...')
#7 {main}
CRITICAL - 2020-10-02 02:55:13 --> Undefined variable: pager
#0 C:\lara\www\iblogg\app\Controllers\Admin\Views.php(103): CodeIgniter\Debug\Exceptions->errorHandler(8, 'Undefined varia...', 'C:\\lara\\www\\ibl...', 103, Array)
#1 C:\lara\www\iblogg\app\Controllers\Template\View.php(73): App\Controllers\Admin\Views->postsPage(Object(CodeIgniter\HTTP\IncomingRequest), '10', '1', 'posts')
#2 C:\lara\www\iblogg\system\CodeIgniter.php(914): App\Controllers\Template\View->view('admin')
#3 C:\lara\www\iblogg\system\CodeIgniter.php(400): CodeIgniter\CodeIgniter->runController(Object(App\Controllers\Template\View))
#4 C:\lara\www\iblogg\system\CodeIgniter.php(308): CodeIgniter\CodeIgniter->handleRequest(NULL, Object(Config\Cache), false)
#5 C:\lara\www\iblogg\public\index.php(45): CodeIgniter\CodeIgniter->run()
#6 C:\lara\www\iblogg\system\Commands\Server\rewrite.php(34): require_once('C:\\lara\\www\\ibl...')
#7 {main}
CRITICAL - 2020-10-02 02:59:48 --> Call to a member function paginate() on array
#0 C:\lara\www\iblogg\app\Controllers\Template\View.php(73): App\Controllers\Admin\Views->postsPage(Object(CodeIgniter\HTTP\IncomingRequest), '10', '1', 'posts')
#1 C:\lara\www\iblogg\system\CodeIgniter.php(914): App\Controllers\Template\View->view('admin')
#2 C:\lara\www\iblogg\system\CodeIgniter.php(400): CodeIgniter\CodeIgniter->runController(Object(App\Controllers\Template\View))
#3 C:\lara\www\iblogg\system\CodeIgniter.php(308): CodeIgniter\CodeIgniter->handleRequest(NULL, Object(Config\Cache), false)
#4 C:\lara\www\iblogg\public\index.php(45): CodeIgniter\CodeIgniter->run()
#5 C:\lara\www\iblogg\system\Commands\Server\rewrite.php(34): require_once('C:\\lara\\www\\ibl...')
#6 {main}
CRITICAL - 2020-10-02 03:29:53 --> Undefined variable: details
#0 C:\lara\www\iblogg\app\Controllers\Admin\Views.php(198): CodeIgniter\Debug\Exceptions->errorHandler(8, 'Undefined varia...', 'C:\\lara\\www\\ibl...', 198, Array)
#1 C:\lara\www\iblogg\system\Autoloader\Autoloader.php(365): require_once('C:\\lara\\www\\ibl...')
#2 C:\lara\www\iblogg\system\Autoloader\Autoloader.php(296): CodeIgniter\Autoloader\Autoloader->requireFile('C:\\lara\\www\\ibl...')
#3 C:\lara\www\iblogg\system\Autoloader\Autoloader.php(258): CodeIgniter\Autoloader\Autoloader->loadInNamespace('App\\Controllers...')
#4 [internal function]: CodeIgniter\Autoloader\Autoloader->loadClass('App\\Controllers...')
#5 C:\lara\www\iblogg\app\Controllers\Template\View.php(14): spl_autoload_call('App\\Controllers...')
#6 C:\lara\www\iblogg\system\CodeIgniter.php(886): App\Controllers\Template\View->__construct()
#7 C:\lara\www\iblogg\system\CodeIgniter.php(395): CodeIgniter\CodeIgniter->createController()
#8 C:\lara\www\iblogg\system\CodeIgniter.php(308): CodeIgniter\CodeIgniter->handleRequest(NULL, Object(Config\Cache), false)
#9 C:\lara\www\iblogg\public\index.php(45): CodeIgniter\CodeIgniter->run()
#10 C:\lara\www\iblogg\system\Commands\Server\rewrite.php(34): require_once('C:\\lara\\www\\ibl...')
#11 {main}
CRITICAL - 2020-10-02 03:29:59 --> Undefined variable: details
#0 C:\lara\www\iblogg\app\Controllers\Admin\Views.php(198): CodeIgniter\Debug\Exceptions->errorHandler(8, 'Undefined varia...', 'C:\\lara\\www\\ibl...', 198, Array)
#1 C:\lara\www\iblogg\system\Autoloader\Autoloader.php(365): require_once('C:\\lara\\www\\ibl...')
#2 C:\lara\www\iblogg\system\Autoloader\Autoloader.php(296): CodeIgniter\Autoloader\Autoloader->requireFile('C:\\lara\\www\\ibl...')
#3 C:\lara\www\iblogg\system\Autoloader\Autoloader.php(258): CodeIgniter\Autoloader\Autoloader->loadInNamespace('App\\Controllers...')
#4 [internal function]: CodeIgniter\Autoloader\Autoloader->loadClass('App\\Controllers...')
#5 C:\lara\www\iblogg\app\Controllers\Template\View.php(14): spl_autoload_call('App\\Controllers...')
#6 C:\lara\www\iblogg\system\CodeIgniter.php(886): App\Controllers\Template\View->__construct()
#7 C:\lara\www\iblogg\system\CodeIgniter.php(395): CodeIgniter\CodeIgniter->createController()
#8 C:\lara\www\iblogg\system\CodeIgniter.php(308): CodeIgniter\CodeIgniter->handleRequest(NULL, Object(Config\Cache), false)
#9 C:\lara\www\iblogg\public\index.php(45): CodeIgniter\CodeIgniter->run()
#10 C:\lara\www\iblogg\system\Commands\Server\rewrite.php(34): require_once('C:\\lara\\www\\ibl...')
#11 {main}
CRITICAL - 2020-10-02 03:35:25 --> syntax error, unexpected '?>', expecting function (T_FUNCTION) or const (T_CONST)
#0 C:\lara\www\iblogg\system\Autoloader\Autoloader.php(296): CodeIgniter\Autoloader\Autoloader->requireFile('C:\\lara\\www\\ibl...')
#1 C:\lara\www\iblogg\system\Autoloader\Autoloader.php(258): CodeIgniter\Autoloader\Autoloader->loadInNamespace('App\\Libraries\\P...')
#2 [internal function]: CodeIgniter\Autoloader\Autoloader->loadClass('App\\Libraries\\P...')
#3 C:\lara\www\iblogg\app\Controllers\Admin\Views.php(103): spl_autoload_call('App\\Libraries\\P...')
#4 C:\lara\www\iblogg\app\Controllers\Template\View.php(73): App\Controllers\Admin\Views->postsPage(Object(CodeIgniter\HTTP\IncomingRequest), '10', '1', 'posts')
#5 C:\lara\www\iblogg\system\CodeIgniter.php(914): App\Controllers\Template\View->view('admin')
#6 C:\lara\www\iblogg\system\CodeIgniter.php(400): CodeIgniter\CodeIgniter->runController(Object(App\Controllers\Template\View))
#7 C:\lara\www\iblogg\system\CodeIgniter.php(308): CodeIgniter\CodeIgniter->handleRequest(NULL, Object(Config\Cache), false)
#8 C:\lara\www\iblogg\public\index.php(45): CodeIgniter\CodeIgniter->run()
#9 C:\lara\www\iblogg\system\Commands\Server\rewrite.php(34): require_once('C:\\lara\\www\\ibl...')
#10 {main}
CRITICAL - 2020-10-02 03:41:56 --> array_slice() expects parameter 1 to be array, integer given
#0 [internal function]: CodeIgniter\Debug\Exceptions->errorHandler(2, 'array_slice() e...', 'C:\\lara\\www\\ibl...', 27, Array)
#1 C:\lara\www\iblogg\app\Libraries\Pager.php(27): array_slice(1, 5)
#2 C:\lara\www\iblogg\app\Controllers\Admin\Views.php(104): App\Libraries\Pager->mypager(Array)
#3 C:\lara\www\iblogg\app\Controllers\Template\View.php(73): App\Controllers\Admin\Views->postsPage(Object(CodeIgniter\HTTP\IncomingRequest), '10', '1', 'posts')
#4 C:\lara\www\iblogg\system\CodeIgniter.php(914): App\Controllers\Template\View->view('admin')
#5 C:\lara\www\iblogg\system\CodeIgniter.php(400): CodeIgniter\CodeIgniter->runController(Object(App\Controllers\Template\View))
#6 C:\lara\www\iblogg\system\CodeIgniter.php(308): CodeIgniter\CodeIgniter->handleRequest(NULL, Object(Config\Cache), false)
#7 C:\lara\www\iblogg\public\index.php(45): CodeIgniter\CodeIgniter->run()
#8 C:\lara\www\iblogg\system\Commands\Server\rewrite.php(34): require_once('C:\\lara\\www\\ibl...')
#9 {main}
CRITICAL - 2020-10-02 03:42:08 --> array_slice() expects parameter 1 to be array, integer given
#0 [internal function]: CodeIgniter\Debug\Exceptions->errorHandler(2, 'array_slice() e...', 'C:\\lara\\www\\ibl...', 27, Array)
#1 C:\lara\www\iblogg\app\Libraries\Pager.php(27): array_slice(1, 5)
#2 C:\lara\www\iblogg\app\Controllers\Admin\Views.php(104): App\Libraries\Pager->mypager(Array)
#3 C:\lara\www\iblogg\app\Controllers\Template\View.php(73): App\Controllers\Admin\Views->postsPage(Object(CodeIgniter\HTTP\IncomingRequest), '10', '1', 'posts')
#4 C:\lara\www\iblogg\system\CodeIgniter.php(914): App\Controllers\Template\View->view('admin')
#5 C:\lara\www\iblogg\system\CodeIgniter.php(400): CodeIgniter\CodeIgniter->runController(Object(App\Controllers\Template\View))
#6 C:\lara\www\iblogg\system\CodeIgniter.php(308): CodeIgniter\CodeIgniter->handleRequest(NULL, Object(Config\Cache), false)
#7 C:\lara\www\iblogg\public\index.php(45): CodeIgniter\CodeIgniter->run()
#8 C:\lara\www\iblogg\system\Commands\Server\rewrite.php(34): require_once('C:\\lara\\www\\ibl...')
#9 {main}
CRITICAL - 2020-10-02 03:55:40 --> syntax error, unexpected ')'
#0 C:\lara\www\iblogg\system\Autoloader\Autoloader.php(296): CodeIgniter\Autoloader\Autoloader->requireFile('C:\\lara\\www\\ibl...')
#1 C:\lara\www\iblogg\system\Autoloader\Autoloader.php(258): CodeIgniter\Autoloader\Autoloader->loadInNamespace('App\\Libraries\\P...')
#2 [internal function]: CodeIgniter\Autoloader\Autoloader->loadClass('App\\Libraries\\P...')
#3 C:\lara\www\iblogg\app\Controllers\Admin\Views.php(103): spl_autoload_call('App\\Libraries\\P...')
#4 C:\lara\www\iblogg\app\Controllers\Template\View.php(73): App\Controllers\Admin\Views->postsPage(Object(CodeIgniter\HTTP\IncomingRequest), '10', '1', 'posts')
#5 C:\lara\www\iblogg\system\CodeIgniter.php(914): App\Controllers\Template\View->view('admin')
#6 C:\lara\www\iblogg\system\CodeIgniter.php(400): CodeIgniter\CodeIgniter->runController(Object(App\Controllers\Template\View))
#7 C:\lara\www\iblogg\system\CodeIgniter.php(308): CodeIgniter\CodeIgniter->handleRequest(NULL, Object(Config\Cache), false)
#8 C:\lara\www\iblogg\public\index.php(45): CodeIgniter\CodeIgniter->run()
#9 C:\lara\www\iblogg\system\Commands\Server\rewrite.php(34): require_once('C:\\lara\\www\\ibl...')
#10 {main}
CRITICAL - 2020-10-02 03:55:45 --> syntax error, unexpected ')'
#0 C:\lara\www\iblogg\system\Autoloader\Autoloader.php(296): CodeIgniter\Autoloader\Autoloader->requireFile('C:\\lara\\www\\ibl...')
#1 C:\lara\www\iblogg\system\Autoloader\Autoloader.php(258): CodeIgniter\Autoloader\Autoloader->loadInNamespace('App\\Libraries\\P...')
#2 [internal function]: CodeIgniter\Autoloader\Autoloader->loadClass('App\\Libraries\\P...')
#3 C:\lara\www\iblogg\app\Controllers\Admin\Views.php(103): spl_autoload_call('App\\Libraries\\P...')
#4 C:\lara\www\iblogg\app\Controllers\Template\View.php(73): App\Controllers\Admin\Views->postsPage(Object(CodeIgniter\HTTP\IncomingRequest), '10', '1', 'posts')
#5 C:\lara\www\iblogg\system\CodeIgniter.php(914): App\Controllers\Template\View->view('admin')
#6 C:\lara\www\iblogg\system\CodeIgniter.php(400): CodeIgniter\CodeIgniter->runController(Object(App\Controllers\Template\View))
#7 C:\lara\www\iblogg\system\CodeIgniter.php(308): CodeIgniter\CodeIgniter->handleRequest(NULL, Object(Config\Cache), false)
#8 C:\lara\www\iblogg\public\index.php(45): CodeIgniter\CodeIgniter->run()
#9 C:\lara\www\iblogg\system\Commands\Server\rewrite.php(34): require_once('C:\\lara\\www\\ibl...')
#10 {main}
CRITICAL - 2020-10-02 04:26:01 --> Undefined variable: divideTotal
#0 C:\lara\www\iblogg\app\Libraries\Pager.php(8): CodeIgniter\Debug\Exceptions->errorHandler(8, 'Undefined varia...', 'C:\\lara\\www\\ibl...', 8, Array)
#1 C:\lara\www\iblogg\app\Libraries\Pager.php(24): App\Libraries\Pager->getPrevious(Array)
#2 C:\lara\www\iblogg\app\Controllers\Admin\Views.php(104): App\Libraries\Pager->mypager(Array)
#3 C:\lara\www\iblogg\app\Controllers\Template\View.php(73): App\Controllers\Admin\Views->postsPage(Object(CodeIgniter\HTTP\IncomingRequest), '10', '1', 'posts')
#4 C:\lara\www\iblogg\system\CodeIgniter.php(914): App\Controllers\Template\View->view('admin')
#5 C:\lara\www\iblogg\system\CodeIgniter.php(400): CodeIgniter\CodeIgniter->runController(Object(App\Controllers\Template\View))
#6 C:\lara\www\iblogg\system\CodeIgniter.php(308): CodeIgniter\CodeIgniter->handleRequest(NULL, Object(Config\Cache), false)
#7 C:\lara\www\iblogg\public\index.php(45): CodeIgniter\CodeIgniter->run()
#8 C:\lara\www\iblogg\system\Commands\Server\rewrite.php(34): require_once('C:\\lara\\www\\ibl...')
#9 {main}
CRITICAL - 2020-10-02 04:26:46 --> Undefined variable: divideTotal
#0 C:\lara\www\iblogg\app\Libraries\Pager.php(8): CodeIgniter\Debug\Exceptions->errorHandler(8, 'Undefined varia...', 'C:\\lara\\www\\ibl...', 8, Array)
#1 C:\lara\www\iblogg\app\Libraries\Pager.php(24): App\Libraries\Pager->getPrevious(Array)
#2 C:\lara\www\iblogg\app\Controllers\Admin\Views.php(104): App\Libraries\Pager->mypager(Array)
#3 C:\lara\www\iblogg\app\Controllers\Template\View.php(73): App\Controllers\Admin\Views->postsPage(Object(CodeIgniter\HTTP\IncomingRequest), '10', '1', 'posts')
#4 C:\lara\www\iblogg\system\CodeIgniter.php(914): App\Controllers\Template\View->view('admin')
#5 C:\lara\www\iblogg\system\CodeIgniter.php(400): CodeIgniter\CodeIgniter->runController(Object(App\Controllers\Template\View))
#6 C:\lara\www\iblogg\system\CodeIgniter.php(308): CodeIgniter\CodeIgniter->handleRequest(NULL, Object(Config\Cache), false)
#7 C:\lara\www\iblogg\public\index.php(45): CodeIgniter\CodeIgniter->run()
#8 C:\lara\www\iblogg\system\Commands\Server\rewrite.php(34): require_once('C:\\lara\\www\\ibl...')
#9 {main}
CRITICAL - 2020-10-02 04:27:23 --> Undefined variable: divideTotal
#0 C:\lara\www\iblogg\app\Libraries\Pager.php(8): CodeIgniter\Debug\Exceptions->errorHandler(8, 'Undefined varia...', 'C:\\lara\\www\\ibl...', 8, Array)
#1 C:\lara\www\iblogg\app\Libraries\Pager.php(25): App\Libraries\Pager->getPrevious(Array)
#2 C:\lara\www\iblogg\app\Controllers\Admin\Views.php(104): App\Libraries\Pager->mypager(Array)
#3 C:\lara\www\iblogg\app\Controllers\Template\View.php(73): App\Controllers\Admin\Views->postsPage(Object(CodeIgniter\HTTP\IncomingRequest), '10', '1', 'posts')
#4 C:\lara\www\iblogg\system\CodeIgniter.php(914): App\Controllers\Template\View->view('admin')
#5 C:\lara\www\iblogg\system\CodeIgniter.php(400): CodeIgniter\CodeIgniter->runController(Object(App\Controllers\Template\View))
#6 C:\lara\www\iblogg\system\CodeIgniter.php(308): CodeIgniter\CodeIgniter->handleRequest(NULL, Object(Config\Cache), false)
#7 C:\lara\www\iblogg\public\index.php(45): CodeIgniter\CodeIgniter->run()
#8 C:\lara\www\iblogg\system\Commands\Server\rewrite.php(34): require_once('C:\\lara\\www\\ibl...')
#9 {main}
CRITICAL - 2020-10-02 04:27:33 --> Undefined variable: divideTotal
#0 C:\lara\www\iblogg\app\Libraries\Pager.php(8): CodeIgniter\Debug\Exceptions->errorHandler(8, 'Undefined varia...', 'C:\\lara\\www\\ibl...', 8, Array)
#1 C:\lara\www\iblogg\app\Libraries\Pager.php(25): App\Libraries\Pager->getPrevious(Array)
#2 C:\lara\www\iblogg\app\Controllers\Admin\Views.php(104): App\Libraries\Pager->mypager(Array)
#3 C:\lara\www\iblogg\app\Controllers\Template\View.php(73): App\Controllers\Admin\Views->postsPage(Object(CodeIgniter\HTTP\IncomingRequest), '10', '1', 'posts')
#4 C:\lara\www\iblogg\system\CodeIgniter.php(914): App\Controllers\Template\View->view('admin')
#5 C:\lara\www\iblogg\system\CodeIgniter.php(400): CodeIgniter\CodeIgniter->runController(Object(App\Controllers\Template\View))
#6 C:\lara\www\iblogg\system\CodeIgniter.php(308): CodeIgniter\CodeIgniter->handleRequest(NULL, Object(Config\Cache), false)
#7 C:\lara\www\iblogg\public\index.php(45): CodeIgniter\CodeIgniter->run()
#8 C:\lara\www\iblogg\system\Commands\Server\rewrite.php(34): require_once('C:\\lara\\www\\ibl...')
#9 {main}
CRITICAL - 2020-10-02 04:28:03 --> Undefined variable: divideTotal
#0 C:\lara\www\iblogg\app\Libraries\Pager.php(8): CodeIgniter\Debug\Exceptions->errorHandler(8, 'Undefined varia...', 'C:\\lara\\www\\ibl...', 8, Array)
#1 C:\lara\www\iblogg\app\Libraries\Pager.php(26): App\Libraries\Pager->getPrevious(Array)
#2 C:\lara\www\iblogg\app\Controllers\Admin\Views.php(104): App\Libraries\Pager->mypager(Array)
#3 C:\lara\www\iblogg\app\Controllers\Template\View.php(73): App\Controllers\Admin\Views->postsPage(Object(CodeIgniter\HTTP\IncomingRequest), '10', '1', 'posts')
#4 C:\lara\www\iblogg\system\CodeIgniter.php(914): App\Controllers\Template\View->view('admin')
#5 C:\lara\www\iblogg\system\CodeIgniter.php(400): CodeIgniter\CodeIgniter->runController(Object(App\Controllers\Template\View))
#6 C:\lara\www\iblogg\system\CodeIgniter.php(308): CodeIgniter\CodeIgniter->handleRequest(NULL, Object(Config\Cache), false)
#7 C:\lara\www\iblogg\public\index.php(45): CodeIgniter\CodeIgniter->run()
#8 C:\lara\www\iblogg\system\Commands\Server\rewrite.php(34): require_once('C:\\lara\\www\\ibl...')
#9 {main}
CRITICAL - 2020-10-02 04:46:08 --> Undefined offset: 5
#0 C:\lara\www\iblogg\app\Libraries\Pager.php(44): CodeIgniter\Debug\Exceptions->errorHandler(8, 'Undefined offse...', 'C:\\lara\\www\\ibl...', 44, Array)
#1 C:\lara\www\iblogg\app\Controllers\Admin\Views.php(104): App\Libraries\Pager->mypager(Array)
#2 C:\lara\www\iblogg\app\Controllers\Template\View.php(73): App\Controllers\Admin\Views->postsPage(Object(CodeIgniter\HTTP\IncomingRequest), '10', '1', 'posts')
#3 C:\lara\www\iblogg\system\CodeIgniter.php(914): App\Controllers\Template\View->view('admin')
#4 C:\lara\www\iblogg\system\CodeIgniter.php(400): CodeIgniter\CodeIgniter->runController(Object(App\Controllers\Template\View))
#5 C:\lara\www\iblogg\system\CodeIgniter.php(308): CodeIgniter\CodeIgniter->handleRequest(NULL, Object(Config\Cache), false)
#6 C:\lara\www\iblogg\public\index.php(45): CodeIgniter\CodeIgniter->run()
#7 C:\lara\www\iblogg\system\Commands\Server\rewrite.php(34): require_once('C:\\lara\\www\\ibl...')
#8 {main}
CRITICAL - 2020-10-02 04:46:33 --> Undefined offset: 5
#0 C:\lara\www\iblogg\app\Libraries\Pager.php(44): CodeIgniter\Debug\Exceptions->errorHandler(8, 'Undefined offse...', 'C:\\lara\\www\\ibl...', 44, Array)
#1 C:\lara\www\iblogg\app\Controllers\Admin\Views.php(104): App\Libraries\Pager->mypager(Array)
#2 C:\lara\www\iblogg\app\Controllers\Template\View.php(73): App\Controllers\Admin\Views->postsPage(Object(CodeIgniter\HTTP\IncomingRequest), '10', '1', 'posts')
#3 C:\lara\www\iblogg\system\CodeIgniter.php(914): App\Controllers\Template\View->view('admin')
#4 C:\lara\www\iblogg\system\CodeIgniter.php(400): CodeIgniter\CodeIgniter->runController(Object(App\Controllers\Template\View))
#5 C:\lara\www\iblogg\system\CodeIgniter.php(308): CodeIgniter\CodeIgniter->handleRequest(NULL, Object(Config\Cache), false)
#6 C:\lara\www\iblogg\public\index.php(45): CodeIgniter\CodeIgniter->run()
#7 C:\lara\www\iblogg\system\Commands\Server\rewrite.php(34): require_once('C:\\lara\\www\\ibl...')
#8 {main}
CRITICAL - 2020-10-02 05:17:15 --> Undefined index: value
#0 C:\lara\www\iblogg\app\Libraries\Pager.php(29): CodeIgniter\Debug\Exceptions->errorHandler(8, 'Undefined index...', 'C:\\lara\\www\\ibl...', 29, Array)
#1 C:\lara\www\iblogg\app\Controllers\Admin\Views.php(104): App\Libraries\Pager->mypager(Array)
#2 C:\lara\www\iblogg\app\Controllers\Template\View.php(73): App\Controllers\Admin\Views->postsPage(Object(CodeIgniter\HTTP\IncomingRequest), '10', '1', 'posts')
#3 C:\lara\www\iblogg\system\CodeIgniter.php(914): App\Controllers\Template\View->view('admin')
#4 C:\lara\www\iblogg\system\CodeIgniter.php(400): CodeIgniter\CodeIgniter->runController(Object(App\Controllers\Template\View))
#5 C:\lara\www\iblogg\system\CodeIgniter.php(308): CodeIgniter\CodeIgniter->handleRequest(NULL, Object(Config\Cache), false)
#6 C:\lara\www\iblogg\public\index.php(45): CodeIgniter\CodeIgniter->run()
#7 C:\lara\www\iblogg\system\Commands\Server\rewrite.php(34): require_once('C:\\lara\\www\\ibl...')
#8 {main}
CRITICAL - 2020-10-02 05:19:45 --> Undefined variable: prevValue
#0 C:\lara\www\iblogg\app\Libraries\Pager.php(9): CodeIgniter\Debug\Exceptions->errorHandler(8, 'Undefined varia...', 'C:\\lara\\www\\ibl...', 9, Array)
#1 C:\lara\www\iblogg\app\Libraries\Pager.php(33): App\Libraries\Pager->getPrevious(Array, 40)
#2 C:\lara\www\iblogg\app\Controllers\Admin\Views.php(104): App\Libraries\Pager->mypager(Array)
#3 C:\lara\www\iblogg\app\Controllers\Template\View.php(73): App\Controllers\Admin\Views->postsPage(Object(CodeIgniter\HTTP\IncomingRequest), '10', '1', 'posts')
#4 C:\lara\www\iblogg\system\CodeIgniter.php(914): App\Controllers\Template\View->view('admin')
#5 C:\lara\www\iblogg\system\CodeIgniter.php(400): CodeIgniter\CodeIgniter->runController(Object(App\Controllers\Template\View))
#6 C:\lara\www\iblogg\system\CodeIgniter.php(308): CodeIgniter\CodeIgniter->handleRequest(NULL, Object(Config\Cache), false)
#7 C:\lara\www\iblogg\public\index.php(45): CodeIgniter\CodeIgniter->run()
#8 C:\lara\www\iblogg\system\Commands\Server\rewrite.php(34): require_once('C:\\lara\\www\\ibl...')
#9 {main}
CRITICAL - 2020-10-02 05:21:30 --> Undefined variable: prevValue
#0 C:\lara\www\iblogg\app\Libraries\Pager.php(9): CodeIgniter\Debug\Exceptions->errorHandler(8, 'Undefined varia...', 'C:\\lara\\www\\ibl...', 9, Array)
#1 C:\lara\www\iblogg\app\Libraries\Pager.php(33): App\Libraries\Pager->getPrevious(Array, 40)
#2 C:\lara\www\iblogg\app\Controllers\Admin\Views.php(104): App\Libraries\Pager->mypager(Array)
#3 C:\lara\www\iblogg\app\Controllers\Template\View.php(73): App\Controllers\Admin\Views->postsPage(Object(CodeIgniter\HTTP\IncomingRequest), '10', '1', 'posts')
#4 C:\lara\www\iblogg\system\CodeIgniter.php(914): App\Controllers\Template\View->view('admin')
#5 C:\lara\www\iblogg\system\CodeIgniter.php(400): CodeIgniter\CodeIgniter->runController(Object(App\Controllers\Template\View))
#6 C:\lara\www\iblogg\system\CodeIgniter.php(308): CodeIgniter\CodeIgniter->handleRequest(NULL, Object(Config\Cache), false)
#7 C:\lara\www\iblogg\public\index.php(45): CodeIgniter\CodeIgniter->run()
#8 C:\lara\www\iblogg\system\Commands\Server\rewrite.php(34): require_once('C:\\lara\\www\\ibl...')
#9 {main}
CRITICAL - 2020-10-02 05:35:32 --> Unsupported operand types
#0 C:\lara\www\iblogg\app\Controllers\Admin\Views.php(104): App\Libraries\Pager->mypager(Array)
#1 C:\lara\www\iblogg\app\Controllers\Template\View.php(73): App\Controllers\Admin\Views->postsPage(Object(CodeIgniter\HTTP\IncomingRequest), '10', '1', 'posts')
#2 C:\lara\www\iblogg\system\CodeIgniter.php(914): App\Controllers\Template\View->view('admin')
#3 C:\lara\www\iblogg\system\CodeIgniter.php(400): CodeIgniter\CodeIgniter->runController(Object(App\Controllers\Template\View))
#4 C:\lara\www\iblogg\system\CodeIgniter.php(308): CodeIgniter\CodeIgniter->handleRequest(NULL, Object(Config\Cache), false)
#5 C:\lara\www\iblogg\public\index.php(45): CodeIgniter\CodeIgniter->run()
#6 C:\lara\www\iblogg\system\Commands\Server\rewrite.php(34): require_once('C:\\lara\\www\\ibl...')
#7 {main}
CRITICAL - 2020-10-02 05:44:13 --> Too few arguments to function App\Libraries\Pager::App\Libraries\{closure}(), 1 passed and exactly 2 expected
#0 [internal function]: App\Libraries\Pager->App\Libraries\{closure}(Array)
#1 C:\lara\www\iblogg\app\Libraries\Pager.php(60): array_map(Object(Closure), Array)
#2 C:\lara\www\iblogg\app\Controllers\Admin\Views.php(104): App\Libraries\Pager->mypager(Array)
#3 C:\lara\www\iblogg\app\Controllers\Template\View.php(73): App\Controllers\Admin\Views->postsPage(Object(CodeIgniter\HTTP\IncomingRequest), '10', '1', 'posts')
#4 C:\lara\www\iblogg\system\CodeIgniter.php(914): App\Controllers\Template\View->view('admin')
#5 C:\lara\www\iblogg\system\CodeIgniter.php(400): CodeIgniter\CodeIgniter->runController(Object(App\Controllers\Template\View))
#6 C:\lara\www\iblogg\system\CodeIgniter.php(308): CodeIgniter\CodeIgniter->handleRequest(NULL, Object(Config\Cache), false)
#7 C:\lara\www\iblogg\public\index.php(45): CodeIgniter\CodeIgniter->run()
#8 C:\lara\www\iblogg\system\Commands\Server\rewrite.php(34): require_once('C:\\lara\\www\\ibl...')
#9 {main}
CRITICAL - 2020-10-02 05:46:05 --> Too few arguments to function App\Libraries\Pager::App\Libraries\{closure}(), 1 passed and exactly 2 expected
#0 [internal function]: App\Libraries\Pager->App\Libraries\{closure}(Array)
#1 C:\lara\www\iblogg\app\Libraries\Pager.php(60): array_map(Object(Closure), Array)
#2 C:\lara\www\iblogg\app\Controllers\Admin\Views.php(104): App\Libraries\Pager->mypager(Array)
#3 C:\lara\www\iblogg\app\Controllers\Template\View.php(73): App\Controllers\Admin\Views->postsPage(Object(CodeIgniter\HTTP\IncomingRequest), '10', '1', 'posts')
#4 C:\lara\www\iblogg\system\CodeIgniter.php(914): App\Controllers\Template\View->view('admin')
#5 C:\lara\www\iblogg\system\CodeIgniter.php(400): CodeIgniter\CodeIgniter->runController(Object(App\Controllers\Template\View))
#6 C:\lara\www\iblogg\system\CodeIgniter.php(308): CodeIgniter\CodeIgniter->handleRequest(NULL, Object(Config\Cache), false)
#7 C:\lara\www\iblogg\public\index.php(45): CodeIgniter\CodeIgniter->run()
#8 C:\lara\www\iblogg\system\Commands\Server\rewrite.php(34): require_once('C:\\lara\\www\\ibl...')
#9 {main}
CRITICAL - 2020-10-02 06:10:40 --> Illegal offset type
#0 C:\lara\www\iblogg\app\Libraries\Pager.php(42): CodeIgniter\Debug\Exceptions->errorHandler(2, 'Illegal offset ...', 'C:\\lara\\www\\ibl...', 42, Array)
#1 C:\lara\www\iblogg\app\Controllers\Admin\Views.php(104): App\Libraries\Pager->mypager(Array)
#2 C:\lara\www\iblogg\app\Controllers\Template\View.php(73): App\Controllers\Admin\Views->postsPage(Object(CodeIgniter\HTTP\IncomingRequest), '10', '1', 'posts')
#3 C:\lara\www\iblogg\system\CodeIgniter.php(914): App\Controllers\Template\View->view('admin')
#4 C:\lara\www\iblogg\system\CodeIgniter.php(400): CodeIgniter\CodeIgniter->runController(Object(App\Controllers\Template\View))
#5 C:\lara\www\iblogg\system\CodeIgniter.php(308): CodeIgniter\CodeIgniter->handleRequest(NULL, Object(Config\Cache), false)
#6 C:\lara\www\iblogg\public\index.php(45): CodeIgniter\CodeIgniter->run()
#7 C:\lara\www\iblogg\system\Commands\Server\rewrite.php(34): require_once('C:\\lara\\www\\ibl...')
#8 {main}
CRITICAL - 2020-10-02 06:10:53 --> Illegal offset type
#0 C:\lara\www\iblogg\app\Libraries\Pager.php(42): CodeIgniter\Debug\Exceptions->errorHandler(2, 'Illegal offset ...', 'C:\\lara\\www\\ibl...', 42, Array)
#1 C:\lara\www\iblogg\app\Controllers\Admin\Views.php(104): App\Libraries\Pager->mypager(Array)
#2 C:\lara\www\iblogg\app\Controllers\Template\View.php(73): App\Controllers\Admin\Views->postsPage(Object(CodeIgniter\HTTP\IncomingRequest), '10', '1', 'posts')
#3 C:\lara\www\iblogg\system\CodeIgniter.php(914): App\Controllers\Template\View->view('admin')
#4 C:\lara\www\iblogg\system\CodeIgniter.php(400): CodeIgniter\CodeIgniter->runController(Object(App\Controllers\Template\View))
#5 C:\lara\www\iblogg\system\CodeIgniter.php(308): CodeIgniter\CodeIgniter->handleRequest(NULL, Object(Config\Cache), false)
#6 C:\lara\www\iblogg\public\index.php(45): CodeIgniter\CodeIgniter->run()
#7 C:\lara\www\iblogg\system\Commands\Server\rewrite.php(34): require_once('C:\\lara\\www\\ibl...')
#8 {main}
CRITICAL - 2020-10-02 06:25:46 --> Undefined variable: loopoffset
#0 C:\lara\www\iblogg\app\Libraries\Pager.php(13): CodeIgniter\Debug\Exceptions->errorHandler(8, 'Undefined varia...', 'C:\\lara\\www\\ibl...', 13, Array)
#1 C:\lara\www\iblogg\app\Libraries\Pager.php(24): App\Libraries\Pager->getPrevious(Array, 40)
#2 C:\lara\www\iblogg\app\Controllers\Admin\Views.php(104): App\Libraries\Pager->mypager(Array)
#3 C:\lara\www\iblogg\app\Controllers\Template\View.php(73): App\Controllers\Admin\Views->postsPage(Object(CodeIgniter\HTTP\IncomingRequest), '10', '1', 'posts')
#4 C:\lara\www\iblogg\system\CodeIgniter.php(914): App\Controllers\Template\View->view('admin')
#5 C:\lara\www\iblogg\system\CodeIgniter.php(400): CodeIgniter\CodeIgniter->runController(Object(App\Controllers\Template\View))
#6 C:\lara\www\iblogg\system\CodeIgniter.php(308): CodeIgniter\CodeIgniter->handleRequest(NULL, Object(Config\Cache), false)
#7 C:\lara\www\iblogg\public\index.php(45): CodeIgniter\CodeIgniter->run()
#8 C:\lara\www\iblogg\system\Commands\Server\rewrite.php(34): require_once('C:\\lara\\www\\ibl...')
#9 {main}
CRITICAL - 2020-10-02 07:13:14 --> A non-numeric value encountered
#0 C:\lara\www\iblogg\app\Views\admin\posts.php(125): CodeIgniter\Debug\Exceptions->errorHandler(2, 'A non-numeric v...', 'C:\\lara\\www\\ibl...', 125, Array)
#1 C:\lara\www\iblogg\system\View\View.php(246): include('C:\\lara\\www\\ibl...')
#2 C:\lara\www\iblogg\system\Common.php(1087): CodeIgniter\View\View->render('admin/posts', Array, true)
#3 C:\lara\www\iblogg\app\Controllers\Home.php(25): view('admin/posts', Array)
#4 C:\lara\www\iblogg\app\Controllers\Admin\Views.php(119): App\Controllers\Home->view('admin', 'posts', Array)
#5 C:\lara\www\iblogg\app\Controllers\Template\View.php(73): App\Controllers\Admin\Views->postsPage(Object(CodeIgniter\HTTP\IncomingRequest), '2', '2', 'posts')
#6 C:\lara\www\iblogg\system\CodeIgniter.php(914): App\Controllers\Template\View->view('admin')
#7 C:\lara\www\iblogg\system\CodeIgniter.php(400): CodeIgniter\CodeIgniter->runController(Object(App\Controllers\Template\View))
#8 C:\lara\www\iblogg\system\CodeIgniter.php(308): CodeIgniter\CodeIgniter->handleRequest(NULL, Object(Config\Cache), false)
#9 C:\lara\www\iblogg\public\index.php(45): CodeIgniter\CodeIgniter->run()
#10 C:\lara\www\iblogg\system\Commands\Server\rewrite.php(34): require_once('C:\\lara\\www\\ibl...')
#11 {main}
CRITICAL - 2020-10-02 07:13:55 --> A non-numeric value encountered
#0 C:\lara\www\iblogg\app\Views\admin\posts.php(125): CodeIgniter\Debug\Exceptions->errorHandler(2, 'A non-numeric v...', 'C:\\lara\\www\\ibl...', 125, Array)
#1 C:\lara\www\iblogg\system\View\View.php(246): include('C:\\lara\\www\\ibl...')
#2 C:\lara\www\iblogg\system\Common.php(1087): CodeIgniter\View\View->render('admin/posts', Array, true)
#3 C:\lara\www\iblogg\app\Controllers\Home.php(25): view('admin/posts', Array)
#4 C:\lara\www\iblogg\app\Controllers\Admin\Views.php(119): App\Controllers\Home->view('admin', 'posts', Array)
#5 C:\lara\www\iblogg\app\Controllers\Template\View.php(73): App\Controllers\Admin\Views->postsPage(Object(CodeIgniter\HTTP\IncomingRequest), '2', '2', 'posts')
#6 C:\lara\www\iblogg\system\CodeIgniter.php(914): App\Controllers\Template\View->view('admin')
#7 C:\lara\www\iblogg\system\CodeIgniter.php(400): CodeIgniter\CodeIgniter->runController(Object(App\Controllers\Template\View))
#8 C:\lara\www\iblogg\system\CodeIgniter.php(308): CodeIgniter\CodeIgniter->handleRequest(NULL, Object(Config\Cache), false)
#9 C:\lara\www\iblogg\public\index.php(45): CodeIgniter\CodeIgniter->run()
#10 C:\lara\www\iblogg\system\Commands\Server\rewrite.php(34): require_once('C:\\lara\\www\\ibl...')
#11 {main}
CRITICAL - 2020-10-02 07:18:45 --> You have an error in your SQL syntax; check the manual that corresponds to your MySQL server version for the right syntax to use near '-1, 2' at line 7
#0 C:\lara\www\iblogg\system\Database\MySQLi\Connection.php(331): mysqli->query('SELECT *\nFROM `...')
#1 C:\lara\www\iblogg\system\Database\BaseConnection.php(738): CodeIgniter\Database\MySQLi\Connection->execute('SELECT *\nFROM `...')
#2 C:\lara\www\iblogg\system\Database\BaseConnection.php(666): CodeIgniter\Database\BaseConnection->simpleQuery('SELECT *\nFROM `...')
#3 C:\lara\www\iblogg\system\Database\BaseBuilder.php(1845): CodeIgniter\Database\BaseConnection->query('SELECT *\nFROM `...', Array, false)
#4 C:\lara\www\iblogg\system\Model.php(445): CodeIgniter\Database\BaseBuilder->get()
#5 C:\lara\www\iblogg\app\Controllers\Admin\Views.php(83): CodeIgniter\Model->findAll(2, -1)
#6 C:\lara\www\iblogg\app\Controllers\Template\View.php(73): App\Controllers\Admin\Views->postsPage(Object(CodeIgniter\HTTP\IncomingRequest), '2', '-1', 'posts')
#7 C:\lara\www\iblogg\system\CodeIgniter.php(914): App\Controllers\Template\View->view('admin')
#8 C:\lara\www\iblogg\system\CodeIgniter.php(400): CodeIgniter\CodeIgniter->runController(Object(App\Controllers\Template\View))
#9 C:\lara\www\iblogg\system\CodeIgniter.php(308): CodeIgniter\CodeIgniter->handleRequest(NULL, Object(Config\Cache), false)
#10 C:\lara\www\iblogg\public\index.php(45): CodeIgniter\CodeIgniter->run()
#11 C:\lara\www\iblogg\system\Commands\Server\rewrite.php(34): require_once('C:\\lara\\www\\ibl...')
#12 {main}
CRITICAL - 2020-10-02 07:47:39 --> Array to string conversion
#0 C:\lara\www\iblogg\app\Libraries\Postform.php(47): CodeIgniter\Debug\Exceptions->errorHandler(8, 'Array to string...', 'C:\\lara\\www\\ibl...', 47, Array)
#1 C:\lara\www\iblogg\system\View\Cell.php(180): App\Libraries\Postform->get(true, '4', Array)
#2 C:\lara\www\iblogg\system\Common.php(1108): CodeIgniter\View\Cell->render('\\App\\Libraries\\...', Array, 0, 'AppLibrariesPos...')
#3 C:\lara\www\iblogg\app\Views\admin\handlepost.php(29): view_cell('\\App\\Libraries\\...', Array)
#4 C:\lara\www\iblogg\system\View\View.php(246): include('C:\\lara\\www\\ibl...')
#5 C:\lara\www\iblogg\system\Common.php(1087): CodeIgniter\View\View->render('admin/handlepos...', Array, true)
#6 C:\lara\www\iblogg\app\Controllers\Home.php(25): view('admin/handlepos...', Array)
#7 C:\lara\www\iblogg\app\Controllers\Admin\Views.php(57): App\Controllers\Home->view('admin', 'handlepost', Array)
#8 C:\lara\www\iblogg\app\Controllers\Template\View.php(69): App\Controllers\Admin\Views->handlePost(Object(CodeIgniter\HTTP\IncomingRequest), 'handlepost')
#9 C:\lara\www\iblogg\system\CodeIgniter.php(914): App\Controllers\Template\View->view('admin')
#10 C:\lara\www\iblogg\system\CodeIgniter.php(400): CodeIgniter\CodeIgniter->runController(Object(App\Controllers\Template\View))
#11 C:\lara\www\iblogg\system\CodeIgniter.php(308): CodeIgniter\CodeIgniter->handleRequest(NULL, Object(Config\Cache), false)
#12 C:\lara\www\iblogg\public\index.php(45): CodeIgniter\CodeIgniter->run()
#13 C:\lara\www\iblogg\system\Commands\Server\rewrite.php(34): require_once('C:\\lara\\www\\ibl...')
#14 {main}
CRITICAL - 2020-10-02 08:19:05 --> Undefined index: active
#0 C:\lara\www\iblogg\app\Views\admin\posts.php(125): CodeIgniter\Debug\Exceptions->errorHandler(8, 'Undefined index...', 'C:\\lara\\www\\ibl...', 125, Array)
#1 C:\lara\www\iblogg\system\View\View.php(246): include('C:\\lara\\www\\ibl...')
#2 C:\lara\www\iblogg\system\Common.php(1087): CodeIgniter\View\View->render('admin/posts', Array, true)
#3 C:\lara\www\iblogg\app\Controllers\Home.php(25): view('admin/posts', Array)
#4 C:\lara\www\iblogg\app\Controllers\Admin\Views.php(120): App\Controllers\Home->view('admin', 'posts', Array)
#5 C:\lara\www\iblogg\app\Controllers\Template\View.php(73): App\Controllers\Admin\Views->postsPage(Object(CodeIgniter\HTTP\IncomingRequest), '2', '1', 'posts')
#6 C:\lara\www\iblogg\system\CodeIgniter.php(914): App\Controllers\Template\View->view('admin')
#7 C:\lara\www\iblogg\system\CodeIgniter.php(400): CodeIgniter\CodeIgniter->runController(Object(App\Controllers\Template\View))
#8 C:\lara\www\iblogg\system\CodeIgniter.php(308): CodeIgniter\CodeIgniter->handleRequest(NULL, Object(Config\Cache), false)
#9 C:\lara\www\iblogg\public\index.php(45): CodeIgniter\CodeIgniter->run()
#10 C:\lara\www\iblogg\system\Commands\Server\rewrite.php(34): require_once('C:\\lara\\www\\ibl...')
#11 {main}
CRITICAL - 2020-10-02 08:22:45 --> syntax error, unexpected ')'
#0 C:\lara\www\iblogg\system\Common.php(1087): CodeIgniter\View\View->render('admin/posts', Array, true)
#1 C:\lara\www\iblogg\app\Controllers\Home.php(25): view('admin/posts', Array)
#2 C:\lara\www\iblogg\app\Controllers\Admin\Views.php(120): App\Controllers\Home->view('admin', 'posts', Array)
#3 C:\lara\www\iblogg\app\Controllers\Template\View.php(73): App\Controllers\Admin\Views->postsPage(Object(CodeIgniter\HTTP\IncomingRequest), '2', '1', 'posts')
#4 C:\lara\www\iblogg\system\CodeIgniter.php(914): App\Controllers\Template\View->view('admin')
#5 C:\lara\www\iblogg\system\CodeIgniter.php(400): CodeIgniter\CodeIgniter->runController(Object(App\Controllers\Template\View))
#6 C:\lara\www\iblogg\system\CodeIgniter.php(308): CodeIgniter\CodeIgniter->handleRequest(NULL, Object(Config\Cache), false)
#7 C:\lara\www\iblogg\public\index.php(45): CodeIgniter\CodeIgniter->run()
#8 C:\lara\www\iblogg\system\Commands\Server\rewrite.php(34): require_once('C:\\lara\\www\\ibl...')
#9 {main}
CRITICAL - 2020-10-02 08:23:08 --> syntax error, unexpected ')'
#0 C:\lara\www\iblogg\system\Common.php(1087): CodeIgniter\View\View->render('admin/posts', Array, true)
#1 C:\lara\www\iblogg\app\Controllers\Home.php(25): view('admin/posts', Array)
#2 C:\lara\www\iblogg\app\Controllers\Admin\Views.php(120): App\Controllers\Home->view('admin', 'posts', Array)
#3 C:\lara\www\iblogg\app\Controllers\Template\View.php(73): App\Controllers\Admin\Views->postsPage(Object(CodeIgniter\HTTP\IncomingRequest), '2', '1', 'posts')
#4 C:\lara\www\iblogg\system\CodeIgniter.php(914): App\Controllers\Template\View->view('admin')
#5 C:\lara\www\iblogg\system\CodeIgniter.php(400): CodeIgniter\CodeIgniter->runController(Object(App\Controllers\Template\View))
#6 C:\lara\www\iblogg\system\CodeIgniter.php(308): CodeIgniter\CodeIgniter->handleRequest(NULL, Object(Config\Cache), false)
#7 C:\lara\www\iblogg\public\index.php(45): CodeIgniter\CodeIgniter->run()
#8 C:\lara\www\iblogg\system\Commands\Server\rewrite.php(34): require_once('C:\\lara\\www\\ibl...')
#9 {main}
CRITICAL - 2020-10-02 08:24:18 --> Undefined index: active
#0 C:\lara\www\iblogg\app\Views\admin\posts.php(125): CodeIgniter\Debug\Exceptions->errorHandler(8, 'Undefined index...', 'C:\\lara\\www\\ibl...', 125, Array)
#1 C:\lara\www\iblogg\system\View\View.php(246): include('C:\\lara\\www\\ibl...')
#2 C:\lara\www\iblogg\system\Common.php(1087): CodeIgniter\View\View->render('admin/posts', Array, true)
#3 C:\lara\www\iblogg\app\Controllers\Home.php(25): view('admin/posts', Array)
#4 C:\lara\www\iblogg\app\Controllers\Admin\Views.php(120): App\Controllers\Home->view('admin', 'posts', Array)
#5 C:\lara\www\iblogg\app\Controllers\Template\View.php(73): App\Controllers\Admin\Views->postsPage(Object(CodeIgniter\HTTP\IncomingRequest), '2', '1', 'posts')
#6 C:\lara\www\iblogg\system\CodeIgniter.php(914): App\Controllers\Template\View->view('admin')
#7 C:\lara\www\iblogg\system\CodeIgniter.php(400): CodeIgniter\CodeIgniter->runController(Object(App\Controllers\Template\View))
#8 C:\lara\www\iblogg\system\CodeIgniter.php(308): CodeIgniter\CodeIgniter->handleRequest(NULL, Object(Config\Cache), false)
#9 C:\lara\www\iblogg\public\index.php(45): CodeIgniter\CodeIgniter->run()
#10 C:\lara\www\iblogg\system\Commands\Server\rewrite.php(34): require_once('C:\\lara\\www\\ibl...')
#11 {main}
CRITICAL - 2020-10-02 09:59:13 --> Undefined variable: isPagePosts
#0 C:\lara\www\iblogg\app\Views\admin\posts.php(10): CodeIgniter\Debug\Exceptions->errorHandler(8, 'Undefined varia...', 'C:\\lara\\www\\ibl...', 10, Array)
#1 C:\lara\www\iblogg\system\View\View.php(246): include('C:\\lara\\www\\ibl...')
#2 C:\lara\www\iblogg\system\Common.php(1087): CodeIgniter\View\View->render('admin/posts', Array, true)
#3 C:\lara\www\iblogg\app\Controllers\Home.php(25): view('admin/posts', Array)
#4 C:\lara\www\iblogg\app\Controllers\Admin\Views.php(96): App\Controllers\Home->view('admin', 'posts', Array)
#5 C:\lara\www\iblogg\app\Controllers\Template\View.php(73): App\Controllers\Admin\Views->postsPage(Object(CodeIgniter\HTTP\IncomingRequest), '3', '1', 'pages')
#6 C:\lara\www\iblogg\system\CodeIgniter.php(914): App\Controllers\Template\View->view('admin')
#7 C:\lara\www\iblogg\system\CodeIgniter.php(400): CodeIgniter\CodeIgniter->runController(Object(App\Controllers\Template\View))
#8 C:\lara\www\iblogg\system\CodeIgniter.php(308): CodeIgniter\CodeIgniter->handleRequest(NULL, Object(Config\Cache), false)
#9 C:\lara\www\iblogg\public\index.php(45): CodeIgniter\CodeIgniter->run()
#10 C:\lara\www\iblogg\system\Commands\Server\rewrite.php(34): require_once('C:\\lara\\www\\ibl...')
#11 {main}
CRITICAL - 2020-10-02 09:59:15 --> Undefined variable: isPagePosts
#0 C:\lara\www\iblogg\app\Views\admin\posts.php(10): CodeIgniter\Debug\Exceptions->errorHandler(8, 'Undefined varia...', 'C:\\lara\\www\\ibl...', 10, Array)
#1 C:\lara\www\iblogg\system\View\View.php(246): include('C:\\lara\\www\\ibl...')
#2 C:\lara\www\iblogg\system\Common.php(1087): CodeIgniter\View\View->render('admin/posts', Array, true)
#3 C:\lara\www\iblogg\app\Controllers\Home.php(25): view('admin/posts', Array)
#4 C:\lara\www\iblogg\app\Controllers\Admin\Views.php(96): App\Controllers\Home->view('admin', 'posts', Array)
#5 C:\lara\www\iblogg\app\Controllers\Template\View.php(73): App\Controllers\Admin\Views->postsPage(Object(CodeIgniter\HTTP\IncomingRequest), '3', '1', 'pages')
#6 C:\lara\www\iblogg\system\CodeIgniter.php(914): App\Controllers\Template\View->view('admin')
#7 C:\lara\www\iblogg\system\CodeIgniter.php(400): CodeIgniter\CodeIgniter->runController(Object(App\Controllers\Template\View))
#8 C:\lara\www\iblogg\system\CodeIgniter.php(308): CodeIgniter\CodeIgniter->handleRequest(NULL, Object(Config\Cache), false)
#9 C:\lara\www\iblogg\public\index.php(45): CodeIgniter\CodeIgniter->run()
#10 C:\lara\www\iblogg\system\Commands\Server\rewrite.php(34): require_once('C:\\lara\\www\\ibl...')
#11 {main}
CRITICAL - 2020-10-02 10:02:12 --> Array to string conversion
#0 C:\lara\www\iblogg\app\Libraries\Postform.php(47): CodeIgniter\Debug\Exceptions->errorHandler(8, 'Array to string...', 'C:\\lara\\www\\ibl...', 47, Array)
#1 C:\lara\www\iblogg\system\View\Cell.php(180): App\Libraries\Postform->get(true, '6', Array)
#2 C:\lara\www\iblogg\system\Common.php(1108): CodeIgniter\View\Cell->render('\\App\\Libraries\\...', Array, 0, 'AppLibrariesPos...')
#3 C:\lara\www\iblogg\app\Views\admin\handlepost.php(29): view_cell('\\App\\Libraries\\...', Array)
#4 C:\lara\www\iblogg\system\View\View.php(246): include('C:\\lara\\www\\ibl...')
#5 C:\lara\www\iblogg\system\Common.php(1087): CodeIgniter\View\View->render('admin/handlepos...', Array, true)
#6 C:\lara\www\iblogg\app\Controllers\Home.php(25): view('admin/handlepos...', Array)
#7 C:\lara\www\iblogg\app\Controllers\Admin\Views.php(57): App\Controllers\Home->view('admin', 'handlepost', Array)
#8 C:\lara\www\iblogg\app\Controllers\Template\View.php(69): App\Controllers\Admin\Views->handlePost(Object(CodeIgniter\HTTP\IncomingRequest), 'handlepost')
#9 C:\lara\www\iblogg\system\CodeIgniter.php(914): App\Controllers\Template\View->view('admin')
#10 C:\lara\www\iblogg\system\CodeIgniter.php(400): CodeIgniter\CodeIgniter->runController(Object(App\Controllers\Template\View))
#11 C:\lara\www\iblogg\system\CodeIgniter.php(308): CodeIgniter\CodeIgniter->handleRequest(NULL, Object(Config\Cache), false)
#12 C:\lara\www\iblogg\public\index.php(45): CodeIgniter\CodeIgniter->run()
#13 C:\lara\www\iblogg\system\Commands\Server\rewrite.php(34): require_once('C:\\lara\\www\\ibl...')
#14 {main}
CRITICAL - 2020-10-02 10:12:19 --> Too few arguments to function App\Libraries\Postform::get(), 1 passed in C:\lara\www\iblogg\system\View\Cell.php on line 180 and at least 2 expected
#0 C:\lara\www\iblogg\system\View\Cell.php(180): App\Libraries\Postform->get(false)
#1 C:\lara\www\iblogg\system\Common.php(1108): CodeIgniter\View\Cell->render('\\App\\Libraries\\...', Array, 0, 'AppLibrariesPos...')
#2 C:\lara\www\iblogg\app\Views\admin\handlepost.php(36): view_cell('\\App\\Libraries\\...', Array)
#3 C:\lara\www\iblogg\system\View\View.php(246): include('C:\\lara\\www\\ibl...')
#4 C:\lara\www\iblogg\system\Common.php(1087): CodeIgniter\View\View->render('admin/handlepos...', Array, true)
#5 C:\lara\www\iblogg\app\Controllers\Home.php(25): view('admin/handlepos...', Array)
#6 C:\lara\www\iblogg\app\Controllers\Admin\Views.php(59): App\Controllers\Home->view('admin', 'handlepost', Array)
#7 C:\lara\www\iblogg\app\Controllers\Template\View.php(69): App\Controllers\Admin\Views->handlePost(Object(CodeIgniter\HTTP\IncomingRequest), 'handlepage')
#8 C:\lara\www\iblogg\system\CodeIgniter.php(914): App\Controllers\Template\View->view('admin')
#9 C:\lara\www\iblogg\system\CodeIgniter.php(400): CodeIgniter\CodeIgniter->runController(Object(App\Controllers\Template\View))
#10 C:\lara\www\iblogg\system\CodeIgniter.php(308): CodeIgniter\CodeIgniter->handleRequest(NULL, Object(Config\Cache), false)
#11 C:\lara\www\iblogg\public\index.php(45): CodeIgniter\CodeIgniter->run()
#12 C:\lara\www\iblogg\system\Commands\Server\rewrite.php(34): require_once('C:\\lara\\www\\ibl...')
#13 {main}
CRITICAL - 2020-10-02 10:12:23 --> Too few arguments to function App\Libraries\Postform::get(), 1 passed in C:\lara\www\iblogg\system\View\Cell.php on line 180 and at least 2 expected
#0 C:\lara\www\iblogg\system\View\Cell.php(180): App\Libraries\Postform->get(false)
#1 C:\lara\www\iblogg\system\Common.php(1108): CodeIgniter\View\Cell->render('\\App\\Libraries\\...', Array, 0, 'AppLibrariesPos...')
#2 C:\lara\www\iblogg\app\Views\admin\handlepost.php(36): view_cell('\\App\\Libraries\\...', Array)
#3 C:\lara\www\iblogg\system\View\View.php(246): include('C:\\lara\\www\\ibl...')
#4 C:\lara\www\iblogg\system\Common.php(1087): CodeIgniter\View\View->render('admin/handlepos...', Array, true)
#5 C:\lara\www\iblogg\app\Controllers\Home.php(25): view('admin/handlepos...', Array)
#6 C:\lara\www\iblogg\app\Controllers\Admin\Views.php(59): App\Controllers\Home->view('admin', 'handlepost', Array)
#7 C:\lara\www\iblogg\app\Controllers\Template\View.php(69): App\Controllers\Admin\Views->handlePost(Object(CodeIgniter\HTTP\IncomingRequest), 'handlepage')
#8 C:\lara\www\iblogg\system\CodeIgniter.php(914): App\Controllers\Template\View->view('admin')
#9 C:\lara\www\iblogg\system\CodeIgniter.php(400): CodeIgniter\CodeIgniter->runController(Object(App\Controllers\Template\View))
#10 C:\lara\www\iblogg\system\CodeIgniter.php(308): CodeIgniter\CodeIgniter->handleRequest(NULL, Object(Config\Cache), false)
#11 C:\lara\www\iblogg\public\index.php(45): CodeIgniter\CodeIgniter->run()
#12 C:\lara\www\iblogg\system\Commands\Server\rewrite.php(34): require_once('C:\\lara\\www\\ibl...')
#13 {main}
CRITICAL - 2020-10-02 13:52:26 --> No connection could be made because the target machine actively refused it.

#0 C:\lara\www\iblogg\system\Database\BaseConnection.php(377): CodeIgniter\Database\MySQLi\Connection->connect(false)
#1 C:\lara\www\iblogg\system\Database\Database.php(109): CodeIgniter\Database\BaseConnection->initialize()
#2 C:\lara\www\iblogg\system\Database\Config.php(148): CodeIgniter\Database\Database->loadForge(Object(CodeIgniter\Database\MySQLi\Connection))
#3 C:\lara\www\iblogg\app\Libraries\Setup.php(10): CodeIgniter\Database\Config::forge('startup')
#4 C:\lara\www\iblogg\app\Controllers\Template\View.php(12): App\Libraries\Setup->__construct()
#5 C:\lara\www\iblogg\system\CodeIgniter.php(886): App\Controllers\Template\View->__construct()
#6 C:\lara\www\iblogg\system\CodeIgniter.php(395): CodeIgniter\CodeIgniter->createController()
#7 C:\lara\www\iblogg\system\CodeIgniter.php(308): CodeIgniter\CodeIgniter->handleRequest(NULL, Object(Config\Cache), false)
#8 C:\lara\www\iblogg\public\index.php(45): CodeIgniter\CodeIgniter->run()
#9 C:\lara\www\iblogg\system\Commands\Server\rewrite.php(34): require_once('C:\\lara\\www\\ibl...')
#10 {main}
CRITICAL - 2020-10-02 13:53:48 --> Maximum execution time of 60 seconds exceeded
#0 [internal function]: CodeIgniter\Debug\Exceptions->shutdownHandler()
#1 {main}
CRITICAL - 2020-10-02 14:29:04 --> Too few arguments to function App\Controllers\Admin\Views::postsPage(), 3 passed in C:\lara\www\iblogg\app\Controllers\Template\View.php on line 73 and exactly 4 expected
#0 C:\lara\www\iblogg\app\Controllers\Template\View.php(73): App\Controllers\Admin\Views->postsPage(Object(CodeIgniter\HTTP\IncomingRequest), '3', '1')
#1 C:\lara\www\iblogg\system\CodeIgniter.php(914): App\Controllers\Template\View->view('admin')
#2 C:\lara\www\iblogg\system\CodeIgniter.php(400): CodeIgniter\CodeIgniter->runController(Object(App\Controllers\Template\View))
#3 C:\lara\www\iblogg\system\CodeIgniter.php(308): CodeIgniter\CodeIgniter->handleRequest(NULL, Object(Config\Cache), false)
#4 C:\lara\www\iblogg\public\index.php(45): CodeIgniter\CodeIgniter->run()
#5 C:\lara\www\iblogg\system\Commands\Server\rewrite.php(34): require_once('C:\\lara\\www\\ibl...')
#6 {main}
CRITICAL - 2020-10-02 14:29:39 --> Too few arguments to function App\Controllers\Admin\Views::postsPage(), 3 passed in C:\lara\www\iblogg\app\Controllers\Template\View.php on line 73 and exactly 4 expected
#0 C:\lara\www\iblogg\app\Controllers\Template\View.php(73): App\Controllers\Admin\Views->postsPage(Object(CodeIgniter\HTTP\IncomingRequest), '3', '1')
#1 C:\lara\www\iblogg\system\CodeIgniter.php(914): App\Controllers\Template\View->view('admin')
#2 C:\lara\www\iblogg\system\CodeIgniter.php(400): CodeIgniter\CodeIgniter->runController(Object(App\Controllers\Template\View))
#3 C:\lara\www\iblogg\system\CodeIgniter.php(308): CodeIgniter\CodeIgniter->handleRequest(NULL, Object(Config\Cache), false)
#4 C:\lara\www\iblogg\public\index.php(45): CodeIgniter\CodeIgniter->run()
#5 C:\lara\www\iblogg\system\Commands\Server\rewrite.php(34): require_once('C:\\lara\\www\\ibl...')
#6 {main}
CRITICAL - 2020-10-02 14:30:47 --> Undefined variable: whereVal
#0 C:\lara\www\iblogg\app\Controllers\Admin\Views.php(100): CodeIgniter\Debug\Exceptions->errorHandler(8, 'Undefined varia...', 'C:\\lara\\www\\ibl...', 100, Array)
#1 C:\lara\www\iblogg\app\Controllers\Template\View.php(73): App\Controllers\Admin\Views->postsPage(Object(CodeIgniter\HTTP\IncomingRequest), '3', '1')
#2 C:\lara\www\iblogg\system\CodeIgniter.php(914): App\Controllers\Template\View->view('admin')
#3 C:\lara\www\iblogg\system\CodeIgniter.php(400): CodeIgniter\CodeIgniter->runController(Object(App\Controllers\Template\View))
#4 C:\lara\www\iblogg\system\CodeIgniter.php(308): CodeIgniter\CodeIgniter->handleRequest(NULL, Object(Config\Cache), false)
#5 C:\lara\www\iblogg\public\index.php(45): CodeIgniter\CodeIgniter->run()
#6 C:\lara\www\iblogg\system\Commands\Server\rewrite.php(34): require_once('C:\\lara\\www\\ibl...')
#7 {main}
CRITICAL - 2020-10-02 14:30:50 --> Undefined variable: whereVal
#0 C:\lara\www\iblogg\app\Controllers\Admin\Views.php(100): CodeIgniter\Debug\Exceptions->errorHandler(8, 'Undefined varia...', 'C:\\lara\\www\\ibl...', 100, Array)
#1 C:\lara\www\iblogg\app\Controllers\Template\View.php(73): App\Controllers\Admin\Views->postsPage(Object(CodeIgniter\HTTP\IncomingRequest), '3', '1')
#2 C:\lara\www\iblogg\system\CodeIgniter.php(914): App\Controllers\Template\View->view('admin')
#3 C:\lara\www\iblogg\system\CodeIgniter.php(400): CodeIgniter\CodeIgniter->runController(Object(App\Controllers\Template\View))
#4 C:\lara\www\iblogg\system\CodeIgniter.php(308): CodeIgniter\CodeIgniter->handleRequest(NULL, Object(Config\Cache), false)
#5 C:\lara\www\iblogg\public\index.php(45): CodeIgniter\CodeIgniter->run()
#6 C:\lara\www\iblogg\system\Commands\Server\rewrite.php(34): require_once('C:\\lara\\www\\ibl...')
#7 {main}
