CRITICAL - 2020-10-19 06:29:33 --> No connection could be made because the target machine actively refused it.

#0 C:\lara\www\iblogg\system\Database\BaseConnection.php(377): CodeIgniter\Database\MySQLi\Connection->connect(false)
#1 C:\lara\www\iblogg\system\Database\Database.php(109): CodeIgniter\Database\BaseConnection->initialize()
#2 C:\lara\www\iblogg\system\Database\Config.php(148): CodeIgniter\Database\Database->loadForge(Object(CodeIgniter\Database\MySQLi\Connection))
#3 C:\lara\www\iblogg\app\Libraries\Setup.php(11): CodeIgniter\Database\Config::forge('startup')
#4 C:\lara\www\iblogg\app\Controllers\Template\View.php(13): App\Libraries\Setup->__construct()
#5 C:\lara\www\iblogg\system\CodeIgniter.php(886): App\Controllers\Template\View->__construct()
#6 C:\lara\www\iblogg\system\CodeIgniter.php(395): CodeIgniter\CodeIgniter->createController()
#7 C:\lara\www\iblogg\system\CodeIgniter.php(308): CodeIgniter\CodeIgniter->handleRequest(NULL, Object(Config\Cache), false)
#8 C:\lara\www\iblogg\public\index.php(45): CodeIgniter\CodeIgniter->run()
#9 C:\lara\www\iblogg\system\Commands\Server\rewrite.php(34): require_once('C:\\lara\\www\\ibl...')
#10 {main}
CRITICAL - 2020-10-19 06:30:34 --> No connection could be made because the target machine actively refused it.

#0 C:\lara\www\iblogg\system\Database\BaseConnection.php(377): CodeIgniter\Database\MySQLi\Connection->connect(false)
#1 C:\lara\www\iblogg\system\Database\Database.php(109): CodeIgniter\Database\BaseConnection->initialize()
#2 C:\lara\www\iblogg\system\Database\Config.php(148): CodeIgniter\Database\Database->loadForge(Object(CodeIgniter\Database\MySQLi\Connection))
#3 C:\lara\www\iblogg\app\Libraries\Setup.php(11): CodeIgniter\Database\Config::forge('startup')
#4 C:\lara\www\iblogg\app\Controllers\Template\View.php(13): App\Libraries\Setup->__construct()
#5 C:\lara\www\iblogg\system\CodeIgniter.php(886): App\Controllers\Template\View->__construct()
#6 C:\lara\www\iblogg\system\CodeIgniter.php(395): CodeIgniter\CodeIgniter->createController()
#7 C:\lara\www\iblogg\system\CodeIgniter.php(308): CodeIgniter\CodeIgniter->handleRequest(NULL, Object(Config\Cache), false)
#8 C:\lara\www\iblogg\public\index.php(45): CodeIgniter\CodeIgniter->run()
#9 C:\lara\www\iblogg\system\Commands\Server\rewrite.php(34): require_once('C:\\lara\\www\\ibl...')
#10 {main}
