CRITICAL - 2020-10-17 17:41:35 --> Class 'Config\Validation' not found
#0 C:\lara\www\iblogg\system\Config\Config.php(83): CodeIgniter\Config\Config::createClass('Config\\Validati...')
#1 C:\lara\www\iblogg\system\Common.php(127): CodeIgniter\Config\Config::get('Validation', true)
#2 C:\lara\www\iblogg\system\Config\Services.php(881): config('Validation')
#3 C:\lara\www\iblogg\system\Model.php(344): CodeIgniter\Config\Services::validation(NULL, false)
#4 C:\lara\www\iblogg\app\Libraries\Setup.php(328): CodeIgniter\Model->__construct()
#5 C:\lara\www\iblogg\app\Controllers\Template\View.php(16): App\Libraries\Setup->__destruct()
#6 C:\lara\www\iblogg\system\CodeIgniter.php(886): App\Controllers\Template\View->__construct()
#7 C:\lara\www\iblogg\system\CodeIgniter.php(395): CodeIgniter\CodeIgniter->createController()
#8 C:\lara\www\iblogg\system\CodeIgniter.php(308): CodeIgniter\CodeIgniter->handleRequest(NULL, Object(Config\Cache), false)
#9 C:\lara\www\iblogg\public\index.php(45): CodeIgniter\CodeIgniter->run()
#10 C:\lara\www\iblogg\system\Commands\Server\rewrite.php(34): require_once('C:\\lara\\www\\ibl...')
#11 {main}
CRITICAL - 2020-10-17 17:41:39 --> Class 'Config\Validation' not found
#0 C:\lara\www\iblogg\system\Config\Config.php(83): CodeIgniter\Config\Config::createClass('Config\\Validati...')
#1 C:\lara\www\iblogg\system\Common.php(127): CodeIgniter\Config\Config::get('Validation', true)
#2 C:\lara\www\iblogg\system\Config\Services.php(881): config('Validation')
#3 C:\lara\www\iblogg\system\Model.php(344): CodeIgniter\Config\Services::validation(NULL, false)
#4 C:\lara\www\iblogg\app\Libraries\Setup.php(328): CodeIgniter\Model->__construct()
#5 C:\lara\www\iblogg\app\Controllers\Template\View.php(16): App\Libraries\Setup->__destruct()
#6 C:\lara\www\iblogg\system\CodeIgniter.php(886): App\Controllers\Template\View->__construct()
#7 C:\lara\www\iblogg\system\CodeIgniter.php(395): CodeIgniter\CodeIgniter->createController()
#8 C:\lara\www\iblogg\system\CodeIgniter.php(308): CodeIgniter\CodeIgniter->handleRequest(NULL, Object(Config\Cache), false)
#9 C:\lara\www\iblogg\public\index.php(45): CodeIgniter\CodeIgniter->run()
#10 C:\lara\www\iblogg\system\Commands\Server\rewrite.php(34): require_once('C:\\lara\\www\\ibl...')
#11 {main}
CRITICAL - 2020-10-17 18:01:30 --> Undefined property: App\Controllers\Api\Posts::$validate
#0 C:\lara\www\iblogg\app\Controllers\Api\Posts.php(29): CodeIgniter\Debug\Exceptions->errorHandler(8, 'Undefined prope...', 'C:\\lara\\www\\ibl...', 29, Array)
#1 C:\lara\www\iblogg\system\CodeIgniter.php(914): App\Controllers\Api\Posts->handlePost()
#2 C:\lara\www\iblogg\system\CodeIgniter.php(400): CodeIgniter\CodeIgniter->runController(Object(App\Controllers\Api\Posts))
#3 C:\lara\www\iblogg\system\CodeIgniter.php(308): CodeIgniter\CodeIgniter->handleRequest(NULL, Object(Config\Cache), false)
#4 C:\lara\www\iblogg\public\index.php(45): CodeIgniter\CodeIgniter->run()
#5 C:\lara\www\iblogg\system\Commands\Server\rewrite.php(34): require_once('C:\\lara\\www\\ibl...')
#6 {main}
CRITICAL - 2020-10-17 18:20:23 --> Undefined index: post_thumbnail
#0 C:\lara\www\iblogg\app\Controllers\Api\Posts.php(32): CodeIgniter\Debug\Exceptions->errorHandler(8, 'Undefined index...', 'C:\\lara\\www\\ibl...', 32, Array)
#1 C:\lara\www\iblogg\system\CodeIgniter.php(914): App\Controllers\Api\Posts->handlePost()
#2 C:\lara\www\iblogg\system\CodeIgniter.php(400): CodeIgniter\CodeIgniter->runController(Object(App\Controllers\Api\Posts))
#3 C:\lara\www\iblogg\system\CodeIgniter.php(308): CodeIgniter\CodeIgniter->handleRequest(NULL, Object(Config\Cache), false)
#4 C:\lara\www\iblogg\public\index.php(45): CodeIgniter\CodeIgniter->run()
#5 C:\lara\www\iblogg\system\Commands\Server\rewrite.php(34): require_once('C:\\lara\\www\\ibl...')
#6 {main}
CRITICAL - 2020-10-17 18:21:18 --> Undefined index: post_thumbnail
#0 C:\lara\www\iblogg\app\Controllers\Api\Posts.php(32): CodeIgniter\Debug\Exceptions->errorHandler(8, 'Undefined index...', 'C:\\lara\\www\\ibl...', 32, Array)
#1 C:\lara\www\iblogg\system\CodeIgniter.php(914): App\Controllers\Api\Posts->handlePost()
#2 C:\lara\www\iblogg\system\CodeIgniter.php(400): CodeIgniter\CodeIgniter->runController(Object(App\Controllers\Api\Posts))
#3 C:\lara\www\iblogg\system\CodeIgniter.php(308): CodeIgniter\CodeIgniter->handleRequest(NULL, Object(Config\Cache), false)
#4 C:\lara\www\iblogg\public\index.php(45): CodeIgniter\CodeIgniter->run()
#5 C:\lara\www\iblogg\system\Commands\Server\rewrite.php(34): require_once('C:\\lara\\www\\ibl...')
#6 {main}
CRITICAL - 2020-10-17 19:40:52 --> Call to a member function countAllResults() on array
#0 C:\lara\www\iblogg\app\Controllers\Template\View.php(42): App\Controllers\User\Views->searchPage(Object(CodeIgniter\HTTP\IncomingRequest), '6', '1')
#1 C:\lara\www\iblogg\system\CodeIgniter.php(914): App\Controllers\Template\View->view('user')
#2 C:\lara\www\iblogg\system\CodeIgniter.php(400): CodeIgniter\CodeIgniter->runController(Object(App\Controllers\Template\View))
#3 C:\lara\www\iblogg\system\CodeIgniter.php(308): CodeIgniter\CodeIgniter->handleRequest(NULL, Object(Config\Cache), false)
#4 C:\lara\www\iblogg\public\index.php(45): CodeIgniter\CodeIgniter->run()
#5 C:\lara\www\iblogg\system\Commands\Server\rewrite.php(34): require_once('C:\\lara\\www\\ibl...')
#6 {main}
CRITICAL - 2020-10-17 19:41:15 --> Call to a member function countAllResults() on array
#0 C:\lara\www\iblogg\app\Controllers\Template\View.php(42): App\Controllers\User\Views->searchPage(Object(CodeIgniter\HTTP\IncomingRequest), '6', '1')
#1 C:\lara\www\iblogg\system\CodeIgniter.php(914): App\Controllers\Template\View->view('user')
#2 C:\lara\www\iblogg\system\CodeIgniter.php(400): CodeIgniter\CodeIgniter->runController(Object(App\Controllers\Template\View))
#3 C:\lara\www\iblogg\system\CodeIgniter.php(308): CodeIgniter\CodeIgniter->handleRequest(NULL, Object(Config\Cache), false)
#4 C:\lara\www\iblogg\public\index.php(45): CodeIgniter\CodeIgniter->run()
#5 C:\lara\www\iblogg\system\Commands\Server\rewrite.php(34): require_once('C:\\lara\\www\\ibl...')
#6 {main}
CRITICAL - 2020-10-17 19:41:20 --> Call to a member function countAllResults() on array
#0 C:\lara\www\iblogg\app\Controllers\Template\View.php(42): App\Controllers\User\Views->searchPage(Object(CodeIgniter\HTTP\IncomingRequest), '6', '1')
#1 C:\lara\www\iblogg\system\CodeIgniter.php(914): App\Controllers\Template\View->view('user')
#2 C:\lara\www\iblogg\system\CodeIgniter.php(400): CodeIgniter\CodeIgniter->runController(Object(App\Controllers\Template\View))
#3 C:\lara\www\iblogg\system\CodeIgniter.php(308): CodeIgniter\CodeIgniter->handleRequest(NULL, Object(Config\Cache), false)
#4 C:\lara\www\iblogg\public\index.php(45): CodeIgniter\CodeIgniter->run()
#5 C:\lara\www\iblogg\system\Commands\Server\rewrite.php(34): require_once('C:\\lara\\www\\ibl...')
#6 {main}
CRITICAL - 2020-10-17 19:42:26 --> Call to a member function countAllResults() on array
#0 C:\lara\www\iblogg\app\Controllers\Template\View.php(42): App\Controllers\User\Views->searchPage(Object(CodeIgniter\HTTP\IncomingRequest), '6', '1')
#1 C:\lara\www\iblogg\system\CodeIgniter.php(914): App\Controllers\Template\View->view('user')
#2 C:\lara\www\iblogg\system\CodeIgniter.php(400): CodeIgniter\CodeIgniter->runController(Object(App\Controllers\Template\View))
#3 C:\lara\www\iblogg\system\CodeIgniter.php(308): CodeIgniter\CodeIgniter->handleRequest(NULL, Object(Config\Cache), false)
#4 C:\lara\www\iblogg\public\index.php(45): CodeIgniter\CodeIgniter->run()
#5 C:\lara\www\iblogg\system\Commands\Server\rewrite.php(34): require_once('C:\\lara\\www\\ibl...')
#6 {main}
CRITICAL - 2020-10-17 19:43:38 --> Call to a member function countAllResults() on array
#0 C:\lara\www\iblogg\app\Controllers\Template\View.php(42): App\Controllers\User\Views->searchPage(Object(CodeIgniter\HTTP\IncomingRequest), '6', '1')
#1 C:\lara\www\iblogg\system\CodeIgniter.php(914): App\Controllers\Template\View->view('user')
#2 C:\lara\www\iblogg\system\CodeIgniter.php(400): CodeIgniter\CodeIgniter->runController(Object(App\Controllers\Template\View))
#3 C:\lara\www\iblogg\system\CodeIgniter.php(308): CodeIgniter\CodeIgniter->handleRequest(NULL, Object(Config\Cache), false)
#4 C:\lara\www\iblogg\public\index.php(45): CodeIgniter\CodeIgniter->run()
#5 C:\lara\www\iblogg\system\Commands\Server\rewrite.php(34): require_once('C:\\lara\\www\\ibl...')
#6 {main}
CRITICAL - 2020-10-17 19:53:42 --> Too few arguments to function CodeIgniter\Database\BaseBuilder::where(), 0 passed in C:\lara\www\iblogg\system\Model.php on line 1716 and at least 1 expected
#0 C:\lara\www\iblogg\system\Model.php(1716): CodeIgniter\Database\BaseBuilder->where()
#1 C:\lara\www\iblogg\app\Controllers\User\Views.php(70): CodeIgniter\Model->__call('where', Array)
#2 C:\lara\www\iblogg\app\Controllers\Template\View.php(42): App\Controllers\User\Views->searchPage(Object(CodeIgniter\HTTP\IncomingRequest), '6', '1')
#3 C:\lara\www\iblogg\system\CodeIgniter.php(914): App\Controllers\Template\View->view('user')
#4 C:\lara\www\iblogg\system\CodeIgniter.php(400): CodeIgniter\CodeIgniter->runController(Object(App\Controllers\Template\View))
#5 C:\lara\www\iblogg\system\CodeIgniter.php(308): CodeIgniter\CodeIgniter->handleRequest(NULL, Object(Config\Cache), false)
#6 C:\lara\www\iblogg\public\index.php(45): CodeIgniter\CodeIgniter->run()
#7 C:\lara\www\iblogg\system\Commands\Server\rewrite.php(34): require_once('C:\\lara\\www\\ibl...')
#8 {main}
CRITICAL - 2020-10-17 19:53:54 --> syntax error, unexpected '->' (T_OBJECT_OPERATOR), expecting identifier (T_STRING) or variable (T_VARIABLE) or '{' or '$'
#0 C:\lara\www\iblogg\system\Autoloader\Autoloader.php(296): CodeIgniter\Autoloader\Autoloader->requireFile('C:\\lara\\www\\ibl...')
#1 C:\lara\www\iblogg\system\Autoloader\Autoloader.php(258): CodeIgniter\Autoloader\Autoloader->loadInNamespace('App\\Controllers...')
#2 [internal function]: CodeIgniter\Autoloader\Autoloader->loadClass('App\\Controllers...')
#3 C:\lara\www\iblogg\app\Controllers\Template\View.php(16): spl_autoload_call('App\\Controllers...')
#4 C:\lara\www\iblogg\system\CodeIgniter.php(886): App\Controllers\Template\View->__construct()
#5 C:\lara\www\iblogg\system\CodeIgniter.php(395): CodeIgniter\CodeIgniter->createController()
#6 C:\lara\www\iblogg\system\CodeIgniter.php(308): CodeIgniter\CodeIgniter->handleRequest(NULL, Object(Config\Cache), false)
#7 C:\lara\www\iblogg\public\index.php(45): CodeIgniter\CodeIgniter->run()
#8 C:\lara\www\iblogg\system\Commands\Server\rewrite.php(34): require_once('C:\\lara\\www\\ibl...')
#9 {main}
CRITICAL - 2020-10-17 20:03:55 --> Call to undefined method CodeIgniter\Database\MySQLi\Builder::findAll()
#0 C:\lara\www\iblogg\app\Controllers\Template\View.php(42): App\Controllers\User\Views->searchPage(Object(CodeIgniter\HTTP\IncomingRequest), '6', '1')
#1 C:\lara\www\iblogg\system\CodeIgniter.php(914): App\Controllers\Template\View->view('user')
#2 C:\lara\www\iblogg\system\CodeIgniter.php(400): CodeIgniter\CodeIgniter->runController(Object(App\Controllers\Template\View))
#3 C:\lara\www\iblogg\system\CodeIgniter.php(308): CodeIgniter\CodeIgniter->handleRequest(NULL, Object(Config\Cache), false)
#4 C:\lara\www\iblogg\public\index.php(45): CodeIgniter\CodeIgniter->run()
#5 C:\lara\www\iblogg\system\Commands\Server\rewrite.php(34): require_once('C:\\lara\\www\\ibl...')
#6 {main}
CRITICAL - 2020-10-17 20:04:31 --> Unknown column 'post_type' in 'where clause'
#0 C:\lara\www\iblogg\system\Database\MySQLi\Connection.php(331): mysqli->query('SELECT *\nFROM `...')
#1 C:\lara\www\iblogg\system\Database\BaseConnection.php(738): CodeIgniter\Database\MySQLi\Connection->execute('SELECT *\nFROM `...')
#2 C:\lara\www\iblogg\system\Database\BaseConnection.php(666): CodeIgniter\Database\BaseConnection->simpleQuery('SELECT *\nFROM `...')
#3 C:\lara\www\iblogg\system\Database\BaseBuilder.php(1845): CodeIgniter\Database\BaseConnection->query('SELECT *\nFROM `...', Array, false)
#4 C:\lara\www\iblogg\app\Controllers\User\Views.php(79): CodeIgniter\Database\BaseBuilder->get()
#5 C:\lara\www\iblogg\app\Controllers\Template\View.php(42): App\Controllers\User\Views->searchPage(Object(CodeIgniter\HTTP\IncomingRequest), '6', '1')
#6 C:\lara\www\iblogg\system\CodeIgniter.php(914): App\Controllers\Template\View->view('user')
#7 C:\lara\www\iblogg\system\CodeIgniter.php(400): CodeIgniter\CodeIgniter->runController(Object(App\Controllers\Template\View))
#8 C:\lara\www\iblogg\system\CodeIgniter.php(308): CodeIgniter\CodeIgniter->handleRequest(NULL, Object(Config\Cache), false)
#9 C:\lara\www\iblogg\public\index.php(45): CodeIgniter\CodeIgniter->run()
#10 C:\lara\www\iblogg\system\Commands\Server\rewrite.php(34): require_once('C:\\lara\\www\\ibl...')
#11 {main}
CRITICAL - 2020-10-17 20:38:34 --> You have an error in your SQL syntax; check the manual that corresponds to your MySQL server version for the right syntax to use near '%' at line 1
#0 C:\lara\www\iblogg\system\Database\MySQLi\Connection.php(331): mysqli->query('SELECT * FROM p...')
#1 C:\lara\www\iblogg\system\Database\BaseConnection.php(738): CodeIgniter\Database\MySQLi\Connection->execute('SELECT * FROM p...')
#2 C:\lara\www\iblogg\system\Database\BaseConnection.php(666): CodeIgniter\Database\BaseConnection->simpleQuery('SELECT * FROM p...')
#3 C:\lara\www\iblogg\app\Controllers\User\Views.php(76): CodeIgniter\Database\BaseConnection->query('SELECT * FROM p...', Array)
#4 C:\lara\www\iblogg\app\Controllers\Template\View.php(42): App\Controllers\User\Views->searchPage(Object(CodeIgniter\HTTP\IncomingRequest), '6', '1')
#5 C:\lara\www\iblogg\system\CodeIgniter.php(914): App\Controllers\Template\View->view('user')
#6 C:\lara\www\iblogg\system\CodeIgniter.php(400): CodeIgniter\CodeIgniter->runController(Object(App\Controllers\Template\View))
#7 C:\lara\www\iblogg\system\CodeIgniter.php(308): CodeIgniter\CodeIgniter->handleRequest(NULL, Object(Config\Cache), false)
#8 C:\lara\www\iblogg\public\index.php(45): CodeIgniter\CodeIgniter->run()
#9 C:\lara\www\iblogg\system\Commands\Server\rewrite.php(34): require_once('C:\\lara\\www\\ibl...')
#10 {main}
CRITICAL - 2020-10-17 20:39:01 --> You have an error in your SQL syntax; check the manual that corresponds to your MySQL server version for the right syntax to use near '%' at line 1
#0 C:\lara\www\iblogg\system\Database\MySQLi\Connection.php(331): mysqli->query('SELECT * FROM p...')
#1 C:\lara\www\iblogg\system\Database\BaseConnection.php(738): CodeIgniter\Database\MySQLi\Connection->execute('SELECT * FROM p...')
#2 C:\lara\www\iblogg\system\Database\BaseConnection.php(666): CodeIgniter\Database\BaseConnection->simpleQuery('SELECT * FROM p...')
#3 C:\lara\www\iblogg\app\Controllers\User\Views.php(76): CodeIgniter\Database\BaseConnection->query('SELECT * FROM p...', Array)
#4 C:\lara\www\iblogg\app\Controllers\Template\View.php(42): App\Controllers\User\Views->searchPage(Object(CodeIgniter\HTTP\IncomingRequest), '6', '1')
#5 C:\lara\www\iblogg\system\CodeIgniter.php(914): App\Controllers\Template\View->view('user')
#6 C:\lara\www\iblogg\system\CodeIgniter.php(400): CodeIgniter\CodeIgniter->runController(Object(App\Controllers\Template\View))
#7 C:\lara\www\iblogg\system\CodeIgniter.php(308): CodeIgniter\CodeIgniter->handleRequest(NULL, Object(Config\Cache), false)
#8 C:\lara\www\iblogg\public\index.php(45): CodeIgniter\CodeIgniter->run()
#9 C:\lara\www\iblogg\system\Commands\Server\rewrite.php(34): require_once('C:\\lara\\www\\ibl...')
#10 {main}
CRITICAL - 2020-10-17 20:39:21 --> You have an error in your SQL syntax; check the manual that corresponds to your MySQL server version for the right syntax to use near '%' at line 1
#0 C:\lara\www\iblogg\system\Database\MySQLi\Connection.php(331): mysqli->query('SELECT * FROM p...')
#1 C:\lara\www\iblogg\system\Database\BaseConnection.php(738): CodeIgniter\Database\MySQLi\Connection->execute('SELECT * FROM p...')
#2 C:\lara\www\iblogg\system\Database\BaseConnection.php(666): CodeIgniter\Database\BaseConnection->simpleQuery('SELECT * FROM p...')
#3 C:\lara\www\iblogg\app\Controllers\User\Views.php(76): CodeIgniter\Database\BaseConnection->query('SELECT * FROM p...', Array)
#4 C:\lara\www\iblogg\app\Controllers\Template\View.php(42): App\Controllers\User\Views->searchPage(Object(CodeIgniter\HTTP\IncomingRequest), '6', '1')
#5 C:\lara\www\iblogg\system\CodeIgniter.php(914): App\Controllers\Template\View->view('user')
#6 C:\lara\www\iblogg\system\CodeIgniter.php(400): CodeIgniter\CodeIgniter->runController(Object(App\Controllers\Template\View))
#7 C:\lara\www\iblogg\system\CodeIgniter.php(308): CodeIgniter\CodeIgniter->handleRequest(NULL, Object(Config\Cache), false)
#8 C:\lara\www\iblogg\public\index.php(45): CodeIgniter\CodeIgniter->run()
#9 C:\lara\www\iblogg\system\Commands\Server\rewrite.php(34): require_once('C:\\lara\\www\\ibl...')
#10 {main}
CRITICAL - 2020-10-17 20:39:41 --> You have an error in your SQL syntax; check the manual that corresponds to your MySQL server version for the right syntax to use near '%)' at line 1
#0 C:\lara\www\iblogg\system\Database\MySQLi\Connection.php(331): mysqli->query('SELECT * FROM p...')
#1 C:\lara\www\iblogg\system\Database\BaseConnection.php(738): CodeIgniter\Database\MySQLi\Connection->execute('SELECT * FROM p...')
#2 C:\lara\www\iblogg\system\Database\BaseConnection.php(666): CodeIgniter\Database\BaseConnection->simpleQuery('SELECT * FROM p...')
#3 C:\lara\www\iblogg\app\Controllers\User\Views.php(76): CodeIgniter\Database\BaseConnection->query('SELECT * FROM p...', Array)
#4 C:\lara\www\iblogg\app\Controllers\Template\View.php(42): App\Controllers\User\Views->searchPage(Object(CodeIgniter\HTTP\IncomingRequest), '6', '1')
#5 C:\lara\www\iblogg\system\CodeIgniter.php(914): App\Controllers\Template\View->view('user')
#6 C:\lara\www\iblogg\system\CodeIgniter.php(400): CodeIgniter\CodeIgniter->runController(Object(App\Controllers\Template\View))
#7 C:\lara\www\iblogg\system\CodeIgniter.php(308): CodeIgniter\CodeIgniter->handleRequest(NULL, Object(Config\Cache), false)
#8 C:\lara\www\iblogg\public\index.php(45): CodeIgniter\CodeIgniter->run()
#9 C:\lara\www\iblogg\system\Commands\Server\rewrite.php(34): require_once('C:\\lara\\www\\ibl...')
#10 {main}
CRITICAL - 2020-10-17 20:39:59 --> You have an error in your SQL syntax; check the manual that corresponds to your MySQL server version for the right syntax to use near '% OR post_body LIKE '%)' at line 1
#0 C:\lara\www\iblogg\system\Database\MySQLi\Connection.php(331): mysqli->query('SELECT * FROM p...')
#1 C:\lara\www\iblogg\system\Database\BaseConnection.php(738): CodeIgniter\Database\MySQLi\Connection->execute('SELECT * FROM p...')
#2 C:\lara\www\iblogg\system\Database\BaseConnection.php(666): CodeIgniter\Database\BaseConnection->simpleQuery('SELECT * FROM p...')
#3 C:\lara\www\iblogg\app\Controllers\User\Views.php(76): CodeIgniter\Database\BaseConnection->query('SELECT * FROM p...', Array)
#4 C:\lara\www\iblogg\app\Controllers\Template\View.php(42): App\Controllers\User\Views->searchPage(Object(CodeIgniter\HTTP\IncomingRequest), '6', '1')
#5 C:\lara\www\iblogg\system\CodeIgniter.php(914): App\Controllers\Template\View->view('user')
#6 C:\lara\www\iblogg\system\CodeIgniter.php(400): CodeIgniter\CodeIgniter->runController(Object(App\Controllers\Template\View))
#7 C:\lara\www\iblogg\system\CodeIgniter.php(308): CodeIgniter\CodeIgniter->handleRequest(NULL, Object(Config\Cache), false)
#8 C:\lara\www\iblogg\public\index.php(45): CodeIgniter\CodeIgniter->run()
#9 C:\lara\www\iblogg\system\Commands\Server\rewrite.php(34): require_once('C:\\lara\\www\\ibl...')
#10 {main}
CRITICAL - 2020-10-17 20:40:10 --> You have an error in your SQL syntax; check the manual that corresponds to your MySQL server version for the right syntax to use near '% OR post_body LIKE %)' at line 1
#0 C:\lara\www\iblogg\system\Database\MySQLi\Connection.php(331): mysqli->query('SELECT * FROM p...')
#1 C:\lara\www\iblogg\system\Database\BaseConnection.php(738): CodeIgniter\Database\MySQLi\Connection->execute('SELECT * FROM p...')
#2 C:\lara\www\iblogg\system\Database\BaseConnection.php(666): CodeIgniter\Database\BaseConnection->simpleQuery('SELECT * FROM p...')
#3 C:\lara\www\iblogg\app\Controllers\User\Views.php(76): CodeIgniter\Database\BaseConnection->query('SELECT * FROM p...', Array)
#4 C:\lara\www\iblogg\app\Controllers\Template\View.php(42): App\Controllers\User\Views->searchPage(Object(CodeIgniter\HTTP\IncomingRequest), '6', '1')
#5 C:\lara\www\iblogg\system\CodeIgniter.php(914): App\Controllers\Template\View->view('user')
#6 C:\lara\www\iblogg\system\CodeIgniter.php(400): CodeIgniter\CodeIgniter->runController(Object(App\Controllers\Template\View))
#7 C:\lara\www\iblogg\system\CodeIgniter.php(308): CodeIgniter\CodeIgniter->handleRequest(NULL, Object(Config\Cache), false)
#8 C:\lara\www\iblogg\public\index.php(45): CodeIgniter\CodeIgniter->run()
#9 C:\lara\www\iblogg\system\Commands\Server\rewrite.php(34): require_once('C:\\lara\\www\\ibl...')
#10 {main}
CRITICAL - 2020-10-17 20:40:46 --> You have an error in your SQL syntax; check the manual that corresponds to your MySQL server version for the right syntax to use near 'OR post_body LIKE )' at line 1
#0 C:\lara\www\iblogg\system\Database\MySQLi\Connection.php(331): mysqli->query('SELECT * FROM p...')
#1 C:\lara\www\iblogg\system\Database\BaseConnection.php(738): CodeIgniter\Database\MySQLi\Connection->execute('SELECT * FROM p...')
#2 C:\lara\www\iblogg\system\Database\BaseConnection.php(666): CodeIgniter\Database\BaseConnection->simpleQuery('SELECT * FROM p...')
#3 C:\lara\www\iblogg\app\Controllers\User\Views.php(76): CodeIgniter\Database\BaseConnection->query('SELECT * FROM p...', Array)
#4 C:\lara\www\iblogg\app\Controllers\Template\View.php(42): App\Controllers\User\Views->searchPage(Object(CodeIgniter\HTTP\IncomingRequest), '6', '1')
#5 C:\lara\www\iblogg\system\CodeIgniter.php(914): App\Controllers\Template\View->view('user')
#6 C:\lara\www\iblogg\system\CodeIgniter.php(400): CodeIgniter\CodeIgniter->runController(Object(App\Controllers\Template\View))
#7 C:\lara\www\iblogg\system\CodeIgniter.php(308): CodeIgniter\CodeIgniter->handleRequest(NULL, Object(Config\Cache), false)
#8 C:\lara\www\iblogg\public\index.php(45): CodeIgniter\CodeIgniter->run()
#9 C:\lara\www\iblogg\system\Commands\Server\rewrite.php(34): require_once('C:\\lara\\www\\ibl...')
#10 {main}
CRITICAL - 2020-10-17 20:41:03 --> You have an error in your SQL syntax; check the manual that corresponds to your MySQL server version for the right syntax to use near ')' at line 1
#0 C:\lara\www\iblogg\system\Database\MySQLi\Connection.php(331): mysqli->query('SELECT * FROM p...')
#1 C:\lara\www\iblogg\system\Database\BaseConnection.php(738): CodeIgniter\Database\MySQLi\Connection->execute('SELECT * FROM p...')
#2 C:\lara\www\iblogg\system\Database\BaseConnection.php(666): CodeIgniter\Database\BaseConnection->simpleQuery('SELECT * FROM p...')
#3 C:\lara\www\iblogg\app\Controllers\User\Views.php(76): CodeIgniter\Database\BaseConnection->query('SELECT * FROM p...', Array)
#4 C:\lara\www\iblogg\app\Controllers\Template\View.php(42): App\Controllers\User\Views->searchPage(Object(CodeIgniter\HTTP\IncomingRequest), '6', '1')
#5 C:\lara\www\iblogg\system\CodeIgniter.php(914): App\Controllers\Template\View->view('user')
#6 C:\lara\www\iblogg\system\CodeIgniter.php(400): CodeIgniter\CodeIgniter->runController(Object(App\Controllers\Template\View))
#7 C:\lara\www\iblogg\system\CodeIgniter.php(308): CodeIgniter\CodeIgniter->handleRequest(NULL, Object(Config\Cache), false)
#8 C:\lara\www\iblogg\public\index.php(45): CodeIgniter\CodeIgniter->run()
#9 C:\lara\www\iblogg\system\Commands\Server\rewrite.php(34): require_once('C:\\lara\\www\\ibl...')
#10 {main}
CRITICAL - 2020-10-17 20:41:17 --> You have an error in your SQL syntax; check the manual that corresponds to your MySQL server version for the right syntax to use near '' at line 1
#0 C:\lara\www\iblogg\system\Database\MySQLi\Connection.php(331): mysqli->query('SELECT * FROM p...')
#1 C:\lara\www\iblogg\system\Database\BaseConnection.php(738): CodeIgniter\Database\MySQLi\Connection->execute('SELECT * FROM p...')
#2 C:\lara\www\iblogg\system\Database\BaseConnection.php(666): CodeIgniter\Database\BaseConnection->simpleQuery('SELECT * FROM p...')
#3 C:\lara\www\iblogg\app\Controllers\User\Views.php(76): CodeIgniter\Database\BaseConnection->query('SELECT * FROM p...', Array)
#4 C:\lara\www\iblogg\app\Controllers\Template\View.php(42): App\Controllers\User\Views->searchPage(Object(CodeIgniter\HTTP\IncomingRequest), '6', '1')
#5 C:\lara\www\iblogg\system\CodeIgniter.php(914): App\Controllers\Template\View->view('user')
#6 C:\lara\www\iblogg\system\CodeIgniter.php(400): CodeIgniter\CodeIgniter->runController(Object(App\Controllers\Template\View))
#7 C:\lara\www\iblogg\system\CodeIgniter.php(308): CodeIgniter\CodeIgniter->handleRequest(NULL, Object(Config\Cache), false)
#8 C:\lara\www\iblogg\public\index.php(45): CodeIgniter\CodeIgniter->run()
#9 C:\lara\www\iblogg\system\Commands\Server\rewrite.php(34): require_once('C:\\lara\\www\\ibl...')
#10 {main}
CRITICAL - 2020-10-17 20:47:22 --> You have an error in your SQL syntax; check the manual that corresponds to your MySQL server version for the right syntax to use near ''%' at line 1
#0 C:\lara\www\iblogg\system\Database\MySQLi\Connection.php(331): mysqli->query('SELECT * FROM p...')
#1 C:\lara\www\iblogg\system\Database\BaseConnection.php(738): CodeIgniter\Database\MySQLi\Connection->execute('SELECT * FROM p...')
#2 C:\lara\www\iblogg\system\Database\BaseConnection.php(666): CodeIgniter\Database\BaseConnection->simpleQuery('SELECT * FROM p...')
#3 C:\lara\www\iblogg\app\Controllers\User\Views.php(77): CodeIgniter\Database\BaseConnection->query('SELECT * FROM p...', Array)
#4 C:\lara\www\iblogg\app\Controllers\Template\View.php(42): App\Controllers\User\Views->searchPage(Object(CodeIgniter\HTTP\IncomingRequest), '6', '1')
#5 C:\lara\www\iblogg\system\CodeIgniter.php(914): App\Controllers\Template\View->view('user')
#6 C:\lara\www\iblogg\system\CodeIgniter.php(400): CodeIgniter\CodeIgniter->runController(Object(App\Controllers\Template\View))
#7 C:\lara\www\iblogg\system\CodeIgniter.php(308): CodeIgniter\CodeIgniter->handleRequest(NULL, Object(Config\Cache), false)
#8 C:\lara\www\iblogg\public\index.php(45): CodeIgniter\CodeIgniter->run()
#9 C:\lara\www\iblogg\system\Commands\Server\rewrite.php(34): require_once('C:\\lara\\www\\ibl...')
#10 {main}
CRITICAL - 2020-10-17 20:47:44 --> You have an error in your SQL syntax; check the manual that corresponds to your MySQL server version for the right syntax to use near ''%' at line 1
#0 C:\lara\www\iblogg\system\Database\MySQLi\Connection.php(331): mysqli->query('SELECT * FROM p...')
#1 C:\lara\www\iblogg\system\Database\BaseConnection.php(738): CodeIgniter\Database\MySQLi\Connection->execute('SELECT * FROM p...')
#2 C:\lara\www\iblogg\system\Database\BaseConnection.php(666): CodeIgniter\Database\BaseConnection->simpleQuery('SELECT * FROM p...')
#3 C:\lara\www\iblogg\app\Controllers\User\Views.php(77): CodeIgniter\Database\BaseConnection->query('SELECT * FROM p...', Array)
#4 C:\lara\www\iblogg\app\Controllers\Template\View.php(42): App\Controllers\User\Views->searchPage(Object(CodeIgniter\HTTP\IncomingRequest), '6', '1')
#5 C:\lara\www\iblogg\system\CodeIgniter.php(914): App\Controllers\Template\View->view('user')
#6 C:\lara\www\iblogg\system\CodeIgniter.php(400): CodeIgniter\CodeIgniter->runController(Object(App\Controllers\Template\View))
#7 C:\lara\www\iblogg\system\CodeIgniter.php(308): CodeIgniter\CodeIgniter->handleRequest(NULL, Object(Config\Cache), false)
#8 C:\lara\www\iblogg\public\index.php(45): CodeIgniter\CodeIgniter->run()
#9 C:\lara\www\iblogg\system\Commands\Server\rewrite.php(34): require_once('C:\\lara\\www\\ibl...')
#10 {main}
CRITICAL - 2020-10-17 20:48:12 --> You have an error in your SQL syntax; check the manual that corresponds to your MySQL server version for the right syntax to use near ''%' at line 1
#0 C:\lara\www\iblogg\system\Database\MySQLi\Connection.php(331): mysqli->query('SELECT * FROM p...')
#1 C:\lara\www\iblogg\system\Database\BaseConnection.php(738): CodeIgniter\Database\MySQLi\Connection->execute('SELECT * FROM p...')
#2 C:\lara\www\iblogg\system\Database\BaseConnection.php(666): CodeIgniter\Database\BaseConnection->simpleQuery('SELECT * FROM p...')
#3 C:\lara\www\iblogg\app\Controllers\User\Views.php(77): CodeIgniter\Database\BaseConnection->query('SELECT * FROM p...', Array)
#4 C:\lara\www\iblogg\app\Controllers\Template\View.php(42): App\Controllers\User\Views->searchPage(Object(CodeIgniter\HTTP\IncomingRequest), '6', '1')
#5 C:\lara\www\iblogg\system\CodeIgniter.php(914): App\Controllers\Template\View->view('user')
#6 C:\lara\www\iblogg\system\CodeIgniter.php(400): CodeIgniter\CodeIgniter->runController(Object(App\Controllers\Template\View))
#7 C:\lara\www\iblogg\system\CodeIgniter.php(308): CodeIgniter\CodeIgniter->handleRequest(NULL, Object(Config\Cache), false)
#8 C:\lara\www\iblogg\public\index.php(45): CodeIgniter\CodeIgniter->run()
#9 C:\lara\www\iblogg\system\Commands\Server\rewrite.php(34): require_once('C:\\lara\\www\\ibl...')
#10 {main}
CRITICAL - 2020-10-17 20:48:47 --> You have an error in your SQL syntax; check the manual that corresponds to your MySQL server version for the right syntax to use near '%' at line 1
#0 C:\lara\www\iblogg\system\Database\MySQLi\Connection.php(331): mysqli->query('SELECT * FROM p...')
#1 C:\lara\www\iblogg\system\Database\BaseConnection.php(738): CodeIgniter\Database\MySQLi\Connection->execute('SELECT * FROM p...')
#2 C:\lara\www\iblogg\system\Database\BaseConnection.php(666): CodeIgniter\Database\BaseConnection->simpleQuery('SELECT * FROM p...')
#3 C:\lara\www\iblogg\app\Controllers\User\Views.php(77): CodeIgniter\Database\BaseConnection->query('SELECT * FROM p...', Array)
#4 C:\lara\www\iblogg\app\Controllers\Template\View.php(42): App\Controllers\User\Views->searchPage(Object(CodeIgniter\HTTP\IncomingRequest), '6', '1')
#5 C:\lara\www\iblogg\system\CodeIgniter.php(914): App\Controllers\Template\View->view('user')
#6 C:\lara\www\iblogg\system\CodeIgniter.php(400): CodeIgniter\CodeIgniter->runController(Object(App\Controllers\Template\View))
#7 C:\lara\www\iblogg\system\CodeIgniter.php(308): CodeIgniter\CodeIgniter->handleRequest(NULL, Object(Config\Cache), false)
#8 C:\lara\www\iblogg\public\index.php(45): CodeIgniter\CodeIgniter->run()
#9 C:\lara\www\iblogg\system\Commands\Server\rewrite.php(34): require_once('C:\\lara\\www\\ibl...')
#10 {main}
CRITICAL - 2020-10-17 20:49:26 --> You have an error in your SQL syntax; check the manual that corresponds to your MySQL server version for the right syntax to use near ''%' at line 1
#0 C:\lara\www\iblogg\system\Database\MySQLi\Connection.php(331): mysqli->query('SELECT * FROM p...')
#1 C:\lara\www\iblogg\system\Database\BaseConnection.php(738): CodeIgniter\Database\MySQLi\Connection->execute('SELECT * FROM p...')
#2 C:\lara\www\iblogg\system\Database\BaseConnection.php(666): CodeIgniter\Database\BaseConnection->simpleQuery('SELECT * FROM p...')
#3 C:\lara\www\iblogg\app\Controllers\User\Views.php(77): CodeIgniter\Database\BaseConnection->query('SELECT * FROM p...', Array)
#4 C:\lara\www\iblogg\app\Controllers\Template\View.php(42): App\Controllers\User\Views->searchPage(Object(CodeIgniter\HTTP\IncomingRequest), '6', '1')
#5 C:\lara\www\iblogg\system\CodeIgniter.php(914): App\Controllers\Template\View->view('user')
#6 C:\lara\www\iblogg\system\CodeIgniter.php(400): CodeIgniter\CodeIgniter->runController(Object(App\Controllers\Template\View))
#7 C:\lara\www\iblogg\system\CodeIgniter.php(308): CodeIgniter\CodeIgniter->handleRequest(NULL, Object(Config\Cache), false)
#8 C:\lara\www\iblogg\public\index.php(45): CodeIgniter\CodeIgniter->run()
#9 C:\lara\www\iblogg\system\Commands\Server\rewrite.php(34): require_once('C:\\lara\\www\\ibl...')
#10 {main}
CRITICAL - 2020-10-17 20:55:44 --> Undefined variable: page
#0 C:\lara\www\iblogg\app\Controllers\User\Views.php(77): CodeIgniter\Debug\Exceptions->errorHandler(8, 'Undefined varia...', 'C:\\lara\\www\\ibl...', 77, Array)
#1 C:\lara\www\iblogg\app\Controllers\Template\View.php(42): App\Controllers\User\Views->searchPage(Object(CodeIgniter\HTTP\IncomingRequest), '6', '1')
#2 C:\lara\www\iblogg\system\CodeIgniter.php(914): App\Controllers\Template\View->view('user')
#3 C:\lara\www\iblogg\system\CodeIgniter.php(400): CodeIgniter\CodeIgniter->runController(Object(App\Controllers\Template\View))
#4 C:\lara\www\iblogg\system\CodeIgniter.php(308): CodeIgniter\CodeIgniter->handleRequest(NULL, Object(Config\Cache), false)
#5 C:\lara\www\iblogg\public\index.php(45): CodeIgniter\CodeIgniter->run()
#6 C:\lara\www\iblogg\system\Commands\Server\rewrite.php(34): require_once('C:\\lara\\www\\ibl...')
#7 {main}
CRITICAL - 2020-10-17 21:07:07 --> Undefined variable: post_limit
#0 C:\lara\www\iblogg\app\Views\user\searchpage.php(42): CodeIgniter\Debug\Exceptions->errorHandler(8, 'Undefined varia...', 'C:\\lara\\www\\ibl...', 42, Array)
#1 C:\lara\www\iblogg\system\View\View.php(246): include('C:\\lara\\www\\ibl...')
#2 C:\lara\www\iblogg\system\Common.php(1087): CodeIgniter\View\View->render('user/searchpage', Array, true)
#3 C:\lara\www\iblogg\app\Controllers\Home.php(27): view('user/searchpage', Array)
#4 C:\lara\www\iblogg\app\Controllers\User\Views.php(89): App\Controllers\Home->view('user', 'searchpage', Array)
#5 C:\lara\www\iblogg\app\Controllers\Template\View.php(42): App\Controllers\User\Views->searchPage(Object(CodeIgniter\HTTP\IncomingRequest), '6', '1')
#6 C:\lara\www\iblogg\system\CodeIgniter.php(914): App\Controllers\Template\View->view('user')
#7 C:\lara\www\iblogg\system\CodeIgniter.php(400): CodeIgniter\CodeIgniter->runController(Object(App\Controllers\Template\View))
#8 C:\lara\www\iblogg\system\CodeIgniter.php(308): CodeIgniter\CodeIgniter->handleRequest(NULL, Object(Config\Cache), false)
#9 C:\lara\www\iblogg\public\index.php(45): CodeIgniter\CodeIgniter->run()
#10 C:\lara\www\iblogg\system\Commands\Server\rewrite.php(34): require_once('C:\\lara\\www\\ibl...')
#11 {main}
