CRITICAL - 2020-09-24 03:57:46 --> No connection could be made because the target machine actively refused it.

#0 C:\lara\www\iblogg\system\Database\BaseConnection.php(377): CodeIgniter\Database\MySQLi\Connection->connect(false)
#1 C:\lara\www\iblogg\system\Database\BaseConnection.php(643): CodeIgniter\Database\BaseConnection->initialize()
#2 C:\lara\www\iblogg\system\Database\BaseBuilder.php(1937): CodeIgniter\Database\BaseConnection->query('SELECT COUNT(*)...', Array, false)
#3 C:\lara\www\iblogg\system\Model.php(1596): CodeIgniter\Database\BaseBuilder->countAllResults(false)
#4 C:\lara\www\iblogg\app\Controllers\Admin\Views.php(20): CodeIgniter\Model->countAllResults(false)
#5 C:\lara\www\iblogg\app\Controllers\Template\View.php(15): App\Controllers\Admin\Views->__construct()
#6 C:\lara\www\iblogg\system\CodeIgniter.php(886): App\Controllers\Template\View->__construct()
#7 C:\lara\www\iblogg\system\CodeIgniter.php(395): CodeIgniter\CodeIgniter->createController()
#8 C:\lara\www\iblogg\system\CodeIgniter.php(308): CodeIgniter\CodeIgniter->handleRequest(NULL, Object(Config\Cache), false)
#9 C:\lara\www\iblogg\public\index.php(45): CodeIgniter\CodeIgniter->run()
#10 C:\lara\www\iblogg\system\Commands\Server\rewrite.php(34): require_once('C:\\lara\\www\\ibl...')
#11 {main}
CRITICAL - 2020-09-24 03:58:03 --> No connection could be made because the target machine actively refused it.

#0 C:\lara\www\iblogg\system\Database\BaseConnection.php(377): CodeIgniter\Database\MySQLi\Connection->connect(false)
#1 C:\lara\www\iblogg\system\Database\BaseConnection.php(643): CodeIgniter\Database\BaseConnection->initialize()
#2 C:\lara\www\iblogg\system\Database\BaseBuilder.php(1937): CodeIgniter\Database\BaseConnection->query('SELECT COUNT(*)...', Array, false)
#3 C:\lara\www\iblogg\system\Model.php(1596): CodeIgniter\Database\BaseBuilder->countAllResults(false)
#4 C:\lara\www\iblogg\app\Controllers\Admin\Views.php(20): CodeIgniter\Model->countAllResults(false)
#5 C:\lara\www\iblogg\app\Controllers\Template\View.php(15): App\Controllers\Admin\Views->__construct()
#6 C:\lara\www\iblogg\system\CodeIgniter.php(886): App\Controllers\Template\View->__construct()
#7 C:\lara\www\iblogg\system\CodeIgniter.php(395): CodeIgniter\CodeIgniter->createController()
#8 C:\lara\www\iblogg\system\CodeIgniter.php(308): CodeIgniter\CodeIgniter->handleRequest(NULL, Object(Config\Cache), false)
#9 C:\lara\www\iblogg\public\index.php(45): CodeIgniter\CodeIgniter->run()
#10 C:\lara\www\iblogg\system\Commands\Server\rewrite.php(34): require_once('C:\\lara\\www\\ibl...')
#11 {main}
CRITICAL - 2020-09-24 03:58:10 --> No connection could be made because the target machine actively refused it.

#0 C:\lara\www\iblogg\system\Database\BaseConnection.php(377): CodeIgniter\Database\MySQLi\Connection->connect(false)
#1 C:\lara\www\iblogg\system\Database\BaseConnection.php(643): CodeIgniter\Database\BaseConnection->initialize()
#2 C:\lara\www\iblogg\system\Database\BaseBuilder.php(1937): CodeIgniter\Database\BaseConnection->query('SELECT COUNT(*)...', Array, false)
#3 C:\lara\www\iblogg\system\Model.php(1596): CodeIgniter\Database\BaseBuilder->countAllResults(false)
#4 C:\lara\www\iblogg\app\Controllers\Admin\Views.php(20): CodeIgniter\Model->countAllResults(false)
#5 C:\lara\www\iblogg\app\Controllers\Template\View.php(15): App\Controllers\Admin\Views->__construct()
#6 C:\lara\www\iblogg\system\CodeIgniter.php(886): App\Controllers\Template\View->__construct()
#7 C:\lara\www\iblogg\system\CodeIgniter.php(395): CodeIgniter\CodeIgniter->createController()
#8 C:\lara\www\iblogg\system\CodeIgniter.php(308): CodeIgniter\CodeIgniter->handleRequest(NULL, Object(Config\Cache), false)
#9 C:\lara\www\iblogg\public\index.php(45): CodeIgniter\CodeIgniter->run()
#10 C:\lara\www\iblogg\system\Commands\Server\rewrite.php(34): require_once('C:\\lara\\www\\ibl...')
#11 {main}
CRITICAL - 2020-09-24 04:09:15 --> Cannot use object of type stdClass as array
#0 C:\lara\www\iblogg\system\CodeIgniter.php(914): App\Controllers\Api\Posts->handlePost()
#1 C:\lara\www\iblogg\system\CodeIgniter.php(400): CodeIgniter\CodeIgniter->runController(Object(App\Controllers\Api\Posts))
#2 C:\lara\www\iblogg\system\CodeIgniter.php(308): CodeIgniter\CodeIgniter->handleRequest(NULL, Object(Config\Cache), false)
#3 C:\lara\www\iblogg\public\index.php(45): CodeIgniter\CodeIgniter->run()
#4 C:\lara\www\iblogg\system\Commands\Server\rewrite.php(34): require_once('C:\\lara\\www\\ibl...')
#5 {main}
CRITICAL - 2020-09-24 09:18:50 --> Call to undefined method App\Models\FilesModel::getColumn
#0 C:\lara\www\iblogg\app\Controllers\Api\Files.php(95): CodeIgniter\Model->__call('getColumn', Array)
#1 C:\lara\www\iblogg\system\CodeIgniter.php(914): App\Controllers\Api\Files->delete()
#2 C:\lara\www\iblogg\system\CodeIgniter.php(400): CodeIgniter\CodeIgniter->runController(Object(App\Controllers\Api\Files))
#3 C:\lara\www\iblogg\system\CodeIgniter.php(308): CodeIgniter\CodeIgniter->handleRequest(NULL, Object(Config\Cache), false)
#4 C:\lara\www\iblogg\public\index.php(45): CodeIgniter\CodeIgniter->run()
#5 C:\lara\www\iblogg\system\Commands\Server\rewrite.php(34): require_once('C:\\lara\\www\\ibl...')
#6 {main}
CRITICAL - 2020-09-24 09:20:25 --> Unknown column 'post_id' in 'field list'
#0 C:\lara\www\iblogg\system\Database\MySQLi\Connection.php(331): mysqli->query('SELECT `post_id...')
#1 C:\lara\www\iblogg\system\Database\BaseConnection.php(738): CodeIgniter\Database\MySQLi\Connection->execute('SELECT `post_id...')
#2 C:\lara\www\iblogg\system\Database\BaseConnection.php(666): CodeIgniter\Database\BaseConnection->simpleQuery('SELECT `post_id...')
#3 C:\lara\www\iblogg\system\Database\BaseBuilder.php(1845): CodeIgniter\Database\BaseConnection->query('SELECT `post_id...', Array, false)
#4 C:\lara\www\iblogg\system\Model.php(387): CodeIgniter\Database\BaseBuilder->get()
#5 C:\lara\www\iblogg\system\Model.php(419): CodeIgniter\Model->find()
#6 C:\lara\www\iblogg\app\Controllers\Api\Files.php(95): CodeIgniter\Model->findColumn('post_id')
#7 C:\lara\www\iblogg\system\CodeIgniter.php(914): App\Controllers\Api\Files->delete()
#8 C:\lara\www\iblogg\system\CodeIgniter.php(400): CodeIgniter\CodeIgniter->runController(Object(App\Controllers\Api\Files))
#9 C:\lara\www\iblogg\system\CodeIgniter.php(308): CodeIgniter\CodeIgniter->handleRequest(NULL, Object(Config\Cache), false)
#10 C:\lara\www\iblogg\public\index.php(45): CodeIgniter\CodeIgniter->run()
#11 C:\lara\www\iblogg\system\Commands\Server\rewrite.php(34): require_once('C:\\lara\\www\\ibl...')
#12 {main}
CRITICAL - 2020-09-24 09:22:08 --> Array to string conversion
#0 [internal function]: CodeIgniter\Debug\Exceptions->errorHandler(8, 'Array to string...', 'C:\\lara\\www\\ibl...', 437, Array)
#1 C:\lara\www\iblogg\system\Database\Query.php(437): implode(',', Array)
#2 C:\lara\www\iblogg\system\Database\Query.php(404): CodeIgniter\Database\Query->matchNamedBinds('UPDATE `files` ...', Array)
#3 C:\lara\www\iblogg\system\Database\Query.php(197): CodeIgniter\Database\Query->compileBinds()
#4 C:\lara\www\iblogg\system\Database\BaseConnection.php(666): CodeIgniter\Database\Query->getQuery()
#5 C:\lara\www\iblogg\system\Database\BaseBuilder.php(2441): CodeIgniter\Database\BaseConnection->query('UPDATE `files` ...', Array, false)
#6 C:\lara\www\iblogg\system\Model.php(948): CodeIgniter\Database\BaseBuilder->update(Array)
#7 C:\lara\www\iblogg\app\Controllers\Api\Files.php(96): CodeIgniter\Model->delete(Array)
#8 C:\lara\www\iblogg\system\CodeIgniter.php(914): App\Controllers\Api\Files->delete()
#9 C:\lara\www\iblogg\system\CodeIgniter.php(400): CodeIgniter\CodeIgniter->runController(Object(App\Controllers\Api\Files))
#10 C:\lara\www\iblogg\system\CodeIgniter.php(308): CodeIgniter\CodeIgniter->handleRequest(NULL, Object(Config\Cache), false)
#11 C:\lara\www\iblogg\public\index.php(45): CodeIgniter\CodeIgniter->run()
#12 C:\lara\www\iblogg\system\Commands\Server\rewrite.php(34): require_once('C:\\lara\\www\\ibl...')
#13 {main}
CRITICAL - 2020-09-24 11:56:25 --> Unable to locate view cell class: \App\Libraries\Helper.
#0 C:\lara\www\iblogg\system\View\Cell.php(268): CodeIgniter\View\Exceptions\ViewException::forInvalidCellClass('\\App\\Libraries\\...')
#1 C:\lara\www\iblogg\system\View\Cell.php(110): CodeIgniter\View\Cell->determineClass('\\App\\Libraries\\...')
#2 C:\lara\www\iblogg\system\Common.php(1108): CodeIgniter\View\Cell->render('\\App\\Libraries\\...', Array, 0, NULL)
#3 C:\lara\www\iblogg\app\Views\admin\newpost.php(33): view_cell('\\App\\Libraries\\...', Array)
#4 C:\lara\www\iblogg\system\View\View.php(246): include('C:\\lara\\www\\ibl...')
#5 C:\lara\www\iblogg\system\Common.php(1087): CodeIgniter\View\View->render('admin/newpost', Array, true)
#6 C:\lara\www\iblogg\app\Controllers\Home.php(25): view('admin/newpost', Array)
#7 C:\lara\www\iblogg\app\Controllers\Admin\Views.php(56): App\Controllers\Home->view('admin', 'newpost', Array)
#8 C:\lara\www\iblogg\app\Controllers\Template\View.php(72): App\Controllers\Admin\Views->handlePost(Object(CodeIgniter\HTTP\IncomingRequest))
#9 C:\lara\www\iblogg\system\CodeIgniter.php(914): App\Controllers\Template\View->view('admin')
#10 C:\lara\www\iblogg\system\CodeIgniter.php(400): CodeIgniter\CodeIgniter->runController(Object(App\Controllers\Template\View))
#11 C:\lara\www\iblogg\system\CodeIgniter.php(308): CodeIgniter\CodeIgniter->handleRequest(NULL, Object(Config\Cache), false)
#12 C:\lara\www\iblogg\public\index.php(45): CodeIgniter\CodeIgniter->run()
#13 C:\lara\www\iblogg\system\Commands\Server\rewrite.php(34): require_once('C:\\lara\\www\\ibl...')
#14 {main}
CRITICAL - 2020-09-24 11:58:59 --> Return value of CodeIgniter\View\Cell::render() must be of the type string, null returned
#0 C:\lara\www\iblogg\system\Common.php(1108): CodeIgniter\View\Cell->render('\\App\\Libraries\\...', Array, 0, 'AppLibrariesPos...')
#1 C:\lara\www\iblogg\app\Views\admin\newpost.php(33): view_cell('\\App\\Libraries\\...', Array)
#2 C:\lara\www\iblogg\system\View\View.php(246): include('C:\\lara\\www\\ibl...')
#3 C:\lara\www\iblogg\system\Common.php(1087): CodeIgniter\View\View->render('admin/newpost', Array, true)
#4 C:\lara\www\iblogg\app\Controllers\Home.php(25): view('admin/newpost', Array)
#5 C:\lara\www\iblogg\app\Controllers\Admin\Views.php(56): App\Controllers\Home->view('admin', 'newpost', Array)
#6 C:\lara\www\iblogg\app\Controllers\Template\View.php(72): App\Controllers\Admin\Views->handlePost(Object(CodeIgniter\HTTP\IncomingRequest))
#7 C:\lara\www\iblogg\system\CodeIgniter.php(914): App\Controllers\Template\View->view('admin')
#8 C:\lara\www\iblogg\system\CodeIgniter.php(400): CodeIgniter\CodeIgniter->runController(Object(App\Controllers\Template\View))
#9 C:\lara\www\iblogg\system\CodeIgniter.php(308): CodeIgniter\CodeIgniter->handleRequest(NULL, Object(Config\Cache), false)
#10 C:\lara\www\iblogg\public\index.php(45): CodeIgniter\CodeIgniter->run()
#11 C:\lara\www\iblogg\system\Commands\Server\rewrite.php(34): require_once('C:\\lara\\www\\ibl...')
#12 {main}
CRITICAL - 2020-09-24 12:10:58 --> Class 'App\Libraries\Helper' not found
#0 C:\lara\www\iblogg\app\Controllers\Template\View.php(78): App\Controllers\Admin\Views->filesPage(Object(CodeIgniter\HTTP\IncomingRequest), '6', '1')
#1 C:\lara\www\iblogg\system\CodeIgniter.php(914): App\Controllers\Template\View->view('admin')
#2 C:\lara\www\iblogg\system\CodeIgniter.php(400): CodeIgniter\CodeIgniter->runController(Object(App\Controllers\Template\View))
#3 C:\lara\www\iblogg\system\CodeIgniter.php(308): CodeIgniter\CodeIgniter->handleRequest(NULL, Object(Config\Cache), false)
#4 C:\lara\www\iblogg\public\index.php(45): CodeIgniter\CodeIgniter->run()
#5 C:\lara\www\iblogg\system\Commands\Server\rewrite.php(34): require_once('C:\\lara\\www\\ibl...')
#6 {main}
CRITICAL - 2020-09-24 12:20:16 --> Invalid file: admin/newpost.php
#0 C:\lara\www\iblogg\system\View\View.php(228): CodeIgniter\Exceptions\FrameworkException::forInvalidFile('admin/newpost.p...')
#1 C:\lara\www\iblogg\system\Common.php(1087): CodeIgniter\View\View->render('admin/newpost', Array, true)
#2 C:\lara\www\iblogg\app\Controllers\Home.php(25): view('admin/newpost', Array)
#3 C:\lara\www\iblogg\app\Controllers\Admin\Views.php(53): App\Controllers\Home->view('admin', 'newpost', Array)
#4 C:\lara\www\iblogg\app\Controllers\Template\View.php(69): App\Controllers\Admin\Views->handlePost(Object(CodeIgniter\HTTP\IncomingRequest))
#5 C:\lara\www\iblogg\system\CodeIgniter.php(914): App\Controllers\Template\View->view('admin')
#6 C:\lara\www\iblogg\system\CodeIgniter.php(400): CodeIgniter\CodeIgniter->runController(Object(App\Controllers\Template\View))
#7 C:\lara\www\iblogg\system\CodeIgniter.php(308): CodeIgniter\CodeIgniter->handleRequest(NULL, Object(Config\Cache), false)
#8 C:\lara\www\iblogg\public\index.php(45): CodeIgniter\CodeIgniter->run()
#9 C:\lara\www\iblogg\system\Commands\Server\rewrite.php(34): require_once('C:\\lara\\www\\ibl...')
#10 {main}
CRITICAL - 2020-09-24 12:25:41 --> Unable to locate view cell class: \App\Libraries\Helper.
#0 C:\lara\www\iblogg\system\View\Cell.php(268): CodeIgniter\View\Exceptions\ViewException::forInvalidCellClass('\\App\\Libraries\\...')
#1 C:\lara\www\iblogg\system\View\Cell.php(110): CodeIgniter\View\Cell->determineClass('\\App\\Libraries\\...')
#2 C:\lara\www\iblogg\system\Common.php(1108): CodeIgniter\View\Cell->render('\\App\\Libraries\\...', Array, 0, NULL)
#3 C:\lara\www\iblogg\app\Views\admin\files.php(53): view_cell('\\App\\Libraries\\...', Array)
#4 C:\lara\www\iblogg\system\View\View.php(246): include('C:\\lara\\www\\ibl...')
#5 C:\lara\www\iblogg\system\Common.php(1087): CodeIgniter\View\View->render('admin/files', Array, true)
#6 C:\lara\www\iblogg\app\Controllers\Home.php(25): view('admin/files', Array)
#7 C:\lara\www\iblogg\app\Controllers\Admin\Views.php(106): App\Controllers\Home->view('admin', 'files', Array)
#8 C:\lara\www\iblogg\app\Controllers\Template\View.php(75): App\Controllers\Admin\Views->filesPage(Object(CodeIgniter\HTTP\IncomingRequest), '6', '1')
#9 C:\lara\www\iblogg\system\CodeIgniter.php(914): App\Controllers\Template\View->view('admin')
#10 C:\lara\www\iblogg\system\CodeIgniter.php(400): CodeIgniter\CodeIgniter->runController(Object(App\Controllers\Template\View))
#11 C:\lara\www\iblogg\system\CodeIgniter.php(308): CodeIgniter\CodeIgniter->handleRequest(NULL, Object(Config\Cache), false)
#12 C:\lara\www\iblogg\public\index.php(45): CodeIgniter\CodeIgniter->run()
#13 C:\lara\www\iblogg\system\Commands\Server\rewrite.php(34): require_once('C:\\lara\\www\\ibl...')
#14 {main}
CRITICAL - 2020-09-24 12:55:43 --> Call to a member function paginate() on array
#0 C:\lara\www\iblogg\app\Controllers\Template\View.php(37): App\Controllers\User\Views->index(Object(CodeIgniter\HTTP\IncomingRequest), '6', '0')
#1 C:\lara\www\iblogg\system\CodeIgniter.php(914): App\Controllers\Template\View->view('user')
#2 C:\lara\www\iblogg\system\CodeIgniter.php(400): CodeIgniter\CodeIgniter->runController(Object(App\Controllers\Template\View))
#3 C:\lara\www\iblogg\system\CodeIgniter.php(308): CodeIgniter\CodeIgniter->handleRequest(NULL, Object(Config\Cache), false)
#4 C:\lara\www\iblogg\public\index.php(45): CodeIgniter\CodeIgniter->run()
#5 C:\lara\www\iblogg\system\Commands\Server\rewrite.php(34): require_once('C:\\lara\\www\\ibl...')
#6 {main}
CRITICAL - 2020-09-24 12:57:34 --> Unknown database 'iblogg'
#0 C:\lara\www\iblogg\system\Database\BaseConnection.php(377): CodeIgniter\Database\MySQLi\Connection->connect(false)
#1 C:\lara\www\iblogg\system\Database\BaseConnection.php(643): CodeIgniter\Database\BaseConnection->initialize()
#2 C:\lara\www\iblogg\system\Database\BaseBuilder.php(1937): CodeIgniter\Database\BaseConnection->query('SELECT COUNT(*)...', Array, false)
#3 C:\lara\www\iblogg\system\Model.php(1596): CodeIgniter\Database\BaseBuilder->countAllResults(false)
#4 C:\lara\www\iblogg\app\Controllers\Admin\Views.php(19): CodeIgniter\Model->countAllResults(false)
#5 C:\lara\www\iblogg\app\Controllers\Template\View.php(12): App\Controllers\Admin\Views->__construct()
#6 C:\lara\www\iblogg\system\CodeIgniter.php(886): App\Controllers\Template\View->__construct()
#7 C:\lara\www\iblogg\system\CodeIgniter.php(395): CodeIgniter\CodeIgniter->createController()
#8 C:\lara\www\iblogg\system\CodeIgniter.php(308): CodeIgniter\CodeIgniter->handleRequest(NULL, Object(Config\Cache), false)
#9 C:\lara\www\iblogg\public\index.php(45): CodeIgniter\CodeIgniter->run()
#10 C:\lara\www\iblogg\system\Commands\Server\rewrite.php(34): require_once('C:\\lara\\www\\ibl...')
#11 {main}
CRITICAL - 2020-09-24 12:57:42 --> Unknown database 'iblogg'
#0 C:\lara\www\iblogg\system\Database\BaseConnection.php(377): CodeIgniter\Database\MySQLi\Connection->connect(false)
#1 C:\lara\www\iblogg\system\Database\BaseConnection.php(643): CodeIgniter\Database\BaseConnection->initialize()
#2 C:\lara\www\iblogg\system\Database\BaseBuilder.php(1937): CodeIgniter\Database\BaseConnection->query('SELECT COUNT(*)...', Array, false)
#3 C:\lara\www\iblogg\system\Model.php(1596): CodeIgniter\Database\BaseBuilder->countAllResults(false)
#4 C:\lara\www\iblogg\app\Controllers\Admin\Views.php(19): CodeIgniter\Model->countAllResults(false)
#5 C:\lara\www\iblogg\app\Controllers\Template\View.php(12): App\Controllers\Admin\Views->__construct()
#6 C:\lara\www\iblogg\system\CodeIgniter.php(886): App\Controllers\Template\View->__construct()
#7 C:\lara\www\iblogg\system\CodeIgniter.php(395): CodeIgniter\CodeIgniter->createController()
#8 C:\lara\www\iblogg\system\CodeIgniter.php(308): CodeIgniter\CodeIgniter->handleRequest(NULL, Object(Config\Cache), false)
#9 C:\lara\www\iblogg\public\index.php(45): CodeIgniter\CodeIgniter->run()
#10 C:\lara\www\iblogg\system\Commands\Server\rewrite.php(34): require_once('C:\\lara\\www\\ibl...')
#11 {main}
CRITICAL - 2020-09-24 12:58:40 --> Unknown database 'iblogg'
#0 C:\lara\www\iblogg\system\Database\BaseConnection.php(377): CodeIgniter\Database\MySQLi\Connection->connect(false)
#1 C:\lara\www\iblogg\system\Database\BaseConnection.php(643): CodeIgniter\Database\BaseConnection->initialize()
#2 C:\lara\www\iblogg\system\Database\BaseBuilder.php(1937): CodeIgniter\Database\BaseConnection->query('SELECT COUNT(*)...', Array, false)
#3 C:\lara\www\iblogg\system\Model.php(1596): CodeIgniter\Database\BaseBuilder->countAllResults(false)
#4 C:\lara\www\iblogg\app\Controllers\Admin\Views.php(19): CodeIgniter\Model->countAllResults(false)
#5 C:\lara\www\iblogg\app\Controllers\Template\View.php(12): App\Controllers\Admin\Views->__construct()
#6 C:\lara\www\iblogg\system\CodeIgniter.php(886): App\Controllers\Template\View->__construct()
#7 C:\lara\www\iblogg\system\CodeIgniter.php(395): CodeIgniter\CodeIgniter->createController()
#8 C:\lara\www\iblogg\system\CodeIgniter.php(308): CodeIgniter\CodeIgniter->handleRequest(NULL, Object(Config\Cache), false)
#9 C:\lara\www\iblogg\public\index.php(45): CodeIgniter\CodeIgniter->run()
#10 C:\lara\www\iblogg\system\Commands\Server\rewrite.php(34): require_once('C:\\lara\\www\\ibl...')
#11 {main}
CRITICAL - 2020-09-24 12:59:25 --> Unknown database 'iblogg'
#0 C:\lara\www\iblogg\system\Database\BaseConnection.php(377): CodeIgniter\Database\MySQLi\Connection->connect(false)
#1 C:\lara\www\iblogg\system\Database\BaseConnection.php(643): CodeIgniter\Database\BaseConnection->initialize()
#2 C:\lara\www\iblogg\system\Database\BaseBuilder.php(1937): CodeIgniter\Database\BaseConnection->query('SELECT COUNT(*)...', Array, false)
#3 C:\lara\www\iblogg\system\Model.php(1596): CodeIgniter\Database\BaseBuilder->countAllResults(false)
#4 C:\lara\www\iblogg\app\Controllers\Admin\Views.php(19): CodeIgniter\Model->countAllResults(false)
#5 C:\lara\www\iblogg\app\Controllers\Template\View.php(12): App\Controllers\Admin\Views->__construct()
#6 C:\lara\www\iblogg\system\CodeIgniter.php(886): App\Controllers\Template\View->__construct()
#7 C:\lara\www\iblogg\system\CodeIgniter.php(395): CodeIgniter\CodeIgniter->createController()
#8 C:\lara\www\iblogg\system\CodeIgniter.php(308): CodeIgniter\CodeIgniter->handleRequest(NULL, Object(Config\Cache), false)
#9 C:\lara\www\iblogg\public\index.php(45): CodeIgniter\CodeIgniter->run()
#10 C:\lara\www\iblogg\system\Commands\Server\rewrite.php(34): require_once('C:\\lara\\www\\ibl...')
#11 {main}
CRITICAL - 2020-09-24 12:59:29 --> Unknown database 'iblogg'
#0 C:\lara\www\iblogg\system\Database\BaseConnection.php(377): CodeIgniter\Database\MySQLi\Connection->connect(false)
#1 C:\lara\www\iblogg\system\Database\BaseConnection.php(643): CodeIgniter\Database\BaseConnection->initialize()
#2 C:\lara\www\iblogg\system\Database\BaseBuilder.php(1937): CodeIgniter\Database\BaseConnection->query('SELECT COUNT(*)...', Array, false)
#3 C:\lara\www\iblogg\system\Model.php(1596): CodeIgniter\Database\BaseBuilder->countAllResults(false)
#4 C:\lara\www\iblogg\app\Controllers\Admin\Views.php(19): CodeIgniter\Model->countAllResults(false)
#5 C:\lara\www\iblogg\app\Controllers\Template\View.php(12): App\Controllers\Admin\Views->__construct()
#6 C:\lara\www\iblogg\system\CodeIgniter.php(886): App\Controllers\Template\View->__construct()
#7 C:\lara\www\iblogg\system\CodeIgniter.php(395): CodeIgniter\CodeIgniter->createController()
#8 C:\lara\www\iblogg\system\CodeIgniter.php(308): CodeIgniter\CodeIgniter->handleRequest(NULL, Object(Config\Cache), false)
#9 C:\lara\www\iblogg\public\index.php(45): CodeIgniter\CodeIgniter->run()
#10 C:\lara\www\iblogg\system\Commands\Server\rewrite.php(34): require_once('C:\\lara\\www\\ibl...')
#11 {main}
CRITICAL - 2020-09-24 13:00:56 --> Unknown column 'files.deleted_at' in 'where clause'
#0 C:\lara\www\iblogg\system\Database\MySQLi\Connection.php(331): mysqli->query('SELECT COUNT(*)...')
#1 C:\lara\www\iblogg\system\Database\BaseConnection.php(738): CodeIgniter\Database\MySQLi\Connection->execute('SELECT COUNT(*)...')
#2 C:\lara\www\iblogg\system\Database\BaseConnection.php(666): CodeIgniter\Database\BaseConnection->simpleQuery('SELECT COUNT(*)...')
#3 C:\lara\www\iblogg\system\Database\BaseBuilder.php(1937): CodeIgniter\Database\BaseConnection->query('SELECT COUNT(*)...', Array, false)
#4 C:\lara\www\iblogg\system\Model.php(1596): CodeIgniter\Database\BaseBuilder->countAllResults(false)
#5 C:\lara\www\iblogg\app\Controllers\Admin\Views.php(19): CodeIgniter\Model->countAllResults(false)
#6 C:\lara\www\iblogg\app\Controllers\Template\View.php(12): App\Controllers\Admin\Views->__construct()
#7 C:\lara\www\iblogg\system\CodeIgniter.php(886): App\Controllers\Template\View->__construct()
#8 C:\lara\www\iblogg\system\CodeIgniter.php(395): CodeIgniter\CodeIgniter->createController()
#9 C:\lara\www\iblogg\system\CodeIgniter.php(308): CodeIgniter\CodeIgniter->handleRequest(NULL, Object(Config\Cache), false)
#10 C:\lara\www\iblogg\public\index.php(45): CodeIgniter\CodeIgniter->run()
#11 C:\lara\www\iblogg\system\Commands\Server\rewrite.php(34): require_once('C:\\lara\\www\\ibl...')
#12 {main}
CRITICAL - 2020-09-24 13:01:13 --> Unknown database 'iblogg'
#0 C:\lara\www\iblogg\system\Database\BaseConnection.php(377): CodeIgniter\Database\MySQLi\Connection->connect(false)
#1 C:\lara\www\iblogg\system\Database\BaseConnection.php(643): CodeIgniter\Database\BaseConnection->initialize()
#2 C:\lara\www\iblogg\system\Database\BaseBuilder.php(1937): CodeIgniter\Database\BaseConnection->query('SELECT COUNT(*)...', Array, false)
#3 C:\lara\www\iblogg\system\Model.php(1596): CodeIgniter\Database\BaseBuilder->countAllResults(false)
#4 C:\lara\www\iblogg\app\Controllers\Admin\Views.php(19): CodeIgniter\Model->countAllResults(false)
#5 C:\lara\www\iblogg\app\Controllers\Template\View.php(12): App\Controllers\Admin\Views->__construct()
#6 C:\lara\www\iblogg\system\CodeIgniter.php(886): App\Controllers\Template\View->__construct()
#7 C:\lara\www\iblogg\system\CodeIgniter.php(395): CodeIgniter\CodeIgniter->createController()
#8 C:\lara\www\iblogg\system\CodeIgniter.php(308): CodeIgniter\CodeIgniter->handleRequest(NULL, Object(Config\Cache), false)
#9 C:\lara\www\iblogg\public\index.php(45): CodeIgniter\CodeIgniter->run()
#10 C:\lara\www\iblogg\system\Commands\Server\rewrite.php(34): require_once('C:\\lara\\www\\ibl...')
#11 {main}
CRITICAL - 2020-09-24 13:02:19 --> Unknown database 'iblogg'
#0 C:\lara\www\iblogg\system\Database\BaseConnection.php(377): CodeIgniter\Database\MySQLi\Connection->connect(false)
#1 C:\lara\www\iblogg\system\Database\BaseConnection.php(643): CodeIgniter\Database\BaseConnection->initialize()
#2 C:\lara\www\iblogg\system\Database\BaseBuilder.php(1937): CodeIgniter\Database\BaseConnection->query('SELECT COUNT(*)...', Array, false)
#3 C:\lara\www\iblogg\system\Model.php(1596): CodeIgniter\Database\BaseBuilder->countAllResults(false)
#4 C:\lara\www\iblogg\app\Controllers\Admin\Views.php(19): CodeIgniter\Model->countAllResults(false)
#5 C:\lara\www\iblogg\app\Controllers\Template\View.php(12): App\Controllers\Admin\Views->__construct()
#6 C:\lara\www\iblogg\system\CodeIgniter.php(886): App\Controllers\Template\View->__construct()
#7 C:\lara\www\iblogg\system\CodeIgniter.php(395): CodeIgniter\CodeIgniter->createController()
#8 C:\lara\www\iblogg\system\CodeIgniter.php(308): CodeIgniter\CodeIgniter->handleRequest(NULL, Object(Config\Cache), false)
#9 C:\lara\www\iblogg\public\index.php(45): CodeIgniter\CodeIgniter->run()
#10 C:\lara\www\iblogg\system\Commands\Server\rewrite.php(34): require_once('C:\\lara\\www\\ibl...')
#11 {main}
CRITICAL - 2020-09-24 13:02:40 --> Unknown database 'iblogg'
#0 C:\lara\www\iblogg\system\Database\BaseConnection.php(377): CodeIgniter\Database\MySQLi\Connection->connect(false)
#1 C:\lara\www\iblogg\system\Database\BaseConnection.php(643): CodeIgniter\Database\BaseConnection->initialize()
#2 C:\lara\www\iblogg\system\Database\BaseBuilder.php(1937): CodeIgniter\Database\BaseConnection->query('SELECT COUNT(*)...', Array, false)
#3 C:\lara\www\iblogg\system\Model.php(1596): CodeIgniter\Database\BaseBuilder->countAllResults(false)
#4 C:\lara\www\iblogg\app\Controllers\Admin\Views.php(19): CodeIgniter\Model->countAllResults(false)
#5 C:\lara\www\iblogg\app\Controllers\Template\View.php(12): App\Controllers\Admin\Views->__construct()
#6 C:\lara\www\iblogg\system\CodeIgniter.php(886): App\Controllers\Template\View->__construct()
#7 C:\lara\www\iblogg\system\CodeIgniter.php(395): CodeIgniter\CodeIgniter->createController()
#8 C:\lara\www\iblogg\system\CodeIgniter.php(308): CodeIgniter\CodeIgniter->handleRequest(NULL, Object(Config\Cache), false)
#9 C:\lara\www\iblogg\public\index.php(45): CodeIgniter\CodeIgniter->run()
#10 C:\lara\www\iblogg\system\Commands\Server\rewrite.php(34): require_once('C:\\lara\\www\\ibl...')
#11 {main}
CRITICAL - 2020-09-24 13:03:29 --> Unknown database 'iblogg'
#0 C:\lara\www\iblogg\system\Database\BaseConnection.php(377): CodeIgniter\Database\MySQLi\Connection->connect(false)
#1 C:\lara\www\iblogg\system\Database\BaseConnection.php(643): CodeIgniter\Database\BaseConnection->initialize()
#2 C:\lara\www\iblogg\system\Database\BaseBuilder.php(1937): CodeIgniter\Database\BaseConnection->query('SELECT COUNT(*)...', Array, false)
#3 C:\lara\www\iblogg\system\Model.php(1596): CodeIgniter\Database\BaseBuilder->countAllResults(false)
#4 C:\lara\www\iblogg\app\Controllers\Admin\Views.php(19): CodeIgniter\Model->countAllResults(false)
#5 C:\lara\www\iblogg\app\Controllers\Template\View.php(12): App\Controllers\Admin\Views->__construct()
#6 C:\lara\www\iblogg\system\CodeIgniter.php(886): App\Controllers\Template\View->__construct()
#7 C:\lara\www\iblogg\system\CodeIgniter.php(395): CodeIgniter\CodeIgniter->createController()
#8 C:\lara\www\iblogg\system\CodeIgniter.php(308): CodeIgniter\CodeIgniter->handleRequest(NULL, Object(Config\Cache), false)
#9 C:\lara\www\iblogg\public\index.php(45): CodeIgniter\CodeIgniter->run()
#10 C:\lara\www\iblogg\system\Commands\Server\rewrite.php(34): require_once('C:\\lara\\www\\ibl...')
#11 {main}
CRITICAL - 2020-09-24 13:03:54 --> Unknown database 'iblogg'
#0 C:\lara\www\iblogg\system\Database\BaseConnection.php(377): CodeIgniter\Database\MySQLi\Connection->connect(false)
#1 C:\lara\www\iblogg\system\Database\BaseConnection.php(643): CodeIgniter\Database\BaseConnection->initialize()
#2 C:\lara\www\iblogg\system\Database\BaseBuilder.php(1937): CodeIgniter\Database\BaseConnection->query('SELECT COUNT(*)...', Array, false)
#3 C:\lara\www\iblogg\system\Model.php(1596): CodeIgniter\Database\BaseBuilder->countAllResults(false)
#4 C:\lara\www\iblogg\app\Controllers\Admin\Views.php(19): CodeIgniter\Model->countAllResults(false)
#5 C:\lara\www\iblogg\app\Controllers\Template\View.php(12): App\Controllers\Admin\Views->__construct()
#6 C:\lara\www\iblogg\system\CodeIgniter.php(886): App\Controllers\Template\View->__construct()
#7 C:\lara\www\iblogg\system\CodeIgniter.php(395): CodeIgniter\CodeIgniter->createController()
#8 C:\lara\www\iblogg\system\CodeIgniter.php(308): CodeIgniter\CodeIgniter->handleRequest(NULL, Object(Config\Cache), false)
#9 C:\lara\www\iblogg\public\index.php(45): CodeIgniter\CodeIgniter->run()
#10 C:\lara\www\iblogg\system\Commands\Server\rewrite.php(34): require_once('C:\\lara\\www\\ibl...')
#11 {main}
