CRITICAL - 2020-09-23 01:30:49 --> No connection could be made because the target machine actively refused it.

#0 C:\lara\www\iblogg\system\Database\BaseConnection.php(377): CodeIgniter\Database\MySQLi\Connection->connect(false)
#1 C:\lara\www\iblogg\system\Database\Database.php(109): CodeIgniter\Database\BaseConnection->initialize()
#2 C:\lara\www\iblogg\system\Database\Config.php(148): CodeIgniter\Database\Database->loadForge(Object(CodeIgniter\Database\MySQLi\Connection))
#3 C:\lara\www\iblogg\app\Libraries\Setup.php(10): CodeIgniter\Database\Config::forge('startup')
#4 C:\lara\www\iblogg\app\Controllers\Template\View.php(17): App\Libraries\Setup->__construct()
#5 C:\lara\www\iblogg\system\CodeIgniter.php(886): App\Controllers\Template\View->__construct()
#6 C:\lara\www\iblogg\system\CodeIgniter.php(395): CodeIgniter\CodeIgniter->createController()
#7 C:\lara\www\iblogg\system\CodeIgniter.php(308): CodeIgniter\CodeIgniter->handleRequest(NULL, Object(Config\Cache), false)
#8 C:\lara\www\iblogg\public\index.php(45): CodeIgniter\CodeIgniter->run()
#9 C:\lara\www\iblogg\system\Commands\Server\rewrite.php(34): require_once('C:\\lara\\www\\ibl...')
#10 {main}
CRITICAL - 2020-09-23 01:31:44 --> No connection could be made because the target machine actively refused it.

#0 C:\lara\www\iblogg\system\Database\BaseConnection.php(377): CodeIgniter\Database\MySQLi\Connection->connect(false)
#1 C:\lara\www\iblogg\system\Database\Database.php(109): CodeIgniter\Database\BaseConnection->initialize()
#2 C:\lara\www\iblogg\system\Database\Config.php(148): CodeIgniter\Database\Database->loadForge(Object(CodeIgniter\Database\MySQLi\Connection))
#3 C:\lara\www\iblogg\app\Libraries\Setup.php(10): CodeIgniter\Database\Config::forge('startup')
#4 C:\lara\www\iblogg\app\Controllers\Template\View.php(17): App\Libraries\Setup->__construct()
#5 C:\lara\www\iblogg\system\CodeIgniter.php(886): App\Controllers\Template\View->__construct()
#6 C:\lara\www\iblogg\system\CodeIgniter.php(395): CodeIgniter\CodeIgniter->createController()
#7 C:\lara\www\iblogg\system\CodeIgniter.php(308): CodeIgniter\CodeIgniter->handleRequest(NULL, Object(Config\Cache), false)
#8 C:\lara\www\iblogg\public\index.php(45): CodeIgniter\CodeIgniter->run()
#9 C:\lara\www\iblogg\system\Commands\Server\rewrite.php(34): require_once('C:\\lara\\www\\ibl...')
#10 {main}
CRITICAL - 2020-09-23 01:31:54 --> No connection could be made because the target machine actively refused it.

#0 C:\lara\www\iblogg\system\Database\BaseConnection.php(377): CodeIgniter\Database\MySQLi\Connection->connect(false)
#1 C:\lara\www\iblogg\system\Database\Database.php(109): CodeIgniter\Database\BaseConnection->initialize()
#2 C:\lara\www\iblogg\system\Database\Config.php(148): CodeIgniter\Database\Database->loadForge(Object(CodeIgniter\Database\MySQLi\Connection))
#3 C:\lara\www\iblogg\app\Libraries\Setup.php(10): CodeIgniter\Database\Config::forge('startup')
#4 C:\lara\www\iblogg\app\Controllers\Template\View.php(17): App\Libraries\Setup->__construct()
#5 C:\lara\www\iblogg\system\CodeIgniter.php(886): App\Controllers\Template\View->__construct()
#6 C:\lara\www\iblogg\system\CodeIgniter.php(395): CodeIgniter\CodeIgniter->createController()
#7 C:\lara\www\iblogg\system\CodeIgniter.php(308): CodeIgniter\CodeIgniter->handleRequest(NULL, Object(Config\Cache), false)
#8 C:\lara\www\iblogg\public\index.php(45): CodeIgniter\CodeIgniter->run()
#9 C:\lara\www\iblogg\system\Commands\Server\rewrite.php(34): require_once('C:\\lara\\www\\ibl...')
#10 {main}
CRITICAL - 2020-09-23 01:31:58 --> No connection could be made because the target machine actively refused it.

#0 C:\lara\www\iblogg\system\Database\BaseConnection.php(377): CodeIgniter\Database\MySQLi\Connection->connect(false)
#1 C:\lara\www\iblogg\system\Database\Database.php(109): CodeIgniter\Database\BaseConnection->initialize()
#2 C:\lara\www\iblogg\system\Database\Config.php(148): CodeIgniter\Database\Database->loadForge(Object(CodeIgniter\Database\MySQLi\Connection))
#3 C:\lara\www\iblogg\app\Libraries\Setup.php(10): CodeIgniter\Database\Config::forge('startup')
#4 C:\lara\www\iblogg\app\Controllers\Template\View.php(17): App\Libraries\Setup->__construct()
#5 C:\lara\www\iblogg\system\CodeIgniter.php(886): App\Controllers\Template\View->__construct()
#6 C:\lara\www\iblogg\system\CodeIgniter.php(395): CodeIgniter\CodeIgniter->createController()
#7 C:\lara\www\iblogg\system\CodeIgniter.php(308): CodeIgniter\CodeIgniter->handleRequest(NULL, Object(Config\Cache), false)
#8 C:\lara\www\iblogg\public\index.php(45): CodeIgniter\CodeIgniter->run()
#9 C:\lara\www\iblogg\system\Commands\Server\rewrite.php(34): require_once('C:\\lara\\www\\ibl...')
#10 {main}
CRITICAL - 2020-09-23 01:32:03 --> No connection could be made because the target machine actively refused it.

#0 C:\lara\www\iblogg\system\Database\BaseConnection.php(377): CodeIgniter\Database\MySQLi\Connection->connect(false)
#1 C:\lara\www\iblogg\system\Database\Database.php(109): CodeIgniter\Database\BaseConnection->initialize()
#2 C:\lara\www\iblogg\system\Database\Config.php(148): CodeIgniter\Database\Database->loadForge(Object(CodeIgniter\Database\MySQLi\Connection))
#3 C:\lara\www\iblogg\app\Libraries\Setup.php(10): CodeIgniter\Database\Config::forge('startup')
#4 C:\lara\www\iblogg\app\Controllers\Template\View.php(17): App\Libraries\Setup->__construct()
#5 C:\lara\www\iblogg\system\CodeIgniter.php(886): App\Controllers\Template\View->__construct()
#6 C:\lara\www\iblogg\system\CodeIgniter.php(395): CodeIgniter\CodeIgniter->createController()
#7 C:\lara\www\iblogg\system\CodeIgniter.php(308): CodeIgniter\CodeIgniter->handleRequest(NULL, Object(Config\Cache), false)
#8 C:\lara\www\iblogg\public\index.php(45): CodeIgniter\CodeIgniter->run()
#9 C:\lara\www\iblogg\system\Commands\Server\rewrite.php(34): require_once('C:\\lara\\www\\ibl...')
#10 {main}
CRITICAL - 2020-09-23 01:32:06 --> No connection could be made because the target machine actively refused it.

#0 C:\lara\www\iblogg\system\Database\BaseConnection.php(377): CodeIgniter\Database\MySQLi\Connection->connect(false)
#1 C:\lara\www\iblogg\system\Database\Database.php(109): CodeIgniter\Database\BaseConnection->initialize()
#2 C:\lara\www\iblogg\system\Database\Config.php(148): CodeIgniter\Database\Database->loadForge(Object(CodeIgniter\Database\MySQLi\Connection))
#3 C:\lara\www\iblogg\app\Libraries\Setup.php(10): CodeIgniter\Database\Config::forge('startup')
#4 C:\lara\www\iblogg\app\Controllers\Template\View.php(17): App\Libraries\Setup->__construct()
#5 C:\lara\www\iblogg\system\CodeIgniter.php(886): App\Controllers\Template\View->__construct()
#6 C:\lara\www\iblogg\system\CodeIgniter.php(395): CodeIgniter\CodeIgniter->createController()
#7 C:\lara\www\iblogg\system\CodeIgniter.php(308): CodeIgniter\CodeIgniter->handleRequest(NULL, Object(Config\Cache), false)
#8 C:\lara\www\iblogg\public\index.php(45): CodeIgniter\CodeIgniter->run()
#9 C:\lara\www\iblogg\system\Commands\Server\rewrite.php(34): require_once('C:\\lara\\www\\ibl...')
#10 {main}
CRITICAL - 2020-09-23 01:32:18 --> No connection could be made because the target machine actively refused it.

#0 C:\lara\www\iblogg\system\Database\BaseConnection.php(377): CodeIgniter\Database\MySQLi\Connection->connect(false)
#1 C:\lara\www\iblogg\system\Database\Database.php(109): CodeIgniter\Database\BaseConnection->initialize()
#2 C:\lara\www\iblogg\system\Database\Config.php(148): CodeIgniter\Database\Database->loadForge(Object(CodeIgniter\Database\MySQLi\Connection))
#3 C:\lara\www\iblogg\app\Libraries\Setup.php(10): CodeIgniter\Database\Config::forge('startup')
#4 C:\lara\www\iblogg\app\Controllers\Template\View.php(17): App\Libraries\Setup->__construct()
#5 C:\lara\www\iblogg\system\CodeIgniter.php(886): App\Controllers\Template\View->__construct()
#6 C:\lara\www\iblogg\system\CodeIgniter.php(395): CodeIgniter\CodeIgniter->createController()
#7 C:\lara\www\iblogg\system\CodeIgniter.php(308): CodeIgniter\CodeIgniter->handleRequest(NULL, Object(Config\Cache), false)
#8 C:\lara\www\iblogg\public\index.php(45): CodeIgniter\CodeIgniter->run()
#9 C:\lara\www\iblogg\system\Commands\Server\rewrite.php(34): require_once('C:\\lara\\www\\ibl...')
#10 {main}
CRITICAL - 2020-09-23 01:32:27 --> No connection could be made because the target machine actively refused it.

#0 C:\lara\www\iblogg\system\Database\BaseConnection.php(377): CodeIgniter\Database\MySQLi\Connection->connect(false)
#1 C:\lara\www\iblogg\system\Database\Database.php(109): CodeIgniter\Database\BaseConnection->initialize()
#2 C:\lara\www\iblogg\system\Database\Config.php(148): CodeIgniter\Database\Database->loadForge(Object(CodeIgniter\Database\MySQLi\Connection))
#3 C:\lara\www\iblogg\app\Libraries\Setup.php(10): CodeIgniter\Database\Config::forge('startup')
#4 C:\lara\www\iblogg\app\Controllers\Template\View.php(17): App\Libraries\Setup->__construct()
#5 C:\lara\www\iblogg\system\CodeIgniter.php(886): App\Controllers\Template\View->__construct()
#6 C:\lara\www\iblogg\system\CodeIgniter.php(395): CodeIgniter\CodeIgniter->createController()
#7 C:\lara\www\iblogg\system\CodeIgniter.php(308): CodeIgniter\CodeIgniter->handleRequest(NULL, Object(Config\Cache), false)
#8 C:\lara\www\iblogg\public\index.php(45): CodeIgniter\CodeIgniter->run()
#9 C:\lara\www\iblogg\system\Commands\Server\rewrite.php(34): require_once('C:\\lara\\www\\ibl...')
#10 {main}
CRITICAL - 2020-09-23 01:32:38 --> No connection could be made because the target machine actively refused it.

#0 C:\lara\www\iblogg\system\Database\BaseConnection.php(377): CodeIgniter\Database\MySQLi\Connection->connect(false)
#1 C:\lara\www\iblogg\system\Database\Database.php(109): CodeIgniter\Database\BaseConnection->initialize()
#2 C:\lara\www\iblogg\system\Database\Config.php(148): CodeIgniter\Database\Database->loadForge(Object(CodeIgniter\Database\MySQLi\Connection))
#3 C:\lara\www\iblogg\app\Libraries\Setup.php(10): CodeIgniter\Database\Config::forge('startup')
#4 C:\lara\www\iblogg\app\Controllers\Template\View.php(17): App\Libraries\Setup->__construct()
#5 C:\lara\www\iblogg\system\CodeIgniter.php(886): App\Controllers\Template\View->__construct()
#6 C:\lara\www\iblogg\system\CodeIgniter.php(395): CodeIgniter\CodeIgniter->createController()
#7 C:\lara\www\iblogg\system\CodeIgniter.php(308): CodeIgniter\CodeIgniter->handleRequest(NULL, Object(Config\Cache), false)
#8 C:\lara\www\iblogg\public\index.php(45): CodeIgniter\CodeIgniter->run()
#9 C:\lara\www\iblogg\system\Commands\Server\rewrite.php(34): require_once('C:\\lara\\www\\ibl...')
#10 {main}
CRITICAL - 2020-09-23 01:35:22 --> Maximum execution time of 60 seconds exceeded
#0 [internal function]: CodeIgniter\Debug\Exceptions->shutdownHandler()
#1 {main}
CRITICAL - 2020-09-23 01:35:29 --> No connection could be made because the target machine actively refused it.

#0 C:\lara\www\iblogg\system\Database\BaseConnection.php(377): CodeIgniter\Database\MySQLi\Connection->connect(false)
#1 C:\lara\www\iblogg\system\Database\Database.php(109): CodeIgniter\Database\BaseConnection->initialize()
#2 C:\lara\www\iblogg\system\Database\Config.php(148): CodeIgniter\Database\Database->loadForge(Object(CodeIgniter\Database\MySQLi\Connection))
#3 C:\lara\www\iblogg\app\Libraries\Setup.php(10): CodeIgniter\Database\Config::forge('startup')
#4 C:\lara\www\iblogg\app\Controllers\Template\View.php(17): App\Libraries\Setup->__construct()
#5 C:\lara\www\iblogg\system\CodeIgniter.php(886): App\Controllers\Template\View->__construct()
#6 C:\lara\www\iblogg\system\CodeIgniter.php(395): CodeIgniter\CodeIgniter->createController()
#7 C:\lara\www\iblogg\system\CodeIgniter.php(308): CodeIgniter\CodeIgniter->handleRequest(NULL, Object(Config\Cache), false)
#8 C:\lara\www\iblogg\public\index.php(45): CodeIgniter\CodeIgniter->run()
#9 C:\lara\www\iblogg\system\Commands\Server\rewrite.php(34): require_once('C:\\lara\\www\\ibl...')
#10 {main}
CRITICAL - 2020-09-23 02:38:21 --> Return value of CodeIgniter\View\Cell::render() must be of the type string, object returned
#0 C:\lara\www\iblogg\system\Common.php(1108): CodeIgniter\View\Cell->render('\\App\\Libraries\\...', Array, 0, 'AppLibrariesHel...')
#1 C:\lara\www\iblogg\app\Views\user\singlepost.php(32): view_cell('\\App\\Libraries\\...', Array)
#2 C:\lara\www\iblogg\system\View\View.php(246): include('C:\\lara\\www\\ibl...')
#3 C:\lara\www\iblogg\system\Common.php(1087): CodeIgniter\View\View->render('user/singlepost', Array, true)
#4 C:\lara\www\iblogg\app\Controllers\Home.php(25): view('user/singlepost', Array)
#5 C:\lara\www\iblogg\app\Controllers\User\Views.php(42): App\Controllers\Home->view('user', 'singlepost', Array)
#6 C:\lara\www\iblogg\app\Controllers\Template\View.php(42): App\Controllers\User\Views->singlePost(Object(CodeIgniter\HTTP\IncomingRequest), 'iblogg-default-...')
#7 C:\lara\www\iblogg\system\CodeIgniter.php(914): App\Controllers\Template\View->view('user')
#8 C:\lara\www\iblogg\system\CodeIgniter.php(400): CodeIgniter\CodeIgniter->runController(Object(App\Controllers\Template\View))
#9 C:\lara\www\iblogg\system\CodeIgniter.php(308): CodeIgniter\CodeIgniter->handleRequest(NULL, Object(Config\Cache), false)
#10 C:\lara\www\iblogg\public\index.php(45): CodeIgniter\CodeIgniter->run()
#11 C:\lara\www\iblogg\system\Commands\Server\rewrite.php(34): require_once('C:\\lara\\www\\ibl...')
#12 {main}
CRITICAL - 2020-09-23 02:39:04 --> Cannot use object of type App\Models\UsersModel as array
#0 C:\lara\www\iblogg\system\View\Cell.php(180): App\Libraries\Helper->userById('1')
#1 C:\lara\www\iblogg\system\Common.php(1108): CodeIgniter\View\Cell->render('\\App\\Libraries\\...', Array, 0, 'AppLibrariesHel...')
#2 C:\lara\www\iblogg\app\Views\user\singlepost.php(32): view_cell('\\App\\Libraries\\...', Array)
#3 C:\lara\www\iblogg\system\View\View.php(246): include('C:\\lara\\www\\ibl...')
#4 C:\lara\www\iblogg\system\Common.php(1087): CodeIgniter\View\View->render('user/singlepost', Array, true)
#5 C:\lara\www\iblogg\app\Controllers\Home.php(25): view('user/singlepost', Array)
#6 C:\lara\www\iblogg\app\Controllers\User\Views.php(42): App\Controllers\Home->view('user', 'singlepost', Array)
#7 C:\lara\www\iblogg\app\Controllers\Template\View.php(42): App\Controllers\User\Views->singlePost(Object(CodeIgniter\HTTP\IncomingRequest), 'iblogg-default-...')
#8 C:\lara\www\iblogg\system\CodeIgniter.php(914): App\Controllers\Template\View->view('user')
#9 C:\lara\www\iblogg\system\CodeIgniter.php(400): CodeIgniter\CodeIgniter->runController(Object(App\Controllers\Template\View))
#10 C:\lara\www\iblogg\system\CodeIgniter.php(308): CodeIgniter\CodeIgniter->handleRequest(NULL, Object(Config\Cache), false)
#11 C:\lara\www\iblogg\public\index.php(45): CodeIgniter\CodeIgniter->run()
#12 C:\lara\www\iblogg\system\Commands\Server\rewrite.php(34): require_once('C:\\lara\\www\\ibl...')
#13 {main}
CRITICAL - 2020-09-23 02:39:37 --> Cannot use object of type CodeIgniter\Database\MySQLi\Result as array
#0 C:\lara\www\iblogg\system\View\Cell.php(180): App\Libraries\Helper->userById('1')
#1 C:\lara\www\iblogg\system\Common.php(1108): CodeIgniter\View\Cell->render('\\App\\Libraries\\...', Array, 0, 'AppLibrariesHel...')
#2 C:\lara\www\iblogg\app\Views\user\singlepost.php(32): view_cell('\\App\\Libraries\\...', Array)
#3 C:\lara\www\iblogg\system\View\View.php(246): include('C:\\lara\\www\\ibl...')
#4 C:\lara\www\iblogg\system\Common.php(1087): CodeIgniter\View\View->render('user/singlepost', Array, true)
#5 C:\lara\www\iblogg\app\Controllers\Home.php(25): view('user/singlepost', Array)
#6 C:\lara\www\iblogg\app\Controllers\User\Views.php(42): App\Controllers\Home->view('user', 'singlepost', Array)
#7 C:\lara\www\iblogg\app\Controllers\Template\View.php(42): App\Controllers\User\Views->singlePost(Object(CodeIgniter\HTTP\IncomingRequest), 'iblogg-default-...')
#8 C:\lara\www\iblogg\system\CodeIgniter.php(914): App\Controllers\Template\View->view('user')
#9 C:\lara\www\iblogg\system\CodeIgniter.php(400): CodeIgniter\CodeIgniter->runController(Object(App\Controllers\Template\View))
#10 C:\lara\www\iblogg\system\CodeIgniter.php(308): CodeIgniter\CodeIgniter->handleRequest(NULL, Object(Config\Cache), false)
#11 C:\lara\www\iblogg\public\index.php(45): CodeIgniter\CodeIgniter->run()
#12 C:\lara\www\iblogg\system\Commands\Server\rewrite.php(34): require_once('C:\\lara\\www\\ibl...')
#13 {main}
CRITICAL - 2020-09-23 02:40:01 --> Cannot use object of type CodeIgniter\Database\MySQLi\Result as array
#0 C:\lara\www\iblogg\system\View\Cell.php(180): App\Libraries\Helper->userById('1')
#1 C:\lara\www\iblogg\system\Common.php(1108): CodeIgniter\View\Cell->render('\\App\\Libraries\\...', Array, 0, 'AppLibrariesHel...')
#2 C:\lara\www\iblogg\app\Views\user\singlepost.php(32): view_cell('\\App\\Libraries\\...', Array)
#3 C:\lara\www\iblogg\system\View\View.php(246): include('C:\\lara\\www\\ibl...')
#4 C:\lara\www\iblogg\system\Common.php(1087): CodeIgniter\View\View->render('user/singlepost', Array, true)
#5 C:\lara\www\iblogg\app\Controllers\Home.php(25): view('user/singlepost', Array)
#6 C:\lara\www\iblogg\app\Controllers\User\Views.php(42): App\Controllers\Home->view('user', 'singlepost', Array)
#7 C:\lara\www\iblogg\app\Controllers\Template\View.php(42): App\Controllers\User\Views->singlePost(Object(CodeIgniter\HTTP\IncomingRequest), 'iblogg-default-...')
#8 C:\lara\www\iblogg\system\CodeIgniter.php(914): App\Controllers\Template\View->view('user')
#9 C:\lara\www\iblogg\system\CodeIgniter.php(400): CodeIgniter\CodeIgniter->runController(Object(App\Controllers\Template\View))
#10 C:\lara\www\iblogg\system\CodeIgniter.php(308): CodeIgniter\CodeIgniter->handleRequest(NULL, Object(Config\Cache), false)
#11 C:\lara\www\iblogg\public\index.php(45): CodeIgniter\CodeIgniter->run()
#12 C:\lara\www\iblogg\system\Commands\Server\rewrite.php(34): require_once('C:\\lara\\www\\ibl...')
#13 {main}
CRITICAL - 2020-09-23 02:41:11 --> Undefined index: user_name
#0 C:\lara\www\iblogg\app\Libraries\Helper.php(242): CodeIgniter\Debug\Exceptions->errorHandler(8, 'Undefined index...', 'C:\\lara\\www\\ibl...', 242, Array)
#1 C:\lara\www\iblogg\system\View\Cell.php(180): App\Libraries\Helper->userById('1')
#2 C:\lara\www\iblogg\system\Common.php(1108): CodeIgniter\View\Cell->render('\\App\\Libraries\\...', Array, 0, 'AppLibrariesHel...')
#3 C:\lara\www\iblogg\app\Views\user\singlepost.php(32): view_cell('\\App\\Libraries\\...', Array)
#4 C:\lara\www\iblogg\system\View\View.php(246): include('C:\\lara\\www\\ibl...')
#5 C:\lara\www\iblogg\system\Common.php(1087): CodeIgniter\View\View->render('user/singlepost', Array, true)
#6 C:\lara\www\iblogg\app\Controllers\Home.php(25): view('user/singlepost', Array)
#7 C:\lara\www\iblogg\app\Controllers\User\Views.php(42): App\Controllers\Home->view('user', 'singlepost', Array)
#8 C:\lara\www\iblogg\app\Controllers\Template\View.php(42): App\Controllers\User\Views->singlePost(Object(CodeIgniter\HTTP\IncomingRequest), 'iblogg-default-...')
#9 C:\lara\www\iblogg\system\CodeIgniter.php(914): App\Controllers\Template\View->view('user')
#10 C:\lara\www\iblogg\system\CodeIgniter.php(400): CodeIgniter\CodeIgniter->runController(Object(App\Controllers\Template\View))
#11 C:\lara\www\iblogg\system\CodeIgniter.php(308): CodeIgniter\CodeIgniter->handleRequest(NULL, Object(Config\Cache), false)
#12 C:\lara\www\iblogg\public\index.php(45): CodeIgniter\CodeIgniter->run()
#13 C:\lara\www\iblogg\system\Commands\Server\rewrite.php(34): require_once('C:\\lara\\www\\ibl...')
#14 {main}
CRITICAL - 2020-09-23 02:53:39 --> Return value of CodeIgniter\View\Cell::render() must be of the type string, null returned
#0 C:\lara\www\iblogg\system\Common.php(1108): CodeIgniter\View\Cell->render('\\App\\Libraries\\...', Array, 0, 'AppLibrariesHel...')
#1 C:\lara\www\iblogg\app\Views\user\singlepost.php(25): view_cell('\\App\\Libraries\\...', Array)
#2 C:\lara\www\iblogg\system\View\View.php(246): include('C:\\lara\\www\\ibl...')
#3 C:\lara\www\iblogg\system\Common.php(1087): CodeIgniter\View\View->render('user/singlepost', Array, true)
#4 C:\lara\www\iblogg\app\Controllers\Home.php(25): view('user/singlepost', Array)
#5 C:\lara\www\iblogg\app\Controllers\User\Views.php(42): App\Controllers\Home->view('user', 'singlepost', Array)
#6 C:\lara\www\iblogg\app\Controllers\Template\View.php(42): App\Controllers\User\Views->singlePost(Object(CodeIgniter\HTTP\IncomingRequest), 'iblogg-default-...')
#7 C:\lara\www\iblogg\system\CodeIgniter.php(914): App\Controllers\Template\View->view('user')
#8 C:\lara\www\iblogg\system\CodeIgniter.php(400): CodeIgniter\CodeIgniter->runController(Object(App\Controllers\Template\View))
#9 C:\lara\www\iblogg\system\CodeIgniter.php(308): CodeIgniter\CodeIgniter->handleRequest(NULL, Object(Config\Cache), false)
#10 C:\lara\www\iblogg\public\index.php(45): CodeIgniter\CodeIgniter->run()
#11 C:\lara\www\iblogg\system\Commands\Server\rewrite.php(34): require_once('C:\\lara\\www\\ibl...')
#12 {main}
CRITICAL - 2020-09-23 02:53:47 --> Return value of CodeIgniter\View\Cell::render() must be of the type string, null returned
#0 C:\lara\www\iblogg\system\Common.php(1108): CodeIgniter\View\Cell->render('\\App\\Libraries\\...', Array, 0, 'AppLibrariesHel...')
#1 C:\lara\www\iblogg\app\Views\user\singlepost.php(25): view_cell('\\App\\Libraries\\...', Array)
#2 C:\lara\www\iblogg\system\View\View.php(246): include('C:\\lara\\www\\ibl...')
#3 C:\lara\www\iblogg\system\Common.php(1087): CodeIgniter\View\View->render('user/singlepost', Array, true)
#4 C:\lara\www\iblogg\app\Controllers\Home.php(25): view('user/singlepost', Array)
#5 C:\lara\www\iblogg\app\Controllers\User\Views.php(42): App\Controllers\Home->view('user', 'singlepost', Array)
#6 C:\lara\www\iblogg\app\Controllers\Template\View.php(42): App\Controllers\User\Views->singlePost(Object(CodeIgniter\HTTP\IncomingRequest), 'iblogg-default-...')
#7 C:\lara\www\iblogg\system\CodeIgniter.php(914): App\Controllers\Template\View->view('user')
#8 C:\lara\www\iblogg\system\CodeIgniter.php(400): CodeIgniter\CodeIgniter->runController(Object(App\Controllers\Template\View))
#9 C:\lara\www\iblogg\system\CodeIgniter.php(308): CodeIgniter\CodeIgniter->handleRequest(NULL, Object(Config\Cache), false)
#10 C:\lara\www\iblogg\public\index.php(45): CodeIgniter\CodeIgniter->run()
#11 C:\lara\www\iblogg\system\Commands\Server\rewrite.php(34): require_once('C:\\lara\\www\\ibl...')
#12 {main}
CRITICAL - 2020-09-23 02:54:15 --> Return value of CodeIgniter\View\Cell::render() must be of the type string, null returned
#0 C:\lara\www\iblogg\system\Common.php(1108): CodeIgniter\View\Cell->render('\\App\\Libraries\\...', Array, 0, 'AppLibrariesHel...')
#1 C:\lara\www\iblogg\app\Views\user\singlepost.php(25): view_cell('\\App\\Libraries\\...', Array)
#2 C:\lara\www\iblogg\system\View\View.php(246): include('C:\\lara\\www\\ibl...')
#3 C:\lara\www\iblogg\system\Common.php(1087): CodeIgniter\View\View->render('user/singlepost', Array, true)
#4 C:\lara\www\iblogg\app\Controllers\Home.php(25): view('user/singlepost', Array)
#5 C:\lara\www\iblogg\app\Controllers\User\Views.php(42): App\Controllers\Home->view('user', 'singlepost', Array)
#6 C:\lara\www\iblogg\app\Controllers\Template\View.php(42): App\Controllers\User\Views->singlePost(Object(CodeIgniter\HTTP\IncomingRequest), 'iblogg-default-...')
#7 C:\lara\www\iblogg\system\CodeIgniter.php(914): App\Controllers\Template\View->view('user')
#8 C:\lara\www\iblogg\system\CodeIgniter.php(400): CodeIgniter\CodeIgniter->runController(Object(App\Controllers\Template\View))
#9 C:\lara\www\iblogg\system\CodeIgniter.php(308): CodeIgniter\CodeIgniter->handleRequest(NULL, Object(Config\Cache), false)
#10 C:\lara\www\iblogg\public\index.php(45): CodeIgniter\CodeIgniter->run()
#11 C:\lara\www\iblogg\system\Commands\Server\rewrite.php(34): require_once('C:\\lara\\www\\ibl...')
#12 {main}
CRITICAL - 2020-09-23 03:12:44 --> ini_set(): Headers already sent. You cannot change the session module's ini settings at this time
#0 [internal function]: CodeIgniter\Debug\Exceptions->errorHandler(2, 'ini_set(): Head...', 'C:\\lara\\www\\ibl...', 101, Array)
#1 C:\lara\www\iblogg\system\Session\Handlers\FileHandler.php(101): ini_set('session.save_pa...', 'C:\\lara\\www\\ibl...')
#2 C:\lara\www\iblogg\system\Config\Services.php(763): CodeIgniter\Session\Handlers\FileHandler->__construct(Object(Config\App), '::1')
#3 C:\lara\www\iblogg\system\Config\BaseService.php(123): CodeIgniter\Config\Services::session(Object(Config\App), false)
#4 C:\lara\www\iblogg\system\Config\Services.php(752): CodeIgniter\Config\BaseService::getSharedInstance('session', NULL)
#5 C:\lara\www\iblogg\system\Common.php(894): CodeIgniter\Config\Services::session()
#6 C:\lara\www\iblogg\app\Controllers\Api\Files.php(19): session()
#7 C:\lara\www\iblogg\system\CodeIgniter.php(914): App\Controllers\Api\Files->handleFiles()
#8 C:\lara\www\iblogg\system\CodeIgniter.php(400): CodeIgniter\CodeIgniter->runController(Object(App\Controllers\Api\Files))
#9 C:\lara\www\iblogg\system\CodeIgniter.php(308): CodeIgniter\CodeIgniter->handleRequest(NULL, Object(Config\Cache), false)
#10 C:\lara\www\iblogg\public\index.php(45): CodeIgniter\CodeIgniter->run()
#11 C:\lara\www\iblogg\system\Commands\Server\rewrite.php(34): require_once('C:\\lara\\www\\ibl...')
#12 {main}
CRITICAL - 2020-09-23 03:12:44 --> Uncaught ErrorException: Cannot modify header information - headers already sent by (output started at C:\lara\www\iblogg\app\Config\Events.php:27) in C:\lara\www\iblogg\system\Debug\Exceptions.php:162
Stack trace:
#0 [internal function]: CodeIgniter\Debug\Exceptions->errorHandler(2, 'Cannot modify h...', 'C:\\lara\\www\\ibl...', 162, Array)
#1 C:\lara\www\iblogg\system\Debug\Exceptions.php(162): header('HTTP/1.1 500 In...', true, 500)
#2 [internal function]: CodeIgniter\Debug\Exceptions->exceptionHandler(Object(ErrorException))
#3 {main}
  thrown
#0 [internal function]: CodeIgniter\Debug\Exceptions->shutdownHandler()
#1 {main}
CRITICAL - 2020-09-23 03:37:55 --> Column 'file_ext' cannot be null
#0 C:\lara\www\iblogg\system\Database\MySQLi\Connection.php(331): mysqli->query('INSERT INTO `fi...')
#1 C:\lara\www\iblogg\system\Database\BaseConnection.php(738): CodeIgniter\Database\MySQLi\Connection->execute('INSERT INTO `fi...')
#2 C:\lara\www\iblogg\system\Database\BaseConnection.php(666): CodeIgniter\Database\BaseConnection->simpleQuery('INSERT INTO `fi...')
#3 C:\lara\www\iblogg\system\Database\BaseBuilder.php(2234): CodeIgniter\Database\BaseConnection->query('INSERT INTO `fi...', Array, false)
#4 C:\lara\www\iblogg\system\Model.php(729): CodeIgniter\Database\BaseBuilder->insert()
#5 C:\lara\www\iblogg\system\Model.php(557): CodeIgniter\Model->insert(Array, false)
#6 C:\lara\www\iblogg\app\Controllers\Api\Files.php(63): CodeIgniter\Model->save(Array)
#7 C:\lara\www\iblogg\system\CodeIgniter.php(914): App\Controllers\Api\Files->handleFiles()
#8 C:\lara\www\iblogg\system\CodeIgniter.php(400): CodeIgniter\CodeIgniter->runController(Object(App\Controllers\Api\Files))
#9 C:\lara\www\iblogg\system\CodeIgniter.php(308): CodeIgniter\CodeIgniter->handleRequest(NULL, Object(Config\Cache), false)
#10 C:\lara\www\iblogg\public\index.php(45): CodeIgniter\CodeIgniter->run()
#11 C:\lara\www\iblogg\system\Commands\Server\rewrite.php(34): require_once('C:\\lara\\www\\ibl...')
#12 {main}
CRITICAL - 2020-09-23 03:40:25 --> Column 'file_ext' cannot be null
#0 C:\lara\www\iblogg\system\Database\MySQLi\Connection.php(331): mysqli->query('INSERT INTO `fi...')
#1 C:\lara\www\iblogg\system\Database\BaseConnection.php(738): CodeIgniter\Database\MySQLi\Connection->execute('INSERT INTO `fi...')
#2 C:\lara\www\iblogg\system\Database\BaseConnection.php(666): CodeIgniter\Database\BaseConnection->simpleQuery('INSERT INTO `fi...')
#3 C:\lara\www\iblogg\system\Database\BaseBuilder.php(2234): CodeIgniter\Database\BaseConnection->query('INSERT INTO `fi...', Array, false)
#4 C:\lara\www\iblogg\system\Model.php(729): CodeIgniter\Database\BaseBuilder->insert()
#5 C:\lara\www\iblogg\system\Model.php(557): CodeIgniter\Model->insert(Array, false)
#6 C:\lara\www\iblogg\app\Controllers\Api\Files.php(63): CodeIgniter\Model->save(Array)
#7 C:\lara\www\iblogg\system\CodeIgniter.php(914): App\Controllers\Api\Files->handleFiles()
#8 C:\lara\www\iblogg\system\CodeIgniter.php(400): CodeIgniter\CodeIgniter->runController(Object(App\Controllers\Api\Files))
#9 C:\lara\www\iblogg\system\CodeIgniter.php(308): CodeIgniter\CodeIgniter->handleRequest(NULL, Object(Config\Cache), false)
#10 C:\lara\www\iblogg\public\index.php(45): CodeIgniter\CodeIgniter->run()
#11 C:\lara\www\iblogg\system\Commands\Server\rewrite.php(34): require_once('C:\\lara\\www\\ibl...')
#12 {main}
CRITICAL - 2020-09-23 17:42:49 --> Undefined variable: post_count
#0 C:\lara\www\iblogg\app\Views\admin\index.php(22): CodeIgniter\Debug\Exceptions->errorHandler(8, 'Undefined varia...', 'C:\\lara\\www\\ibl...', 22, Array)
#1 C:\lara\www\iblogg\system\View\View.php(246): include('C:\\lara\\www\\ibl...')
#2 C:\lara\www\iblogg\system\Common.php(1087): CodeIgniter\View\View->render('admin/index', Array, true)
#3 C:\lara\www\iblogg\app\Controllers\Home.php(25): view('admin/index', Array)
#4 C:\lara\www\iblogg\app\Controllers\Admin\Views.php(35): App\Controllers\Home->view('admin', 'index', Array)
#5 C:\lara\www\iblogg\app\Controllers\Template\View.php(70): App\Controllers\Admin\Views->index(Object(CodeIgniter\HTTP\IncomingRequest))
#6 C:\lara\www\iblogg\system\CodeIgniter.php(914): App\Controllers\Template\View->view('admin')
#7 C:\lara\www\iblogg\system\CodeIgniter.php(400): CodeIgniter\CodeIgniter->runController(Object(App\Controllers\Template\View))
#8 C:\lara\www\iblogg\system\CodeIgniter.php(308): CodeIgniter\CodeIgniter->handleRequest(NULL, Object(Config\Cache), false)
#9 C:\lara\www\iblogg\public\index.php(45): CodeIgniter\CodeIgniter->run()
#10 C:\lara\www\iblogg\system\Commands\Server\rewrite.php(34): require_once('C:\\lara\\www\\ibl...')
#11 {main}
