CRITICAL - 2020-10-14 02:10:39 --> No connection could be made because the target machine actively refused it.

#0 C:\lara\www\iblogg\system\Database\BaseConnection.php(377): CodeIgniter\Database\MySQLi\Connection->connect(false)
#1 C:\lara\www\iblogg\system\Database\Database.php(109): CodeIgniter\Database\BaseConnection->initialize()
#2 C:\lara\www\iblogg\system\Database\Config.php(148): CodeIgniter\Database\Database->loadForge(Object(CodeIgniter\Database\MySQLi\Connection))
#3 C:\lara\www\iblogg\app\Libraries\Setup.php(10): CodeIgniter\Database\Config::forge('startup')
#4 C:\lara\www\iblogg\app\Controllers\Template\View.php(12): App\Libraries\Setup->__construct()
#5 C:\lara\www\iblogg\system\CodeIgniter.php(886): App\Controllers\Template\View->__construct()
#6 C:\lara\www\iblogg\system\CodeIgniter.php(395): CodeIgniter\CodeIgniter->createController()
#7 C:\lara\www\iblogg\system\CodeIgniter.php(308): CodeIgniter\CodeIgniter->handleRequest(NULL, Object(Config\Cache), false)
#8 C:\lara\www\iblogg\public\index.php(45): CodeIgniter\CodeIgniter->run()
#9 C:\lara\www\iblogg\system\Commands\Server\rewrite.php(34): require_once('C:\\lara\\www\\ibl...')
#10 {main}
CRITICAL - 2020-10-14 02:10:51 --> No connection could be made because the target machine actively refused it.

#0 C:\lara\www\iblogg\system\Database\BaseConnection.php(377): CodeIgniter\Database\MySQLi\Connection->connect(false)
#1 C:\lara\www\iblogg\system\Database\Database.php(109): CodeIgniter\Database\BaseConnection->initialize()
#2 C:\lara\www\iblogg\system\Database\Config.php(148): CodeIgniter\Database\Database->loadForge(Object(CodeIgniter\Database\MySQLi\Connection))
#3 C:\lara\www\iblogg\app\Libraries\Setup.php(10): CodeIgniter\Database\Config::forge('startup')
#4 C:\lara\www\iblogg\app\Controllers\Template\View.php(12): App\Libraries\Setup->__construct()
#5 C:\lara\www\iblogg\system\CodeIgniter.php(886): App\Controllers\Template\View->__construct()
#6 C:\lara\www\iblogg\system\CodeIgniter.php(395): CodeIgniter\CodeIgniter->createController()
#7 C:\lara\www\iblogg\system\CodeIgniter.php(308): CodeIgniter\CodeIgniter->handleRequest(NULL, Object(Config\Cache), false)
#8 C:\lara\www\iblogg\public\index.php(45): CodeIgniter\CodeIgniter->run()
#9 C:\lara\www\iblogg\system\Commands\Server\rewrite.php(34): require_once('C:\\lara\\www\\ibl...')
#10 {main}
CRITICAL - 2020-10-14 02:11:01 --> No connection could be made because the target machine actively refused it.

#0 C:\lara\www\iblogg\system\Database\BaseConnection.php(377): CodeIgniter\Database\MySQLi\Connection->connect(false)
#1 C:\lara\www\iblogg\system\Database\Database.php(109): CodeIgniter\Database\BaseConnection->initialize()
#2 C:\lara\www\iblogg\system\Database\Config.php(148): CodeIgniter\Database\Database->loadForge(Object(CodeIgniter\Database\MySQLi\Connection))
#3 C:\lara\www\iblogg\app\Libraries\Setup.php(10): CodeIgniter\Database\Config::forge('startup')
#4 C:\lara\www\iblogg\app\Controllers\Template\View.php(12): App\Libraries\Setup->__construct()
#5 C:\lara\www\iblogg\system\CodeIgniter.php(886): App\Controllers\Template\View->__construct()
#6 C:\lara\www\iblogg\system\CodeIgniter.php(395): CodeIgniter\CodeIgniter->createController()
#7 C:\lara\www\iblogg\system\CodeIgniter.php(308): CodeIgniter\CodeIgniter->handleRequest(NULL, Object(Config\Cache), false)
#8 C:\lara\www\iblogg\public\index.php(45): CodeIgniter\CodeIgniter->run()
#9 C:\lara\www\iblogg\system\Commands\Server\rewrite.php(34): require_once('C:\\lara\\www\\ibl...')
#10 {main}
CRITICAL - 2020-10-14 05:05:16 --> Undefined variable: isPage
#0 C:\lara\www\iblogg\app\Views\admin\posts.php(170): CodeIgniter\Debug\Exceptions->errorHandler(8, 'Undefined varia...', 'C:\\lara\\www\\ibl...', 170, Array)
#1 C:\lara\www\iblogg\system\View\View.php(246): include('C:\\lara\\www\\ibl...')
#2 C:\lara\www\iblogg\system\Common.php(1087): CodeIgniter\View\View->render('admin/posts', Array, true)
#3 C:\lara\www\iblogg\app\Controllers\Home.php(25): view('admin/posts', Array)
#4 C:\lara\www\iblogg\app\Controllers\Admin\Views.php(102): App\Controllers\Home->view('admin', 'posts', Array)
#5 C:\lara\www\iblogg\app\Controllers\Template\View.php(72): App\Controllers\Admin\Views->postsPage(Object(CodeIgniter\HTTP\IncomingRequest), '3', '1')
#6 C:\lara\www\iblogg\system\CodeIgniter.php(914): App\Controllers\Template\View->view('admin')
#7 C:\lara\www\iblogg\system\CodeIgniter.php(400): CodeIgniter\CodeIgniter->runController(Object(App\Controllers\Template\View))
#8 C:\lara\www\iblogg\system\CodeIgniter.php(308): CodeIgniter\CodeIgniter->handleRequest(NULL, Object(Config\Cache), false)
#9 C:\lara\www\iblogg\public\index.php(45): CodeIgniter\CodeIgniter->run()
#10 C:\lara\www\iblogg\system\Commands\Server\rewrite.php(34): require_once('C:\\lara\\www\\ibl...')
#11 {main}
CRITICAL - 2020-10-14 05:05:19 --> Undefined variable: isPage
#0 C:\lara\www\iblogg\app\Views\admin\posts.php(170): CodeIgniter\Debug\Exceptions->errorHandler(8, 'Undefined varia...', 'C:\\lara\\www\\ibl...', 170, Array)
#1 C:\lara\www\iblogg\system\View\View.php(246): include('C:\\lara\\www\\ibl...')
#2 C:\lara\www\iblogg\system\Common.php(1087): CodeIgniter\View\View->render('admin/posts', Array, true)
#3 C:\lara\www\iblogg\app\Controllers\Home.php(25): view('admin/posts', Array)
#4 C:\lara\www\iblogg\app\Controllers\Admin\Views.php(102): App\Controllers\Home->view('admin', 'posts', Array)
#5 C:\lara\www\iblogg\app\Controllers\Template\View.php(72): App\Controllers\Admin\Views->postsPage(Object(CodeIgniter\HTTP\IncomingRequest), '3', '1')
#6 C:\lara\www\iblogg\system\CodeIgniter.php(914): App\Controllers\Template\View->view('admin')
#7 C:\lara\www\iblogg\system\CodeIgniter.php(400): CodeIgniter\CodeIgniter->runController(Object(App\Controllers\Template\View))
#8 C:\lara\www\iblogg\system\CodeIgniter.php(308): CodeIgniter\CodeIgniter->handleRequest(NULL, Object(Config\Cache), false)
#9 C:\lara\www\iblogg\public\index.php(45): CodeIgniter\CodeIgniter->run()
#10 C:\lara\www\iblogg\system\Commands\Server\rewrite.php(34): require_once('C:\\lara\\www\\ibl...')
#11 {main}
CRITICAL - 2020-10-14 05:07:13 --> Undefined variable: isPage
#0 C:\lara\www\iblogg\app\Views\admin\posts.php(193): CodeIgniter\Debug\Exceptions->errorHandler(8, 'Undefined varia...', 'C:\\lara\\www\\ibl...', 193, Array)
#1 C:\lara\www\iblogg\system\View\View.php(246): include('C:\\lara\\www\\ibl...')
#2 C:\lara\www\iblogg\system\Common.php(1087): CodeIgniter\View\View->render('admin/posts', Array, true)
#3 C:\lara\www\iblogg\app\Controllers\Home.php(25): view('admin/posts', Array)
#4 C:\lara\www\iblogg\app\Controllers\Admin\Views.php(102): App\Controllers\Home->view('admin', 'posts', Array)
#5 C:\lara\www\iblogg\app\Controllers\Template\View.php(72): App\Controllers\Admin\Views->postsPage(Object(CodeIgniter\HTTP\IncomingRequest), '3', '1')
#6 C:\lara\www\iblogg\system\CodeIgniter.php(914): App\Controllers\Template\View->view('admin')
#7 C:\lara\www\iblogg\system\CodeIgniter.php(400): CodeIgniter\CodeIgniter->runController(Object(App\Controllers\Template\View))
#8 C:\lara\www\iblogg\system\CodeIgniter.php(308): CodeIgniter\CodeIgniter->handleRequest(NULL, Object(Config\Cache), false)
#9 C:\lara\www\iblogg\public\index.php(45): CodeIgniter\CodeIgniter->run()
#10 C:\lara\www\iblogg\system\Commands\Server\rewrite.php(34): require_once('C:\\lara\\www\\ibl...')
#11 {main}
CRITICAL - 2020-10-14 05:07:40 --> Undefined variable: isPage
#0 C:\lara\www\iblogg\app\Views\admin\posts.php(193): CodeIgniter\Debug\Exceptions->errorHandler(8, 'Undefined varia...', 'C:\\lara\\www\\ibl...', 193, Array)
#1 C:\lara\www\iblogg\system\View\View.php(246): include('C:\\lara\\www\\ibl...')
#2 C:\lara\www\iblogg\system\Common.php(1087): CodeIgniter\View\View->render('admin/posts', Array, true)
#3 C:\lara\www\iblogg\app\Controllers\Home.php(25): view('admin/posts', Array)
#4 C:\lara\www\iblogg\app\Controllers\Admin\Views.php(102): App\Controllers\Home->view('admin', 'posts', Array)
#5 C:\lara\www\iblogg\app\Controllers\Template\View.php(72): App\Controllers\Admin\Views->postsPage(Object(CodeIgniter\HTTP\IncomingRequest), '3', '1')
#6 C:\lara\www\iblogg\system\CodeIgniter.php(914): App\Controllers\Template\View->view('admin')
#7 C:\lara\www\iblogg\system\CodeIgniter.php(400): CodeIgniter\CodeIgniter->runController(Object(App\Controllers\Template\View))
#8 C:\lara\www\iblogg\system\CodeIgniter.php(308): CodeIgniter\CodeIgniter->handleRequest(NULL, Object(Config\Cache), false)
#9 C:\lara\www\iblogg\public\index.php(45): CodeIgniter\CodeIgniter->run()
#10 C:\lara\www\iblogg\system\Commands\Server\rewrite.php(34): require_once('C:\\lara\\www\\ibl...')
#11 {main}
CRITICAL - 2020-10-14 05:07:44 --> Undefined variable: isPage
#0 C:\lara\www\iblogg\app\Views\admin\posts.php(193): CodeIgniter\Debug\Exceptions->errorHandler(8, 'Undefined varia...', 'C:\\lara\\www\\ibl...', 193, Array)
#1 C:\lara\www\iblogg\system\View\View.php(246): include('C:\\lara\\www\\ibl...')
#2 C:\lara\www\iblogg\system\Common.php(1087): CodeIgniter\View\View->render('admin/posts', Array, true)
#3 C:\lara\www\iblogg\app\Controllers\Home.php(25): view('admin/posts', Array)
#4 C:\lara\www\iblogg\app\Controllers\Admin\Views.php(102): App\Controllers\Home->view('admin', 'posts', Array)
#5 C:\lara\www\iblogg\app\Controllers\Template\View.php(72): App\Controllers\Admin\Views->postsPage(Object(CodeIgniter\HTTP\IncomingRequest), '3', '1')
#6 C:\lara\www\iblogg\system\CodeIgniter.php(914): App\Controllers\Template\View->view('admin')
#7 C:\lara\www\iblogg\system\CodeIgniter.php(400): CodeIgniter\CodeIgniter->runController(Object(App\Controllers\Template\View))
#8 C:\lara\www\iblogg\system\CodeIgniter.php(308): CodeIgniter\CodeIgniter->handleRequest(NULL, Object(Config\Cache), false)
#9 C:\lara\www\iblogg\public\index.php(45): CodeIgniter\CodeIgniter->run()
#10 C:\lara\www\iblogg\system\Commands\Server\rewrite.php(34): require_once('C:\\lara\\www\\ibl...')
#11 {main}
CRITICAL - 2020-10-14 05:07:47 --> Undefined variable: isPage
#0 C:\lara\www\iblogg\app\Views\admin\posts.php(193): CodeIgniter\Debug\Exceptions->errorHandler(8, 'Undefined varia...', 'C:\\lara\\www\\ibl...', 193, Array)
#1 C:\lara\www\iblogg\system\View\View.php(246): include('C:\\lara\\www\\ibl...')
#2 C:\lara\www\iblogg\system\Common.php(1087): CodeIgniter\View\View->render('admin/posts', Array, true)
#3 C:\lara\www\iblogg\app\Controllers\Home.php(25): view('admin/posts', Array)
#4 C:\lara\www\iblogg\app\Controllers\Admin\Views.php(102): App\Controllers\Home->view('admin', 'posts', Array)
#5 C:\lara\www\iblogg\app\Controllers\Template\View.php(72): App\Controllers\Admin\Views->postsPage(Object(CodeIgniter\HTTP\IncomingRequest), '3', '1')
#6 C:\lara\www\iblogg\system\CodeIgniter.php(914): App\Controllers\Template\View->view('admin')
#7 C:\lara\www\iblogg\system\CodeIgniter.php(400): CodeIgniter\CodeIgniter->runController(Object(App\Controllers\Template\View))
#8 C:\lara\www\iblogg\system\CodeIgniter.php(308): CodeIgniter\CodeIgniter->handleRequest(NULL, Object(Config\Cache), false)
#9 C:\lara\www\iblogg\public\index.php(45): CodeIgniter\CodeIgniter->run()
#10 C:\lara\www\iblogg\system\Commands\Server\rewrite.php(34): require_once('C:\\lara\\www\\ibl...')
#11 {main}
CRITICAL - 2020-10-14 05:08:37 --> Undefined variable: isPage
#0 C:\lara\www\iblogg\app\Views\admin\posts.php(193): CodeIgniter\Debug\Exceptions->errorHandler(8, 'Undefined varia...', 'C:\\lara\\www\\ibl...', 193, Array)
#1 C:\lara\www\iblogg\system\View\View.php(246): include('C:\\lara\\www\\ibl...')
#2 C:\lara\www\iblogg\system\Common.php(1087): CodeIgniter\View\View->render('admin/posts', Array, true)
#3 C:\lara\www\iblogg\app\Controllers\Home.php(25): view('admin/posts', Array)
#4 C:\lara\www\iblogg\app\Controllers\Admin\Views.php(102): App\Controllers\Home->view('admin', 'posts', Array)
#5 C:\lara\www\iblogg\app\Controllers\Template\View.php(72): App\Controllers\Admin\Views->postsPage(Object(CodeIgniter\HTTP\IncomingRequest), '3', '1')
#6 C:\lara\www\iblogg\system\CodeIgniter.php(914): App\Controllers\Template\View->view('admin')
#7 C:\lara\www\iblogg\system\CodeIgniter.php(400): CodeIgniter\CodeIgniter->runController(Object(App\Controllers\Template\View))
#8 C:\lara\www\iblogg\system\CodeIgniter.php(308): CodeIgniter\CodeIgniter->handleRequest(NULL, Object(Config\Cache), false)
#9 C:\lara\www\iblogg\public\index.php(45): CodeIgniter\CodeIgniter->run()
#10 C:\lara\www\iblogg\system\Commands\Server\rewrite.php(34): require_once('C:\\lara\\www\\ibl...')
#11 {main}
CRITICAL - 2020-10-14 05:09:08 --> Undefined variable: isPage
#0 C:\lara\www\iblogg\app\Views\admin\posts.php(193): CodeIgniter\Debug\Exceptions->errorHandler(8, 'Undefined varia...', 'C:\\lara\\www\\ibl...', 193, Array)
#1 C:\lara\www\iblogg\system\View\View.php(246): include('C:\\lara\\www\\ibl...')
#2 C:\lara\www\iblogg\system\Common.php(1087): CodeIgniter\View\View->render('admin/posts', Array, true)
#3 C:\lara\www\iblogg\app\Controllers\Home.php(25): view('admin/posts', Array)
#4 C:\lara\www\iblogg\app\Controllers\Admin\Views.php(102): App\Controllers\Home->view('admin', 'posts', Array)
#5 C:\lara\www\iblogg\app\Controllers\Template\View.php(72): App\Controllers\Admin\Views->postsPage(Object(CodeIgniter\HTTP\IncomingRequest), '3', '1')
#6 C:\lara\www\iblogg\system\CodeIgniter.php(914): App\Controllers\Template\View->view('admin')
#7 C:\lara\www\iblogg\system\CodeIgniter.php(400): CodeIgniter\CodeIgniter->runController(Object(App\Controllers\Template\View))
#8 C:\lara\www\iblogg\system\CodeIgniter.php(308): CodeIgniter\CodeIgniter->handleRequest(NULL, Object(Config\Cache), false)
#9 C:\lara\www\iblogg\public\index.php(45): CodeIgniter\CodeIgniter->run()
#10 C:\lara\www\iblogg\system\Commands\Server\rewrite.php(34): require_once('C:\\lara\\www\\ibl...')
#11 {main}
CRITICAL - 2020-10-14 05:12:06 --> A non-numeric value encountered
#0 C:\lara\www\iblogg\app\Controllers\Admin\Views.php(82): CodeIgniter\Debug\Exceptions->errorHandler(2, 'A non-numeric v...', 'C:\\lara\\www\\ibl...', 82, Array)
#1 C:\lara\www\iblogg\app\Controllers\Template\View.php(72): App\Controllers\Admin\Views->postsPage(Object(CodeIgniter\HTTP\IncomingRequest), '3', ''   offset   sr...')
#2 C:\lara\www\iblogg\system\CodeIgniter.php(914): App\Controllers\Template\View->view('admin')
#3 C:\lara\www\iblogg\system\CodeIgniter.php(400): CodeIgniter\CodeIgniter->runController(Object(App\Controllers\Template\View))
#4 C:\lara\www\iblogg\system\CodeIgniter.php(308): CodeIgniter\CodeIgniter->handleRequest(NULL, Object(Config\Cache), false)
#5 C:\lara\www\iblogg\public\index.php(45): CodeIgniter\CodeIgniter->run()
#6 C:\lara\www\iblogg\system\Commands\Server\rewrite.php(34): require_once('C:\\lara\\www\\ibl...')
#7 {main}
CRITICAL - 2020-10-14 05:13:30 --> You have an error in your SQL syntax; check the manual that corresponds to your MySQL server version for the right syntax to use near '-3, 3' at line 7
#0 C:\lara\www\iblogg\system\Database\MySQLi\Connection.php(331): mysqli->query('SELECT *\nFROM `...')
#1 C:\lara\www\iblogg\system\Database\BaseConnection.php(738): CodeIgniter\Database\MySQLi\Connection->execute('SELECT *\nFROM `...')
#2 C:\lara\www\iblogg\system\Database\BaseConnection.php(666): CodeIgniter\Database\BaseConnection->simpleQuery('SELECT *\nFROM `...')
#3 C:\lara\www\iblogg\system\Database\BaseBuilder.php(1845): CodeIgniter\Database\BaseConnection->query('SELECT *\nFROM `...', Array, false)
#4 C:\lara\www\iblogg\system\Model.php(445): CodeIgniter\Database\BaseBuilder->get()
#5 C:\lara\www\iblogg\app\Controllers\Admin\Views.php(82): CodeIgniter\Model->findAll(3, -3)
#6 C:\lara\www\iblogg\app\Controllers\Template\View.php(72): App\Controllers\Admin\Views->postsPage(Object(CodeIgniter\HTTP\IncomingRequest), '3', '0')
#7 C:\lara\www\iblogg\system\CodeIgniter.php(914): App\Controllers\Template\View->view('admin')
#8 C:\lara\www\iblogg\system\CodeIgniter.php(400): CodeIgniter\CodeIgniter->runController(Object(App\Controllers\Template\View))
#9 C:\lara\www\iblogg\system\CodeIgniter.php(308): CodeIgniter\CodeIgniter->handleRequest(NULL, Object(Config\Cache), false)
#10 C:\lara\www\iblogg\public\index.php(45): CodeIgniter\CodeIgniter->run()
#11 C:\lara\www\iblogg\system\Commands\Server\rewrite.php(34): require_once('C:\\lara\\www\\ibl...')
#12 {main}
CRITICAL - 2020-10-14 05:13:52 --> Undefined variable: isPage
#0 C:\lara\www\iblogg\app\Views\admin\posts.php(193): CodeIgniter\Debug\Exceptions->errorHandler(8, 'Undefined varia...', 'C:\\lara\\www\\ibl...', 193, Array)
#1 C:\lara\www\iblogg\system\View\View.php(246): include('C:\\lara\\www\\ibl...')
#2 C:\lara\www\iblogg\system\Common.php(1087): CodeIgniter\View\View->render('admin/posts', Array, true)
#3 C:\lara\www\iblogg\app\Controllers\Home.php(25): view('admin/posts', Array)
#4 C:\lara\www\iblogg\app\Controllers\Admin\Views.php(102): App\Controllers\Home->view('admin', 'posts', Array)
#5 C:\lara\www\iblogg\app\Controllers\Template\View.php(72): App\Controllers\Admin\Views->postsPage(Object(CodeIgniter\HTTP\IncomingRequest), '3', '1')
#6 C:\lara\www\iblogg\system\CodeIgniter.php(914): App\Controllers\Template\View->view('admin')
#7 C:\lara\www\iblogg\system\CodeIgniter.php(400): CodeIgniter\CodeIgniter->runController(Object(App\Controllers\Template\View))
#8 C:\lara\www\iblogg\system\CodeIgniter.php(308): CodeIgniter\CodeIgniter->handleRequest(NULL, Object(Config\Cache), false)
#9 C:\lara\www\iblogg\public\index.php(45): CodeIgniter\CodeIgniter->run()
#10 C:\lara\www\iblogg\system\Commands\Server\rewrite.php(34): require_once('C:\\lara\\www\\ibl...')
#11 {main}
CRITICAL - 2020-10-14 05:15:56 --> Undefined property: App\Controllers\Admin\Views::$files_model
#0 C:\lara\www\iblogg\app\Controllers\Admin\Views.php(112): CodeIgniter\Debug\Exceptions->errorHandler(8, 'Undefined prope...', 'C:\\lara\\www\\ibl...', 112, Array)
#1 C:\lara\www\iblogg\app\Controllers\Template\View.php(74): App\Controllers\Admin\Views->filesPage(Object(CodeIgniter\HTTP\IncomingRequest), '6', '1')
#2 C:\lara\www\iblogg\system\CodeIgniter.php(914): App\Controllers\Template\View->view('admin')
#3 C:\lara\www\iblogg\system\CodeIgniter.php(400): CodeIgniter\CodeIgniter->runController(Object(App\Controllers\Template\View))
#4 C:\lara\www\iblogg\system\CodeIgniter.php(308): CodeIgniter\CodeIgniter->handleRequest(NULL, Object(Config\Cache), false)
#5 C:\lara\www\iblogg\public\index.php(45): CodeIgniter\CodeIgniter->run()
#6 C:\lara\www\iblogg\system\Commands\Server\rewrite.php(34): require_once('C:\\lara\\www\\ibl...')
#7 {main}
CRITICAL - 2020-10-14 05:16:22 --> Undefined property: App\Controllers\Admin\Views::$files_model
#0 C:\lara\www\iblogg\app\Controllers\Admin\Views.php(112): CodeIgniter\Debug\Exceptions->errorHandler(8, 'Undefined prope...', 'C:\\lara\\www\\ibl...', 112, Array)
#1 C:\lara\www\iblogg\app\Controllers\Template\View.php(74): App\Controllers\Admin\Views->filesPage(Object(CodeIgniter\HTTP\IncomingRequest), '6', '1')
#2 C:\lara\www\iblogg\system\CodeIgniter.php(914): App\Controllers\Template\View->view('admin')
#3 C:\lara\www\iblogg\system\CodeIgniter.php(400): CodeIgniter\CodeIgniter->runController(Object(App\Controllers\Template\View))
#4 C:\lara\www\iblogg\system\CodeIgniter.php(308): CodeIgniter\CodeIgniter->handleRequest(NULL, Object(Config\Cache), false)
#5 C:\lara\www\iblogg\public\index.php(45): CodeIgniter\CodeIgniter->run()
#6 C:\lara\www\iblogg\system\Commands\Server\rewrite.php(34): require_once('C:\\lara\\www\\ibl...')
#7 {main}
CRITICAL - 2020-10-14 05:17:36 --> Undefined property: App\Controllers\Admin\Views::$files_model
#0 C:\lara\www\iblogg\app\Controllers\Admin\Views.php(112): CodeIgniter\Debug\Exceptions->errorHandler(8, 'Undefined prope...', 'C:\\lara\\www\\ibl...', 112, Array)
#1 C:\lara\www\iblogg\app\Controllers\Template\View.php(74): App\Controllers\Admin\Views->filesPage(Object(CodeIgniter\HTTP\IncomingRequest), '6', '1')
#2 C:\lara\www\iblogg\system\CodeIgniter.php(914): App\Controllers\Template\View->view('admin')
#3 C:\lara\www\iblogg\system\CodeIgniter.php(400): CodeIgniter\CodeIgniter->runController(Object(App\Controllers\Template\View))
#4 C:\lara\www\iblogg\system\CodeIgniter.php(308): CodeIgniter\CodeIgniter->handleRequest(NULL, Object(Config\Cache), false)
#5 C:\lara\www\iblogg\public\index.php(45): CodeIgniter\CodeIgniter->run()
#6 C:\lara\www\iblogg\system\Commands\Server\rewrite.php(34): require_once('C:\\lara\\www\\ibl...')
#7 {main}
CRITICAL - 2020-10-14 06:25:53 --> Field `commenter_id` not found.
#0 C:\lara\www\iblogg\app\Libraries\Setup.php(61): CodeIgniter\Database\Forge->addForeignKey('commenter_id', 'users', 'user_id', 'CASCADE', 'CASCADE')
#1 C:\lara\www\iblogg\app\Libraries\Setup.php(22): App\Libraries\Setup->createCommentsTable(Array)
#2 C:\lara\www\iblogg\app\Controllers\Template\View.php(13): App\Libraries\Setup->create()
#3 C:\lara\www\iblogg\system\CodeIgniter.php(886): App\Controllers\Template\View->__construct()
#4 C:\lara\www\iblogg\system\CodeIgniter.php(395): CodeIgniter\CodeIgniter->createController()
#5 C:\lara\www\iblogg\system\CodeIgniter.php(308): CodeIgniter\CodeIgniter->handleRequest(NULL, Object(Config\Cache), false)
#6 C:\lara\www\iblogg\public\index.php(45): CodeIgniter\CodeIgniter->run()
#7 C:\lara\www\iblogg\system\Commands\Server\rewrite.php(34): require_once('C:\\lara\\www\\ibl...')
#8 {main}
CRITICAL - 2020-10-14 06:25:55 --> Field `commenter_id` not found.
#0 C:\lara\www\iblogg\app\Libraries\Setup.php(61): CodeIgniter\Database\Forge->addForeignKey('commenter_id', 'users', 'user_id', 'CASCADE', 'CASCADE')
#1 C:\lara\www\iblogg\app\Libraries\Setup.php(22): App\Libraries\Setup->createCommentsTable(Array)
#2 C:\lara\www\iblogg\app\Controllers\Template\View.php(13): App\Libraries\Setup->create()
#3 C:\lara\www\iblogg\system\CodeIgniter.php(886): App\Controllers\Template\View->__construct()
#4 C:\lara\www\iblogg\system\CodeIgniter.php(395): CodeIgniter\CodeIgniter->createController()
#5 C:\lara\www\iblogg\system\CodeIgniter.php(308): CodeIgniter\CodeIgniter->handleRequest(NULL, Object(Config\Cache), false)
#6 C:\lara\www\iblogg\public\index.php(45): CodeIgniter\CodeIgniter->run()
#7 C:\lara\www\iblogg\system\Commands\Server\rewrite.php(34): require_once('C:\\lara\\www\\ibl...')
#8 {main}
CRITICAL - 2020-10-14 06:26:17 --> Field `commenter_id` not found.
#0 C:\lara\www\iblogg\app\Libraries\Setup.php(61): CodeIgniter\Database\Forge->addForeignKey('commenter_id', 'users', 'user_id', 'CASCADE', 'CASCADE')
#1 C:\lara\www\iblogg\app\Libraries\Setup.php(22): App\Libraries\Setup->createCommentsTable(Array)
#2 C:\lara\www\iblogg\app\Controllers\Template\View.php(13): App\Libraries\Setup->create()
#3 C:\lara\www\iblogg\system\CodeIgniter.php(886): App\Controllers\Template\View->__construct()
#4 C:\lara\www\iblogg\system\CodeIgniter.php(395): CodeIgniter\CodeIgniter->createController()
#5 C:\lara\www\iblogg\system\CodeIgniter.php(308): CodeIgniter\CodeIgniter->handleRequest(NULL, Object(Config\Cache), false)
#6 C:\lara\www\iblogg\public\index.php(45): CodeIgniter\CodeIgniter->run()
#7 C:\lara\www\iblogg\system\Commands\Server\rewrite.php(34): require_once('C:\\lara\\www\\ibl...')
#8 {main}
CRITICAL - 2020-10-14 06:26:20 --> Field `commenter_id` not found.
#0 C:\lara\www\iblogg\app\Libraries\Setup.php(61): CodeIgniter\Database\Forge->addForeignKey('commenter_id', 'users', 'user_id', 'CASCADE', 'CASCADE')
#1 C:\lara\www\iblogg\app\Libraries\Setup.php(22): App\Libraries\Setup->createCommentsTable(Array)
#2 C:\lara\www\iblogg\app\Controllers\Template\View.php(13): App\Libraries\Setup->create()
#3 C:\lara\www\iblogg\system\CodeIgniter.php(886): App\Controllers\Template\View->__construct()
#4 C:\lara\www\iblogg\system\CodeIgniter.php(395): CodeIgniter\CodeIgniter->createController()
#5 C:\lara\www\iblogg\system\CodeIgniter.php(308): CodeIgniter\CodeIgniter->handleRequest(NULL, Object(Config\Cache), false)
#6 C:\lara\www\iblogg\public\index.php(45): CodeIgniter\CodeIgniter->run()
#7 C:\lara\www\iblogg\system\Commands\Server\rewrite.php(34): require_once('C:\\lara\\www\\ibl...')
#8 {main}
CRITICAL - 2020-10-14 06:27:32 --> Field `commenter_id` not found.
#0 C:\lara\www\iblogg\app\Libraries\Setup.php(61): CodeIgniter\Database\Forge->addForeignKey('commenter_id', 'users', 'user_id', 'CASCADE', 'CASCADE')
#1 C:\lara\www\iblogg\app\Libraries\Setup.php(22): App\Libraries\Setup->createCommentsTable(Array)
#2 C:\lara\www\iblogg\app\Controllers\Template\View.php(13): App\Libraries\Setup->create()
#3 C:\lara\www\iblogg\system\CodeIgniter.php(886): App\Controllers\Template\View->__construct()
#4 C:\lara\www\iblogg\system\CodeIgniter.php(395): CodeIgniter\CodeIgniter->createController()
#5 C:\lara\www\iblogg\system\CodeIgniter.php(308): CodeIgniter\CodeIgniter->handleRequest(NULL, Object(Config\Cache), false)
#6 C:\lara\www\iblogg\public\index.php(45): CodeIgniter\CodeIgniter->run()
#7 C:\lara\www\iblogg\system\Commands\Server\rewrite.php(34): require_once('C:\\lara\\www\\ibl...')
#8 {main}
CRITICAL - 2020-10-14 07:53:52 --> Undefined property: App\Controllers\User\Views::$settings_model
#0 C:\lara\www\iblogg\app\Controllers\User\Views.php(37): CodeIgniter\Debug\Exceptions->errorHandler(8, 'Undefined prope...', 'C:\\lara\\www\\ibl...', 37, Array)
#1 C:\lara\www\iblogg\app\Controllers\Template\View.php(39): App\Controllers\User\Views->singlePost(NULL, 'mm-mm-mm:160266...')
#2 C:\lara\www\iblogg\system\CodeIgniter.php(914): App\Controllers\Template\View->view('user')
#3 C:\lara\www\iblogg\system\CodeIgniter.php(400): CodeIgniter\CodeIgniter->runController(Object(App\Controllers\Template\View))
#4 C:\lara\www\iblogg\system\CodeIgniter.php(308): CodeIgniter\CodeIgniter->handleRequest(NULL, Object(Config\Cache), false)
#5 C:\lara\www\iblogg\public\index.php(45): CodeIgniter\CodeIgniter->run()
#6 C:\lara\www\iblogg\system\Commands\Server\rewrite.php(34): require_once('C:\\lara\\www\\ibl...')
#7 {main}
CRITICAL - 2020-10-14 07:56:44 --> Undefined index: post_settings
#0 C:\lara\www\iblogg\app\Controllers\User\Views.php(39): CodeIgniter\Debug\Exceptions->errorHandler(8, 'Undefined index...', 'C:\\lara\\www\\ibl...', 39, Array)
#1 C:\lara\www\iblogg\app\Controllers\Template\View.php(39): App\Controllers\User\Views->singlePost(NULL, 'mm-mm-mm:160266...')
#2 C:\lara\www\iblogg\system\CodeIgniter.php(914): App\Controllers\Template\View->view('user')
#3 C:\lara\www\iblogg\system\CodeIgniter.php(400): CodeIgniter\CodeIgniter->runController(Object(App\Controllers\Template\View))
#4 C:\lara\www\iblogg\system\CodeIgniter.php(308): CodeIgniter\CodeIgniter->handleRequest(NULL, Object(Config\Cache), false)
#5 C:\lara\www\iblogg\public\index.php(45): CodeIgniter\CodeIgniter->run()
#6 C:\lara\www\iblogg\system\Commands\Server\rewrite.php(34): require_once('C:\\lara\\www\\ibl...')
#7 {main}
CRITICAL - 2020-10-14 07:57:00 --> Call to a member function getVar() on null
#0 C:\lara\www\iblogg\app\Controllers\Template\View.php(39): App\Controllers\User\Views->singlePost(NULL, 'mm-mm-mm:160266...')
#1 C:\lara\www\iblogg\system\CodeIgniter.php(914): App\Controllers\Template\View->view('user')
#2 C:\lara\www\iblogg\system\CodeIgniter.php(400): CodeIgniter\CodeIgniter->runController(Object(App\Controllers\Template\View))
#3 C:\lara\www\iblogg\system\CodeIgniter.php(308): CodeIgniter\CodeIgniter->handleRequest(NULL, Object(Config\Cache), false)
#4 C:\lara\www\iblogg\public\index.php(45): CodeIgniter\CodeIgniter->run()
#5 C:\lara\www\iblogg\system\Commands\Server\rewrite.php(34): require_once('C:\\lara\\www\\ibl...')
#6 {main}
CRITICAL - 2020-10-14 07:57:56 --> Call to a member function getVar() on null
#0 C:\lara\www\iblogg\app\Controllers\Template\View.php(39): App\Controllers\User\Views->singlePost(NULL, 'mm-mm-mm:160266...')
#1 C:\lara\www\iblogg\system\CodeIgniter.php(914): App\Controllers\Template\View->view('user')
#2 C:\lara\www\iblogg\system\CodeIgniter.php(400): CodeIgniter\CodeIgniter->runController(Object(App\Controllers\Template\View))
#3 C:\lara\www\iblogg\system\CodeIgniter.php(308): CodeIgniter\CodeIgniter->handleRequest(NULL, Object(Config\Cache), false)
#4 C:\lara\www\iblogg\public\index.php(45): CodeIgniter\CodeIgniter->run()
#5 C:\lara\www\iblogg\system\Commands\Server\rewrite.php(34): require_once('C:\\lara\\www\\ibl...')
#6 {main}
CRITICAL - 2020-10-14 07:58:30 --> Undefined property: stdClass::$user_posts_per_page
#0 C:\lara\www\iblogg\app\Controllers\User\Views.php(42): CodeIgniter\Debug\Exceptions->errorHandler(8, 'Undefined prope...', 'C:\\lara\\www\\ibl...', 42, Array)
#1 C:\lara\www\iblogg\app\Controllers\Template\View.php(39): App\Controllers\User\Views->singlePost(Object(CodeIgniter\HTTP\IncomingRequest), 'mm-mm-mm:160266...')
#2 C:\lara\www\iblogg\system\CodeIgniter.php(914): App\Controllers\Template\View->view('user')
#3 C:\lara\www\iblogg\system\CodeIgniter.php(400): CodeIgniter\CodeIgniter->runController(Object(App\Controllers\Template\View))
#4 C:\lara\www\iblogg\system\CodeIgniter.php(308): CodeIgniter\CodeIgniter->handleRequest(NULL, Object(Config\Cache), false)
#5 C:\lara\www\iblogg\public\index.php(45): CodeIgniter\CodeIgniter->run()
#6 C:\lara\www\iblogg\system\Commands\Server\rewrite.php(34): require_once('C:\\lara\\www\\ibl...')
#7 {main}
CRITICAL - 2020-10-14 08:00:18 --> Argument 1 passed to CodeIgniter\Model::findAll() must be of the type integer, null given, called in C:\lara\www\iblogg\app\Models\CommentsModel.php on line 18
#0 C:\lara\www\iblogg\app\Models\CommentsModel.php(18): CodeIgniter\Model->findAll(NULL, 0)
#1 C:\lara\www\iblogg\app\Controllers\User\Views.php(44): App\Models\CommentsModel->get(NULL, true)
#2 C:\lara\www\iblogg\app\Controllers\Template\View.php(39): App\Controllers\User\Views->singlePost(Object(CodeIgniter\HTTP\IncomingRequest), 'mm-mm-mm:160266...')
#3 C:\lara\www\iblogg\system\CodeIgniter.php(914): App\Controllers\Template\View->view('user')
#4 C:\lara\www\iblogg\system\CodeIgniter.php(400): CodeIgniter\CodeIgniter->runController(Object(App\Controllers\Template\View))
#5 C:\lara\www\iblogg\system\CodeIgniter.php(308): CodeIgniter\CodeIgniter->handleRequest(NULL, Object(Config\Cache), false)
#6 C:\lara\www\iblogg\public\index.php(45): CodeIgniter\CodeIgniter->run()
#7 C:\lara\www\iblogg\system\Commands\Server\rewrite.php(34): require_once('C:\\lara\\www\\ibl...')
#8 {main}
CRITICAL - 2020-10-14 08:02:11 --> Call to undefined method App\Models\PostsModel::getPosts
#0 C:\lara\www\iblogg\app\Controllers\User\Views.php(48): CodeIgniter\Model->__call('getPosts', Array)
#1 C:\lara\www\iblogg\app\Controllers\Template\View.php(39): App\Controllers\User\Views->singlePost(Object(CodeIgniter\HTTP\IncomingRequest), 'mm-mm-mm:160266...')
#2 C:\lara\www\iblogg\system\CodeIgniter.php(914): App\Controllers\Template\View->view('user')
#3 C:\lara\www\iblogg\system\CodeIgniter.php(400): CodeIgniter\CodeIgniter->runController(Object(App\Controllers\Template\View))
#4 C:\lara\www\iblogg\system\CodeIgniter.php(308): CodeIgniter\CodeIgniter->handleRequest(NULL, Object(Config\Cache), false)
#5 C:\lara\www\iblogg\public\index.php(45): CodeIgniter\CodeIgniter->run()
#6 C:\lara\www\iblogg\system\Commands\Server\rewrite.php(34): require_once('C:\\lara\\www\\ibl...')
#7 {main}
CRITICAL - 2020-10-14 08:38:26 --> Unknown column 'post_id' in 'field list'
#0 C:\lara\www\iblogg\system\Database\MySQLi\Connection.php(331): mysqli->query('INSERT INTO `co...')
#1 C:\lara\www\iblogg\system\Database\BaseConnection.php(738): CodeIgniter\Database\MySQLi\Connection->execute('INSERT INTO `co...')
#2 C:\lara\www\iblogg\system\Database\BaseConnection.php(666): CodeIgniter\Database\BaseConnection->simpleQuery('INSERT INTO `co...')
#3 C:\lara\www\iblogg\system\Database\BaseBuilder.php(2234): CodeIgniter\Database\BaseConnection->query('INSERT INTO `co...', Array, false)
#4 C:\lara\www\iblogg\system\Model.php(729): CodeIgniter\Database\BaseBuilder->insert()
#5 C:\lara\www\iblogg\system\Model.php(557): CodeIgniter\Model->insert(Array, false)
#6 C:\lara\www\iblogg\app\Controllers\Api\Comments.php(38): CodeIgniter\Model->save(Array)
#7 C:\lara\www\iblogg\system\CodeIgniter.php(914): App\Controllers\Api\Comments->index()
#8 C:\lara\www\iblogg\system\CodeIgniter.php(400): CodeIgniter\CodeIgniter->runController(Object(App\Controllers\Api\Comments))
#9 C:\lara\www\iblogg\system\CodeIgniter.php(308): CodeIgniter\CodeIgniter->handleRequest(NULL, Object(Config\Cache), false)
#10 C:\lara\www\iblogg\public\index.php(45): CodeIgniter\CodeIgniter->run()
#11 C:\lara\www\iblogg\system\Commands\Server\rewrite.php(34): require_once('C:\\lara\\www\\ibl...')
#12 {main}
CRITICAL - 2020-10-14 08:38:34 --> Unknown column 'post_id' in 'field list'
#0 C:\lara\www\iblogg\system\Database\MySQLi\Connection.php(331): mysqli->query('INSERT INTO `co...')
#1 C:\lara\www\iblogg\system\Database\BaseConnection.php(738): CodeIgniter\Database\MySQLi\Connection->execute('INSERT INTO `co...')
#2 C:\lara\www\iblogg\system\Database\BaseConnection.php(666): CodeIgniter\Database\BaseConnection->simpleQuery('INSERT INTO `co...')
#3 C:\lara\www\iblogg\system\Database\BaseBuilder.php(2234): CodeIgniter\Database\BaseConnection->query('INSERT INTO `co...', Array, false)
#4 C:\lara\www\iblogg\system\Model.php(729): CodeIgniter\Database\BaseBuilder->insert()
#5 C:\lara\www\iblogg\system\Model.php(557): CodeIgniter\Model->insert(Array, false)
#6 C:\lara\www\iblogg\app\Controllers\Api\Comments.php(38): CodeIgniter\Model->save(Array)
#7 C:\lara\www\iblogg\system\CodeIgniter.php(914): App\Controllers\Api\Comments->index()
#8 C:\lara\www\iblogg\system\CodeIgniter.php(400): CodeIgniter\CodeIgniter->runController(Object(App\Controllers\Api\Comments))
#9 C:\lara\www\iblogg\system\CodeIgniter.php(308): CodeIgniter\CodeIgniter->handleRequest(NULL, Object(Config\Cache), false)
#10 C:\lara\www\iblogg\public\index.php(45): CodeIgniter\CodeIgniter->run()
#11 C:\lara\www\iblogg\system\Commands\Server\rewrite.php(34): require_once('C:\\lara\\www\\ibl...')
#12 {main}
CRITICAL - 2020-10-14 08:50:20 --> Unknown column 'post_id' in 'field list'
#0 C:\lara\www\iblogg\system\Database\MySQLi\Connection.php(331): mysqli->query('INSERT INTO `co...')
#1 C:\lara\www\iblogg\system\Database\BaseConnection.php(738): CodeIgniter\Database\MySQLi\Connection->execute('INSERT INTO `co...')
#2 C:\lara\www\iblogg\system\Database\BaseConnection.php(666): CodeIgniter\Database\BaseConnection->simpleQuery('INSERT INTO `co...')
#3 C:\lara\www\iblogg\system\Database\BaseBuilder.php(2234): CodeIgniter\Database\BaseConnection->query('INSERT INTO `co...', Array, false)
#4 C:\lara\www\iblogg\system\Model.php(729): CodeIgniter\Database\BaseBuilder->insert()
#5 C:\lara\www\iblogg\system\Model.php(557): CodeIgniter\Model->insert(Array, false)
#6 C:\lara\www\iblogg\app\Controllers\Api\Comments.php(38): CodeIgniter\Model->save(Array)
#7 C:\lara\www\iblogg\system\CodeIgniter.php(914): App\Controllers\Api\Comments->index()
#8 C:\lara\www\iblogg\system\CodeIgniter.php(400): CodeIgniter\CodeIgniter->runController(Object(App\Controllers\Api\Comments))
#9 C:\lara\www\iblogg\system\CodeIgniter.php(308): CodeIgniter\CodeIgniter->handleRequest(NULL, Object(Config\Cache), false)
#10 C:\lara\www\iblogg\public\index.php(45): CodeIgniter\CodeIgniter->run()
#11 C:\lara\www\iblogg\system\Commands\Server\rewrite.php(34): require_once('C:\\lara\\www\\ibl...')
#12 {main}
CRITICAL - 2020-10-14 08:52:58 --> Table 'iblogg.comments' doesn't exist
#0 C:\lara\www\iblogg\system\Database\MySQLi\Connection.php(331): mysqli->query('INSERT INTO `co...')
#1 C:\lara\www\iblogg\system\Database\BaseConnection.php(738): CodeIgniter\Database\MySQLi\Connection->execute('INSERT INTO `co...')
#2 C:\lara\www\iblogg\system\Database\BaseConnection.php(666): CodeIgniter\Database\BaseConnection->simpleQuery('INSERT INTO `co...')
#3 C:\lara\www\iblogg\system\Database\BaseBuilder.php(2234): CodeIgniter\Database\BaseConnection->query('INSERT INTO `co...', Array, false)
#4 C:\lara\www\iblogg\system\Model.php(729): CodeIgniter\Database\BaseBuilder->insert()
#5 C:\lara\www\iblogg\system\Model.php(557): CodeIgniter\Model->insert(Array, false)
#6 C:\lara\www\iblogg\app\Controllers\Api\Comments.php(38): CodeIgniter\Model->save(Array)
#7 C:\lara\www\iblogg\system\CodeIgniter.php(914): App\Controllers\Api\Comments->index()
#8 C:\lara\www\iblogg\system\CodeIgniter.php(400): CodeIgniter\CodeIgniter->runController(Object(App\Controllers\Api\Comments))
#9 C:\lara\www\iblogg\system\CodeIgniter.php(308): CodeIgniter\CodeIgniter->handleRequest(NULL, Object(Config\Cache), false)
#10 C:\lara\www\iblogg\public\index.php(45): CodeIgniter\CodeIgniter->run()
#11 C:\lara\www\iblogg\system\Commands\Server\rewrite.php(34): require_once('C:\\lara\\www\\ibl...')
#12 {main}
CRITICAL - 2020-10-14 08:53:13 --> Table 'iblogg.comments' doesn't exist
#0 C:\lara\www\iblogg\system\Database\MySQLi\Connection.php(331): mysqli->query('INSERT INTO `co...')
#1 C:\lara\www\iblogg\system\Database\BaseConnection.php(738): CodeIgniter\Database\MySQLi\Connection->execute('INSERT INTO `co...')
#2 C:\lara\www\iblogg\system\Database\BaseConnection.php(666): CodeIgniter\Database\BaseConnection->simpleQuery('INSERT INTO `co...')
#3 C:\lara\www\iblogg\system\Database\BaseBuilder.php(2234): CodeIgniter\Database\BaseConnection->query('INSERT INTO `co...', Array, false)
#4 C:\lara\www\iblogg\system\Model.php(729): CodeIgniter\Database\BaseBuilder->insert()
#5 C:\lara\www\iblogg\system\Model.php(557): CodeIgniter\Model->insert(Array, false)
#6 C:\lara\www\iblogg\app\Controllers\Api\Comments.php(38): CodeIgniter\Model->save(Array)
#7 C:\lara\www\iblogg\system\CodeIgniter.php(914): App\Controllers\Api\Comments->index()
#8 C:\lara\www\iblogg\system\CodeIgniter.php(400): CodeIgniter\CodeIgniter->runController(Object(App\Controllers\Api\Comments))
#9 C:\lara\www\iblogg\system\CodeIgniter.php(308): CodeIgniter\CodeIgniter->handleRequest(NULL, Object(Config\Cache), false)
#10 C:\lara\www\iblogg\public\index.php(45): CodeIgniter\CodeIgniter->run()
#11 C:\lara\www\iblogg\system\Commands\Server\rewrite.php(34): require_once('C:\\lara\\www\\ibl...')
#12 {main}
CRITICAL - 2020-10-14 08:59:50 --> Unknown column 'post_slug' in 'where clause'
#0 C:\lara\www\iblogg\system\Database\MySQLi\Connection.php(331): mysqli->query('SELECT *\nFROM `...')
#1 C:\lara\www\iblogg\system\Database\BaseConnection.php(738): CodeIgniter\Database\MySQLi\Connection->execute('SELECT *\nFROM `...')
#2 C:\lara\www\iblogg\system\Database\BaseConnection.php(666): CodeIgniter\Database\BaseConnection->simpleQuery('SELECT *\nFROM `...')
#3 C:\lara\www\iblogg\system\Database\BaseBuilder.php(1845): CodeIgniter\Database\BaseConnection->query('SELECT *\nFROM `...', Array, false)
#4 C:\lara\www\iblogg\system\Model.php(445): CodeIgniter\Database\BaseBuilder->get()
#5 C:\lara\www\iblogg\app\Models\CommentsModel.php(18): CodeIgniter\Model->findAll(10, 0)
#6 C:\lara\www\iblogg\app\Controllers\User\Views.php(45): App\Models\CommentsModel->get('10', true)
#7 C:\lara\www\iblogg\app\Controllers\Template\View.php(39): App\Controllers\User\Views->singlePost(Object(CodeIgniter\HTTP\IncomingRequest), 'mmmmmmmmm-mmm-m...')
#8 C:\lara\www\iblogg\system\CodeIgniter.php(914): App\Controllers\Template\View->view('user')
#9 C:\lara\www\iblogg\system\CodeIgniter.php(400): CodeIgniter\CodeIgniter->runController(Object(App\Controllers\Template\View))
#10 C:\lara\www\iblogg\system\CodeIgniter.php(308): CodeIgniter\CodeIgniter->handleRequest(NULL, Object(Config\Cache), false)
#11 C:\lara\www\iblogg\public\index.php(45): CodeIgniter\CodeIgniter->run()
#12 C:\lara\www\iblogg\system\Commands\Server\rewrite.php(34): require_once('C:\\lara\\www\\ibl...')
#13 {main}
CRITICAL - 2020-10-14 08:59:55 --> Unknown column 'post_slug' in 'where clause'
#0 C:\lara\www\iblogg\system\Database\MySQLi\Connection.php(331): mysqli->query('SELECT *\nFROM `...')
#1 C:\lara\www\iblogg\system\Database\BaseConnection.php(738): CodeIgniter\Database\MySQLi\Connection->execute('SELECT *\nFROM `...')
#2 C:\lara\www\iblogg\system\Database\BaseConnection.php(666): CodeIgniter\Database\BaseConnection->simpleQuery('SELECT *\nFROM `...')
#3 C:\lara\www\iblogg\system\Database\BaseBuilder.php(1845): CodeIgniter\Database\BaseConnection->query('SELECT *\nFROM `...', Array, false)
#4 C:\lara\www\iblogg\system\Model.php(445): CodeIgniter\Database\BaseBuilder->get()
#5 C:\lara\www\iblogg\app\Models\CommentsModel.php(18): CodeIgniter\Model->findAll(10, 0)
#6 C:\lara\www\iblogg\app\Controllers\User\Views.php(45): App\Models\CommentsModel->get('10', true)
#7 C:\lara\www\iblogg\app\Controllers\Template\View.php(39): App\Controllers\User\Views->singlePost(Object(CodeIgniter\HTTP\IncomingRequest), 'mmmmmmmmm-mmm-m...')
#8 C:\lara\www\iblogg\system\CodeIgniter.php(914): App\Controllers\Template\View->view('user')
#9 C:\lara\www\iblogg\system\CodeIgniter.php(400): CodeIgniter\CodeIgniter->runController(Object(App\Controllers\Template\View))
#10 C:\lara\www\iblogg\system\CodeIgniter.php(308): CodeIgniter\CodeIgniter->handleRequest(NULL, Object(Config\Cache), false)
#11 C:\lara\www\iblogg\public\index.php(45): CodeIgniter\CodeIgniter->run()
#12 C:\lara\www\iblogg\system\Commands\Server\rewrite.php(34): require_once('C:\\lara\\www\\ibl...')
#13 {main}
CRITICAL - 2020-10-14 09:06:37 --> You have an error in your SQL syntax; check the manual that corresponds to your MySQL server version for the right syntax to use near '-10, 10' at line 6
#0 C:\lara\www\iblogg\system\Database\MySQLi\Connection.php(331): mysqli->query('SELECT *\nFROM `...')
#1 C:\lara\www\iblogg\system\Database\BaseConnection.php(738): CodeIgniter\Database\MySQLi\Connection->execute('SELECT *\nFROM `...')
#2 C:\lara\www\iblogg\system\Database\BaseConnection.php(666): CodeIgniter\Database\BaseConnection->simpleQuery('SELECT *\nFROM `...')
#3 C:\lara\www\iblogg\system\Database\BaseBuilder.php(1845): CodeIgniter\Database\BaseConnection->query('SELECT *\nFROM `...', Array, false)
#4 C:\lara\www\iblogg\system\Model.php(445): CodeIgniter\Database\BaseBuilder->get()
#5 C:\lara\www\iblogg\app\Models\CommentsModel.php(19): CodeIgniter\Model->findAll(10, -10)
#6 C:\lara\www\iblogg\app\Controllers\User\Views.php(44): App\Models\CommentsModel->get('10', NULL, 'mmmmmmmmm-mmm-m...')
#7 C:\lara\www\iblogg\app\Controllers\Template\View.php(39): App\Controllers\User\Views->singlePost(Object(CodeIgniter\HTTP\IncomingRequest), 'mmmmmmmmm-mmm-m...')
#8 C:\lara\www\iblogg\system\CodeIgniter.php(914): App\Controllers\Template\View->view('user')
#9 C:\lara\www\iblogg\system\CodeIgniter.php(400): CodeIgniter\CodeIgniter->runController(Object(App\Controllers\Template\View))
#10 C:\lara\www\iblogg\system\CodeIgniter.php(308): CodeIgniter\CodeIgniter->handleRequest(NULL, Object(Config\Cache), false)
#11 C:\lara\www\iblogg\public\index.php(45): CodeIgniter\CodeIgniter->run()
#12 C:\lara\www\iblogg\system\Commands\Server\rewrite.php(34): require_once('C:\\lara\\www\\ibl...')
#13 {main}
CRITICAL - 2020-10-14 09:10:35 --> You have an error in your SQL syntax; check the manual that corresponds to your MySQL server version for the right syntax to use near '-10, 10' at line 6
#0 C:\lara\www\iblogg\system\Database\MySQLi\Connection.php(331): mysqli->query('SELECT *\nFROM `...')
#1 C:\lara\www\iblogg\system\Database\BaseConnection.php(738): CodeIgniter\Database\MySQLi\Connection->execute('SELECT *\nFROM `...')
#2 C:\lara\www\iblogg\system\Database\BaseConnection.php(666): CodeIgniter\Database\BaseConnection->simpleQuery('SELECT *\nFROM `...')
#3 C:\lara\www\iblogg\system\Database\BaseBuilder.php(1845): CodeIgniter\Database\BaseConnection->query('SELECT *\nFROM `...', Array, false)
#4 C:\lara\www\iblogg\system\Model.php(445): CodeIgniter\Database\BaseBuilder->get()
#5 C:\lara\www\iblogg\app\Models\CommentsModel.php(19): CodeIgniter\Model->findAll(10, -10)
#6 C:\lara\www\iblogg\app\Controllers\User\Views.php(46): App\Models\CommentsModel->get('10', NULL, 'mmmmmmmmm-mmm-m...')
#7 C:\lara\www\iblogg\app\Controllers\Template\View.php(39): App\Controllers\User\Views->singlePost(Object(CodeIgniter\HTTP\IncomingRequest), 'mmmmmmmmm-mmm-m...')
#8 C:\lara\www\iblogg\system\CodeIgniter.php(914): App\Controllers\Template\View->view('user')
#9 C:\lara\www\iblogg\system\CodeIgniter.php(400): CodeIgniter\CodeIgniter->runController(Object(App\Controllers\Template\View))
#10 C:\lara\www\iblogg\system\CodeIgniter.php(308): CodeIgniter\CodeIgniter->handleRequest(NULL, Object(Config\Cache), false)
#11 C:\lara\www\iblogg\public\index.php(45): CodeIgniter\CodeIgniter->run()
#12 C:\lara\www\iblogg\system\Commands\Server\rewrite.php(34): require_once('C:\\lara\\www\\ibl...')
#13 {main}
CRITICAL - 2020-10-14 09:16:30 --> syntax error, unexpected '$data' (T_VARIABLE)
#0 C:\lara\www\iblogg\system\Autoloader\Autoloader.php(296): CodeIgniter\Autoloader\Autoloader->requireFile('C:\\lara\\www\\ibl...')
#1 C:\lara\www\iblogg\system\Autoloader\Autoloader.php(258): CodeIgniter\Autoloader\Autoloader->loadInNamespace('App\\Controllers...')
#2 [internal function]: CodeIgniter\Autoloader\Autoloader->loadClass('App\\Controllers...')
#3 C:\lara\www\iblogg\app\Controllers\Template\View.php(15): spl_autoload_call('App\\Controllers...')
#4 C:\lara\www\iblogg\system\CodeIgniter.php(886): App\Controllers\Template\View->__construct()
#5 C:\lara\www\iblogg\system\CodeIgniter.php(395): CodeIgniter\CodeIgniter->createController()
#6 C:\lara\www\iblogg\system\CodeIgniter.php(308): CodeIgniter\CodeIgniter->handleRequest(NULL, Object(Config\Cache), false)
#7 C:\lara\www\iblogg\public\index.php(45): CodeIgniter\CodeIgniter->run()
#8 C:\lara\www\iblogg\system\Commands\Server\rewrite.php(34): require_once('C:\\lara\\www\\ibl...')
#9 {main}
CRITICAL - 2020-10-14 09:18:51 --> Undefined variable: comments
#0 C:\lara\www\iblogg\app\Models\CommentsModel.php(19): CodeIgniter\Debug\Exceptions->errorHandler(8, 'Undefined varia...', 'C:\\lara\\www\\ibl...', 19, Array)
#1 C:\lara\www\iblogg\app\Controllers\User\Views.php(45): App\Models\CommentsModel->get('10', true, '6')
#2 C:\lara\www\iblogg\app\Controllers\Template\View.php(39): App\Controllers\User\Views->singlePost(Object(CodeIgniter\HTTP\IncomingRequest), 'mmmmmmmmm-mmm-m...')
#3 C:\lara\www\iblogg\system\CodeIgniter.php(914): App\Controllers\Template\View->view('user')
#4 C:\lara\www\iblogg\system\CodeIgniter.php(400): CodeIgniter\CodeIgniter->runController(Object(App\Controllers\Template\View))
#5 C:\lara\www\iblogg\system\CodeIgniter.php(308): CodeIgniter\CodeIgniter->handleRequest(NULL, Object(Config\Cache), false)
#6 C:\lara\www\iblogg\public\index.php(45): CodeIgniter\CodeIgniter->run()
#7 C:\lara\www\iblogg\system\Commands\Server\rewrite.php(34): require_once('C:\\lara\\www\\ibl...')
#8 {main}
CRITICAL - 2020-10-14 09:18:56 --> Undefined variable: comments
#0 C:\lara\www\iblogg\app\Models\CommentsModel.php(19): CodeIgniter\Debug\Exceptions->errorHandler(8, 'Undefined varia...', 'C:\\lara\\www\\ibl...', 19, Array)
#1 C:\lara\www\iblogg\app\Controllers\User\Views.php(45): App\Models\CommentsModel->get('10', true, '6')
#2 C:\lara\www\iblogg\app\Controllers\Template\View.php(39): App\Controllers\User\Views->singlePost(Object(CodeIgniter\HTTP\IncomingRequest), 'mmmmmmmmm-mmm-m...')
#3 C:\lara\www\iblogg\system\CodeIgniter.php(914): App\Controllers\Template\View->view('user')
#4 C:\lara\www\iblogg\system\CodeIgniter.php(400): CodeIgniter\CodeIgniter->runController(Object(App\Controllers\Template\View))
#5 C:\lara\www\iblogg\system\CodeIgniter.php(308): CodeIgniter\CodeIgniter->handleRequest(NULL, Object(Config\Cache), false)
#6 C:\lara\www\iblogg\public\index.php(45): CodeIgniter\CodeIgniter->run()
#7 C:\lara\www\iblogg\system\Commands\Server\rewrite.php(34): require_once('C:\\lara\\www\\ibl...')
#8 {main}
CRITICAL - 2020-10-14 10:30:56 --> Undefined variable: pagination
#0 C:\lara\www\iblogg\app\Views\user\singlepost.php(65): CodeIgniter\Debug\Exceptions->errorHandler(8, 'Undefined varia...', 'C:\\lara\\www\\ibl...', 65, Array)
#1 C:\lara\www\iblogg\system\View\View.php(246): include('C:\\lara\\www\\ibl...')
#2 C:\lara\www\iblogg\system\Common.php(1087): CodeIgniter\View\View->render('user/singlepost', Array, true)
#3 C:\lara\www\iblogg\app\Controllers\Home.php(25): view('user/singlepost', Array)
#4 C:\lara\www\iblogg\app\Controllers\User\Views.php(59): App\Controllers\Home->view('user', 'singlepost', Array)
#5 C:\lara\www\iblogg\app\Controllers\Template\View.php(39): App\Controllers\User\Views->singlePost(Object(CodeIgniter\HTTP\IncomingRequest), 'my-post-title:1...')
#6 C:\lara\www\iblogg\system\CodeIgniter.php(914): App\Controllers\Template\View->view('user')
#7 C:\lara\www\iblogg\system\CodeIgniter.php(400): CodeIgniter\CodeIgniter->runController(Object(App\Controllers\Template\View))
#8 C:\lara\www\iblogg\system\CodeIgniter.php(308): CodeIgniter\CodeIgniter->handleRequest(NULL, Object(Config\Cache), false)
#9 C:\lara\www\iblogg\public\index.php(45): CodeIgniter\CodeIgniter->run()
#10 C:\lara\www\iblogg\system\Commands\Server\rewrite.php(34): require_once('C:\\lara\\www\\ibl...')
#11 {main}
CRITICAL - 2020-10-14 10:32:44 --> Undefined variable: pagination
#0 C:\lara\www\iblogg\app\Views\user\singlepost.php(73): CodeIgniter\Debug\Exceptions->errorHandler(8, 'Undefined varia...', 'C:\\lara\\www\\ibl...', 73, Array)
#1 C:\lara\www\iblogg\system\View\View.php(246): include('C:\\lara\\www\\ibl...')
#2 C:\lara\www\iblogg\system\Common.php(1087): CodeIgniter\View\View->render('user/singlepost', Array, true)
#3 C:\lara\www\iblogg\app\Controllers\Home.php(25): view('user/singlepost', Array)
#4 C:\lara\www\iblogg\app\Controllers\User\Views.php(59): App\Controllers\Home->view('user', 'singlepost', Array)
#5 C:\lara\www\iblogg\app\Controllers\Template\View.php(39): App\Controllers\User\Views->singlePost(Object(CodeIgniter\HTTP\IncomingRequest), 'my-post-title:1...')
#6 C:\lara\www\iblogg\system\CodeIgniter.php(914): App\Controllers\Template\View->view('user')
#7 C:\lara\www\iblogg\system\CodeIgniter.php(400): CodeIgniter\CodeIgniter->runController(Object(App\Controllers\Template\View))
#8 C:\lara\www\iblogg\system\CodeIgniter.php(308): CodeIgniter\CodeIgniter->handleRequest(NULL, Object(Config\Cache), false)
#9 C:\lara\www\iblogg\public\index.php(45): CodeIgniter\CodeIgniter->run()
#10 C:\lara\www\iblogg\system\Commands\Server\rewrite.php(34): require_once('C:\\lara\\www\\ibl...')
#11 {main}
CRITICAL - 2020-10-14 10:32:53 --> Undefined variable: C_pagination
#0 C:\lara\www\iblogg\app\Views\user\singlepost.php(73): CodeIgniter\Debug\Exceptions->errorHandler(8, 'Undefined varia...', 'C:\\lara\\www\\ibl...', 73, Array)
#1 C:\lara\www\iblogg\system\View\View.php(246): include('C:\\lara\\www\\ibl...')
#2 C:\lara\www\iblogg\system\Common.php(1087): CodeIgniter\View\View->render('user/singlepost', Array, true)
#3 C:\lara\www\iblogg\app\Controllers\Home.php(25): view('user/singlepost', Array)
#4 C:\lara\www\iblogg\app\Controllers\User\Views.php(59): App\Controllers\Home->view('user', 'singlepost', Array)
#5 C:\lara\www\iblogg\app\Controllers\Template\View.php(39): App\Controllers\User\Views->singlePost(Object(CodeIgniter\HTTP\IncomingRequest), 'my-post-title:1...')
#6 C:\lara\www\iblogg\system\CodeIgniter.php(914): App\Controllers\Template\View->view('user')
#7 C:\lara\www\iblogg\system\CodeIgniter.php(400): CodeIgniter\CodeIgniter->runController(Object(App\Controllers\Template\View))
#8 C:\lara\www\iblogg\system\CodeIgniter.php(308): CodeIgniter\CodeIgniter->handleRequest(NULL, Object(Config\Cache), false)
#9 C:\lara\www\iblogg\public\index.php(45): CodeIgniter\CodeIgniter->run()
#10 C:\lara\www\iblogg\system\Commands\Server\rewrite.php(34): require_once('C:\\lara\\www\\ibl...')
#11 {main}
CRITICAL - 2020-10-14 10:33:19 --> Undefined variable: C_pagination
#0 C:\lara\www\iblogg\app\Views\user\singlepost.php(72): CodeIgniter\Debug\Exceptions->errorHandler(8, 'Undefined varia...', 'C:\\lara\\www\\ibl...', 72, Array)
#1 C:\lara\www\iblogg\system\View\View.php(246): include('C:\\lara\\www\\ibl...')
#2 C:\lara\www\iblogg\system\Common.php(1087): CodeIgniter\View\View->render('user/singlepost', Array, true)
#3 C:\lara\www\iblogg\app\Controllers\Home.php(25): view('user/singlepost', Array)
#4 C:\lara\www\iblogg\app\Controllers\User\Views.php(59): App\Controllers\Home->view('user', 'singlepost', Array)
#5 C:\lara\www\iblogg\app\Controllers\Template\View.php(39): App\Controllers\User\Views->singlePost(Object(CodeIgniter\HTTP\IncomingRequest), 'my-post-title:1...')
#6 C:\lara\www\iblogg\system\CodeIgniter.php(914): App\Controllers\Template\View->view('user')
#7 C:\lara\www\iblogg\system\CodeIgniter.php(400): CodeIgniter\CodeIgniter->runController(Object(App\Controllers\Template\View))
#8 C:\lara\www\iblogg\system\CodeIgniter.php(308): CodeIgniter\CodeIgniter->handleRequest(NULL, Object(Config\Cache), false)
#9 C:\lara\www\iblogg\public\index.php(45): CodeIgniter\CodeIgniter->run()
#10 C:\lara\www\iblogg\system\Commands\Server\rewrite.php(34): require_once('C:\\lara\\www\\ibl...')
#11 {main}
CRITICAL - 2020-10-14 10:43:14 --> count(): Parameter must be an array or an object that implements Countable
#0 C:\lara\www\iblogg\app\Views\user\singlepost.php(43): CodeIgniter\Debug\Exceptions->errorHandler(2, 'count(): Parame...', 'C:\\lara\\www\\ibl...', 43, Array)
#1 C:\lara\www\iblogg\system\View\View.php(246): include('C:\\lara\\www\\ibl...')
#2 C:\lara\www\iblogg\system\Common.php(1087): CodeIgniter\View\View->render('user/singlepost', Array, true)
#3 C:\lara\www\iblogg\app\Controllers\Home.php(25): view('user/singlepost', Array)
#4 C:\lara\www\iblogg\app\Controllers\User\Views.php(61): App\Controllers\Home->view('user', 'singlepost', Array)
#5 C:\lara\www\iblogg\app\Controllers\Template\View.php(39): App\Controllers\User\Views->singlePost(Object(CodeIgniter\HTTP\IncomingRequest), 'my-post-title:1...')
#6 C:\lara\www\iblogg\system\CodeIgniter.php(914): App\Controllers\Template\View->view('user')
#7 C:\lara\www\iblogg\system\CodeIgniter.php(400): CodeIgniter\CodeIgniter->runController(Object(App\Controllers\Template\View))
#8 C:\lara\www\iblogg\system\CodeIgniter.php(308): CodeIgniter\CodeIgniter->handleRequest(NULL, Object(Config\Cache), false)
#9 C:\lara\www\iblogg\public\index.php(45): CodeIgniter\CodeIgniter->run()
#10 C:\lara\www\iblogg\system\Commands\Server\rewrite.php(34): require_once('C:\\lara\\www\\ibl...')
#11 {main}
CRITICAL - 2020-10-14 10:46:59 --> A non-numeric value encountered
#0 C:\lara\www\iblogg\app\Models\CommentsModel.php(19): CodeIgniter\Debug\Exceptions->errorHandler(2, 'A non-numeric v...', 'C:\\lara\\www\\ibl...', 19, Array)
#1 C:\lara\www\iblogg\app\Controllers\User\Views.php(45): App\Models\CommentsModel->get('1', 'singlepost', '23')
#2 C:\lara\www\iblogg\app\Controllers\Template\View.php(39): App\Controllers\User\Views->singlePost(Object(CodeIgniter\HTTP\IncomingRequest), 'my-post-title:1...')
#3 C:\lara\www\iblogg\system\CodeIgniter.php(914): App\Controllers\Template\View->view('user')
#4 C:\lara\www\iblogg\system\CodeIgniter.php(400): CodeIgniter\CodeIgniter->runController(Object(App\Controllers\Template\View))
#5 C:\lara\www\iblogg\system\CodeIgniter.php(308): CodeIgniter\CodeIgniter->handleRequest(NULL, Object(Config\Cache), false)
#6 C:\lara\www\iblogg\public\index.php(45): CodeIgniter\CodeIgniter->run()
#7 C:\lara\www\iblogg\system\Commands\Server\rewrite.php(34): require_once('C:\\lara\\www\\ibl...')
#8 {main}
CRITICAL - 2020-10-14 10:47:01 --> A non-numeric value encountered
#0 C:\lara\www\iblogg\app\Models\CommentsModel.php(19): CodeIgniter\Debug\Exceptions->errorHandler(2, 'A non-numeric v...', 'C:\\lara\\www\\ibl...', 19, Array)
#1 C:\lara\www\iblogg\app\Controllers\User\Views.php(45): App\Models\CommentsModel->get('1', 'singlepost', '23')
#2 C:\lara\www\iblogg\app\Controllers\Template\View.php(39): App\Controllers\User\Views->singlePost(Object(CodeIgniter\HTTP\IncomingRequest), 'my-post-title:1...')
#3 C:\lara\www\iblogg\system\CodeIgniter.php(914): App\Controllers\Template\View->view('user')
#4 C:\lara\www\iblogg\system\CodeIgniter.php(400): CodeIgniter\CodeIgniter->runController(Object(App\Controllers\Template\View))
#5 C:\lara\www\iblogg\system\CodeIgniter.php(308): CodeIgniter\CodeIgniter->handleRequest(NULL, Object(Config\Cache), false)
#6 C:\lara\www\iblogg\public\index.php(45): CodeIgniter\CodeIgniter->run()
#7 C:\lara\www\iblogg\system\Commands\Server\rewrite.php(34): require_once('C:\\lara\\www\\ibl...')
#8 {main}
CRITICAL - 2020-10-14 10:47:11 --> You have an error in your SQL syntax; check the manual that corresponds to your MySQL server version for the right syntax to use near '-1, 1' at line 6
#0 C:\lara\www\iblogg\system\Database\MySQLi\Connection.php(331): mysqli->query('SELECT *\nFROM `...')
#1 C:\lara\www\iblogg\system\Database\BaseConnection.php(738): CodeIgniter\Database\MySQLi\Connection->execute('SELECT *\nFROM `...')
#2 C:\lara\www\iblogg\system\Database\BaseConnection.php(666): CodeIgniter\Database\BaseConnection->simpleQuery('SELECT *\nFROM `...')
#3 C:\lara\www\iblogg\system\Database\BaseBuilder.php(1845): CodeIgniter\Database\BaseConnection->query('SELECT *\nFROM `...', Array, false)
#4 C:\lara\www\iblogg\system\Model.php(445): CodeIgniter\Database\BaseBuilder->get()
#5 C:\lara\www\iblogg\app\Models\CommentsModel.php(19): CodeIgniter\Model->findAll(1, -1)
#6 C:\lara\www\iblogg\app\Controllers\User\Views.php(45): App\Models\CommentsModel->get('1', 0, '23')
#7 C:\lara\www\iblogg\app\Controllers\Template\View.php(39): App\Controllers\User\Views->singlePost(Object(CodeIgniter\HTTP\IncomingRequest), 'my-post-title:1...')
#8 C:\lara\www\iblogg\system\CodeIgniter.php(914): App\Controllers\Template\View->view('user')
#9 C:\lara\www\iblogg\system\CodeIgniter.php(400): CodeIgniter\CodeIgniter->runController(Object(App\Controllers\Template\View))
#10 C:\lara\www\iblogg\system\CodeIgniter.php(308): CodeIgniter\CodeIgniter->handleRequest(NULL, Object(Config\Cache), false)
#11 C:\lara\www\iblogg\public\index.php(45): CodeIgniter\CodeIgniter->run()
#12 C:\lara\www\iblogg\system\Commands\Server\rewrite.php(34): require_once('C:\\lara\\www\\ibl...')
#13 {main}
CRITICAL - 2020-10-14 10:47:14 --> You have an error in your SQL syntax; check the manual that corresponds to your MySQL server version for the right syntax to use near '-1, 1' at line 6
#0 C:\lara\www\iblogg\system\Database\MySQLi\Connection.php(331): mysqli->query('SELECT *\nFROM `...')
#1 C:\lara\www\iblogg\system\Database\BaseConnection.php(738): CodeIgniter\Database\MySQLi\Connection->execute('SELECT *\nFROM `...')
#2 C:\lara\www\iblogg\system\Database\BaseConnection.php(666): CodeIgniter\Database\BaseConnection->simpleQuery('SELECT *\nFROM `...')
#3 C:\lara\www\iblogg\system\Database\BaseBuilder.php(1845): CodeIgniter\Database\BaseConnection->query('SELECT *\nFROM `...', Array, false)
#4 C:\lara\www\iblogg\system\Model.php(445): CodeIgniter\Database\BaseBuilder->get()
#5 C:\lara\www\iblogg\app\Models\CommentsModel.php(19): CodeIgniter\Model->findAll(1, -1)
#6 C:\lara\www\iblogg\app\Controllers\User\Views.php(45): App\Models\CommentsModel->get('1', 0, '23')
#7 C:\lara\www\iblogg\app\Controllers\Template\View.php(39): App\Controllers\User\Views->singlePost(Object(CodeIgniter\HTTP\IncomingRequest), 'my-post-title:1...')
#8 C:\lara\www\iblogg\system\CodeIgniter.php(914): App\Controllers\Template\View->view('user')
#9 C:\lara\www\iblogg\system\CodeIgniter.php(400): CodeIgniter\CodeIgniter->runController(Object(App\Controllers\Template\View))
#10 C:\lara\www\iblogg\system\CodeIgniter.php(308): CodeIgniter\CodeIgniter->handleRequest(NULL, Object(Config\Cache), false)
#11 C:\lara\www\iblogg\public\index.php(45): CodeIgniter\CodeIgniter->run()
#12 C:\lara\www\iblogg\system\Commands\Server\rewrite.php(34): require_once('C:\\lara\\www\\ibl...')
#13 {main}
CRITICAL - 2020-10-14 10:54:36 --> Argument 1 passed to CodeIgniter\Model::findAll() must be of the type integer, null given, called in C:\lara\www\iblogg\app\Controllers\User\Views.php on line 46
#0 C:\lara\www\iblogg\app\Controllers\User\Views.php(46): CodeIgniter\Model->findAll(NULL, 0)
#1 C:\lara\www\iblogg\app\Controllers\Template\View.php(39): App\Controllers\User\Views->singlePost(Object(CodeIgniter\HTTP\IncomingRequest), 'my-post-title:1...')
#2 C:\lara\www\iblogg\system\CodeIgniter.php(914): App\Controllers\Template\View->view('user')
#3 C:\lara\www\iblogg\system\CodeIgniter.php(400): CodeIgniter\CodeIgniter->runController(Object(App\Controllers\Template\View))
#4 C:\lara\www\iblogg\system\CodeIgniter.php(308): CodeIgniter\CodeIgniter->handleRequest(NULL, Object(Config\Cache), false)
#5 C:\lara\www\iblogg\public\index.php(45): CodeIgniter\CodeIgniter->run()
#6 C:\lara\www\iblogg\system\Commands\Server\rewrite.php(34): require_once('C:\\lara\\www\\ibl...')
#7 {main}
CRITICAL - 2020-10-14 10:54:40 --> Argument 1 passed to CodeIgniter\Model::findAll() must be of the type integer, null given, called in C:\lara\www\iblogg\app\Controllers\User\Views.php on line 46
#0 C:\lara\www\iblogg\app\Controllers\User\Views.php(46): CodeIgniter\Model->findAll(NULL, 0)
#1 C:\lara\www\iblogg\app\Controllers\Template\View.php(39): App\Controllers\User\Views->singlePost(Object(CodeIgniter\HTTP\IncomingRequest), 'my-post-title:1...')
#2 C:\lara\www\iblogg\system\CodeIgniter.php(914): App\Controllers\Template\View->view('user')
#3 C:\lara\www\iblogg\system\CodeIgniter.php(400): CodeIgniter\CodeIgniter->runController(Object(App\Controllers\Template\View))
#4 C:\lara\www\iblogg\system\CodeIgniter.php(308): CodeIgniter\CodeIgniter->handleRequest(NULL, Object(Config\Cache), false)
#5 C:\lara\www\iblogg\public\index.php(45): CodeIgniter\CodeIgniter->run()
#6 C:\lara\www\iblogg\system\Commands\Server\rewrite.php(34): require_once('C:\\lara\\www\\ibl...')
#7 {main}
CRITICAL - 2020-10-14 10:55:56 --> Argument 1 passed to CodeIgniter\Model::findAll() must be of the type integer, null given, called in C:\lara\www\iblogg\app\Controllers\User\Views.php on line 47
#0 C:\lara\www\iblogg\app\Controllers\User\Views.php(47): CodeIgniter\Model->findAll(NULL, 0)
#1 C:\lara\www\iblogg\app\Controllers\Template\View.php(39): App\Controllers\User\Views->singlePost(Object(CodeIgniter\HTTP\IncomingRequest), 'my-post-title:1...')
#2 C:\lara\www\iblogg\system\CodeIgniter.php(914): App\Controllers\Template\View->view('user')
#3 C:\lara\www\iblogg\system\CodeIgniter.php(400): CodeIgniter\CodeIgniter->runController(Object(App\Controllers\Template\View))
#4 C:\lara\www\iblogg\system\CodeIgniter.php(308): CodeIgniter\CodeIgniter->handleRequest(NULL, Object(Config\Cache), false)
#5 C:\lara\www\iblogg\public\index.php(45): CodeIgniter\CodeIgniter->run()
#6 C:\lara\www\iblogg\system\Commands\Server\rewrite.php(34): require_once('C:\\lara\\www\\ibl...')
#7 {main}
CRITICAL - 2020-10-14 10:56:56 --> Argument 1 passed to CodeIgniter\Model::findAll() must be of the type integer, null given, called in C:\lara\www\iblogg\app\Controllers\User\Views.php on line 47
#0 C:\lara\www\iblogg\app\Controllers\User\Views.php(47): CodeIgniter\Model->findAll(NULL, 0)
#1 C:\lara\www\iblogg\app\Controllers\Template\View.php(39): App\Controllers\User\Views->singlePost(Object(CodeIgniter\HTTP\IncomingRequest), 'my-post-title:1...')
#2 C:\lara\www\iblogg\system\CodeIgniter.php(914): App\Controllers\Template\View->view('user')
#3 C:\lara\www\iblogg\system\CodeIgniter.php(400): CodeIgniter\CodeIgniter->runController(Object(App\Controllers\Template\View))
#4 C:\lara\www\iblogg\system\CodeIgniter.php(308): CodeIgniter\CodeIgniter->handleRequest(NULL, Object(Config\Cache), false)
#5 C:\lara\www\iblogg\public\index.php(45): CodeIgniter\CodeIgniter->run()
#6 C:\lara\www\iblogg\system\Commands\Server\rewrite.php(34): require_once('C:\\lara\\www\\ibl...')
#7 {main}
CRITICAL - 2020-10-14 10:56:58 --> Argument 1 passed to CodeIgniter\Model::findAll() must be of the type integer, null given, called in C:\lara\www\iblogg\app\Controllers\User\Views.php on line 47
#0 C:\lara\www\iblogg\app\Controllers\User\Views.php(47): CodeIgniter\Model->findAll(NULL, 0)
#1 C:\lara\www\iblogg\app\Controllers\Template\View.php(39): App\Controllers\User\Views->singlePost(Object(CodeIgniter\HTTP\IncomingRequest), 'my-post-title:1...')
#2 C:\lara\www\iblogg\system\CodeIgniter.php(914): App\Controllers\Template\View->view('user')
#3 C:\lara\www\iblogg\system\CodeIgniter.php(400): CodeIgniter\CodeIgniter->runController(Object(App\Controllers\Template\View))
#4 C:\lara\www\iblogg\system\CodeIgniter.php(308): CodeIgniter\CodeIgniter->handleRequest(NULL, Object(Config\Cache), false)
#5 C:\lara\www\iblogg\public\index.php(45): CodeIgniter\CodeIgniter->run()
#6 C:\lara\www\iblogg\system\Commands\Server\rewrite.php(34): require_once('C:\\lara\\www\\ibl...')
#7 {main}
CRITICAL - 2020-10-14 19:10:53 --> You have an error in your SQL syntax; check the manual that corresponds to your MySQL server version for the right syntax to use near '-1, 1' at line 6
#0 C:\lara\www\iblogg\system\Database\MySQLi\Connection.php(331): mysqli->query('SELECT *\nFROM `...')
#1 C:\lara\www\iblogg\system\Database\BaseConnection.php(738): CodeIgniter\Database\MySQLi\Connection->execute('SELECT *\nFROM `...')
#2 C:\lara\www\iblogg\system\Database\BaseConnection.php(666): CodeIgniter\Database\BaseConnection->simpleQuery('SELECT *\nFROM `...')
#3 C:\lara\www\iblogg\system\Database\BaseBuilder.php(1845): CodeIgniter\Database\BaseConnection->query('SELECT *\nFROM `...', Array, false)
#4 C:\lara\www\iblogg\system\Model.php(445): CodeIgniter\Database\BaseBuilder->get()
#5 C:\lara\www\iblogg\app\Models\CommentsModel.php(19): CodeIgniter\Model->findAll(1, -1)
#6 C:\lara\www\iblogg\app\Controllers\User\Views.php(45): App\Models\CommentsModel->get('1', 0, '23')
#7 C:\lara\www\iblogg\app\Controllers\Template\View.php(39): App\Controllers\User\Views->singlePost(Object(CodeIgniter\HTTP\IncomingRequest), 'my-post-title:1...')
#8 C:\lara\www\iblogg\system\CodeIgniter.php(914): App\Controllers\Template\View->view('user')
#9 C:\lara\www\iblogg\system\CodeIgniter.php(400): CodeIgniter\CodeIgniter->runController(Object(App\Controllers\Template\View))
#10 C:\lara\www\iblogg\system\CodeIgniter.php(308): CodeIgniter\CodeIgniter->handleRequest(NULL, Object(Config\Cache), false)
#11 C:\lara\www\iblogg\public\index.php(45): CodeIgniter\CodeIgniter->run()
#12 C:\lara\www\iblogg\system\Commands\Server\rewrite.php(34): require_once('C:\\lara\\www\\ibl...')
#13 {main}
CRITICAL - 2020-10-14 19:55:02 --> Undefined property: stdClass::$admin_comments_per_page
#0 C:\lara\www\iblogg\app\Views\admin\settings.php(60): CodeIgniter\Debug\Exceptions->errorHandler(8, 'Undefined prope...', 'C:\\lara\\www\\ibl...', 60, Array)
#1 C:\lara\www\iblogg\system\View\View.php(246): include('C:\\lara\\www\\ibl...')
#2 C:\lara\www\iblogg\system\Common.php(1087): CodeIgniter\View\View->render('admin/settings', Array, true)
#3 C:\lara\www\iblogg\app\Controllers\Home.php(25): view('admin/settings', Array)
#4 C:\lara\www\iblogg\app\Controllers\Admin\Views.php(154): App\Controllers\Home->view('admin', 'settings', Array)
#5 C:\lara\www\iblogg\app\Controllers\Template\View.php(78): App\Controllers\Admin\Views->settingsPage(Object(CodeIgniter\HTTP\IncomingRequest))
#6 C:\lara\www\iblogg\system\CodeIgniter.php(914): App\Controllers\Template\View->view('admin')
#7 C:\lara\www\iblogg\system\CodeIgniter.php(400): CodeIgniter\CodeIgniter->runController(Object(App\Controllers\Template\View))
#8 C:\lara\www\iblogg\system\CodeIgniter.php(308): CodeIgniter\CodeIgniter->handleRequest(NULL, Object(Config\Cache), false)
#9 C:\lara\www\iblogg\public\index.php(45): CodeIgniter\CodeIgniter->run()
#10 C:\lara\www\iblogg\system\Commands\Server\rewrite.php(34): require_once('C:\\lara\\www\\ibl...')
#11 {main}
